[0.008s] Invoking command in '/home/gaga/sad_ws/src/build/sad_pkg': CMAKE_PREFIX_PATH=${CMAKE_PREFIX_PATH}:/home/gaga/turtlebot3_ws/install/turtlebot3_teleop:/home/gaga/turtlebot3_ws/install/turtlebot3_example:/opt/ros/humble /usr/bin/cmake /home/gaga/sad_ws/src/sad_pkg -DCMAKE_INSTALL_PREFIX=/home/gaga/sad_ws/src/install/sad_pkg
[0.071s] -- The C compiler identification is GNU 11.4.0
[0.109s] -- The CXX compiler identification is GNU 11.4.0
[0.118s] -- Detecting C compiler ABI info
[0.172s] -- Detecting C compiler ABI info - done
[0.177s] -- Check for working C compiler: /usr/bin/cc - skipped
[0.177s] -- Detecting C compile features
[0.177s] -- Detecting C compile features - done
[0.179s] -- Detecting CXX compiler ABI info
[0.233s] -- Detecting CXX compiler ABI info - done
[0.237s] -- Check for working CXX compiler: /usr/bin/c++ - skipped
[0.238s] -- Detecting CXX compile features
[0.238s] -- Detecting CXX compile features - done
[0.240s] -- Found ament_cmake: 1.3.11 (/opt/ros/humble/share/ament_cmake/cmake)
[0.342s] -- Found Python3: /usr/bin/python3 (found version "3.10.12") found components: Interpreter 
[0.412s] -- Found rclcpp: 16.0.12 (/opt/ros/humble/share/rclcpp/cmake)
[0.446s] -- Found rosidl_generator_c: 3.1.6 (/opt/ros/humble/share/rosidl_generator_c/cmake)
[0.451s] -- Found rosidl_adapter: 3.1.6 (/opt/ros/humble/share/rosidl_adapter/cmake)
[0.459s] -- Found rosidl_generator_cpp: 3.1.6 (/opt/ros/humble/share/rosidl_generator_cpp/cmake)
[0.473s] -- Using all available rosidl_typesupport_c: rosidl_typesupport_fastrtps_c;rosidl_typesupport_introspection_c
[0.484s] -- Using all available rosidl_typesupport_cpp: rosidl_typesupport_fastrtps_cpp;rosidl_typesupport_introspection_cpp
[0.516s] -- Found rmw_implementation_cmake: 6.1.2 (/opt/ros/humble/share/rmw_implementation_cmake/cmake)
[0.518s] -- Found rmw_fastrtps_cpp: 6.2.7 (/opt/ros/humble/share/rmw_fastrtps_cpp/cmake)
[0.587s] -- Found OpenSSL: /usr/lib/x86_64-linux-gnu/libcrypto.so (found version "3.0.2")  
[0.610s] -- Found FastRTPS: /opt/ros/humble/include  
[0.642s] -- Using RMW implementation 'rmw_fastrtps_cpp' as default
[0.650s] -- Looking for pthread.h
[0.702s] -- Looking for pthread.h - found
[0.702s] -- Performing Test CMAKE_HAVE_LIBC_PTHREAD
[0.756s] -- Performing Test CMAKE_HAVE_LIBC_PTHREAD - Success
[0.757s] -- Found Threads: TRUE  
[0.795s] -- Found visualization_msgs: 4.8.0 (/opt/ros/humble/share/visualization_msgs/cmake)
[0.825s] -- Found trajectory_msgs: 4.8.0 (/opt/ros/humble/share/trajectory_msgs/cmake)
[0.836s] -- Found xacro: 2.0.13 (/opt/ros/humble/share/xacro/cmake)
[0.838s] -- Found ros2_control: 2.50.0 (/opt/ros/humble/share/ros2_control/cmake)
[0.839s] -- Found gazebo_ros2_control: 0.4.10 (/opt/ros/humble/share/gazebo_ros2_control/cmake)
[0.948s] -- Found PkgConfig: /usr/bin/pkg-config (found version "0.29.2") 
[0.949s] -- Checking for module 'bullet>=2.82'
[0.960s] --   Found bullet, version 3.05
[1.081s] -- Found fcl: /usr/include (found suitable version "0.7.0", minimum required is "0.5.0") 
[1.157s] -- Found assimp: /usr/include (found version "5.2.0") 
[1.177s] -- Found DART: /usr/include (Required is at least version "6.6") found components: dart 
[1.198s] -- Found Boost: /usr/lib/x86_64-linux-gnu/cmake/Boost-1.74.0/BoostConfig.cmake (found suitable version "1.74.0", minimum required is "1.40.0") found components: thread system filesystem program_options regex iostreams date_time 
[1.207s] -- Found Protobuf: /usr/lib/x86_64-linux-gnu/libprotobuf.so (found version "3.12.4") 
[1.211s] -- Looking for ignition-math6 -- found version 6.15.1
[1.215s] -- Searching for dependencies of ignition-math6
[1.216s] -- Looking for OGRE...
[1.216s] -- OGRE_PREFIX_WATCH changed.
[1.220s] -- Checking for module 'OGRE'
[1.232s] --   Found OGRE, version 1.9.0
[1.269s] -- Found Ogre Ghadamon (1.9.0)
[1.277s] -- Found OGRE: optimized;/usr/lib/x86_64-linux-gnu/libOgreMain.so;debug;/usr/lib/x86_64-linux-gnu/libOgreMain.so
[1.283s] -- Looking for OGRE_Paging...
[1.287s] -- Found OGRE_Paging: optimized;/usr/lib/x86_64-linux-gnu/libOgrePaging.so;debug;/usr/lib/x86_64-linux-gnu/libOgrePaging.so
[1.288s] -- Looking for OGRE_Terrain...
[1.292s] -- Found OGRE_Terrain: optimized;/usr/lib/x86_64-linux-gnu/libOgreTerrain.so;debug;/usr/lib/x86_64-linux-gnu/libOgreTerrain.so
[1.292s] -- Looking for OGRE_Property...
[1.295s] -- Found OGRE_Property: optimized;/usr/lib/x86_64-linux-gnu/libOgreProperty.so;debug;/usr/lib/x86_64-linux-gnu/libOgreProperty.so
[1.295s] -- Looking for OGRE_RTShaderSystem...
[1.299s] -- Found OGRE_RTShaderSystem: optimized;/usr/lib/x86_64-linux-gnu/libOgreRTShaderSystem.so;debug;/usr/lib/x86_64-linux-gnu/libOgreRTShaderSystem.so
[1.299s] -- Looking for OGRE_Volume...
[1.303s] -- Found OGRE_Volume: optimized;/usr/lib/x86_64-linux-gnu/libOgreVolume.so;debug;/usr/lib/x86_64-linux-gnu/libOgreVolume.so
[1.303s] -- Looking for OGRE_Overlay...
[1.307s] -- Found OGRE_Overlay: optimized;/usr/lib/x86_64-linux-gnu/libOgreOverlay.so;debug;/usr/lib/x86_64-linux-gnu/libOgreOverlay.so
[1.390s] -- Looking for ignition-math6 -- found version 6.15.1
[1.398s] -- Looking for ignition-transport8 -- found version 8.2.1
[1.398s] -- Searching for dependencies of ignition-transport8
[1.410s] -- Found Protobuf: /usr/lib/x86_64-linux-gnu/libprotobuf.so (found suitable version "3.12.4", minimum required is "3") 
[1.417s] -- Config-file not installed for ZeroMQ -- checking for pkg-config
[1.421s] -- Checking for module 'libzmq >= 4'
[1.434s] --   Found libzmq , version 4.3.4
[1.492s] -- Found ZeroMQ: TRUE (Required is at least version "4") 
[1.501s] -- Checking for module 'uuid'
[1.523s] --   Found uuid, version 2.37.2
[1.578s] -- Found UUID: TRUE  
[1.587s] -- Looking for ignition-msgs5 -- found version 5.8.1
[1.588s] -- Searching for dependencies of ignition-msgs5
[1.602s] -- Looking for ignition-math6 -- found version 6.15.1
[1.606s] -- Checking for module 'tinyxml2'
[1.621s] --   Found tinyxml2, version 9.0.0
[1.676s] -- Looking for ignition-msgs5 -- found version 5.8.1
[1.680s] -- Looking for ignition-common3 -- found version 3.14.0
[1.681s] -- Searching for dependencies of ignition-common3
[1.681s] -- Looking for dlfcn.h - found
[1.682s] -- Looking for libdl - found
[1.684s] -- Found DL: TRUE  
[1.695s] -- Found tinyobjloader: /usr/lib/x86_64-linux-gnu/cmake/tinyobjloader/tinyobjloader-config.cmake (found version "2.0.0") 
[1.695s] -- Searching for <ignition-common3> component [graphics]
[1.697s] -- Looking for ignition-common3-graphics -- found version 3.14.0
[1.697s] -- Searching for dependencies of ignition-common3-graphics
[1.697s] -- Looking for ignition-math6 -- found version 6.15.1
[1.700s] -- Looking for ignition-fuel_tools4 -- found version 4.4.0
[1.700s] -- Searching for dependencies of ignition-fuel_tools4
[1.766s] -- Found CURL: /usr/lib/x86_64-linux-gnu/libcurl.so (found version "7.81.0")  
[1.773s] -- Checking for module 'jsoncpp'
[1.784s] --   Found jsoncpp, version 1.9.5
[1.821s] -- Found JSONCPP: TRUE  
[1.826s] -- Checking for module 'libzip'
[1.845s] --   Found libzip, version 1.7.3
[1.898s] -- Found ZIP: TRUE  
[1.898s] -- Looking for ignition-common3 -- found version 3.14.0
[1.899s] -- Looking for ignition-math6 -- found version 6.15.1
[1.900s] -- Looking for ignition-msgs5 -- found version 5.8.1
[1.906s] -- Gazebo version: 11.10
[1.907s] -- Checking for module 'tbb'
[1.939s] --   Found tbb, version 2021.5.0
[2.022s] -- Found ament_lint_auto: 0.12.12 (/opt/ros/humble/share/ament_lint_auto/cmake)
[2.077s] -- Added test 'cppcheck' to perform static code analysis on C / C++ code
[2.079s] -- Configured cppcheck include dirs: 
[2.079s] -- Configured cppcheck exclude dirs and/or files: 
[2.080s] -- Added test 'flake8' to check Python code syntax and style conventions
[2.081s] -- Added test 'lint_cmake' to check CMake code style
[2.082s] -- Added test 'pep257' to check Python code against some of the docstring style conventions in PEP 257
[2.087s] -- Added test 'uncrustify' to check C / C++ code style
[2.087s] -- Configured uncrustify additional arguments: 
[2.088s] -- Added test 'xmllint' to check XML markup files
[2.089s] -- Configuring done
[2.100s] -- Generating done
[2.106s] -- Build files have been written to: /home/gaga/sad_ws/src/build/sad_pkg
[2.114s] Invoked command in '/home/gaga/sad_ws/src/build/sad_pkg' returned '0': CMAKE_PREFIX_PATH=${CMAKE_PREFIX_PATH}:/home/gaga/turtlebot3_ws/install/turtlebot3_teleop:/home/gaga/turtlebot3_ws/install/turtlebot3_example:/opt/ros/humble /usr/bin/cmake /home/gaga/sad_ws/src/sad_pkg -DCMAKE_INSTALL_PREFIX=/home/gaga/sad_ws/src/install/sad_pkg
[2.115s] Invoking command in '/home/gaga/sad_ws/src/build/sad_pkg': CMAKE_PREFIX_PATH=${CMAKE_PREFIX_PATH}:/home/gaga/turtlebot3_ws/install/turtlebot3_teleop:/home/gaga/turtlebot3_ws/install/turtlebot3_example:/opt/ros/humble /usr/bin/cmake --build /home/gaga/sad_ws/src/build/sad_pkg -- -j20 -l20
[2.156s] [ 20%] [32mBuilding CXX object CMakeFiles/map_node.dir/src/map_node.cpp.o[0m
[2.156s] [ 20%] [32mBuilding CXX object CMakeFiles/spline_node.dir/src/spline_node.cpp.o[0m
[2.160s] [ 30%] [32mBuilding CXX object CMakeFiles/forward_node.dir/src/forward_node.cpp.o[0m
[2.160s] [ 40%] [32mBuilding CXX object CMakeFiles/obstacle_node.dir/src/obstacle_node.cpp.o[0m
[2.160s] [ 50%] [32mBuilding CXX object CMakeFiles/rrt_node.dir/src/rrt_node.cpp.o[0m
[2.941s] [ 60%] [32m[1mLinking CXX executable forward_node[0m
[3.044s] [ 60%] Built target forward_node
[4.842s] [ 70%] [32m[1mLinking CXX executable obstacle_node[0m
[4.960s] [ 70%] Built target obstacle_node
[5.807s] [ 80%] [32m[1mLinking CXX executable spline_node[0m
[5.948s] [ 80%] Built target spline_node
[7.354s] [ 90%] [32m[1mLinking CXX executable map_node[0m
[7.528s] [100%] [32m[1mLinking CXX executable rrt_node[0m
[7.614s] [100%] Built target map_node
[7.782s] [100%] Built target rrt_node
[7.791s] Invoked command in '/home/gaga/sad_ws/src/build/sad_pkg' returned '0': CMAKE_PREFIX_PATH=${CMAKE_PREFIX_PATH}:/home/gaga/turtlebot3_ws/install/turtlebot3_teleop:/home/gaga/turtlebot3_ws/install/turtlebot3_example:/opt/ros/humble /usr/bin/cmake --build /home/gaga/sad_ws/src/build/sad_pkg -- -j20 -l20
[7.792s] Invoking command in '/home/gaga/sad_ws/src/build/sad_pkg': CMAKE_PREFIX_PATH=${CMAKE_PREFIX_PATH}:/home/gaga/turtlebot3_ws/install/turtlebot3_teleop:/home/gaga/turtlebot3_ws/install/turtlebot3_example:/opt/ros/humble /usr/bin/cmake --install /home/gaga/sad_ws/src/build/sad_pkg
[7.797s] -- Install configuration: ""
[7.797s] -- Installing: /home/gaga/sad_ws/src/install/sad_pkg/share/sad_pkg/launch
[7.797s] -- Installing: /home/gaga/sad_ws/src/install/sad_pkg/share/sad_pkg/launch/rviz.launch.py
[7.798s] -- Installing: /home/gaga/sad_ws/src/install/sad_pkg/share/sad_pkg/launch/sad.launch.py
[7.798s] -- Installing: /home/gaga/sad_ws/src/install/sad_pkg/share/sad_pkg/urdf
[7.798s] -- Installing: /home/gaga/sad_ws/src/install/sad_pkg/share/sad_pkg/urdf/description
[7.798s] -- Installing: /home/gaga/sad_ws/src/install/sad_pkg/share/sad_pkg/urdf/description/test.xacro
[7.798s] -- Installing: /home/gaga/sad_ws/src/install/sad_pkg/share/sad_pkg/urdf/description/sad.xacro
[7.798s] -- Installing: /home/gaga/sad_ws/src/install/sad_pkg/share/sad_pkg/urdf/description/all.xacro
[7.798s] -- Installing: /home/gaga/sad_ws/src/install/sad_pkg/share/sad_pkg/meshes
[7.798s] -- Installing: /home/gaga/sad_ws/src/install/sad_pkg/share/sad_pkg/meshes/next.stl
[7.806s] -- Installing: /home/gaga/sad_ws/src/install/sad_pkg/share/sad_pkg/meshes/link3.stl
[7.806s] -- Installing: /home/gaga/sad_ws/src/install/sad_pkg/share/sad_pkg/meshes/link1.stl
[7.807s] -- Installing: /home/gaga/sad_ws/src/install/sad_pkg/share/sad_pkg/meshes/link5.stl
[7.807s] -- Installing: /home/gaga/sad_ws/src/install/sad_pkg/share/sad_pkg/meshes/link6.stl
[7.807s] -- Installing: /home/gaga/sad_ws/src/install/sad_pkg/share/sad_pkg/meshes/link7.stl
[7.809s] -- Installing: /home/gaga/sad_ws/src/install/sad_pkg/share/sad_pkg/meshes/link2.stl
[7.809s] -- Installing: /home/gaga/sad_ws/src/install/sad_pkg/share/sad_pkg/meshes/mani.stl
[7.816s] -- Installing: /home/gaga/sad_ws/src/install/sad_pkg/share/sad_pkg/meshes/link4.stl
[7.817s] -- Installing: /home/gaga/sad_ws/src/install/sad_pkg/share/sad_pkg/meshes/endeffector.stl
[7.817s] -- Installing: /home/gaga/sad_ws/src/install/sad_pkg/share/sad_pkg/config
[7.817s] -- Installing: /home/gaga/sad_ws/src/install/sad_pkg/share/sad_pkg/config/install
[7.817s] -- Installing: /home/gaga/sad_ws/src/install/sad_pkg/share/sad_pkg/config/install/setup.zsh
[7.817s] -- Installing: /home/gaga/sad_ws/src/install/sad_pkg/share/sad_pkg/config/install/local_setup.bash
[7.817s] -- Installing: /home/gaga/sad_ws/src/install/sad_pkg/share/sad_pkg/config/install/setup.ps1
[7.817s] -- Installing: /home/gaga/sad_ws/src/install/sad_pkg/share/sad_pkg/config/install/setup.sh
[7.817s] -- Installing: /home/gaga/sad_ws/src/install/sad_pkg/share/sad_pkg/config/install/COLCON_IGNORE
[7.817s] -- Installing: /home/gaga/sad_ws/src/install/sad_pkg/share/sad_pkg/config/install/_local_setup_util_sh.py
[7.817s] -- Installing: /home/gaga/sad_ws/src/install/sad_pkg/share/sad_pkg/config/install/_local_setup_util_ps1.py
[7.818s] -- Installing: /home/gaga/sad_ws/src/install/sad_pkg/share/sad_pkg/config/install/setup.bash
[7.818s] -- Installing: /home/gaga/sad_ws/src/install/sad_pkg/share/sad_pkg/config/install/local_setup.sh
[7.818s] -- Installing: /home/gaga/sad_ws/src/install/sad_pkg/share/sad_pkg/config/install/.colcon_install_layout
[7.818s] -- Installing: /home/gaga/sad_ws/src/install/sad_pkg/share/sad_pkg/config/install/local_setup.ps1
[7.818s] -- Installing: /home/gaga/sad_ws/src/install/sad_pkg/share/sad_pkg/config/install/local_setup.zsh
[7.818s] -- Installing: /home/gaga/sad_ws/src/install/sad_pkg/share/sad_pkg/config/build
[7.818s] -- Installing: /home/gaga/sad_ws/src/install/sad_pkg/share/sad_pkg/config/build/COLCON_IGNORE
[7.818s] -- Installing: /home/gaga/sad_ws/src/install/sad_pkg/share/sad_pkg/config/build/.built_by
[7.818s] -- Installing: /home/gaga/sad_ws/src/install/sad_pkg/share/sad_pkg/config/sad_controllers.yaml
[7.818s] -- Installing: /home/gaga/sad_ws/src/install/sad_pkg/share/sad_pkg/config/log
[7.818s] -- Installing: /home/gaga/sad_ws/src/install/sad_pkg/share/sad_pkg/config/log/latest_build
[7.818s] -- Installing: /home/gaga/sad_ws/src/install/sad_pkg/share/sad_pkg/config/log/latest
[7.818s] -- Installing: /home/gaga/sad_ws/src/install/sad_pkg/share/sad_pkg/config/log/build_2025-04-02_10-07-56
[7.818s] -- Installing: /home/gaga/sad_ws/src/install/sad_pkg/share/sad_pkg/config/log/build_2025-04-02_10-07-56/logger_all.log
[7.818s] -- Installing: /home/gaga/sad_ws/src/install/sad_pkg/share/sad_pkg/config/log/build_2025-04-02_10-07-56/events.log
[7.818s] -- Installing: /home/gaga/sad_ws/src/install/sad_pkg/share/sad_pkg/config/log/COLCON_IGNORE
[7.818s] -- Installing: /home/gaga/sad_ws/src/install/sad_pkg/lib/sad_pkg/forward_node
[7.819s] -- Set runtime path of "/home/gaga/sad_ws/src/install/sad_pkg/lib/sad_pkg/forward_node" to ""
[7.819s] -- Installing: /home/gaga/sad_ws/src/install/sad_pkg/lib/sad_pkg/rrt_node
[7.820s] -- Set runtime path of "/home/gaga/sad_ws/src/install/sad_pkg/lib/sad_pkg/rrt_node" to ""
[7.820s] -- Installing: /home/gaga/sad_ws/src/install/sad_pkg/lib/sad_pkg/obstacle_node
[7.821s] -- Set runtime path of "/home/gaga/sad_ws/src/install/sad_pkg/lib/sad_pkg/obstacle_node" to ""
[7.821s] -- Installing: /home/gaga/sad_ws/src/install/sad_pkg/lib/sad_pkg/spline_node
[7.822s] -- Set runtime path of "/home/gaga/sad_ws/src/install/sad_pkg/lib/sad_pkg/spline_node" to ""
[7.822s] -- Installing: /home/gaga/sad_ws/src/install/sad_pkg/lib/sad_pkg/map_node
[7.823s] -- Set runtime path of "/home/gaga/sad_ws/src/install/sad_pkg/lib/sad_pkg/map_node" to ""
[7.823s] -- Installing: /home/gaga/sad_ws/src/install/sad_pkg/share/ament_index/resource_index/package_run_dependencies/sad_pkg
[7.823s] -- Installing: /home/gaga/sad_ws/src/install/sad_pkg/share/ament_index/resource_index/parent_prefix_path/sad_pkg
[7.823s] -- Installing: /home/gaga/sad_ws/src/install/sad_pkg/share/sad_pkg/environment/ament_prefix_path.sh
[7.823s] -- Installing: /home/gaga/sad_ws/src/install/sad_pkg/share/sad_pkg/environment/ament_prefix_path.dsv
[7.823s] -- Installing: /home/gaga/sad_ws/src/install/sad_pkg/share/sad_pkg/environment/path.sh
[7.823s] -- Installing: /home/gaga/sad_ws/src/install/sad_pkg/share/sad_pkg/environment/path.dsv
[7.823s] -- Installing: /home/gaga/sad_ws/src/install/sad_pkg/share/sad_pkg/local_setup.bash
[7.824s] -- Installing: /home/gaga/sad_ws/src/install/sad_pkg/share/sad_pkg/local_setup.sh
[7.824s] -- Installing: /home/gaga/sad_ws/src/install/sad_pkg/share/sad_pkg/local_setup.zsh
[7.824s] -- Installing: /home/gaga/sad_ws/src/install/sad_pkg/share/sad_pkg/local_setup.dsv
[7.824s] -- Installing: /home/gaga/sad_ws/src/install/sad_pkg/share/sad_pkg/package.dsv
[7.824s] -- Installing: /home/gaga/sad_ws/src/install/sad_pkg/share/ament_index/resource_index/packages/sad_pkg
[7.824s] -- Installing: /home/gaga/sad_ws/src/install/sad_pkg/share/sad_pkg/cmake/sad_pkgConfig.cmake
[7.824s] -- Installing: /home/gaga/sad_ws/src/install/sad_pkg/share/sad_pkg/cmake/sad_pkgConfig-version.cmake
[7.824s] -- Installing: /home/gaga/sad_ws/src/install/sad_pkg/share/sad_pkg/package.xml
[7.825s] Invoked command in '/home/gaga/sad_ws/src/build/sad_pkg' returned '0': CMAKE_PREFIX_PATH=${CMAKE_PREFIX_PATH}:/home/gaga/turtlebot3_ws/install/turtlebot3_teleop:/home/gaga/turtlebot3_ws/install/turtlebot3_example:/opt/ros/humble /usr/bin/cmake --install /home/gaga/sad_ws/src/build/sad_pkg
