[0.012s] Invoking command in '/home/gaga/sad_ws/src/build/my_vision_msgs': CMAKE_PREFIX_PATH=${CMAKE_PREFIX_PATH}:/home/gaga/turtlebot3_ws/install/turtlebot3_teleop:/home/gaga/turtlebot3_ws/install/turtlebot3_example:/opt/ros/humble /usr/bin/cmake --build /home/gaga/sad_ws/src/build/my_vision_msgs -- -j20 -l20
[0.046s] [35m[1mConsolidate compiler generated dependencies of target my_vision_msgs__rosidl_generator_c[0m
[0.053s] [  1%] Built target my_vision_msgs__cpp
[0.057s] [ 12%] Built target my_vision_msgs__rosidl_generator_c
[0.060s] [ 12%] Built target ament_cmake_python_copy_my_vision_msgs
[0.063s] [35m[1mConsolidate compiler generated dependencies of target my_vision_msgs__rosidl_typesupport_fastrtps_cpp[0m
[0.064s] [35m[1mConsolidate compiler generated dependencies of target my_vision_msgs__rosidl_typesupport_cpp[0m
[0.064s] [35m[1mConsolidate compiler generated dependencies of target my_vision_msgs__rosidl_typesupport_introspection_cpp[0m
[0.068s] [35m[1mConsolidate compiler generated dependencies of target my_vision_msgs__rosidl_typesupport_c[0m
[0.068s] [35m[1mConsolidate compiler generated dependencies of target my_vision_msgs__rosidl_typesupport_introspection_c[0m
[0.068s] [35m[1mConsolidate compiler generated dependencies of target my_vision_msgs__rosidl_typesupport_fastrtps_c[0m
[0.075s] [ 23%] Built target my_vision_msgs__rosidl_typesupport_introspection_cpp
[0.076s] [ 34%] Built target my_vision_msgs__rosidl_typesupport_cpp
[0.076s] [ 45%] Built target my_vision_msgs__rosidl_typesupport_fastrtps_cpp
[0.078s] [ 56%] Built target my_vision_msgs__rosidl_typesupport_c
[0.081s] [ 69%] Built target my_vision_msgs__rosidl_typesupport_fastrtps_c
[0.081s] [ 78%] Built target my_vision_msgs__rosidl_typesupport_introspection_c
[0.101s] [ 78%] Built target my_vision_msgs
[0.122s] [ 80%] Built target my_vision_msgs__py
[0.130s] [35m[1mConsolidate compiler generated dependencies of target my_vision_msgs__rosidl_generator_py[0m
[0.143s] [ 89%] Built target my_vision_msgs__rosidl_generator_py
[0.153s] [35m[1mConsolidate compiler generated dependencies of target my_vision_msgs__rosidl_typesupport_c__pyext[0m
[0.153s] [35m[1mConsolidate compiler generated dependencies of target my_vision_msgs__rosidl_typesupport_fastrtps_c__pyext[0m
[0.154s] [35m[1mConsolidate compiler generated dependencies of target my_vision_msgs__rosidl_typesupport_introspection_c__pyext[0m
[0.163s] [ 92%] Built target my_vision_msgs__rosidl_typesupport_c__pyext
[0.166s] [ 98%] Built target my_vision_msgs__rosidl_typesupport_introspection_c__pyext
[0.166s] [100%] Built target my_vision_msgs__rosidl_typesupport_fastrtps_c__pyext
[0.247s] running egg_info
[0.247s] writing my_vision_msgs.egg-info/PKG-INFO
[0.248s] writing dependency_links to my_vision_msgs.egg-info/dependency_links.txt
[0.248s] writing top-level names to my_vision_msgs.egg-info/top_level.txt
[0.249s] reading manifest file 'my_vision_msgs.egg-info/SOURCES.txt'
[0.250s] writing manifest file 'my_vision_msgs.egg-info/SOURCES.txt'
[0.268s] [100%] Built target ament_cmake_python_build_my_vision_msgs_egg
