[0.016s] Invoking command in '/home/gaga/sad_ws/build/my_vision_msgs': CMAKE_PREFIX_PATH=${CMAKE_PREFIX_PATH}:/home/gaga/turtlebot3_ws/install/turtlebot3_teleop:/home/gaga/turtlebot3_ws/install/turtlebot3_example:/opt/ros/humble /usr/bin/cmake /home/gaga/sad_ws/src/my_vision_msgs -DCMAKE_INSTALL_PREFIX=/home/gaga/sad_ws/install/my_vision_msgs
[0.078s] -- The C compiler identification is GNU 11.4.0
[0.119s] -- The CXX compiler identification is GNU 11.4.0
[0.124s] -- Detecting C compiler ABI info
[0.177s] -- Detecting C compiler ABI info - done
[0.181s] -- Check for working C compiler: /usr/bin/cc - skipped
[0.182s] -- Detecting C compile features
[0.182s] -- Detecting C compile features - done
[0.184s] -- Detecting CXX compiler ABI info
[0.245s] -- Detecting CXX compiler ABI info - done
[0.250s] -- Check for working CXX compiler: /usr/bin/c++ - skipped
[0.251s] -- Detecting CXX compile features
[0.251s] -- Detecting CXX compile features - done
[0.253s] -- Found ament_cmake: 1.3.11 (/opt/ros/humble/share/ament_cmake/cmake)
[0.377s] -- Found Python3: /usr/bin/python3 (found version "3.10.12") found components: Interpreter 
[0.450s] -- Found rclcpp: 16.0.12 (/opt/ros/humble/share/rclcpp/cmake)
[0.486s] -- Found rosidl_generator_c: 3.1.6 (/opt/ros/humble/share/rosidl_generator_c/cmake)
[0.491s] -- Found rosidl_adapter: 3.1.6 (/opt/ros/humble/share/rosidl_adapter/cmake)
[0.498s] -- Found rosidl_generator_cpp: 3.1.6 (/opt/ros/humble/share/rosidl_generator_cpp/cmake)
[0.508s] -- Using all available rosidl_typesupport_c: rosidl_typesupport_fastrtps_c;rosidl_typesupport_introspection_c
[0.523s] -- Using all available rosidl_typesupport_cpp: rosidl_typesupport_fastrtps_cpp;rosidl_typesupport_introspection_cpp
[0.559s] -- Found rmw_implementation_cmake: 6.1.2 (/opt/ros/humble/share/rmw_implementation_cmake/cmake)
[0.562s] -- Found rmw_fastrtps_cpp: 6.2.7 (/opt/ros/humble/share/rmw_fastrtps_cpp/cmake)
[0.637s] -- Found OpenSSL: /usr/lib/x86_64-linux-gnu/libcrypto.so (found version "3.0.2")  
[0.658s] -- Found FastRTPS: /opt/ros/humble/include  
[0.689s] -- Using RMW implementation 'rmw_fastrtps_cpp' as default
[0.700s] -- Looking for pthread.h
[0.756s] -- Looking for pthread.h - found
[0.757s] -- Performing Test CMAKE_HAVE_LIBC_PTHREAD
[0.816s] -- Performing Test CMAKE_HAVE_LIBC_PTHREAD - Success
[0.816s] -- Found Threads: TRUE  
[0.850s] -- Found geometry_msgs: 4.8.0 (/opt/ros/humble/share/geometry_msgs/cmake)
[0.860s] -- Found rosidl_default_generators: 1.2.0 (/opt/ros/humble/share/rosidl_default_generators/cmake)
[1.065s] -- Found ament_cmake_ros: 0.10.0 (/opt/ros/humble/share/ament_cmake_ros/cmake)
[1.350s] -- Using all available rosidl_typesupport_c: rosidl_typesupport_fastrtps_c;rosidl_typesupport_introspection_c
[1.451s] -- Using all available rosidl_typesupport_cpp: rosidl_typesupport_fastrtps_cpp;rosidl_typesupport_introspection_cpp
[1.467s] -- Found PythonInterp: /usr/bin/python3 (found suitable version "3.10.12", minimum required is "3.6") 
[1.470s] -- Found python_cmake_module: 0.10.0 (/opt/ros/humble/share/python_cmake_module/cmake)
[1.491s] -- Found PythonLibs: /usr/lib/x86_64-linux-gnu/libpython3.10.so (found suitable version "3.10.12", minimum required is "3.5") 
[1.491s] -- Using PYTHON_EXECUTABLE: /usr/bin/python3
[1.491s] -- Using PYTHON_INCLUDE_DIRS: /usr/include/python3.10
[1.491s] -- Using PYTHON_LIBRARIES: /usr/lib/x86_64-linux-gnu/libpython3.10.so
[1.507s] -- Found PythonExtra: .so  
[1.555s] -- Configuring done
[1.576s] -- Generating done
[1.583s] -- Build files have been written to: /home/gaga/sad_ws/build/my_vision_msgs
[1.593s] Invoked command in '/home/gaga/sad_ws/build/my_vision_msgs' returned '0': CMAKE_PREFIX_PATH=${CMAKE_PREFIX_PATH}:/home/gaga/turtlebot3_ws/install/turtlebot3_teleop:/home/gaga/turtlebot3_ws/install/turtlebot3_example:/opt/ros/humble /usr/bin/cmake /home/gaga/sad_ws/src/my_vision_msgs -DCMAKE_INSTALL_PREFIX=/home/gaga/sad_ws/install/my_vision_msgs
[1.593s] Invoking command in '/home/gaga/sad_ws/build/my_vision_msgs': CMAKE_PREFIX_PATH=${CMAKE_PREFIX_PATH}:/home/gaga/turtlebot3_ws/install/turtlebot3_teleop:/home/gaga/turtlebot3_ws/install/turtlebot3_example:/opt/ros/humble /usr/bin/cmake --build /home/gaga/sad_ws/build/my_vision_msgs -- -j20 -l20
[1.625s] [  1%] [34m[1mGenerating C code for ROS interfaces[0m
[1.635s] [  3%] [34m[1mGenerating C++ code for ROS interfaces[0m
[1.641s] [  3%] Built target ament_cmake_python_copy_my_vision_msgs
[1.795s] running egg_info
[1.795s] creating my_vision_msgs.egg-info
[1.795s] writing my_vision_msgs.egg-info/PKG-INFO
[1.795s] writing dependency_links to my_vision_msgs.egg-info/dependency_links.txt
[1.795s] writing top-level names to my_vision_msgs.egg-info/top_level.txt
[1.795s] writing manifest file 'my_vision_msgs.egg-info/SOURCES.txt'
[1.796s] reading manifest file 'my_vision_msgs.egg-info/SOURCES.txt'
[1.797s] writing manifest file 'my_vision_msgs.egg-info/SOURCES.txt'
[1.817s] [  3%] Built target ament_cmake_python_build_my_vision_msgs_egg
[1.954s] [  5%] [32mBuilding C object CMakeFiles/my_vision_msgs__rosidl_generator_c.dir/rosidl_generator_c/my_vision_msgs/msg/detail/harvest_ordering__functions.c.o[0m
[1.954s] [  7%] [32mBuilding C object CMakeFiles/my_vision_msgs__rosidl_generator_c.dir/rosidl_generator_c/my_vision_msgs/msg/detail/crop_pose__functions.c.o[0m
[1.954s] [  7%] Built target my_vision_msgs__cpp
[1.954s] [  9%] [32mBuilding C object CMakeFiles/my_vision_msgs__rosidl_generator_c.dir/rosidl_generator_c/my_vision_msgs/msg/detail/detected_crop_array__functions.c.o[0m
[1.954s] [ 10%] [32mBuilding C object CMakeFiles/my_vision_msgs__rosidl_generator_c.dir/rosidl_generator_c/my_vision_msgs/msg/detail/detected_crop__functions.c.o[0m
[1.962s] [ 12%] [34m[1mGenerating C++ introspection for ROS interfaces[0m
[1.964s] [ 16%] [34m[1mGenerating C++ type support dispatch for ROS interfaces[0m
[1.964s] [ 16%] [34m[1mGenerating C++ type support for eProsima Fast-RTPS[0m
[1.997s] [ 18%] [32m[1mLinking C shared library libmy_vision_msgs__rosidl_generator_c.so[0m
[2.036s] [ 18%] Built target my_vision_msgs__rosidl_generator_c
[2.048s] [ 20%] [34m[1mGenerating C type support dispatch for ROS interfaces[0m
[2.048s] [ 23%] [34m[1mGenerating C introspection for ROS interfaces[0m
[2.048s] [ 23%] [34m[1mGenerating C type support for eProsima Fast-RTPS[0m
[2.260s] [ 27%] [32mBuilding CXX object CMakeFiles/my_vision_msgs__rosidl_typesupport_introspection_cpp.dir/rosidl_typesupport_introspection_cpp/my_vision_msgs/msg/detail/crop_pose__type_support.cpp.o[0m
[2.260s] [ 27%] [32mBuilding CXX object CMakeFiles/my_vision_msgs__rosidl_typesupport_introspection_cpp.dir/rosidl_typesupport_introspection_cpp/my_vision_msgs/msg/detail/detected_crop_array__type_support.cpp.o[0m
[2.260s] [ 29%] [32mBuilding CXX object CMakeFiles/my_vision_msgs__rosidl_typesupport_introspection_cpp.dir/rosidl_typesupport_introspection_cpp/my_vision_msgs/msg/detail/detected_crop__type_support.cpp.o[0m
[2.261s] [ 30%] [32mBuilding CXX object CMakeFiles/my_vision_msgs__rosidl_typesupport_introspection_cpp.dir/rosidl_typesupport_introspection_cpp/my_vision_msgs/msg/detail/harvest_ordering__type_support.cpp.o[0m
[2.280s] [ 36%] [32mBuilding CXX object CMakeFiles/my_vision_msgs__rosidl_typesupport_cpp.dir/rosidl_typesupport_cpp/my_vision_msgs/msg/detected_crop_array__type_support.cpp.o[0m
[2.280s] [ 36%] [32mBuilding CXX object CMakeFiles/my_vision_msgs__rosidl_typesupport_cpp.dir/rosidl_typesupport_cpp/my_vision_msgs/msg/harvest_ordering__type_support.cpp.o[0m
[2.280s] [ 36%] [32mBuilding CXX object CMakeFiles/my_vision_msgs__rosidl_typesupport_cpp.dir/rosidl_typesupport_cpp/my_vision_msgs/msg/crop_pose__type_support.cpp.o[0m
[2.280s] [ 38%] [32mBuilding CXX object CMakeFiles/my_vision_msgs__rosidl_typesupport_cpp.dir/rosidl_typesupport_cpp/my_vision_msgs/msg/detected_crop__type_support.cpp.o[0m
[2.280s] [ 40%] [32mBuilding CXX object CMakeFiles/my_vision_msgs__rosidl_typesupport_fastrtps_cpp.dir/rosidl_typesupport_fastrtps_cpp/my_vision_msgs/msg/detail/dds_fastrtps/detected_crop_array__type_support.cpp.o[0m
[2.281s] [ 41%] [32mBuilding CXX object CMakeFiles/my_vision_msgs__rosidl_typesupport_fastrtps_cpp.dir/rosidl_typesupport_fastrtps_cpp/my_vision_msgs/msg/detail/dds_fastrtps/harvest_ordering__type_support.cpp.o[0m
[2.281s] [ 43%] [32mBuilding CXX object CMakeFiles/my_vision_msgs__rosidl_typesupport_fastrtps_cpp.dir/rosidl_typesupport_fastrtps_cpp/my_vision_msgs/msg/detail/dds_fastrtps/crop_pose__type_support.cpp.o[0m
[2.282s] [ 45%] [32mBuilding CXX object CMakeFiles/my_vision_msgs__rosidl_typesupport_fastrtps_cpp.dir/rosidl_typesupport_fastrtps_cpp/my_vision_msgs/msg/detail/dds_fastrtps/detected_crop__type_support.cpp.o[0m
[2.485s] [ 50%] [32mBuilding C object CMakeFiles/my_vision_msgs__rosidl_typesupport_introspection_c.dir/rosidl_typesupport_introspection_c/my_vision_msgs/msg/detail/detected_crop__type_support.c.o[0m
[2.486s] [ 50%] [32mBuilding C object CMakeFiles/my_vision_msgs__rosidl_typesupport_introspection_c.dir/rosidl_typesupport_introspection_c/my_vision_msgs/msg/detail/crop_pose__type_support.c.o[0m
[2.486s] [ 54%] [32mBuilding C object CMakeFiles/my_vision_msgs__rosidl_typesupport_introspection_c.dir/rosidl_typesupport_introspection_c/my_vision_msgs/msg/detail/detected_crop_array__type_support.c.o[0m
[2.486s] [ 50%] [32mBuilding CXX object CMakeFiles/my_vision_msgs__rosidl_typesupport_c.dir/rosidl_typesupport_c/my_vision_msgs/msg/detected_crop__type_support.cpp.o[0m
[2.486s] [ 52%] [32mBuilding C object CMakeFiles/my_vision_msgs__rosidl_typesupport_introspection_c.dir/rosidl_typesupport_introspection_c/my_vision_msgs/msg/detail/harvest_ordering__type_support.c.o[0m
[2.489s] [ 56%] [32mBuilding CXX object CMakeFiles/my_vision_msgs__rosidl_typesupport_c.dir/rosidl_typesupport_c/my_vision_msgs/msg/detected_crop_array__type_support.cpp.o[0m
[2.493s] [ 58%] [32mBuilding CXX object CMakeFiles/my_vision_msgs__rosidl_typesupport_c.dir/rosidl_typesupport_c/my_vision_msgs/msg/crop_pose__type_support.cpp.o[0m
[2.557s] [ 60%] [32mBuilding CXX object CMakeFiles/my_vision_msgs__rosidl_typesupport_c.dir/rosidl_typesupport_c/my_vision_msgs/msg/harvest_ordering__type_support.cpp.o[0m
[2.565s] [ 61%] [32m[1mLinking C shared library libmy_vision_msgs__rosidl_typesupport_introspection_c.so[0m
[2.596s] [ 69%] [32mBuilding CXX object CMakeFiles/my_vision_msgs__rosidl_typesupport_fastrtps_c.dir/rosidl_typesupport_fastrtps_c/my_vision_msgs/msg/detail/harvest_ordering__type_support_c.cpp.o[0m
[2.596s] [ 69%] [32mBuilding CXX object CMakeFiles/my_vision_msgs__rosidl_typesupport_fastrtps_c.dir/rosidl_typesupport_fastrtps_c/my_vision_msgs/msg/detail/detected_crop_array__type_support_c.cpp.o[0m
[2.596s] [ 69%] [32mBuilding CXX object CMakeFiles/my_vision_msgs__rosidl_typesupport_fastrtps_c.dir/rosidl_typesupport_fastrtps_c/my_vision_msgs/msg/detail/crop_pose__type_support_c.cpp.o[0m
[2.596s] [ 69%] [32mBuilding CXX object CMakeFiles/my_vision_msgs__rosidl_typesupport_fastrtps_c.dir/rosidl_typesupport_fastrtps_c/my_vision_msgs/msg/detail/detected_crop__type_support_c.cpp.o[0m
[2.606s] [ 70%] [32m[1mLinking CXX shared library libmy_vision_msgs__rosidl_typesupport_c.so[0m
[2.607s] [ 70%] Built target my_vision_msgs__rosidl_typesupport_introspection_c
[2.663s] [ 72%] [32m[1mLinking CXX shared library libmy_vision_msgs__rosidl_typesupport_cpp.so[0m
[2.682s] [ 72%] Built target my_vision_msgs__rosidl_typesupport_c
[2.720s] [ 72%] Built target my_vision_msgs__rosidl_typesupport_cpp
[2.821s] [ 74%] [32m[1mLinking CXX shared library libmy_vision_msgs__rosidl_typesupport_introspection_cpp.so[0m
[2.890s] [ 74%] Built target my_vision_msgs__rosidl_typesupport_introspection_cpp
[2.909s] [ 76%] [32m[1mLinking CXX shared library libmy_vision_msgs__rosidl_typesupport_fastrtps_cpp.so[0m
[2.919s] [ 78%] [32m[1mLinking CXX shared library libmy_vision_msgs__rosidl_typesupport_fastrtps_c.so[0m
[2.968s] [ 78%] Built target my_vision_msgs__rosidl_typesupport_fastrtps_cpp
[2.975s] [ 78%] Built target my_vision_msgs__rosidl_typesupport_fastrtps_c
[2.991s] [ 78%] Built target my_vision_msgs
[3.008s] [ 80%] [34m[1mGenerating Python code for ROS interfaces[0m
[3.427s] [ 80%] Built target my_vision_msgs__py
[3.445s] [ 81%] [32mBuilding C object CMakeFiles/my_vision_msgs__rosidl_generator_py.dir/rosidl_generator_py/my_vision_msgs/msg/_crop_pose_s.c.o[0m
[3.445s] [ 83%] [32mBuilding C object CMakeFiles/my_vision_msgs__rosidl_generator_py.dir/rosidl_generator_py/my_vision_msgs/msg/_detected_crop_array_s.c.o[0m
[3.446s] [ 85%] [32mBuilding C object CMakeFiles/my_vision_msgs__rosidl_generator_py.dir/rosidl_generator_py/my_vision_msgs/msg/_detected_crop_s.c.o[0m
[3.446s] [ 87%] [32mBuilding C object CMakeFiles/my_vision_msgs__rosidl_generator_py.dir/rosidl_generator_py/my_vision_msgs/msg/_harvest_ordering_s.c.o[0m
[3.527s] [ 89%] [32m[1mLinking C shared library rosidl_generator_py/my_vision_msgs/libmy_vision_msgs__rosidl_generator_py.so[0m
[3.560s] [ 89%] Built target my_vision_msgs__rosidl_generator_py
[3.578s] [ 90%] [32mBuilding C object CMakeFiles/my_vision_msgs__rosidl_typesupport_fastrtps_c__pyext.dir/rosidl_generator_py/my_vision_msgs/_my_vision_msgs_s.ep.rosidl_typesupport_fastrtps_c.c.o[0m
[3.578s] [ 92%] [32mBuilding C object CMakeFiles/my_vision_msgs__rosidl_typesupport_introspection_c__pyext.dir/rosidl_generator_py/my_vision_msgs/_my_vision_msgs_s.ep.rosidl_typesupport_introspection_c.c.o[0m
[3.578s] [ 94%] [32mBuilding C object CMakeFiles/my_vision_msgs__rosidl_typesupport_c__pyext.dir/rosidl_generator_py/my_vision_msgs/_my_vision_msgs_s.ep.rosidl_typesupport_c.c.o[0m
[3.645s] [ 98%] [32m[1mLinking C shared library rosidl_generator_py/my_vision_msgs/my_vision_msgs_s__rosidl_typesupport_fastrtps_c.cpython-310-x86_64-linux-gnu.so[0m
[3.645s] [ 98%] [32m[1mLinking C shared library rosidl_generator_py/my_vision_msgs/my_vision_msgs_s__rosidl_typesupport_introspection_c.cpython-310-x86_64-linux-gnu.so[0m
[3.646s] [100%] [32m[1mLinking C shared library rosidl_generator_py/my_vision_msgs/my_vision_msgs_s__rosidl_typesupport_c.cpython-310-x86_64-linux-gnu.so[0m
[3.676s] [100%] Built target my_vision_msgs__rosidl_typesupport_c__pyext
[3.676s] [100%] Built target my_vision_msgs__rosidl_typesupport_fastrtps_c__pyext
[3.678s] [100%] Built target my_vision_msgs__rosidl_typesupport_introspection_c__pyext
[3.686s] Invoked command in '/home/gaga/sad_ws/build/my_vision_msgs' returned '0': CMAKE_PREFIX_PATH=${CMAKE_PREFIX_PATH}:/home/gaga/turtlebot3_ws/install/turtlebot3_teleop:/home/gaga/turtlebot3_ws/install/turtlebot3_example:/opt/ros/humble /usr/bin/cmake --build /home/gaga/sad_ws/build/my_vision_msgs -- -j20 -l20
[3.688s] Invoking command in '/home/gaga/sad_ws/build/my_vision_msgs': CMAKE_PREFIX_PATH=${CMAKE_PREFIX_PATH}:/home/gaga/turtlebot3_ws/install/turtlebot3_teleop:/home/gaga/turtlebot3_ws/install/turtlebot3_example:/opt/ros/humble /usr/bin/cmake --install /home/gaga/sad_ws/build/my_vision_msgs
[3.694s] -- Install configuration: ""
[3.694s] -- Installing: /home/gaga/sad_ws/install/my_vision_msgs/share/ament_index/resource_index/rosidl_interfaces/my_vision_msgs
[3.694s] -- Installing: /home/gaga/sad_ws/install/my_vision_msgs/include/my_vision_msgs/my_vision_msgs
[3.694s] -- Installing: /home/gaga/sad_ws/install/my_vision_msgs/include/my_vision_msgs/my_vision_msgs/msg
[3.694s] -- Installing: /home/gaga/sad_ws/install/my_vision_msgs/include/my_vision_msgs/my_vision_msgs/msg/detected_crop.h
[3.694s] -- Installing: /home/gaga/sad_ws/install/my_vision_msgs/include/my_vision_msgs/my_vision_msgs/msg/rosidl_generator_c__visibility_control.h
[3.694s] -- Installing: /home/gaga/sad_ws/install/my_vision_msgs/include/my_vision_msgs/my_vision_msgs/msg/crop_pose.h
[3.694s] -- Installing: /home/gaga/sad_ws/install/my_vision_msgs/include/my_vision_msgs/my_vision_msgs/msg/harvest_ordering.h
[3.694s] -- Installing: /home/gaga/sad_ws/install/my_vision_msgs/include/my_vision_msgs/my_vision_msgs/msg/detail
[3.694s] -- Installing: /home/gaga/sad_ws/install/my_vision_msgs/include/my_vision_msgs/my_vision_msgs/msg/detail/detected_crop__functions.c
[3.694s] -- Installing: /home/gaga/sad_ws/install/my_vision_msgs/include/my_vision_msgs/my_vision_msgs/msg/detail/detected_crop_array__struct.h
[3.694s] -- Installing: /home/gaga/sad_ws/install/my_vision_msgs/include/my_vision_msgs/my_vision_msgs/msg/detail/detected_crop_array__functions.c
[3.694s] -- Installing: /home/gaga/sad_ws/install/my_vision_msgs/include/my_vision_msgs/my_vision_msgs/msg/detail/crop_pose__struct.h
[3.695s] -- Installing: /home/gaga/sad_ws/install/my_vision_msgs/include/my_vision_msgs/my_vision_msgs/msg/detail/harvest_ordering__functions.c
[3.695s] -- Installing: /home/gaga/sad_ws/install/my_vision_msgs/include/my_vision_msgs/my_vision_msgs/msg/detail/detected_crop__struct.h
[3.695s] -- Installing: /home/gaga/sad_ws/install/my_vision_msgs/include/my_vision_msgs/my_vision_msgs/msg/detail/harvest_ordering__struct.h
[3.695s] -- Installing: /home/gaga/sad_ws/install/my_vision_msgs/include/my_vision_msgs/my_vision_msgs/msg/detail/harvest_ordering__functions.h
[3.695s] -- Installing: /home/gaga/sad_ws/install/my_vision_msgs/include/my_vision_msgs/my_vision_msgs/msg/detail/harvest_ordering__type_support.h
[3.695s] -- Installing: /home/gaga/sad_ws/install/my_vision_msgs/include/my_vision_msgs/my_vision_msgs/msg/detail/detected_crop__functions.h
[3.695s] -- Installing: /home/gaga/sad_ws/install/my_vision_msgs/include/my_vision_msgs/my_vision_msgs/msg/detail/detected_crop__type_support.h
[3.695s] -- Installing: /home/gaga/sad_ws/install/my_vision_msgs/include/my_vision_msgs/my_vision_msgs/msg/detail/crop_pose__functions.c
[3.695s] -- Installing: /home/gaga/sad_ws/install/my_vision_msgs/include/my_vision_msgs/my_vision_msgs/msg/detail/crop_pose__type_support.h
[3.695s] -- Installing: /home/gaga/sad_ws/install/my_vision_msgs/include/my_vision_msgs/my_vision_msgs/msg/detail/detected_crop_array__functions.h
[3.695s] -- Installing: /home/gaga/sad_ws/install/my_vision_msgs/include/my_vision_msgs/my_vision_msgs/msg/detail/crop_pose__functions.h
[3.695s] -- Installing: /home/gaga/sad_ws/install/my_vision_msgs/include/my_vision_msgs/my_vision_msgs/msg/detail/detected_crop_array__type_support.h
[3.695s] -- Installing: /home/gaga/sad_ws/install/my_vision_msgs/include/my_vision_msgs/my_vision_msgs/msg/detected_crop_array.h
[3.695s] -- Installing: /home/gaga/sad_ws/install/my_vision_msgs/share/my_vision_msgs/environment/library_path.sh
[3.695s] -- Installing: /home/gaga/sad_ws/install/my_vision_msgs/share/my_vision_msgs/environment/library_path.dsv
[3.695s] -- Installing: /home/gaga/sad_ws/install/my_vision_msgs/lib/libmy_vision_msgs__rosidl_generator_c.so
[3.695s] -- Set runtime path of "/home/gaga/sad_ws/install/my_vision_msgs/lib/libmy_vision_msgs__rosidl_generator_c.so" to ""
[3.695s] -- Up-to-date: /home/gaga/sad_ws/install/my_vision_msgs/include/my_vision_msgs/my_vision_msgs
[3.695s] -- Up-to-date: /home/gaga/sad_ws/install/my_vision_msgs/include/my_vision_msgs/my_vision_msgs/msg
[3.695s] -- Installing: /home/gaga/sad_ws/install/my_vision_msgs/include/my_vision_msgs/my_vision_msgs/msg/rosidl_typesupport_fastrtps_c__visibility_control.h
[3.695s] -- Up-to-date: /home/gaga/sad_ws/install/my_vision_msgs/include/my_vision_msgs/my_vision_msgs/msg/detail
[3.695s] -- Installing: /home/gaga/sad_ws/install/my_vision_msgs/include/my_vision_msgs/my_vision_msgs/msg/detail/crop_pose__rosidl_typesupport_fastrtps_c.h
[3.695s] -- Installing: /home/gaga/sad_ws/install/my_vision_msgs/include/my_vision_msgs/my_vision_msgs/msg/detail/detected_crop_array__rosidl_typesupport_fastrtps_c.h
[3.695s] -- Installing: /home/gaga/sad_ws/install/my_vision_msgs/include/my_vision_msgs/my_vision_msgs/msg/detail/harvest_ordering__rosidl_typesupport_fastrtps_c.h
[3.695s] -- Installing: /home/gaga/sad_ws/install/my_vision_msgs/include/my_vision_msgs/my_vision_msgs/msg/detail/detected_crop__rosidl_typesupport_fastrtps_c.h
[3.695s] -- Installing: /home/gaga/sad_ws/install/my_vision_msgs/lib/libmy_vision_msgs__rosidl_typesupport_fastrtps_c.so
[3.696s] -- Set runtime path of "/home/gaga/sad_ws/install/my_vision_msgs/lib/libmy_vision_msgs__rosidl_typesupport_fastrtps_c.so" to ""
[3.696s] -- Up-to-date: /home/gaga/sad_ws/install/my_vision_msgs/include/my_vision_msgs/my_vision_msgs
[3.696s] -- Up-to-date: /home/gaga/sad_ws/install/my_vision_msgs/include/my_vision_msgs/my_vision_msgs/msg
[3.696s] -- Installing: /home/gaga/sad_ws/install/my_vision_msgs/include/my_vision_msgs/my_vision_msgs/msg/rosidl_generator_cpp__visibility_control.hpp
[3.696s] -- Installing: /home/gaga/sad_ws/install/my_vision_msgs/include/my_vision_msgs/my_vision_msgs/msg/detected_crop.hpp
[3.696s] -- Installing: /home/gaga/sad_ws/install/my_vision_msgs/include/my_vision_msgs/my_vision_msgs/msg/harvest_ordering.hpp
[3.696s] -- Installing: /home/gaga/sad_ws/install/my_vision_msgs/include/my_vision_msgs/my_vision_msgs/msg/detected_crop_array.hpp
[3.696s] -- Up-to-date: /home/gaga/sad_ws/install/my_vision_msgs/include/my_vision_msgs/my_vision_msgs/msg/detail
[3.696s] -- Installing: /home/gaga/sad_ws/install/my_vision_msgs/include/my_vision_msgs/my_vision_msgs/msg/detail/detected_crop__builder.hpp
[3.696s] -- Installing: /home/gaga/sad_ws/install/my_vision_msgs/include/my_vision_msgs/my_vision_msgs/msg/detail/detected_crop__traits.hpp
[3.696s] -- Installing: /home/gaga/sad_ws/install/my_vision_msgs/include/my_vision_msgs/my_vision_msgs/msg/detail/detected_crop_array__builder.hpp
[3.696s] -- Installing: /home/gaga/sad_ws/install/my_vision_msgs/include/my_vision_msgs/my_vision_msgs/msg/detail/crop_pose__struct.hpp
[3.696s] -- Installing: /home/gaga/sad_ws/install/my_vision_msgs/include/my_vision_msgs/my_vision_msgs/msg/detail/harvest_ordering__struct.hpp
[3.696s] -- Installing: /home/gaga/sad_ws/install/my_vision_msgs/include/my_vision_msgs/my_vision_msgs/msg/detail/harvest_ordering__type_support.hpp
[3.696s] -- Installing: /home/gaga/sad_ws/install/my_vision_msgs/include/my_vision_msgs/my_vision_msgs/msg/detail/harvest_ordering__builder.hpp
[3.696s] -- Installing: /home/gaga/sad_ws/install/my_vision_msgs/include/my_vision_msgs/my_vision_msgs/msg/detail/detected_crop_array__type_support.hpp
[3.696s] -- Installing: /home/gaga/sad_ws/install/my_vision_msgs/include/my_vision_msgs/my_vision_msgs/msg/detail/crop_pose__builder.hpp
[3.696s] -- Installing: /home/gaga/sad_ws/install/my_vision_msgs/include/my_vision_msgs/my_vision_msgs/msg/detail/detected_crop_array__struct.hpp
[3.696s] -- Installing: /home/gaga/sad_ws/install/my_vision_msgs/include/my_vision_msgs/my_vision_msgs/msg/detail/detected_crop__struct.hpp
[3.697s] -- Installing: /home/gaga/sad_ws/install/my_vision_msgs/include/my_vision_msgs/my_vision_msgs/msg/detail/detected_crop__type_support.hpp
[3.697s] -- Installing: /home/gaga/sad_ws/install/my_vision_msgs/include/my_vision_msgs/my_vision_msgs/msg/detail/crop_pose__traits.hpp
[3.697s] -- Installing: /home/gaga/sad_ws/install/my_vision_msgs/include/my_vision_msgs/my_vision_msgs/msg/detail/harvest_ordering__traits.hpp
[3.697s] -- Installing: /home/gaga/sad_ws/install/my_vision_msgs/include/my_vision_msgs/my_vision_msgs/msg/detail/crop_pose__type_support.hpp
[3.697s] -- Installing: /home/gaga/sad_ws/install/my_vision_msgs/include/my_vision_msgs/my_vision_msgs/msg/detail/detected_crop_array__traits.hpp
[3.697s] -- Installing: /home/gaga/sad_ws/install/my_vision_msgs/include/my_vision_msgs/my_vision_msgs/msg/crop_pose.hpp
[3.697s] -- Up-to-date: /home/gaga/sad_ws/install/my_vision_msgs/include/my_vision_msgs/my_vision_msgs
[3.697s] -- Up-to-date: /home/gaga/sad_ws/install/my_vision_msgs/include/my_vision_msgs/my_vision_msgs/msg
[3.697s] -- Installing: /home/gaga/sad_ws/install/my_vision_msgs/include/my_vision_msgs/my_vision_msgs/msg/rosidl_typesupport_fastrtps_cpp__visibility_control.h
[3.697s] -- Up-to-date: /home/gaga/sad_ws/install/my_vision_msgs/include/my_vision_msgs/my_vision_msgs/msg/detail
[3.697s] -- Installing: /home/gaga/sad_ws/install/my_vision_msgs/include/my_vision_msgs/my_vision_msgs/msg/detail/harvest_ordering__rosidl_typesupport_fastrtps_cpp.hpp
[3.697s] -- Installing: /home/gaga/sad_ws/install/my_vision_msgs/include/my_vision_msgs/my_vision_msgs/msg/detail/dds_fastrtps
[3.697s] -- Installing: /home/gaga/sad_ws/install/my_vision_msgs/include/my_vision_msgs/my_vision_msgs/msg/detail/crop_pose__rosidl_typesupport_fastrtps_cpp.hpp
[3.697s] -- Installing: /home/gaga/sad_ws/install/my_vision_msgs/include/my_vision_msgs/my_vision_msgs/msg/detail/detected_crop__rosidl_typesupport_fastrtps_cpp.hpp
[3.697s] -- Installing: /home/gaga/sad_ws/install/my_vision_msgs/include/my_vision_msgs/my_vision_msgs/msg/detail/detected_crop_array__rosidl_typesupport_fastrtps_cpp.hpp
[3.697s] -- Installing: /home/gaga/sad_ws/install/my_vision_msgs/lib/libmy_vision_msgs__rosidl_typesupport_fastrtps_cpp.so
[3.697s] -- Set runtime path of "/home/gaga/sad_ws/install/my_vision_msgs/lib/libmy_vision_msgs__rosidl_typesupport_fastrtps_cpp.so" to ""
[3.697s] -- Up-to-date: /home/gaga/sad_ws/install/my_vision_msgs/include/my_vision_msgs/my_vision_msgs
[3.697s] -- Up-to-date: /home/gaga/sad_ws/install/my_vision_msgs/include/my_vision_msgs/my_vision_msgs/msg
[3.697s] -- Installing: /home/gaga/sad_ws/install/my_vision_msgs/include/my_vision_msgs/my_vision_msgs/msg/rosidl_typesupport_introspection_c__visibility_control.h
[3.697s] -- Up-to-date: /home/gaga/sad_ws/install/my_vision_msgs/include/my_vision_msgs/my_vision_msgs/msg/detail
[3.697s] -- Installing: /home/gaga/sad_ws/install/my_vision_msgs/include/my_vision_msgs/my_vision_msgs/msg/detail/harvest_ordering__type_support.c
[3.697s] -- Installing: /home/gaga/sad_ws/install/my_vision_msgs/include/my_vision_msgs/my_vision_msgs/msg/detail/crop_pose__type_support.c
[3.698s] -- Installing: /home/gaga/sad_ws/install/my_vision_msgs/include/my_vision_msgs/my_vision_msgs/msg/detail/detected_crop__type_support.c
[3.698s] -- Installing: /home/gaga/sad_ws/install/my_vision_msgs/include/my_vision_msgs/my_vision_msgs/msg/detail/detected_crop_array__rosidl_typesupport_introspection_c.h
[3.698s] -- Installing: /home/gaga/sad_ws/install/my_vision_msgs/include/my_vision_msgs/my_vision_msgs/msg/detail/detected_crop__rosidl_typesupport_introspection_c.h
[3.698s] -- Installing: /home/gaga/sad_ws/install/my_vision_msgs/include/my_vision_msgs/my_vision_msgs/msg/detail/detected_crop_array__type_support.c
[3.698s] -- Installing: /home/gaga/sad_ws/install/my_vision_msgs/include/my_vision_msgs/my_vision_msgs/msg/detail/crop_pose__rosidl_typesupport_introspection_c.h
[3.698s] -- Installing: /home/gaga/sad_ws/install/my_vision_msgs/include/my_vision_msgs/my_vision_msgs/msg/detail/harvest_ordering__rosidl_typesupport_introspection_c.h
[3.698s] -- Installing: /home/gaga/sad_ws/install/my_vision_msgs/lib/libmy_vision_msgs__rosidl_typesupport_introspection_c.so
[3.698s] -- Set runtime path of "/home/gaga/sad_ws/install/my_vision_msgs/lib/libmy_vision_msgs__rosidl_typesupport_introspection_c.so" to ""
[3.698s] -- Installing: /home/gaga/sad_ws/install/my_vision_msgs/lib/libmy_vision_msgs__rosidl_typesupport_c.so
[3.698s] -- Set runtime path of "/home/gaga/sad_ws/install/my_vision_msgs/lib/libmy_vision_msgs__rosidl_typesupport_c.so" to ""
[3.698s] -- Up-to-date: /home/gaga/sad_ws/install/my_vision_msgs/include/my_vision_msgs/my_vision_msgs
[3.698s] -- Up-to-date: /home/gaga/sad_ws/install/my_vision_msgs/include/my_vision_msgs/my_vision_msgs/msg
[3.698s] -- Up-to-date: /home/gaga/sad_ws/install/my_vision_msgs/include/my_vision_msgs/my_vision_msgs/msg/detail
[3.698s] -- Installing: /home/gaga/sad_ws/install/my_vision_msgs/include/my_vision_msgs/my_vision_msgs/msg/detail/detected_crop_array__type_support.cpp
[3.698s] -- Installing: /home/gaga/sad_ws/install/my_vision_msgs/include/my_vision_msgs/my_vision_msgs/msg/detail/detected_crop_array__rosidl_typesupport_introspection_cpp.hpp
[3.698s] -- Installing: /home/gaga/sad_ws/install/my_vision_msgs/include/my_vision_msgs/my_vision_msgs/msg/detail/harvest_ordering__rosidl_typesupport_introspection_cpp.hpp
[3.698s] -- Installing: /home/gaga/sad_ws/install/my_vision_msgs/include/my_vision_msgs/my_vision_msgs/msg/detail/detected_crop__type_support.cpp
[3.698s] -- Installing: /home/gaga/sad_ws/install/my_vision_msgs/include/my_vision_msgs/my_vision_msgs/msg/detail/detected_crop__rosidl_typesupport_introspection_cpp.hpp
[3.698s] -- Installing: /home/gaga/sad_ws/install/my_vision_msgs/include/my_vision_msgs/my_vision_msgs/msg/detail/crop_pose__type_support.cpp
[3.698s] -- Installing: /home/gaga/sad_ws/install/my_vision_msgs/include/my_vision_msgs/my_vision_msgs/msg/detail/harvest_ordering__type_support.cpp
[3.698s] -- Installing: /home/gaga/sad_ws/install/my_vision_msgs/include/my_vision_msgs/my_vision_msgs/msg/detail/crop_pose__rosidl_typesupport_introspection_cpp.hpp
[3.698s] -- Installing: /home/gaga/sad_ws/install/my_vision_msgs/lib/libmy_vision_msgs__rosidl_typesupport_introspection_cpp.so
[3.699s] -- Set runtime path of "/home/gaga/sad_ws/install/my_vision_msgs/lib/libmy_vision_msgs__rosidl_typesupport_introspection_cpp.so" to ""
[3.699s] -- Installing: /home/gaga/sad_ws/install/my_vision_msgs/lib/libmy_vision_msgs__rosidl_typesupport_cpp.so
[3.699s] -- Set runtime path of "/home/gaga/sad_ws/install/my_vision_msgs/lib/libmy_vision_msgs__rosidl_typesupport_cpp.so" to ""
[3.699s] -- Installing: /home/gaga/sad_ws/install/my_vision_msgs/share/my_vision_msgs/environment/pythonpath.sh
[3.699s] -- Installing: /home/gaga/sad_ws/install/my_vision_msgs/share/my_vision_msgs/environment/pythonpath.dsv
[3.699s] -- Installing: /home/gaga/sad_ws/install/my_vision_msgs/local/lib/python3.10/dist-packages/my_vision_msgs-0.1.0-py3.10.egg-info
[3.699s] -- Installing: /home/gaga/sad_ws/install/my_vision_msgs/local/lib/python3.10/dist-packages/my_vision_msgs-0.1.0-py3.10.egg-info/SOURCES.txt
[3.699s] -- Installing: /home/gaga/sad_ws/install/my_vision_msgs/local/lib/python3.10/dist-packages/my_vision_msgs-0.1.0-py3.10.egg-info/PKG-INFO
[3.699s] -- Installing: /home/gaga/sad_ws/install/my_vision_msgs/local/lib/python3.10/dist-packages/my_vision_msgs-0.1.0-py3.10.egg-info/top_level.txt
[3.699s] -- Installing: /home/gaga/sad_ws/install/my_vision_msgs/local/lib/python3.10/dist-packages/my_vision_msgs-0.1.0-py3.10.egg-info/dependency_links.txt
[3.699s] -- Installing: /home/gaga/sad_ws/install/my_vision_msgs/local/lib/python3.10/dist-packages/my_vision_msgs
[3.699s] -- Installing: /home/gaga/sad_ws/install/my_vision_msgs/local/lib/python3.10/dist-packages/my_vision_msgs/_my_vision_msgs_s.ep.rosidl_typesupport_introspection_c.c
[3.699s] -- Installing: /home/gaga/sad_ws/install/my_vision_msgs/local/lib/python3.10/dist-packages/my_vision_msgs/libmy_vision_msgs__rosidl_generator_py.so
[3.699s] -- Installing: /home/gaga/sad_ws/install/my_vision_msgs/local/lib/python3.10/dist-packages/my_vision_msgs/__init__.py
[3.699s] -- Installing: /home/gaga/sad_ws/install/my_vision_msgs/local/lib/python3.10/dist-packages/my_vision_msgs/msg
[3.699s] -- Installing: /home/gaga/sad_ws/install/my_vision_msgs/local/lib/python3.10/dist-packages/my_vision_msgs/msg/_harvest_ordering_s.c
[3.699s] -- Installing: /home/gaga/sad_ws/install/my_vision_msgs/local/lib/python3.10/dist-packages/my_vision_msgs/msg/__init__.py
[3.699s] -- Installing: /home/gaga/sad_ws/install/my_vision_msgs/local/lib/python3.10/dist-packages/my_vision_msgs/msg/_detected_crop_s.c
[3.699s] -- Installing: /home/gaga/sad_ws/install/my_vision_msgs/local/lib/python3.10/dist-packages/my_vision_msgs/msg/_crop_pose.py
[3.699s] -- Installing: /home/gaga/sad_ws/install/my_vision_msgs/local/lib/python3.10/dist-packages/my_vision_msgs/msg/_detected_crop_array_s.c
[3.699s] -- Installing: /home/gaga/sad_ws/install/my_vision_msgs/local/lib/python3.10/dist-packages/my_vision_msgs/msg/_detected_crop_array.py
[3.699s] -- Installing: /home/gaga/sad_ws/install/my_vision_msgs/local/lib/python3.10/dist-packages/my_vision_msgs/msg/_crop_pose_s.c
[3.700s] -- Installing: /home/gaga/sad_ws/install/my_vision_msgs/local/lib/python3.10/dist-packages/my_vision_msgs/msg/_harvest_ordering.py
[3.700s] -- Installing: /home/gaga/sad_ws/install/my_vision_msgs/local/lib/python3.10/dist-packages/my_vision_msgs/msg/_detected_crop.py
[3.700s] -- Installing: /home/gaga/sad_ws/install/my_vision_msgs/local/lib/python3.10/dist-packages/my_vision_msgs/my_vision_msgs_s__rosidl_typesupport_introspection_c.cpython-310-x86_64-linux-gnu.so
[3.700s] -- Installing: /home/gaga/sad_ws/install/my_vision_msgs/local/lib/python3.10/dist-packages/my_vision_msgs/_my_vision_msgs_s.ep.rosidl_typesupport_fastrtps_c.c
[3.700s] -- Installing: /home/gaga/sad_ws/install/my_vision_msgs/local/lib/python3.10/dist-packages/my_vision_msgs/my_vision_msgs_s__rosidl_typesupport_c.cpython-310-x86_64-linux-gnu.so
[3.700s] -- Installing: /home/gaga/sad_ws/install/my_vision_msgs/local/lib/python3.10/dist-packages/my_vision_msgs/my_vision_msgs_s__rosidl_typesupport_fastrtps_c.cpython-310-x86_64-linux-gnu.so
[3.700s] -- Installing: /home/gaga/sad_ws/install/my_vision_msgs/local/lib/python3.10/dist-packages/my_vision_msgs/_my_vision_msgs_s.ep.rosidl_typesupport_c.c
[3.726s] Listing '/home/gaga/sad_ws/install/my_vision_msgs/local/lib/python3.10/dist-packages/my_vision_msgs'...
[3.726s] Compiling '/home/gaga/sad_ws/install/my_vision_msgs/local/lib/python3.10/dist-packages/my_vision_msgs/__init__.py'...
[3.726s] Listing '/home/gaga/sad_ws/install/my_vision_msgs/local/lib/python3.10/dist-packages/my_vision_msgs/msg'...
[3.726s] Compiling '/home/gaga/sad_ws/install/my_vision_msgs/local/lib/python3.10/dist-packages/my_vision_msgs/msg/__init__.py'...
[3.726s] Compiling '/home/gaga/sad_ws/install/my_vision_msgs/local/lib/python3.10/dist-packages/my_vision_msgs/msg/_crop_pose.py'...
[3.727s] Compiling '/home/gaga/sad_ws/install/my_vision_msgs/local/lib/python3.10/dist-packages/my_vision_msgs/msg/_detected_crop.py'...
[3.727s] Compiling '/home/gaga/sad_ws/install/my_vision_msgs/local/lib/python3.10/dist-packages/my_vision_msgs/msg/_detected_crop_array.py'...
[3.727s] Compiling '/home/gaga/sad_ws/install/my_vision_msgs/local/lib/python3.10/dist-packages/my_vision_msgs/msg/_harvest_ordering.py'...
[3.729s] -- Installing: /home/gaga/sad_ws/install/my_vision_msgs/local/lib/python3.10/dist-packages/my_vision_msgs/my_vision_msgs_s__rosidl_typesupport_fastrtps_c.cpython-310-x86_64-linux-gnu.so
[3.729s] -- Set runtime path of "/home/gaga/sad_ws/install/my_vision_msgs/local/lib/python3.10/dist-packages/my_vision_msgs/my_vision_msgs_s__rosidl_typesupport_fastrtps_c.cpython-310-x86_64-linux-gnu.so" to ""
[3.729s] -- Installing: /home/gaga/sad_ws/install/my_vision_msgs/local/lib/python3.10/dist-packages/my_vision_msgs/my_vision_msgs_s__rosidl_typesupport_introspection_c.cpython-310-x86_64-linux-gnu.so
[3.730s] -- Set runtime path of "/home/gaga/sad_ws/install/my_vision_msgs/local/lib/python3.10/dist-packages/my_vision_msgs/my_vision_msgs_s__rosidl_typesupport_introspection_c.cpython-310-x86_64-linux-gnu.so" to ""
[3.730s] -- Installing: /home/gaga/sad_ws/install/my_vision_msgs/local/lib/python3.10/dist-packages/my_vision_msgs/my_vision_msgs_s__rosidl_typesupport_c.cpython-310-x86_64-linux-gnu.so
[3.730s] -- Set runtime path of "/home/gaga/sad_ws/install/my_vision_msgs/local/lib/python3.10/dist-packages/my_vision_msgs/my_vision_msgs_s__rosidl_typesupport_c.cpython-310-x86_64-linux-gnu.so" to ""
[3.730s] -- Installing: /home/gaga/sad_ws/install/my_vision_msgs/lib/libmy_vision_msgs__rosidl_generator_py.so
[3.730s] -- Set runtime path of "/home/gaga/sad_ws/install/my_vision_msgs/lib/libmy_vision_msgs__rosidl_generator_py.so" to ""
[3.730s] -- Installing: /home/gaga/sad_ws/install/my_vision_msgs/share/my_vision_msgs/msg/CropPose.idl
[3.730s] -- Installing: /home/gaga/sad_ws/install/my_vision_msgs/share/my_vision_msgs/msg/DetectedCrop.idl
[3.730s] -- Installing: /home/gaga/sad_ws/install/my_vision_msgs/share/my_vision_msgs/msg/DetectedCropArray.idl
[3.730s] -- Installing: /home/gaga/sad_ws/install/my_vision_msgs/share/my_vision_msgs/msg/HarvestOrdering.idl
[3.730s] -- Installing: /home/gaga/sad_ws/install/my_vision_msgs/share/my_vision_msgs/msg/CropPose.msg
[3.730s] -- Installing: /home/gaga/sad_ws/install/my_vision_msgs/share/my_vision_msgs/msg/DetectedCrop.msg
[3.730s] -- Installing: /home/gaga/sad_ws/install/my_vision_msgs/share/my_vision_msgs/msg/DetectedCropArray.msg
[3.730s] -- Installing: /home/gaga/sad_ws/install/my_vision_msgs/share/my_vision_msgs/msg/HarvestOrdering.msg
[3.730s] -- Installing: /home/gaga/sad_ws/install/my_vision_msgs/share/ament_index/resource_index/package_run_dependencies/my_vision_msgs
[3.730s] -- Installing: /home/gaga/sad_ws/install/my_vision_msgs/share/ament_index/resource_index/parent_prefix_path/my_vision_msgs
[3.730s] -- Installing: /home/gaga/sad_ws/install/my_vision_msgs/share/my_vision_msgs/environment/ament_prefix_path.sh
[3.730s] -- Installing: /home/gaga/sad_ws/install/my_vision_msgs/share/my_vision_msgs/environment/ament_prefix_path.dsv
[3.730s] -- Installing: /home/gaga/sad_ws/install/my_vision_msgs/share/my_vision_msgs/environment/path.sh
[3.730s] -- Installing: /home/gaga/sad_ws/install/my_vision_msgs/share/my_vision_msgs/environment/path.dsv
[3.730s] -- Installing: /home/gaga/sad_ws/install/my_vision_msgs/share/my_vision_msgs/local_setup.bash
[3.730s] -- Installing: /home/gaga/sad_ws/install/my_vision_msgs/share/my_vision_msgs/local_setup.sh
[3.730s] -- Installing: /home/gaga/sad_ws/install/my_vision_msgs/share/my_vision_msgs/local_setup.zsh
[3.731s] -- Installing: /home/gaga/sad_ws/install/my_vision_msgs/share/my_vision_msgs/local_setup.dsv
[3.731s] -- Installing: /home/gaga/sad_ws/install/my_vision_msgs/share/my_vision_msgs/package.dsv
[3.731s] -- Installing: /home/gaga/sad_ws/install/my_vision_msgs/share/ament_index/resource_index/packages/my_vision_msgs
[3.731s] -- Installing: /home/gaga/sad_ws/install/my_vision_msgs/share/my_vision_msgs/cmake/export_my_vision_msgs__rosidl_generator_cExport.cmake
[3.731s] -- Installing: /home/gaga/sad_ws/install/my_vision_msgs/share/my_vision_msgs/cmake/export_my_vision_msgs__rosidl_generator_cExport-noconfig.cmake
[3.731s] -- Installing: /home/gaga/sad_ws/install/my_vision_msgs/share/my_vision_msgs/cmake/export_my_vision_msgs__rosidl_typesupport_fastrtps_cExport.cmake
[3.731s] -- Installing: /home/gaga/sad_ws/install/my_vision_msgs/share/my_vision_msgs/cmake/export_my_vision_msgs__rosidl_typesupport_fastrtps_cExport-noconfig.cmake
[3.731s] -- Installing: /home/gaga/sad_ws/install/my_vision_msgs/share/my_vision_msgs/cmake/export_my_vision_msgs__rosidl_generator_cppExport.cmake
[3.731s] -- Installing: /home/gaga/sad_ws/install/my_vision_msgs/share/my_vision_msgs/cmake/export_my_vision_msgs__rosidl_typesupport_fastrtps_cppExport.cmake
[3.731s] -- Installing: /home/gaga/sad_ws/install/my_vision_msgs/share/my_vision_msgs/cmake/export_my_vision_msgs__rosidl_typesupport_fastrtps_cppExport-noconfig.cmake
[3.731s] -- Installing: /home/gaga/sad_ws/install/my_vision_msgs/share/my_vision_msgs/cmake/my_vision_msgs__rosidl_typesupport_introspection_cExport.cmake
[3.731s] -- Installing: /home/gaga/sad_ws/install/my_vision_msgs/share/my_vision_msgs/cmake/my_vision_msgs__rosidl_typesupport_introspection_cExport-noconfig.cmake
[3.731s] -- Installing: /home/gaga/sad_ws/install/my_vision_msgs/share/my_vision_msgs/cmake/my_vision_msgs__rosidl_typesupport_cExport.cmake
[3.731s] -- Installing: /home/gaga/sad_ws/install/my_vision_msgs/share/my_vision_msgs/cmake/my_vision_msgs__rosidl_typesupport_cExport-noconfig.cmake
[3.731s] -- Installing: /home/gaga/sad_ws/install/my_vision_msgs/share/my_vision_msgs/cmake/my_vision_msgs__rosidl_typesupport_introspection_cppExport.cmake
[3.731s] -- Installing: /home/gaga/sad_ws/install/my_vision_msgs/share/my_vision_msgs/cmake/my_vision_msgs__rosidl_typesupport_introspection_cppExport-noconfig.cmake
[3.731s] -- Installing: /home/gaga/sad_ws/install/my_vision_msgs/share/my_vision_msgs/cmake/my_vision_msgs__rosidl_typesupport_cppExport.cmake
[3.731s] -- Installing: /home/gaga/sad_ws/install/my_vision_msgs/share/my_vision_msgs/cmake/my_vision_msgs__rosidl_typesupport_cppExport-noconfig.cmake
[3.731s] -- Installing: /home/gaga/sad_ws/install/my_vision_msgs/share/my_vision_msgs/cmake/export_my_vision_msgs__rosidl_generator_pyExport.cmake
[3.731s] -- Installing: /home/gaga/sad_ws/install/my_vision_msgs/share/my_vision_msgs/cmake/export_my_vision_msgs__rosidl_generator_pyExport-noconfig.cmake
[3.732s] -- Installing: /home/gaga/sad_ws/install/my_vision_msgs/share/my_vision_msgs/cmake/rosidl_cmake-extras.cmake
[3.732s] -- Installing: /home/gaga/sad_ws/install/my_vision_msgs/share/my_vision_msgs/cmake/ament_cmake_export_dependencies-extras.cmake
[3.732s] -- Installing: /home/gaga/sad_ws/install/my_vision_msgs/share/my_vision_msgs/cmake/ament_cmake_export_include_directories-extras.cmake
[3.732s] -- Installing: /home/gaga/sad_ws/install/my_vision_msgs/share/my_vision_msgs/cmake/ament_cmake_export_libraries-extras.cmake
[3.732s] -- Installing: /home/gaga/sad_ws/install/my_vision_msgs/share/my_vision_msgs/cmake/ament_cmake_export_targets-extras.cmake
[3.732s] -- Installing: /home/gaga/sad_ws/install/my_vision_msgs/share/my_vision_msgs/cmake/rosidl_cmake_export_typesupport_targets-extras.cmake
[3.732s] -- Installing: /home/gaga/sad_ws/install/my_vision_msgs/share/my_vision_msgs/cmake/rosidl_cmake_export_typesupport_libraries-extras.cmake
[3.732s] -- Installing: /home/gaga/sad_ws/install/my_vision_msgs/share/my_vision_msgs/cmake/my_vision_msgsConfig.cmake
[3.732s] -- Installing: /home/gaga/sad_ws/install/my_vision_msgs/share/my_vision_msgs/cmake/my_vision_msgsConfig-version.cmake
[3.732s] -- Installing: /home/gaga/sad_ws/install/my_vision_msgs/share/my_vision_msgs/package.xml
[3.734s] Invoked command in '/home/gaga/sad_ws/build/my_vision_msgs' returned '0': CMAKE_PREFIX_PATH=${CMAKE_PREFIX_PATH}:/home/gaga/turtlebot3_ws/install/turtlebot3_teleop:/home/gaga/turtlebot3_ws/install/turtlebot3_example:/opt/ros/humble /usr/bin/cmake --install /home/gaga/sad_ws/build/my_vision_msgs
