[0.011s] Invoking command in '/home/gaga/sad_ws/build/mani_urdf': CMAKE_PREFIX_PATH=/home/gaga/sad_ws/install:/home/gaga/sad_ws/install/sad_pkg:/home/gaga/turtlebot3_ws/install/turtlebot3_teleop:/home/gaga/turtlebot3_ws/install/turtlebot3_example:/opt/ros/humble:/home/gaga/sad_ws/install/serial:/home/gaga/sad_ws/install/my_vision_msgs:/home/gaga/sad_ws/install/mani_urdf:/home/gaga/turtlebot3_ws/install/turtlebot3:/home/gaga/turtlebot3_ws/install/turtlebot3_simulations:/home/gaga/turtlebot3_ws/install/turtlebot3_bringup:/home/gaga/turtlebot3_ws/install/turtlebot3_node:/home/gaga/turtlebot3_ws/install/turtlebot3_navigation2:/home/gaga/turtlebot3_ws/install/turtlebot3_fake_node:/home/gaga/turtlebot3_ws/install/robot_master:/home/gaga/turtlebot3_ws/install/turtlebot3_msgs:/home/gaga/turtlebot3_ws/install/turtlebot3_gazebo:/home/gaga/turtlebot3_ws/install/turtlebot3_description:/home/gaga/turtlebot3_ws/install/turtlebot3_cartographer:/home/gaga/turtlebot3_ws/install/robot_vision:/home/gaga/turtlebot3_ws/install/robot_navigation:/home/gaga/turtlebot3_ws/install/robot_msgs:/home/gaga/turtlebot3_ws/install/dynamixel_sdk_examples:/home/gaga/turtlebot3_ws/install/dynamixel_sdk_custom_interfaces:/home/gaga/turtlebot3_ws/install/dynamixel_sdk:/home/gaga/ssibal_ws/install/robot_msgs:/home/gaga/sad_ws/src/install/vision_msgs:/home/gaga/sad_ws/src/install/sad_pkg:/home/gaga/sad_ws/src/install/serial:/home/gaga/sad_ws/src/install/my_vision_msgs:/home/gaga/sad_ws/src/install/mani_urdf:/home/gaga/robotprograming_ws/install/rp_pkg:/home/gaga/sad_ws/src/sad_pkg/install/sad_pkg /usr/bin/cmake --build /home/gaga/sad_ws/build/mani_urdf -- -j20 -l20
[0.044s] Invoked command in '/home/gaga/sad_ws/build/mani_urdf' returned '0': CMAKE_PREFIX_PATH=/home/gaga/sad_ws/install:/home/gaga/sad_ws/install/sad_pkg:/home/gaga/turtlebot3_ws/install/turtlebot3_teleop:/home/gaga/turtlebot3_ws/install/turtlebot3_example:/opt/ros/humble:/home/gaga/sad_ws/install/serial:/home/gaga/sad_ws/install/my_vision_msgs:/home/gaga/sad_ws/install/mani_urdf:/home/gaga/turtlebot3_ws/install/turtlebot3:/home/gaga/turtlebot3_ws/install/turtlebot3_simulations:/home/gaga/turtlebot3_ws/install/turtlebot3_bringup:/home/gaga/turtlebot3_ws/install/turtlebot3_node:/home/gaga/turtlebot3_ws/install/turtlebot3_navigation2:/home/gaga/turtlebot3_ws/install/turtlebot3_fake_node:/home/gaga/turtlebot3_ws/install/robot_master:/home/gaga/turtlebot3_ws/install/turtlebot3_msgs:/home/gaga/turtlebot3_ws/install/turtlebot3_gazebo:/home/gaga/turtlebot3_ws/install/turtlebot3_description:/home/gaga/turtlebot3_ws/install/turtlebot3_cartographer:/home/gaga/turtlebot3_ws/install/robot_vision:/home/gaga/turtlebot3_ws/install/robot_navigation:/home/gaga/turtlebot3_ws/install/robot_msgs:/home/gaga/turtlebot3_ws/install/dynamixel_sdk_examples:/home/gaga/turtlebot3_ws/install/dynamixel_sdk_custom_interfaces:/home/gaga/turtlebot3_ws/install/dynamixel_sdk:/home/gaga/ssibal_ws/install/robot_msgs:/home/gaga/sad_ws/src/install/vision_msgs:/home/gaga/sad_ws/src/install/sad_pkg:/home/gaga/sad_ws/src/install/serial:/home/gaga/sad_ws/src/install/my_vision_msgs:/home/gaga/sad_ws/src/install/mani_urdf:/home/gaga/robotprograming_ws/install/rp_pkg:/home/gaga/sad_ws/src/sad_pkg/install/sad_pkg /usr/bin/cmake --build /home/gaga/sad_ws/build/mani_urdf -- -j20 -l20
[0.053s] Invoking command in '/home/gaga/sad_ws/build/mani_urdf': CMAKE_PREFIX_PATH=/home/gaga/sad_ws/install:/home/gaga/sad_ws/install/sad_pkg:/home/gaga/turtlebot3_ws/install/turtlebot3_teleop:/home/gaga/turtlebot3_ws/install/turtlebot3_example:/opt/ros/humble:/home/gaga/sad_ws/install/serial:/home/gaga/sad_ws/install/my_vision_msgs:/home/gaga/sad_ws/install/mani_urdf:/home/gaga/turtlebot3_ws/install/turtlebot3:/home/gaga/turtlebot3_ws/install/turtlebot3_simulations:/home/gaga/turtlebot3_ws/install/turtlebot3_bringup:/home/gaga/turtlebot3_ws/install/turtlebot3_node:/home/gaga/turtlebot3_ws/install/turtlebot3_navigation2:/home/gaga/turtlebot3_ws/install/turtlebot3_fake_node:/home/gaga/turtlebot3_ws/install/robot_master:/home/gaga/turtlebot3_ws/install/turtlebot3_msgs:/home/gaga/turtlebot3_ws/install/turtlebot3_gazebo:/home/gaga/turtlebot3_ws/install/turtlebot3_description:/home/gaga/turtlebot3_ws/install/turtlebot3_cartographer:/home/gaga/turtlebot3_ws/install/robot_vision:/home/gaga/turtlebot3_ws/install/robot_navigation:/home/gaga/turtlebot3_ws/install/robot_msgs:/home/gaga/turtlebot3_ws/install/dynamixel_sdk_examples:/home/gaga/turtlebot3_ws/install/dynamixel_sdk_custom_interfaces:/home/gaga/turtlebot3_ws/install/dynamixel_sdk:/home/gaga/ssibal_ws/install/robot_msgs:/home/gaga/sad_ws/src/install/vision_msgs:/home/gaga/sad_ws/src/install/sad_pkg:/home/gaga/sad_ws/src/install/serial:/home/gaga/sad_ws/src/install/my_vision_msgs:/home/gaga/sad_ws/src/install/mani_urdf:/home/gaga/robotprograming_ws/install/rp_pkg:/home/gaga/sad_ws/src/sad_pkg/install/sad_pkg /usr/bin/cmake --install /home/gaga/sad_ws/build/mani_urdf
[0.058s] -- Install configuration: ""
[0.058s] -- Up-to-date: /home/gaga/sad_ws/install/mani_urdf/share/mani_urdf/description
[0.059s] -- Up-to-date: /home/gaga/sad_ws/install/mani_urdf/share/mani_urdf/description/example_robot.urdf.xacro
[0.059s] -- Up-to-date: /home/gaga/sad_ws/install/mani_urdf/share/mani_urdf/description/mesh
[0.059s] -- Up-to-date: /home/gaga/sad_ws/install/mani_urdf/share/mani_urdf/description/mesh/before.zip
[0.059s] -- Up-to-date: /home/gaga/sad_ws/install/mani_urdf/share/mani_urdf/description/mesh/link3.stl
[0.059s] -- Up-to-date: /home/gaga/sad_ws/install/mani_urdf/share/mani_urdf/description/mesh/link1.stl
[0.059s] -- Up-to-date: /home/gaga/sad_ws/install/mani_urdf/share/mani_urdf/description/mesh/link5.stl
[0.059s] -- Up-to-date: /home/gaga/sad_ws/install/mani_urdf/share/mani_urdf/description/mesh/link6.stl
[0.059s] -- Up-to-date: /home/gaga/sad_ws/install/mani_urdf/share/mani_urdf/description/mesh/link7.stl
[0.059s] -- Up-to-date: /home/gaga/sad_ws/install/mani_urdf/share/mani_urdf/description/mesh/link2.stl
[0.059s] -- Up-to-date: /home/gaga/sad_ws/install/mani_urdf/share/mani_urdf/description/mesh/link4.stl
[0.059s] -- Up-to-date: /home/gaga/sad_ws/install/mani_urdf/share/mani_urdf/description/mesh/endeffector.stl
[0.059s] -- Up-to-date: /home/gaga/sad_ws/install/mani_urdf/share/mani_urdf/description/mesh/link5_1.stl
[0.060s] -- Up-to-date: /home/gaga/sad_ws/install/mani_urdf/share/mani_urdf/description/example_gazebo.xacro
[0.060s] -- Up-to-date: /home/gaga/sad_ws/install/mani_urdf/share/mani_urdf/description/example_include.xacro
[0.060s] -- Up-to-date: /home/gaga/sad_ws/install/mani_urdf/share/mani_urdf/launch
[0.060s] -- Up-to-date: /home/gaga/sad_ws/install/mani_urdf/share/mani_urdf/launch/rsp.launch.py
[0.060s] -- Up-to-date: /home/gaga/sad_ws/install/mani_urdf/share/mani_urdf/launch/rsp_sim.launch.py
[0.060s] -- Up-to-date: /home/gaga/sad_ws/install/mani_urdf/share/mani_urdf/worlds
[0.060s] -- Up-to-date: /home/gaga/sad_ws/install/mani_urdf/share/mani_urdf/worlds/test_world.world
[0.060s] -- Up-to-date: /home/gaga/sad_ws/install/mani_urdf/share/mani_urdf/config
[0.060s] -- Up-to-date: /home/gaga/sad_ws/install/mani_urdf/share/mani_urdf/config/gazebo_controll.yaml
[0.060s] -- Up-to-date: /home/gaga/sad_ws/install/mani_urdf/share/ament_index/resource_index/package_run_dependencies/mani_urdf
[0.060s] -- Up-to-date: /home/gaga/sad_ws/install/mani_urdf/share/ament_index/resource_index/parent_prefix_path/mani_urdf
[0.061s] -- Up-to-date: /home/gaga/sad_ws/install/mani_urdf/share/mani_urdf/environment/ament_prefix_path.sh
[0.061s] -- Up-to-date: /home/gaga/sad_ws/install/mani_urdf/share/mani_urdf/environment/ament_prefix_path.dsv
[0.061s] -- Up-to-date: /home/gaga/sad_ws/install/mani_urdf/share/mani_urdf/environment/path.sh
[0.062s] -- Up-to-date: /home/gaga/sad_ws/install/mani_urdf/share/mani_urdf/environment/path.dsv
[0.062s] -- Up-to-date: /home/gaga/sad_ws/install/mani_urdf/share/mani_urdf/local_setup.bash
[0.062s] -- Up-to-date: /home/gaga/sad_ws/install/mani_urdf/share/mani_urdf/local_setup.sh
[0.063s] -- Up-to-date: /home/gaga/sad_ws/install/mani_urdf/share/mani_urdf/local_setup.zsh
[0.063s] -- Up-to-date: /home/gaga/sad_ws/install/mani_urdf/share/mani_urdf/local_setup.dsv
[0.064s] -- Installing: /home/gaga/sad_ws/install/mani_urdf/share/mani_urdf/package.dsv
[0.064s] -- Up-to-date: /home/gaga/sad_ws/install/mani_urdf/share/ament_index/resource_index/packages/mani_urdf
[0.064s] -- Up-to-date: /home/gaga/sad_ws/install/mani_urdf/share/mani_urdf/cmake/mani_urdfConfig.cmake
[0.064s] -- Up-to-date: /home/gaga/sad_ws/install/mani_urdf/share/mani_urdf/cmake/mani_urdfConfig-version.cmake
[0.064s] -- Up-to-date: /home/gaga/sad_ws/install/mani_urdf/share/mani_urdf/package.xml
[0.065s] Invoked command in '/home/gaga/sad_ws/build/mani_urdf' returned '0': CMAKE_PREFIX_PATH=/home/gaga/sad_ws/install:/home/gaga/sad_ws/install/sad_pkg:/home/gaga/turtlebot3_ws/install/turtlebot3_teleop:/home/gaga/turtlebot3_ws/install/turtlebot3_example:/opt/ros/humble:/home/gaga/sad_ws/install/serial:/home/gaga/sad_ws/install/my_vision_msgs:/home/gaga/sad_ws/install/mani_urdf:/home/gaga/turtlebot3_ws/install/turtlebot3:/home/gaga/turtlebot3_ws/install/turtlebot3_simulations:/home/gaga/turtlebot3_ws/install/turtlebot3_bringup:/home/gaga/turtlebot3_ws/install/turtlebot3_node:/home/gaga/turtlebot3_ws/install/turtlebot3_navigation2:/home/gaga/turtlebot3_ws/install/turtlebot3_fake_node:/home/gaga/turtlebot3_ws/install/robot_master:/home/gaga/turtlebot3_ws/install/turtlebot3_msgs:/home/gaga/turtlebot3_ws/install/turtlebot3_gazebo:/home/gaga/turtlebot3_ws/install/turtlebot3_description:/home/gaga/turtlebot3_ws/install/turtlebot3_cartographer:/home/gaga/turtlebot3_ws/install/robot_vision:/home/gaga/turtlebot3_ws/install/robot_navigation:/home/gaga/turtlebot3_ws/install/robot_msgs:/home/gaga/turtlebot3_ws/install/dynamixel_sdk_examples:/home/gaga/turtlebot3_ws/install/dynamixel_sdk_custom_interfaces:/home/gaga/turtlebot3_ws/install/dynamixel_sdk:/home/gaga/ssibal_ws/install/robot_msgs:/home/gaga/sad_ws/src/install/vision_msgs:/home/gaga/sad_ws/src/install/sad_pkg:/home/gaga/sad_ws/src/install/serial:/home/gaga/sad_ws/src/install/my_vision_msgs:/home/gaga/sad_ws/src/install/mani_urdf:/home/gaga/robotprograming_ws/install/rp_pkg:/home/gaga/sad_ws/src/sad_pkg/install/sad_pkg /usr/bin/cmake --install /home/gaga/sad_ws/build/mani_urdf
