[35m[1mConsolidate compiler generated dependencies of target Inverse_node[0m
[ 50%] Built target obstacle_node
[ 50%] Built target forward_node
[ 50%] Built target map_node
[ 57%] Built target rrt_node
[ 71%] Built target path_node
[ 85%] Built target spline_node
[ 92%] [32mBuilding CXX object CMakeFiles/Inverse_node.dir/src/Inverse_node.cpp.o[0m
[01m[K/home/gaga/sad_ws/src/sad_pkg/src/Inverse_node.cpp:261:14:[m[K [01;31m[Kerror: [m[Kredeclaration of ‘[01m[KEigen::VectorXd ManipulatorNode::current_joint_angles_[m[K’
  261 |     VectorXd [01;31m[Kcurrent_joint_angles_[m[K;       // 현재 관절각 (6×1)
      |              [01;31m[K^~~~~~~~~~~~~~~~~~~~~[m[K
[01m[K/home/gaga/sad_ws/src/sad_pkg/src/Inverse_node.cpp:248:14:[m[K [01;36m[Knote: [m[Kprevious declaration ‘[01m[KEigen::VectorXd ManipulatorNode::current_joint_angles_[m[K’
  248 |     VectorXd [01;36m[Kcurrent_joint_angles_[m[K{6}; // 현재 joint angle
      |              [01;36m[K^~~~~~~~~~~~~~~~~~~~~[m[K
[01m[K/home/gaga/sad_ws/src/sad_pkg/src/Inverse_node.cpp:467:10:[m[K [01;31m[Kerror: [m[K‘[01m[Kvoid ManipulatorNode::path_callback(geometry_msgs::msg::PoseArray_<std::allocator<void> >::SharedPtr)[m[K’ cannot be overloaded with ‘[01m[Kvoid ManipulatorNode::path_callback(geometry_msgs::msg::PoseArray_<std::allocator<void> >::SharedPtr)[m[K’
  467 |     void [01;31m[Kpath_callback[m[K(const geometry_msgs::msg::PoseArray::SharedPtr msg) {
      |          [01;31m[K^~~~~~~~~~~~~[m[K
[01m[K/home/gaga/sad_ws/src/sad_pkg/src/Inverse_node.cpp:267:10:[m[K [01;36m[Knote: [m[Kprevious declaration ‘[01m[Kvoid ManipulatorNode::path_callback(geometry_msgs::msg::PoseArray_<std::allocator<void> >::SharedPtr)[m[K’
  267 |     void [01;36m[Kpath_callback[m[K(const geometry_msgs::msg::PoseArray::SharedPtr msg) {
      |          [01;36m[K^~~~~~~~~~~~~[m[K
gmake[2]: *** [CMakeFiles/Inverse_node.dir/build.make:76: CMakeFiles/Inverse_node.dir/src/Inverse_node.cpp.o] Error 1
gmake[1]: *** [CMakeFiles/Makefile2:305: CMakeFiles/Inverse_node.dir/all] Error 2
gmake: *** [Makefile:146: all] Error 2
