[0.023s] Invoking command in '/home/gaga/sad_ws/build/sad_pkg': CMAKE_PREFIX_PATH=/home/gaga/sad_ws/install/my_vision_msgs:/home/gaga/sad_ws/install:/home/gaga/sad_ws/install/sad_pkg:/home/gaga/sad_ws/install/mani_urdf:/home/gaga/turtlebot3_ws/install/turtlebot3:/home/gaga/turtlebot3_ws/install/turtlebot3_simulations:/home/gaga/turtlebot3_ws/install/turtlebot3_bringup:/home/gaga/turtlebot3_ws/install/turtlebot3_node:/home/gaga/turtlebot3_ws/install/turtlebot3_navigation2:/home/gaga/turtlebot3_ws/install/turtlebot3_fake_node:/home/gaga/turtlebot3_ws/install/robot_master:/home/gaga/turtlebot3_ws/install/turtlebot3_msgs:/home/gaga/turtlebot3_ws/install/turtlebot3_gazebo:/home/gaga/turtlebot3_ws/install/turtlebot3_description:/home/gaga/turtlebot3_ws/install/turtlebot3_cartographer:/home/gaga/turtlebot3_ws/install/robot_vision:/home/gaga/turtlebot3_ws/install/robot_navigation:/home/gaga/turtlebot3_ws/install/robot_msgs:/home/gaga/turtlebot3_ws/install/dynamixel_sdk_examples:/home/gaga/turtlebot3_ws/install/dynamixel_sdk_custom_interfaces:/home/gaga/turtlebot3_ws/install/dynamixel_sdk:/home/gaga/ssibal_ws/install/robot_msgs:/home/gaga/sad_ws/src/install/sad_pkg:/home/gaga/sad_ws/src/install/vision_msgs:/home/gaga/sad_ws/src/install/my_vision_msgs:/home/gaga/sad_ws/src/install/mani_urdf:/home/gaga/robotprograming_ws/install/rp_pkg:/home/gaga/sad_ws/src/sad_pkg/install/sad_pkg:/home/gaga/turtlebot3_ws/install/turtlebot3_teleop:/home/gaga/turtlebot3_ws/install/turtlebot3_example:/opt/ros/humble /usr/bin/cmake --build /home/gaga/sad_ws/build/sad_pkg -- -j20 -l20
[0.137s] [ 92%] Built target forward_node
[0.137s] [ 92%] Built target map_node
[0.137s] [ 92%] Built target spline_node
[0.137s] [ 92%] [32mBuilding CXX object CMakeFiles/Inverse_node.dir/src/Inverse_node.cpp.o[0m
[0.137s] [ 92%] Built target path_node
[0.137s] [ 92%] Built target rrt_node
[0.137s] [ 92%] Built target obstacle_node
[6.738s] [01m[K/home/gaga/sad_ws/src/sad_pkg/src/Inverse_node.cpp:[m[K In member function ‘[01m[KEigen::VectorXd ManipulatorNode::computeFeedbackVelocity(Eigen::Vector3d, Eigen::Vector3d)[m[K’:
[6.739s] [01m[K/home/gaga/sad_ws/src/sad_pkg/src/Inverse_node.cpp:445:18:[m[K [01;31m[Kerror: [m[Kdeclaration of ‘[01m[KEigen::Vector3d target_position[m[K’ shadows a parameter
[6.739s]   445 |         Vector3d [01;31m[Ktarget_position[m[K = target_orientation.head<3>();
[6.739s]       |                  [01;31m[K^~~~~~~~~~~~~~~[m[K
[6.739s] [01m[K/home/gaga/sad_ws/src/sad_pkg/src/Inverse_node.cpp:420:53:[m[K [01;36m[Knote: [m[K‘[01m[Kconst Vector3d target_position[m[K’ previously declared here
[6.739s]   420 |     VectorXd computeFeedbackVelocity([01;36m[Kconst Vector3d target_position[m[K, const Vector3d target_orientation)
[6.739s]       |                                      [01;36m[K~~~~~~~~~~~~~~~^~~~~~~~~~~~~~~[m[K
[6.838s] [01m[K/home/gaga/sad_ws/src/sad_pkg/src/Inverse_node.cpp:420:53:[m[K [01;35m[Kwarning: [m[Kunused parameter ‘[01m[Ktarget_position[m[K’ [[01;35m[K]8;;https://gcc.gnu.org/onlinedocs/gcc/Warning-Options.html#index-Wunused-parameter-Wunused-parameter]8;;[m[K]
[17.048s] gmake[2]: *** [CMakeFiles/Inverse_node.dir/build.make:76: CMakeFiles/Inverse_node.dir/src/Inverse_node.cpp.o] Error 1
[17.048s] gmake[1]: *** [CMakeFiles/Makefile2:305: CMakeFiles/Inverse_node.dir/all] Error 2
[17.049s] gmake: *** [Makefile:146: all] Error 2
[17.050s] Invoked command in '/home/gaga/sad_ws/build/sad_pkg' returned '2': CMAKE_PREFIX_PATH=/home/gaga/sad_ws/install/my_vision_msgs:/home/gaga/sad_ws/install:/home/gaga/sad_ws/install/sad_pkg:/home/gaga/sad_ws/install/mani_urdf:/home/gaga/turtlebot3_ws/install/turtlebot3:/home/gaga/turtlebot3_ws/install/turtlebot3_simulations:/home/gaga/turtlebot3_ws/install/turtlebot3_bringup:/home/gaga/turtlebot3_ws/install/turtlebot3_node:/home/gaga/turtlebot3_ws/install/turtlebot3_navigation2:/home/gaga/turtlebot3_ws/install/turtlebot3_fake_node:/home/gaga/turtlebot3_ws/install/robot_master:/home/gaga/turtlebot3_ws/install/turtlebot3_msgs:/home/gaga/turtlebot3_ws/install/turtlebot3_gazebo:/home/gaga/turtlebot3_ws/install/turtlebot3_description:/home/gaga/turtlebot3_ws/install/turtlebot3_cartographer:/home/gaga/turtlebot3_ws/install/robot_vision:/home/gaga/turtlebot3_ws/install/robot_navigation:/home/gaga/turtlebot3_ws/install/robot_msgs:/home/gaga/turtlebot3_ws/install/dynamixel_sdk_examples:/home/gaga/turtlebot3_ws/install/dynamixel_sdk_custom_interfaces:/home/gaga/turtlebot3_ws/install/dynamixel_sdk:/home/gaga/ssibal_ws/install/robot_msgs:/home/gaga/sad_ws/src/install/sad_pkg:/home/gaga/sad_ws/src/install/vision_msgs:/home/gaga/sad_ws/src/install/my_vision_msgs:/home/gaga/sad_ws/src/install/mani_urdf:/home/gaga/robotprograming_ws/install/rp_pkg:/home/gaga/sad_ws/src/sad_pkg/install/sad_pkg:/home/gaga/turtlebot3_ws/install/turtlebot3_teleop:/home/gaga/turtlebot3_ws/install/turtlebot3_example:/opt/ros/humble /usr/bin/cmake --build /home/gaga/sad_ws/build/sad_pkg -- -j20 -l20
