[0.020s] Invoking command in '/home/gaga/sad_ws/build/my_vision_msgs': CMAKE_PREFIX_PATH=${CMAKE_PREFIX_PATH}:/home/gaga/turtlebot3_ws/install/turtlebot3_teleop:/home/gaga/turtlebot3_ws/install/turtlebot3_example:/opt/ros/humble /usr/bin/cmake --build /home/gaga/sad_ws/build/my_vision_msgs -- -j20 -l20
[0.114s] [  9%] [32mBuilding C object CMakeFiles/my_vision_msgs__rosidl_generator_c.dir/rosidl_generator_c/my_vision_msgs/msg/detail/detected_crop_array__functions.c.o[0m
[0.115s] [  9%] [32mBuilding C object CMakeFiles/my_vision_msgs__rosidl_generator_c.dir/rosidl_generator_c/my_vision_msgs/msg/detail/detected_crop__functions.c.o[0m
[0.115s] [  9%] [32mBuilding C object CMakeFiles/my_vision_msgs__rosidl_generator_c.dir/rosidl_generator_c/my_vision_msgs/msg/detail/crop_pose__functions.c.o[0m
[0.115s] [  9%] Built target my_vision_msgs__cpp
[0.115s] [  9%] [32mBuilding C object CMakeFiles/my_vision_msgs__rosidl_generator_c.dir/rosidl_generator_c/my_vision_msgs/msg/detail/harvest_ordering__functions.c.o[0m
[0.138s] [  9%] Built target ament_cmake_python_copy_my_vision_msgs
[0.170s] [ 20%] [32mBuilding CXX object CMakeFiles/my_vision_msgs__rosidl_typesupport_fastrtps_cpp.dir/rosidl_typesupport_fastrtps_cpp/my_vision_msgs/msg/detail/dds_fastrtps/detected_crop__type_support.cpp.o[0m
[0.170s] [ 20%] [32mBuilding CXX object CMakeFiles/my_vision_msgs__rosidl_typesupport_introspection_cpp.dir/rosidl_typesupport_introspection_cpp/my_vision_msgs/msg/detail/harvest_ordering__type_support.cpp.o[0m
[0.170s] [ 21%] [32mBuilding CXX object CMakeFiles/my_vision_msgs__rosidl_typesupport_cpp.dir/rosidl_typesupport_cpp/my_vision_msgs/msg/harvest_ordering__type_support.cpp.o[0m
[0.171s] [ 20%] [32mBuilding CXX object CMakeFiles/my_vision_msgs__rosidl_typesupport_cpp.dir/rosidl_typesupport_cpp/my_vision_msgs/msg/detected_crop_array__type_support.cpp.o[0m
[0.173s] [ 21%] [32mBuilding CXX object CMakeFiles/my_vision_msgs__rosidl_typesupport_cpp.dir/rosidl_typesupport_cpp/my_vision_msgs/msg/detected_crop__type_support.cpp.o[0m
[0.177s] [ 23%] [32mBuilding CXX object CMakeFiles/my_vision_msgs__rosidl_typesupport_fastrtps_cpp.dir/rosidl_typesupport_fastrtps_cpp/my_vision_msgs/msg/detail/dds_fastrtps/crop_pose__type_support.cpp.o[0m
[0.178s] [ 21%] [32mBuilding CXX object CMakeFiles/my_vision_msgs__rosidl_typesupport_introspection_cpp.dir/rosidl_typesupport_introspection_cpp/my_vision_msgs/msg/detail/crop_pose__type_support.cpp.o[0m
[0.178s] [ 25%] [32mBuilding CXX object CMakeFiles/my_vision_msgs__rosidl_typesupport_introspection_cpp.dir/rosidl_typesupport_introspection_cpp/my_vision_msgs/msg/detail/detected_crop_array__type_support.cpp.o[0m
[0.178s] [ 27%] [32mBuilding CXX object CMakeFiles/my_vision_msgs__rosidl_typesupport_cpp.dir/rosidl_typesupport_cpp/my_vision_msgs/msg/crop_pose__type_support.cpp.o[0m
[0.178s] [ 20%] [32mBuilding CXX object CMakeFiles/my_vision_msgs__rosidl_typesupport_fastrtps_cpp.dir/rosidl_typesupport_fastrtps_cpp/my_vision_msgs/msg/detail/dds_fastrtps/detected_crop_array__type_support.cpp.o[0m
[0.178s] [ 29%] [32mBuilding CXX object CMakeFiles/my_vision_msgs__rosidl_typesupport_introspection_cpp.dir/rosidl_typesupport_introspection_cpp/my_vision_msgs/msg/detail/detected_crop__type_support.cpp.o[0m
[0.178s] [ 30%] [32mBuilding CXX object CMakeFiles/my_vision_msgs__rosidl_typesupport_fastrtps_cpp.dir/rosidl_typesupport_fastrtps_cpp/my_vision_msgs/msg/detail/dds_fastrtps/harvest_ordering__type_support.cpp.o[0m
[0.277s] [ 32%] [32m[1mLinking C shared library libmy_vision_msgs__rosidl_generator_c.so[0m
[0.446s] [ 34%] Built target my_vision_msgs__rosidl_generator_c
[0.534s] [ 36%] [32mBuilding C object CMakeFiles/my_vision_msgs__rosidl_typesupport_introspection_c.dir/rosidl_typesupport_introspection_c/my_vision_msgs/msg/detail/detected_crop__type_support.c.o[0m
[0.542s] [ 38%] [32mBuilding CXX object CMakeFiles/my_vision_msgs__rosidl_typesupport_c.dir/rosidl_typesupport_c/my_vision_msgs/msg/detected_crop__type_support.cpp.o[0m
[0.555s] [ 40%] [32mBuilding C object CMakeFiles/my_vision_msgs__rosidl_typesupport_introspection_c.dir/rosidl_typesupport_introspection_c/my_vision_msgs/msg/detail/crop_pose__type_support.c.o[0m
[0.556s] [ 45%] [32mBuilding C object CMakeFiles/my_vision_msgs__rosidl_typesupport_introspection_c.dir/rosidl_typesupport_introspection_c/my_vision_msgs/msg/detail/detected_crop_array__type_support.c.o[0m
[0.557s] [ 45%] [32mBuilding CXX object CMakeFiles/my_vision_msgs__rosidl_typesupport_fastrtps_c.dir/rosidl_typesupport_fastrtps_c/my_vision_msgs/msg/detail/crop_pose__type_support_c.cpp.o[0m
[0.558s] [ 45%] [32mBuilding CXX object CMakeFiles/my_vision_msgs__rosidl_typesupport_c.dir/rosidl_typesupport_c/my_vision_msgs/msg/crop_pose__type_support.cpp.o[0m
[0.574s] [ 47%] [32mBuilding C object CMakeFiles/my_vision_msgs__rosidl_typesupport_introspection_c.dir/rosidl_typesupport_introspection_c/my_vision_msgs/msg/detail/harvest_ordering__type_support.c.o[0m
[0.705s] [ 50%] [32mBuilding CXX object CMakeFiles/my_vision_msgs__rosidl_typesupport_c.dir/rosidl_typesupport_c/my_vision_msgs/msg/detected_crop_array__type_support.cpp.o[0m
[0.707s] [ 50%] [32mBuilding CXX object CMakeFiles/my_vision_msgs__rosidl_typesupport_fastrtps_c.dir/rosidl_typesupport_fastrtps_c/my_vision_msgs/msg/detail/detected_crop__type_support_c.cpp.o[0m
[0.729s] [ 52%] [32mBuilding CXX object CMakeFiles/my_vision_msgs__rosidl_typesupport_c.dir/rosidl_typesupport_c/my_vision_msgs/msg/harvest_ordering__type_support.cpp.o[0m
[0.737s] [ 56%] [32mBuilding CXX object CMakeFiles/my_vision_msgs__rosidl_typesupport_fastrtps_c.dir/rosidl_typesupport_fastrtps_c/my_vision_msgs/msg/detail/harvest_ordering__type_support_c.cpp.o[0m
[0.740s] [ 56%] [32mBuilding CXX object CMakeFiles/my_vision_msgs__rosidl_typesupport_fastrtps_c.dir/rosidl_typesupport_fastrtps_c/my_vision_msgs/msg/detail/detected_crop_array__type_support_c.cpp.o[0m
[0.743s] [ 58%] [32m[1mLinking C shared library libmy_vision_msgs__rosidl_typesupport_introspection_c.so[0m
[0.831s] running egg_info
[0.832s] [ 60%] [32m[1mLinking CXX shared library libmy_vision_msgs__rosidl_typesupport_c.so[0m
[0.834s] writing my_vision_msgs.egg-info/PKG-INFO
[0.840s] writing dependency_links to my_vision_msgs.egg-info/dependency_links.txt
[0.840s] writing top-level names to my_vision_msgs.egg-info/top_level.txt
[0.840s] [ 61%] [32m[1mLinking CXX shared library libmy_vision_msgs__rosidl_typesupport_cpp.so[0m
[0.854s] reading manifest file 'my_vision_msgs.egg-info/SOURCES.txt'
[0.854s] writing manifest file 'my_vision_msgs.egg-info/SOURCES.txt'
[0.855s] [ 63%] Built target my_vision_msgs__rosidl_typesupport_introspection_c
[0.983s] [ 65%] Built target my_vision_msgs__rosidl_typesupport_c
[1.006s] [ 67%] Built target my_vision_msgs__rosidl_typesupport_cpp
[1.033s] [ 67%] Built target ament_cmake_python_build_my_vision_msgs_egg
[1.174s] [ 69%] [32m[1mLinking CXX shared library libmy_vision_msgs__rosidl_typesupport_introspection_cpp.so[0m
[1.335s] [ 70%] [32m[1mLinking CXX shared library libmy_vision_msgs__rosidl_typesupport_fastrtps_cpp.so[0m
[1.347s] [ 72%] [32m[1mLinking CXX shared library libmy_vision_msgs__rosidl_typesupport_fastrtps_c.so[0m
[1.372s] [ 74%] Built target my_vision_msgs__rosidl_typesupport_introspection_cpp
[1.473s] [ 76%] Built target my_vision_msgs__rosidl_typesupport_fastrtps_cpp
[1.482s] [ 78%] Built target my_vision_msgs__rosidl_typesupport_fastrtps_c
[1.507s] [ 78%] Built target my_vision_msgs
[1.537s] [ 80%] Built target my_vision_msgs__py
[1.574s] [ 87%] [32mBuilding C object CMakeFiles/my_vision_msgs__rosidl_generator_py.dir/rosidl_generator_py/my_vision_msgs/msg/_harvest_ordering_s.c.o[0m
[1.574s] [ 87%] [32mBuilding C object CMakeFiles/my_vision_msgs__rosidl_generator_py.dir/rosidl_generator_py/my_vision_msgs/msg/_crop_pose_s.c.o[0m
[1.574s] [ 87%] [32mBuilding C object CMakeFiles/my_vision_msgs__rosidl_generator_py.dir/rosidl_generator_py/my_vision_msgs/msg/_detected_crop_array_s.c.o[0m
[1.574s] [ 87%] [32mBuilding C object CMakeFiles/my_vision_msgs__rosidl_generator_py.dir/rosidl_generator_py/my_vision_msgs/msg/_detected_crop_s.c.o[0m
[1.708s] [ 89%] [32m[1mLinking C shared library rosidl_generator_py/my_vision_msgs/libmy_vision_msgs__rosidl_generator_py.so[0m
[1.757s] [ 89%] Built target my_vision_msgs__rosidl_generator_py
[1.792s] [ 94%] [32mBuilding C object CMakeFiles/my_vision_msgs__rosidl_typesupport_introspection_c__pyext.dir/rosidl_generator_py/my_vision_msgs/_my_vision_msgs_s.ep.rosidl_typesupport_introspection_c.c.o[0m
[1.792s] [ 94%] [32mBuilding C object CMakeFiles/my_vision_msgs__rosidl_typesupport_c__pyext.dir/rosidl_generator_py/my_vision_msgs/_my_vision_msgs_s.ep.rosidl_typesupport_c.c.o[0m
[1.792s] [ 94%] [32mBuilding C object CMakeFiles/my_vision_msgs__rosidl_typesupport_fastrtps_c__pyext.dir/rosidl_generator_py/my_vision_msgs/_my_vision_msgs_s.ep.rosidl_typesupport_fastrtps_c.c.o[0m
[1.892s] [100%] [32m[1mLinking C shared library rosidl_generator_py/my_vision_msgs/my_vision_msgs_s__rosidl_typesupport_c.cpython-310-x86_64-linux-gnu.so[0m
[1.892s] [100%] [32m[1mLinking C shared library rosidl_generator_py/my_vision_msgs/my_vision_msgs_s__rosidl_typesupport_fastrtps_c.cpython-310-x86_64-linux-gnu.so[0m
[1.892s] [100%] [32m[1mLinking C shared library rosidl_generator_py/my_vision_msgs/my_vision_msgs_s__rosidl_typesupport_introspection_c.cpython-310-x86_64-linux-gnu.so[0m
[1.940s] [100%] Built target my_vision_msgs__rosidl_typesupport_introspection_c__pyext
[1.940s] [100%] Built target my_vision_msgs__rosidl_typesupport_c__pyext
[1.940s] [100%] Built target my_vision_msgs__rosidl_typesupport_fastrtps_c__pyext
[1.962s] Invoked command in '/home/gaga/sad_ws/build/my_vision_msgs' returned '0': CMAKE_PREFIX_PATH=${CMAKE_PREFIX_PATH}:/home/gaga/turtlebot3_ws/install/turtlebot3_teleop:/home/gaga/turtlebot3_ws/install/turtlebot3_example:/opt/ros/humble /usr/bin/cmake --build /home/gaga/sad_ws/build/my_vision_msgs -- -j20 -l20
[1.965s] Invoking command in '/home/gaga/sad_ws/build/my_vision_msgs': CMAKE_PREFIX_PATH=${CMAKE_PREFIX_PATH}:/home/gaga/turtlebot3_ws/install/turtlebot3_teleop:/home/gaga/turtlebot3_ws/install/turtlebot3_example:/opt/ros/humble /usr/bin/cmake --install /home/gaga/sad_ws/build/my_vision_msgs
[1.979s] -- Install configuration: ""
[1.979s] -- Up-to-date: /home/gaga/sad_ws/install/my_vision_msgs/share/ament_index/resource_index/rosidl_interfaces/my_vision_msgs
[1.979s] -- Up-to-date: /home/gaga/sad_ws/install/my_vision_msgs/include/my_vision_msgs/my_vision_msgs
[1.979s] -- Up-to-date: /home/gaga/sad_ws/install/my_vision_msgs/include/my_vision_msgs/my_vision_msgs/msg
[1.979s] -- Up-to-date: /home/gaga/sad_ws/install/my_vision_msgs/include/my_vision_msgs/my_vision_msgs/msg/detected_crop.h
[1.979s] -- Up-to-date: /home/gaga/sad_ws/install/my_vision_msgs/include/my_vision_msgs/my_vision_msgs/msg/rosidl_generator_c__visibility_control.h
[1.979s] -- Up-to-date: /home/gaga/sad_ws/install/my_vision_msgs/include/my_vision_msgs/my_vision_msgs/msg/crop_pose.h
[1.979s] -- Up-to-date: /home/gaga/sad_ws/install/my_vision_msgs/include/my_vision_msgs/my_vision_msgs/msg/harvest_ordering.h
[1.979s] -- Up-to-date: /home/gaga/sad_ws/install/my_vision_msgs/include/my_vision_msgs/my_vision_msgs/msg/detail
[1.979s] -- Up-to-date: /home/gaga/sad_ws/install/my_vision_msgs/include/my_vision_msgs/my_vision_msgs/msg/detail/detected_crop__functions.c
[1.979s] -- Up-to-date: /home/gaga/sad_ws/install/my_vision_msgs/include/my_vision_msgs/my_vision_msgs/msg/detail/detected_crop_array__struct.h
[1.979s] -- Up-to-date: /home/gaga/sad_ws/install/my_vision_msgs/include/my_vision_msgs/my_vision_msgs/msg/detail/detected_crop_array__functions.c
[1.979s] -- Up-to-date: /home/gaga/sad_ws/install/my_vision_msgs/include/my_vision_msgs/my_vision_msgs/msg/detail/crop_pose__struct.h
[1.979s] -- Up-to-date: /home/gaga/sad_ws/install/my_vision_msgs/include/my_vision_msgs/my_vision_msgs/msg/detail/harvest_ordering__functions.c
[1.979s] -- Up-to-date: /home/gaga/sad_ws/install/my_vision_msgs/include/my_vision_msgs/my_vision_msgs/msg/detail/detected_crop__struct.h
[1.979s] -- Up-to-date: /home/gaga/sad_ws/install/my_vision_msgs/include/my_vision_msgs/my_vision_msgs/msg/detail/harvest_ordering__struct.h
[1.979s] -- Up-to-date: /home/gaga/sad_ws/install/my_vision_msgs/include/my_vision_msgs/my_vision_msgs/msg/detail/harvest_ordering__functions.h
[1.979s] -- Up-to-date: /home/gaga/sad_ws/install/my_vision_msgs/include/my_vision_msgs/my_vision_msgs/msg/detail/harvest_ordering__type_support.h
[1.979s] -- Up-to-date: /home/gaga/sad_ws/install/my_vision_msgs/include/my_vision_msgs/my_vision_msgs/msg/detail/detected_crop__functions.h
[1.979s] -- Up-to-date: /home/gaga/sad_ws/install/my_vision_msgs/include/my_vision_msgs/my_vision_msgs/msg/detail/detected_crop__type_support.h
[1.979s] -- Up-to-date: /home/gaga/sad_ws/install/my_vision_msgs/include/my_vision_msgs/my_vision_msgs/msg/detail/crop_pose__functions.c
[1.979s] -- Up-to-date: /home/gaga/sad_ws/install/my_vision_msgs/include/my_vision_msgs/my_vision_msgs/msg/detail/crop_pose__type_support.h
[1.979s] -- Up-to-date: /home/gaga/sad_ws/install/my_vision_msgs/include/my_vision_msgs/my_vision_msgs/msg/detail/detected_crop_array__functions.h
[1.979s] -- Up-to-date: /home/gaga/sad_ws/install/my_vision_msgs/include/my_vision_msgs/my_vision_msgs/msg/detail/crop_pose__functions.h
[1.980s] -- Up-to-date: /home/gaga/sad_ws/install/my_vision_msgs/include/my_vision_msgs/my_vision_msgs/msg/detail/detected_crop_array__type_support.h
[1.980s] -- Up-to-date: /home/gaga/sad_ws/install/my_vision_msgs/include/my_vision_msgs/my_vision_msgs/msg/detected_crop_array.h
[1.980s] -- Up-to-date: /home/gaga/sad_ws/install/my_vision_msgs/share/my_vision_msgs/environment/library_path.sh
[1.980s] -- Up-to-date: /home/gaga/sad_ws/install/my_vision_msgs/share/my_vision_msgs/environment/library_path.dsv
[1.980s] -- Installing: /home/gaga/sad_ws/install/my_vision_msgs/lib/libmy_vision_msgs__rosidl_generator_c.so
[1.980s] -- Set runtime path of "/home/gaga/sad_ws/install/my_vision_msgs/lib/libmy_vision_msgs__rosidl_generator_c.so" to ""
[1.980s] -- Up-to-date: /home/gaga/sad_ws/install/my_vision_msgs/include/my_vision_msgs/my_vision_msgs
[1.980s] -- Up-to-date: /home/gaga/sad_ws/install/my_vision_msgs/include/my_vision_msgs/my_vision_msgs/msg
[1.980s] -- Up-to-date: /home/gaga/sad_ws/install/my_vision_msgs/include/my_vision_msgs/my_vision_msgs/msg/rosidl_typesupport_fastrtps_c__visibility_control.h
[1.980s] -- Up-to-date: /home/gaga/sad_ws/install/my_vision_msgs/include/my_vision_msgs/my_vision_msgs/msg/detail
[1.980s] -- Up-to-date: /home/gaga/sad_ws/install/my_vision_msgs/include/my_vision_msgs/my_vision_msgs/msg/detail/crop_pose__rosidl_typesupport_fastrtps_c.h
[1.980s] -- Up-to-date: /home/gaga/sad_ws/install/my_vision_msgs/include/my_vision_msgs/my_vision_msgs/msg/detail/detected_crop_array__rosidl_typesupport_fastrtps_c.h
[1.980s] -- Up-to-date: /home/gaga/sad_ws/install/my_vision_msgs/include/my_vision_msgs/my_vision_msgs/msg/detail/harvest_ordering__rosidl_typesupport_fastrtps_c.h
[1.980s] -- Up-to-date: /home/gaga/sad_ws/install/my_vision_msgs/include/my_vision_msgs/my_vision_msgs/msg/detail/detected_crop__rosidl_typesupport_fastrtps_c.h
[1.980s] -- Installing: /home/gaga/sad_ws/install/my_vision_msgs/lib/libmy_vision_msgs__rosidl_typesupport_fastrtps_c.so
[1.981s] -- Set runtime path of "/home/gaga/sad_ws/install/my_vision_msgs/lib/libmy_vision_msgs__rosidl_typesupport_fastrtps_c.so" to ""
[1.981s] -- Up-to-date: /home/gaga/sad_ws/install/my_vision_msgs/include/my_vision_msgs/my_vision_msgs
[1.981s] -- Up-to-date: /home/gaga/sad_ws/install/my_vision_msgs/include/my_vision_msgs/my_vision_msgs/msg
[1.981s] -- Up-to-date: /home/gaga/sad_ws/install/my_vision_msgs/include/my_vision_msgs/my_vision_msgs/msg/rosidl_generator_cpp__visibility_control.hpp
[1.981s] -- Up-to-date: /home/gaga/sad_ws/install/my_vision_msgs/include/my_vision_msgs/my_vision_msgs/msg/detected_crop.hpp
[1.982s] -- Up-to-date: /home/gaga/sad_ws/install/my_vision_msgs/include/my_vision_msgs/my_vision_msgs/msg/harvest_ordering.hpp
[1.982s] -- Up-to-date: /home/gaga/sad_ws/install/my_vision_msgs/include/my_vision_msgs/my_vision_msgs/msg/detected_crop_array.hpp
[1.982s] -- Up-to-date: /home/gaga/sad_ws/install/my_vision_msgs/include/my_vision_msgs/my_vision_msgs/msg/detail
[1.982s] -- Up-to-date: /home/gaga/sad_ws/install/my_vision_msgs/include/my_vision_msgs/my_vision_msgs/msg/detail/detected_crop__builder.hpp
[1.982s] -- Up-to-date: /home/gaga/sad_ws/install/my_vision_msgs/include/my_vision_msgs/my_vision_msgs/msg/detail/detected_crop__traits.hpp
[1.982s] -- Up-to-date: /home/gaga/sad_ws/install/my_vision_msgs/include/my_vision_msgs/my_vision_msgs/msg/detail/detected_crop_array__builder.hpp
[1.982s] -- Up-to-date: /home/gaga/sad_ws/install/my_vision_msgs/include/my_vision_msgs/my_vision_msgs/msg/detail/crop_pose__struct.hpp
[1.982s] -- Up-to-date: /home/gaga/sad_ws/install/my_vision_msgs/include/my_vision_msgs/my_vision_msgs/msg/detail/harvest_ordering__struct.hpp
[1.982s] -- Up-to-date: /home/gaga/sad_ws/install/my_vision_msgs/include/my_vision_msgs/my_vision_msgs/msg/detail/harvest_ordering__type_support.hpp
[1.982s] -- Up-to-date: /home/gaga/sad_ws/install/my_vision_msgs/include/my_vision_msgs/my_vision_msgs/msg/detail/harvest_ordering__builder.hpp
[1.982s] -- Up-to-date: /home/gaga/sad_ws/install/my_vision_msgs/include/my_vision_msgs/my_vision_msgs/msg/detail/detected_crop_array__type_support.hpp
[1.983s] -- Up-to-date: /home/gaga/sad_ws/install/my_vision_msgs/include/my_vision_msgs/my_vision_msgs/msg/detail/crop_pose__builder.hpp
[1.983s] -- Up-to-date: /home/gaga/sad_ws/install/my_vision_msgs/include/my_vision_msgs/my_vision_msgs/msg/detail/detected_crop_array__struct.hpp
[1.983s] -- Up-to-date: /home/gaga/sad_ws/install/my_vision_msgs/include/my_vision_msgs/my_vision_msgs/msg/detail/detected_crop__struct.hpp
[1.983s] -- Up-to-date: /home/gaga/sad_ws/install/my_vision_msgs/include/my_vision_msgs/my_vision_msgs/msg/detail/detected_crop__type_support.hpp
[1.983s] -- Up-to-date: /home/gaga/sad_ws/install/my_vision_msgs/include/my_vision_msgs/my_vision_msgs/msg/detail/crop_pose__traits.hpp
[1.983s] -- Up-to-date: /home/gaga/sad_ws/install/my_vision_msgs/include/my_vision_msgs/my_vision_msgs/msg/detail/harvest_ordering__traits.hpp
[1.983s] -- Up-to-date: /home/gaga/sad_ws/install/my_vision_msgs/include/my_vision_msgs/my_vision_msgs/msg/detail/crop_pose__type_support.hpp
[1.983s] -- Up-to-date: /home/gaga/sad_ws/install/my_vision_msgs/include/my_vision_msgs/my_vision_msgs/msg/detail/detected_crop_array__traits.hpp
[1.983s] -- Up-to-date: /home/gaga/sad_ws/install/my_vision_msgs/include/my_vision_msgs/my_vision_msgs/msg/crop_pose.hpp
[1.983s] -- Up-to-date: /home/gaga/sad_ws/install/my_vision_msgs/include/my_vision_msgs/my_vision_msgs
[1.983s] -- Up-to-date: /home/gaga/sad_ws/install/my_vision_msgs/include/my_vision_msgs/my_vision_msgs/msg
[1.984s] -- Up-to-date: /home/gaga/sad_ws/install/my_vision_msgs/include/my_vision_msgs/my_vision_msgs/msg/rosidl_typesupport_fastrtps_cpp__visibility_control.h
[1.984s] -- Up-to-date: /home/gaga/sad_ws/install/my_vision_msgs/include/my_vision_msgs/my_vision_msgs/msg/detail
[1.984s] -- Up-to-date: /home/gaga/sad_ws/install/my_vision_msgs/include/my_vision_msgs/my_vision_msgs/msg/detail/harvest_ordering__rosidl_typesupport_fastrtps_cpp.hpp
[1.984s] -- Up-to-date: /home/gaga/sad_ws/install/my_vision_msgs/include/my_vision_msgs/my_vision_msgs/msg/detail/dds_fastrtps
[1.984s] -- Up-to-date: /home/gaga/sad_ws/install/my_vision_msgs/include/my_vision_msgs/my_vision_msgs/msg/detail/crop_pose__rosidl_typesupport_fastrtps_cpp.hpp
[1.984s] -- Up-to-date: /home/gaga/sad_ws/install/my_vision_msgs/include/my_vision_msgs/my_vision_msgs/msg/detail/detected_crop__rosidl_typesupport_fastrtps_cpp.hpp
[1.984s] -- Up-to-date: /home/gaga/sad_ws/install/my_vision_msgs/include/my_vision_msgs/my_vision_msgs/msg/detail/detected_crop_array__rosidl_typesupport_fastrtps_cpp.hpp
[1.984s] -- Installing: /home/gaga/sad_ws/install/my_vision_msgs/lib/libmy_vision_msgs__rosidl_typesupport_fastrtps_cpp.so
[1.984s] -- Set runtime path of "/home/gaga/sad_ws/install/my_vision_msgs/lib/libmy_vision_msgs__rosidl_typesupport_fastrtps_cpp.so" to ""
[1.985s] -- Up-to-date: /home/gaga/sad_ws/install/my_vision_msgs/include/my_vision_msgs/my_vision_msgs
[1.985s] -- Up-to-date: /home/gaga/sad_ws/install/my_vision_msgs/include/my_vision_msgs/my_vision_msgs/msg
[1.985s] -- Up-to-date: /home/gaga/sad_ws/install/my_vision_msgs/include/my_vision_msgs/my_vision_msgs/msg/rosidl_typesupport_introspection_c__visibility_control.h
[1.985s] -- Up-to-date: /home/gaga/sad_ws/install/my_vision_msgs/include/my_vision_msgs/my_vision_msgs/msg/detail
[1.985s] -- Up-to-date: /home/gaga/sad_ws/install/my_vision_msgs/include/my_vision_msgs/my_vision_msgs/msg/detail/harvest_ordering__type_support.c
[1.985s] -- Up-to-date: /home/gaga/sad_ws/install/my_vision_msgs/include/my_vision_msgs/my_vision_msgs/msg/detail/crop_pose__type_support.c
[1.985s] -- Up-to-date: /home/gaga/sad_ws/install/my_vision_msgs/include/my_vision_msgs/my_vision_msgs/msg/detail/detected_crop__type_support.c
[1.985s] -- Up-to-date: /home/gaga/sad_ws/install/my_vision_msgs/include/my_vision_msgs/my_vision_msgs/msg/detail/detected_crop_array__rosidl_typesupport_introspection_c.h
[1.985s] -- Up-to-date: /home/gaga/sad_ws/install/my_vision_msgs/include/my_vision_msgs/my_vision_msgs/msg/detail/detected_crop__rosidl_typesupport_introspection_c.h
[1.985s] -- Up-to-date: /home/gaga/sad_ws/install/my_vision_msgs/include/my_vision_msgs/my_vision_msgs/msg/detail/detected_crop_array__type_support.c
[1.985s] -- Up-to-date: /home/gaga/sad_ws/install/my_vision_msgs/include/my_vision_msgs/my_vision_msgs/msg/detail/crop_pose__rosidl_typesupport_introspection_c.h
[1.985s] -- Up-to-date: /home/gaga/sad_ws/install/my_vision_msgs/include/my_vision_msgs/my_vision_msgs/msg/detail/harvest_ordering__rosidl_typesupport_introspection_c.h
[1.986s] -- Installing: /home/gaga/sad_ws/install/my_vision_msgs/lib/libmy_vision_msgs__rosidl_typesupport_introspection_c.so
[1.986s] -- Set runtime path of "/home/gaga/sad_ws/install/my_vision_msgs/lib/libmy_vision_msgs__rosidl_typesupport_introspection_c.so" to ""
[1.986s] -- Installing: /home/gaga/sad_ws/install/my_vision_msgs/lib/libmy_vision_msgs__rosidl_typesupport_c.so
[1.986s] -- Set runtime path of "/home/gaga/sad_ws/install/my_vision_msgs/lib/libmy_vision_msgs__rosidl_typesupport_c.so" to ""
[1.986s] -- Up-to-date: /home/gaga/sad_ws/install/my_vision_msgs/include/my_vision_msgs/my_vision_msgs
[1.986s] -- Up-to-date: /home/gaga/sad_ws/install/my_vision_msgs/include/my_vision_msgs/my_vision_msgs/msg
[1.986s] -- Up-to-date: /home/gaga/sad_ws/install/my_vision_msgs/include/my_vision_msgs/my_vision_msgs/msg/detail
[1.986s] -- Up-to-date: /home/gaga/sad_ws/install/my_vision_msgs/include/my_vision_msgs/my_vision_msgs/msg/detail/detected_crop_array__type_support.cpp
[1.986s] -- Up-to-date: /home/gaga/sad_ws/install/my_vision_msgs/include/my_vision_msgs/my_vision_msgs/msg/detail/detected_crop_array__rosidl_typesupport_introspection_cpp.hpp
[1.986s] -- Up-to-date: /home/gaga/sad_ws/install/my_vision_msgs/include/my_vision_msgs/my_vision_msgs/msg/detail/harvest_ordering__rosidl_typesupport_introspection_cpp.hpp
[1.986s] -- Up-to-date: /home/gaga/sad_ws/install/my_vision_msgs/include/my_vision_msgs/my_vision_msgs/msg/detail/detected_crop__type_support.cpp
[1.986s] -- Up-to-date: /home/gaga/sad_ws/install/my_vision_msgs/include/my_vision_msgs/my_vision_msgs/msg/detail/detected_crop__rosidl_typesupport_introspection_cpp.hpp
[1.987s] -- Up-to-date: /home/gaga/sad_ws/install/my_vision_msgs/include/my_vision_msgs/my_vision_msgs/msg/detail/crop_pose__type_support.cpp
[1.987s] -- Up-to-date: /home/gaga/sad_ws/install/my_vision_msgs/include/my_vision_msgs/my_vision_msgs/msg/detail/harvest_ordering__type_support.cpp
[1.987s] -- Up-to-date: /home/gaga/sad_ws/install/my_vision_msgs/include/my_vision_msgs/my_vision_msgs/msg/detail/crop_pose__rosidl_typesupport_introspection_cpp.hpp
[1.987s] -- Installing: /home/gaga/sad_ws/install/my_vision_msgs/lib/libmy_vision_msgs__rosidl_typesupport_introspection_cpp.so
[1.987s] -- Set runtime path of "/home/gaga/sad_ws/install/my_vision_msgs/lib/libmy_vision_msgs__rosidl_typesupport_introspection_cpp.so" to ""
[1.987s] -- Installing: /home/gaga/sad_ws/install/my_vision_msgs/lib/libmy_vision_msgs__rosidl_typesupport_cpp.so
[1.987s] -- Set runtime path of "/home/gaga/sad_ws/install/my_vision_msgs/lib/libmy_vision_msgs__rosidl_typesupport_cpp.so" to ""
[1.987s] -- Up-to-date: /home/gaga/sad_ws/install/my_vision_msgs/share/my_vision_msgs/environment/pythonpath.sh
[1.987s] -- Up-to-date: /home/gaga/sad_ws/install/my_vision_msgs/share/my_vision_msgs/environment/pythonpath.dsv
[1.987s] -- Up-to-date: /home/gaga/sad_ws/install/my_vision_msgs/local/lib/python3.10/dist-packages/my_vision_msgs-0.1.0-py3.10.egg-info
[1.987s] -- Installing: /home/gaga/sad_ws/install/my_vision_msgs/local/lib/python3.10/dist-packages/my_vision_msgs-0.1.0-py3.10.egg-info/SOURCES.txt
[1.987s] -- Installing: /home/gaga/sad_ws/install/my_vision_msgs/local/lib/python3.10/dist-packages/my_vision_msgs-0.1.0-py3.10.egg-info/PKG-INFO
[1.987s] -- Installing: /home/gaga/sad_ws/install/my_vision_msgs/local/lib/python3.10/dist-packages/my_vision_msgs-0.1.0-py3.10.egg-info/top_level.txt
[1.988s] -- Installing: /home/gaga/sad_ws/install/my_vision_msgs/local/lib/python3.10/dist-packages/my_vision_msgs-0.1.0-py3.10.egg-info/dependency_links.txt
[1.988s] -- Up-to-date: /home/gaga/sad_ws/install/my_vision_msgs/local/lib/python3.10/dist-packages/my_vision_msgs
[1.988s] -- Up-to-date: /home/gaga/sad_ws/install/my_vision_msgs/local/lib/python3.10/dist-packages/my_vision_msgs/_my_vision_msgs_s.ep.rosidl_typesupport_introspection_c.c
[1.988s] -- Installing: /home/gaga/sad_ws/install/my_vision_msgs/local/lib/python3.10/dist-packages/my_vision_msgs/libmy_vision_msgs__rosidl_generator_py.so
[1.988s] -- Up-to-date: /home/gaga/sad_ws/install/my_vision_msgs/local/lib/python3.10/dist-packages/my_vision_msgs/__init__.py
[1.988s] -- Up-to-date: /home/gaga/sad_ws/install/my_vision_msgs/local/lib/python3.10/dist-packages/my_vision_msgs/msg
[1.988s] -- Up-to-date: /home/gaga/sad_ws/install/my_vision_msgs/local/lib/python3.10/dist-packages/my_vision_msgs/msg/_harvest_ordering_s.c
[1.988s] -- Up-to-date: /home/gaga/sad_ws/install/my_vision_msgs/local/lib/python3.10/dist-packages/my_vision_msgs/msg/__init__.py
[1.988s] -- Up-to-date: /home/gaga/sad_ws/install/my_vision_msgs/local/lib/python3.10/dist-packages/my_vision_msgs/msg/_detected_crop_s.c
[1.988s] -- Up-to-date: /home/gaga/sad_ws/install/my_vision_msgs/local/lib/python3.10/dist-packages/my_vision_msgs/msg/_crop_pose.py
[1.988s] -- Up-to-date: /home/gaga/sad_ws/install/my_vision_msgs/local/lib/python3.10/dist-packages/my_vision_msgs/msg/_detected_crop_array_s.c
[1.988s] -- Up-to-date: /home/gaga/sad_ws/install/my_vision_msgs/local/lib/python3.10/dist-packages/my_vision_msgs/msg/_detected_crop_array.py
[1.989s] -- Up-to-date: /home/gaga/sad_ws/install/my_vision_msgs/local/lib/python3.10/dist-packages/my_vision_msgs/msg/_crop_pose_s.c
[1.989s] -- Up-to-date: /home/gaga/sad_ws/install/my_vision_msgs/local/lib/python3.10/dist-packages/my_vision_msgs/msg/_harvest_ordering.py
[1.989s] -- Up-to-date: /home/gaga/sad_ws/install/my_vision_msgs/local/lib/python3.10/dist-packages/my_vision_msgs/msg/_detected_crop.py
[1.989s] -- Installing: /home/gaga/sad_ws/install/my_vision_msgs/local/lib/python3.10/dist-packages/my_vision_msgs/my_vision_msgs_s__rosidl_typesupport_introspection_c.cpython-310-x86_64-linux-gnu.so
[1.989s] -- Up-to-date: /home/gaga/sad_ws/install/my_vision_msgs/local/lib/python3.10/dist-packages/my_vision_msgs/_my_vision_msgs_s.ep.rosidl_typesupport_fastrtps_c.c
[1.989s] -- Installing: /home/gaga/sad_ws/install/my_vision_msgs/local/lib/python3.10/dist-packages/my_vision_msgs/my_vision_msgs_s__rosidl_typesupport_c.cpython-310-x86_64-linux-gnu.so
[1.989s] -- Installing: /home/gaga/sad_ws/install/my_vision_msgs/local/lib/python3.10/dist-packages/my_vision_msgs/my_vision_msgs_s__rosidl_typesupport_fastrtps_c.cpython-310-x86_64-linux-gnu.so
[1.989s] -- Up-to-date: /home/gaga/sad_ws/install/my_vision_msgs/local/lib/python3.10/dist-packages/my_vision_msgs/_my_vision_msgs_s.ep.rosidl_typesupport_c.c
[2.023s] Listing '/home/gaga/sad_ws/install/my_vision_msgs/local/lib/python3.10/dist-packages/my_vision_msgs'...
[2.023s] Listing '/home/gaga/sad_ws/install/my_vision_msgs/local/lib/python3.10/dist-packages/my_vision_msgs/msg'...
[2.027s] -- Installing: /home/gaga/sad_ws/install/my_vision_msgs/local/lib/python3.10/dist-packages/my_vision_msgs/my_vision_msgs_s__rosidl_typesupport_fastrtps_c.cpython-310-x86_64-linux-gnu.so
[2.028s] -- Set runtime path of "/home/gaga/sad_ws/install/my_vision_msgs/local/lib/python3.10/dist-packages/my_vision_msgs/my_vision_msgs_s__rosidl_typesupport_fastrtps_c.cpython-310-x86_64-linux-gnu.so" to ""
[2.028s] -- Installing: /home/gaga/sad_ws/install/my_vision_msgs/local/lib/python3.10/dist-packages/my_vision_msgs/my_vision_msgs_s__rosidl_typesupport_introspection_c.cpython-310-x86_64-linux-gnu.so
[2.028s] -- Set runtime path of "/home/gaga/sad_ws/install/my_vision_msgs/local/lib/python3.10/dist-packages/my_vision_msgs/my_vision_msgs_s__rosidl_typesupport_introspection_c.cpython-310-x86_64-linux-gnu.so" to ""
[2.028s] -- Installing: /home/gaga/sad_ws/install/my_vision_msgs/local/lib/python3.10/dist-packages/my_vision_msgs/my_vision_msgs_s__rosidl_typesupport_c.cpython-310-x86_64-linux-gnu.so
[2.028s] -- Set runtime path of "/home/gaga/sad_ws/install/my_vision_msgs/local/lib/python3.10/dist-packages/my_vision_msgs/my_vision_msgs_s__rosidl_typesupport_c.cpython-310-x86_64-linux-gnu.so" to ""
[2.028s] -- Installing: /home/gaga/sad_ws/install/my_vision_msgs/lib/libmy_vision_msgs__rosidl_generator_py.so
[2.028s] -- Set runtime path of "/home/gaga/sad_ws/install/my_vision_msgs/lib/libmy_vision_msgs__rosidl_generator_py.so" to ""
[2.028s] -- Up-to-date: /home/gaga/sad_ws/install/my_vision_msgs/share/my_vision_msgs/msg/CropPose.idl
[2.029s] -- Up-to-date: /home/gaga/sad_ws/install/my_vision_msgs/share/my_vision_msgs/msg/DetectedCrop.idl
[2.029s] -- Up-to-date: /home/gaga/sad_ws/install/my_vision_msgs/share/my_vision_msgs/msg/DetectedCropArray.idl
[2.029s] -- Up-to-date: /home/gaga/sad_ws/install/my_vision_msgs/share/my_vision_msgs/msg/HarvestOrdering.idl
[2.029s] -- Up-to-date: /home/gaga/sad_ws/install/my_vision_msgs/share/my_vision_msgs/msg/CropPose.msg
[2.029s] -- Up-to-date: /home/gaga/sad_ws/install/my_vision_msgs/share/my_vision_msgs/msg/DetectedCrop.msg
[2.029s] -- Up-to-date: /home/gaga/sad_ws/install/my_vision_msgs/share/my_vision_msgs/msg/DetectedCropArray.msg
[2.029s] -- Up-to-date: /home/gaga/sad_ws/install/my_vision_msgs/share/my_vision_msgs/msg/HarvestOrdering.msg
[2.029s] -- Up-to-date: /home/gaga/sad_ws/install/my_vision_msgs/share/ament_index/resource_index/package_run_dependencies/my_vision_msgs
[2.029s] -- Up-to-date: /home/gaga/sad_ws/install/my_vision_msgs/share/ament_index/resource_index/parent_prefix_path/my_vision_msgs
[2.029s] -- Up-to-date: /home/gaga/sad_ws/install/my_vision_msgs/share/my_vision_msgs/environment/ament_prefix_path.sh
[2.030s] -- Up-to-date: /home/gaga/sad_ws/install/my_vision_msgs/share/my_vision_msgs/environment/ament_prefix_path.dsv
[2.030s] -- Up-to-date: /home/gaga/sad_ws/install/my_vision_msgs/share/my_vision_msgs/environment/path.sh
[2.030s] -- Up-to-date: /home/gaga/sad_ws/install/my_vision_msgs/share/my_vision_msgs/environment/path.dsv
[2.030s] -- Up-to-date: /home/gaga/sad_ws/install/my_vision_msgs/share/my_vision_msgs/local_setup.bash
[2.030s] -- Up-to-date: /home/gaga/sad_ws/install/my_vision_msgs/share/my_vision_msgs/local_setup.sh
[2.030s] -- Up-to-date: /home/gaga/sad_ws/install/my_vision_msgs/share/my_vision_msgs/local_setup.zsh
[2.030s] -- Up-to-date: /home/gaga/sad_ws/install/my_vision_msgs/share/my_vision_msgs/local_setup.dsv
[2.030s] -- Installing: /home/gaga/sad_ws/install/my_vision_msgs/share/my_vision_msgs/package.dsv
[2.030s] -- Up-to-date: /home/gaga/sad_ws/install/my_vision_msgs/share/ament_index/resource_index/packages/my_vision_msgs
[2.031s] -- Up-to-date: /home/gaga/sad_ws/install/my_vision_msgs/share/my_vision_msgs/cmake/export_my_vision_msgs__rosidl_generator_cExport.cmake
[2.031s] -- Up-to-date: /home/gaga/sad_ws/install/my_vision_msgs/share/my_vision_msgs/cmake/export_my_vision_msgs__rosidl_generator_cExport-noconfig.cmake
[2.031s] -- Up-to-date: /home/gaga/sad_ws/install/my_vision_msgs/share/my_vision_msgs/cmake/export_my_vision_msgs__rosidl_typesupport_fastrtps_cExport.cmake
[2.031s] -- Up-to-date: /home/gaga/sad_ws/install/my_vision_msgs/share/my_vision_msgs/cmake/export_my_vision_msgs__rosidl_typesupport_fastrtps_cExport-noconfig.cmake
[2.031s] -- Up-to-date: /home/gaga/sad_ws/install/my_vision_msgs/share/my_vision_msgs/cmake/export_my_vision_msgs__rosidl_generator_cppExport.cmake
[2.031s] -- Up-to-date: /home/gaga/sad_ws/install/my_vision_msgs/share/my_vision_msgs/cmake/export_my_vision_msgs__rosidl_typesupport_fastrtps_cppExport.cmake
[2.031s] -- Up-to-date: /home/gaga/sad_ws/install/my_vision_msgs/share/my_vision_msgs/cmake/export_my_vision_msgs__rosidl_typesupport_fastrtps_cppExport-noconfig.cmake
[2.031s] -- Up-to-date: /home/gaga/sad_ws/install/my_vision_msgs/share/my_vision_msgs/cmake/my_vision_msgs__rosidl_typesupport_introspection_cExport.cmake
[2.031s] -- Up-to-date: /home/gaga/sad_ws/install/my_vision_msgs/share/my_vision_msgs/cmake/my_vision_msgs__rosidl_typesupport_introspection_cExport-noconfig.cmake
[2.031s] -- Up-to-date: /home/gaga/sad_ws/install/my_vision_msgs/share/my_vision_msgs/cmake/my_vision_msgs__rosidl_typesupport_cExport.cmake
[2.032s] -- Up-to-date: /home/gaga/sad_ws/install/my_vision_msgs/share/my_vision_msgs/cmake/my_vision_msgs__rosidl_typesupport_cExport-noconfig.cmake
[2.032s] -- Up-to-date: /home/gaga/sad_ws/install/my_vision_msgs/share/my_vision_msgs/cmake/my_vision_msgs__rosidl_typesupport_introspection_cppExport.cmake
[2.032s] -- Up-to-date: /home/gaga/sad_ws/install/my_vision_msgs/share/my_vision_msgs/cmake/my_vision_msgs__rosidl_typesupport_introspection_cppExport-noconfig.cmake
[2.032s] -- Up-to-date: /home/gaga/sad_ws/install/my_vision_msgs/share/my_vision_msgs/cmake/my_vision_msgs__rosidl_typesupport_cppExport.cmake
[2.032s] -- Up-to-date: /home/gaga/sad_ws/install/my_vision_msgs/share/my_vision_msgs/cmake/my_vision_msgs__rosidl_typesupport_cppExport-noconfig.cmake
[2.032s] -- Up-to-date: /home/gaga/sad_ws/install/my_vision_msgs/share/my_vision_msgs/cmake/export_my_vision_msgs__rosidl_generator_pyExport.cmake
[2.032s] -- Up-to-date: /home/gaga/sad_ws/install/my_vision_msgs/share/my_vision_msgs/cmake/export_my_vision_msgs__rosidl_generator_pyExport-noconfig.cmake
[2.032s] -- Up-to-date: /home/gaga/sad_ws/install/my_vision_msgs/share/my_vision_msgs/cmake/rosidl_cmake-extras.cmake
[2.032s] -- Up-to-date: /home/gaga/sad_ws/install/my_vision_msgs/share/my_vision_msgs/cmake/ament_cmake_export_dependencies-extras.cmake
[2.032s] -- Up-to-date: /home/gaga/sad_ws/install/my_vision_msgs/share/my_vision_msgs/cmake/ament_cmake_export_include_directories-extras.cmake
[2.032s] -- Up-to-date: /home/gaga/sad_ws/install/my_vision_msgs/share/my_vision_msgs/cmake/ament_cmake_export_libraries-extras.cmake
[2.032s] -- Up-to-date: /home/gaga/sad_ws/install/my_vision_msgs/share/my_vision_msgs/cmake/ament_cmake_export_targets-extras.cmake
[2.032s] -- Up-to-date: /home/gaga/sad_ws/install/my_vision_msgs/share/my_vision_msgs/cmake/rosidl_cmake_export_typesupport_targets-extras.cmake
[2.032s] -- Up-to-date: /home/gaga/sad_ws/install/my_vision_msgs/share/my_vision_msgs/cmake/rosidl_cmake_export_typesupport_libraries-extras.cmake
[2.033s] -- Up-to-date: /home/gaga/sad_ws/install/my_vision_msgs/share/my_vision_msgs/cmake/my_vision_msgsConfig.cmake
[2.033s] -- Up-to-date: /home/gaga/sad_ws/install/my_vision_msgs/share/my_vision_msgs/cmake/my_vision_msgsConfig-version.cmake
[2.033s] -- Up-to-date: /home/gaga/sad_ws/install/my_vision_msgs/share/my_vision_msgs/package.xml
[2.035s] Invoked command in '/home/gaga/sad_ws/build/my_vision_msgs' returned '0': CMAKE_PREFIX_PATH=${CMAKE_PREFIX_PATH}:/home/gaga/turtlebot3_ws/install/turtlebot3_teleop:/home/gaga/turtlebot3_ws/install/turtlebot3_example:/opt/ros/humble /usr/bin/cmake --install /home/gaga/sad_ws/build/my_vision_msgs
