[0.164s] DEBUG:colcon:Command line arguments: ['/usr/bin/colcon', 'build']
[0.164s] DEBUG:colcon:Parsed command line arguments: Namespace(log_base=None, log_level=None, verb_name='build', build_base='build', install_base='install', merge_install=False, symlink_install=False, test_result_base=None, continue_on_error=False, executor='parallel', parallel_workers=20, event_handlers=None, ignore_user_meta=False, metas=['./colcon.meta'], base_paths=['.'], packages_ignore=None, packages_ignore_regex=None, paths=None, packages_up_to=None, packages_up_to_regex=None, packages_above=None, packages_above_and_dependencies=None, packages_above_depth=None, packages_select_by_dep=None, packages_skip_by_dep=None, packages_skip_up_to=None, packages_select_build_failed=False, packages_skip_build_finished=False, packages_select_test_failures=False, packages_skip_test_passed=False, packages_select=None, packages_skip=None, packages_select_regex=None, packages_skip_regex=None, packages_start=None, packages_end=None, allow_overriding=[], cmake_args=None, cmake_target=None, cmake_target_skip_unavailable=False, cmake_clean_cache=False, cmake_clean_first=False, cmake_force_configure=False, ament_cmake_args=None, catkin_cmake_args=None, catkin_skip_building_tests=False, mixin_files=None, mixin=None, verb_parser=<colcon_mixin.mixin.mixin_argument.MixinArgumentDecorator object at 0x7c0427d45000>, verb_extension=<colcon_core.verb.build.BuildVerb object at 0x7c0427d44a30>, main=<bound method BuildVerb.main of <colcon_core.verb.build.BuildVerb object at 0x7c0427d44a30>>, mixin_verb=('build',))
[0.359s] Level 1:colcon.colcon_core.package_discovery:discover_packages(colcon_meta) check parameters
[0.359s] Level 1:colcon.colcon_core.package_discovery:discover_packages(recursive) check parameters
[0.359s] Level 1:colcon.colcon_core.package_discovery:discover_packages(ignore) check parameters
[0.359s] Level 1:colcon.colcon_core.package_discovery:discover_packages(path) check parameters
[0.359s] Level 1:colcon.colcon_core.package_discovery:discover_packages(colcon_meta) discover
[0.359s] Level 1:colcon.colcon_core.package_discovery:discover_packages(recursive) discover
[0.359s] INFO:colcon.colcon_core.package_discovery:Crawling recursively for packages in '/home/gaga/sad_ws'
[0.360s] Level 1:colcon.colcon_core.package_identification:_identify(.) by extensions ['ignore', 'ignore_ament_install']
[0.360s] Level 1:colcon.colcon_core.package_identification:_identify(.) by extension 'ignore'
[0.360s] Level 1:colcon.colcon_core.package_identification:_identify(.) by extension 'ignore_ament_install'
[0.360s] Level 1:colcon.colcon_core.package_identification:_identify(.) by extensions ['colcon_pkg']
[0.360s] Level 1:colcon.colcon_core.package_identification:_identify(.) by extension 'colcon_pkg'
[0.360s] Level 1:colcon.colcon_core.package_identification:_identify(.) by extensions ['colcon_meta']
[0.360s] Level 1:colcon.colcon_core.package_identification:_identify(.) by extension 'colcon_meta'
[0.360s] Level 1:colcon.colcon_core.package_identification:_identify(.) by extensions ['ros']
[0.360s] Level 1:colcon.colcon_core.package_identification:_identify(.) by extension 'ros'
[0.380s] Level 1:colcon.colcon_core.package_identification:_identify(.) by extensions ['cmake', 'python']
[0.380s] Level 1:colcon.colcon_core.package_identification:_identify(.) by extension 'cmake'
[0.380s] Level 1:colcon.colcon_core.package_identification:_identify(.) by extension 'python'
[0.380s] Level 1:colcon.colcon_core.package_identification:_identify(.) by extensions ['python_setup_py']
[0.380s] Level 1:colcon.colcon_core.package_identification:_identify(.) by extension 'python_setup_py'
[0.380s] Level 1:colcon.colcon_core.package_identification:_identify(build) by extensions ['ignore', 'ignore_ament_install']
[0.380s] Level 1:colcon.colcon_core.package_identification:_identify(build) by extension 'ignore'
[0.380s] Level 1:colcon.colcon_core.package_identification:_identify(build) ignored
[0.381s] Level 1:colcon.colcon_core.package_identification:_identify(install) by extensions ['ignore', 'ignore_ament_install']
[0.381s] Level 1:colcon.colcon_core.package_identification:_identify(install) by extension 'ignore'
[0.381s] Level 1:colcon.colcon_core.package_identification:_identify(install) ignored
[0.381s] Level 1:colcon.colcon_core.package_identification:_identify(log) by extensions ['ignore', 'ignore_ament_install']
[0.381s] Level 1:colcon.colcon_core.package_identification:_identify(log) by extension 'ignore'
[0.381s] Level 1:colcon.colcon_core.package_identification:_identify(log) ignored
[0.382s] Level 1:colcon.colcon_core.package_identification:_identify(src) by extensions ['ignore', 'ignore_ament_install']
[0.382s] Level 1:colcon.colcon_core.package_identification:_identify(src) by extension 'ignore'
[0.382s] Level 1:colcon.colcon_core.package_identification:_identify(src) by extension 'ignore_ament_install'
[0.383s] Level 1:colcon.colcon_core.package_identification:_identify(src) by extensions ['colcon_pkg']
[0.383s] Level 1:colcon.colcon_core.package_identification:_identify(src) by extension 'colcon_pkg'
[0.383s] Level 1:colcon.colcon_core.package_identification:_identify(src) by extensions ['colcon_meta']
[0.383s] Level 1:colcon.colcon_core.package_identification:_identify(src) by extension 'colcon_meta'
[0.383s] Level 1:colcon.colcon_core.package_identification:_identify(src) by extensions ['ros']
[0.383s] Level 1:colcon.colcon_core.package_identification:_identify(src) by extension 'ros'
[0.383s] Level 1:colcon.colcon_core.package_identification:_identify(src) by extensions ['cmake', 'python']
[0.383s] Level 1:colcon.colcon_core.package_identification:_identify(src) by extension 'cmake'
[0.383s] Level 1:colcon.colcon_core.package_identification:_identify(src) by extension 'python'
[0.383s] Level 1:colcon.colcon_core.package_identification:_identify(src) by extensions ['python_setup_py']
[0.383s] Level 1:colcon.colcon_core.package_identification:_identify(src) by extension 'python_setup_py'
[0.383s] Level 1:colcon.colcon_core.package_identification:_identify(src/build) by extensions ['ignore', 'ignore_ament_install']
[0.383s] Level 1:colcon.colcon_core.package_identification:_identify(src/build) by extension 'ignore'
[0.384s] Level 1:colcon.colcon_core.package_identification:_identify(src/build) ignored
[0.384s] Level 1:colcon.colcon_core.package_identification:_identify(src/install) by extensions ['ignore', 'ignore_ament_install']
[0.384s] Level 1:colcon.colcon_core.package_identification:_identify(src/install) by extension 'ignore'
[0.384s] Level 1:colcon.colcon_core.package_identification:_identify(src/install) ignored
[0.384s] Level 1:colcon.colcon_core.package_identification:_identify(src/log) by extensions ['ignore', 'ignore_ament_install']
[0.384s] Level 1:colcon.colcon_core.package_identification:_identify(src/log) by extension 'ignore'
[0.384s] Level 1:colcon.colcon_core.package_identification:_identify(src/log) ignored
[0.384s] Level 1:colcon.colcon_core.package_identification:_identify(src/mani_urdf) by extensions ['ignore', 'ignore_ament_install']
[0.384s] Level 1:colcon.colcon_core.package_identification:_identify(src/mani_urdf) by extension 'ignore'
[0.385s] Level 1:colcon.colcon_core.package_identification:_identify(src/mani_urdf) by extension 'ignore_ament_install'
[0.385s] Level 1:colcon.colcon_core.package_identification:_identify(src/mani_urdf) by extensions ['colcon_pkg']
[0.385s] Level 1:colcon.colcon_core.package_identification:_identify(src/mani_urdf) by extension 'colcon_pkg'
[0.385s] Level 1:colcon.colcon_core.package_identification:_identify(src/mani_urdf) by extensions ['colcon_meta']
[0.385s] Level 1:colcon.colcon_core.package_identification:_identify(src/mani_urdf) by extension 'colcon_meta'
[0.385s] Level 1:colcon.colcon_core.package_identification:_identify(src/mani_urdf) by extensions ['ros']
[0.385s] Level 1:colcon.colcon_core.package_identification:_identify(src/mani_urdf) by extension 'ros'
[0.390s] DEBUG:colcon.colcon_core.package_identification:Package 'src/mani_urdf' with type 'ros.ament_cmake' and name 'mani_urdf'
[0.391s] Level 1:colcon.colcon_core.package_identification:_identify(src/my_vision_msgs) by extensions ['ignore', 'ignore_ament_install']
[0.391s] Level 1:colcon.colcon_core.package_identification:_identify(src/my_vision_msgs) by extension 'ignore'
[0.391s] Level 1:colcon.colcon_core.package_identification:_identify(src/my_vision_msgs) by extension 'ignore_ament_install'
[0.391s] Level 1:colcon.colcon_core.package_identification:_identify(src/my_vision_msgs) by extensions ['colcon_pkg']
[0.391s] Level 1:colcon.colcon_core.package_identification:_identify(src/my_vision_msgs) by extension 'colcon_pkg'
[0.391s] Level 1:colcon.colcon_core.package_identification:_identify(src/my_vision_msgs) by extensions ['colcon_meta']
[0.391s] Level 1:colcon.colcon_core.package_identification:_identify(src/my_vision_msgs) by extension 'colcon_meta'
[0.391s] Level 1:colcon.colcon_core.package_identification:_identify(src/my_vision_msgs) by extensions ['ros']
[0.391s] Level 1:colcon.colcon_core.package_identification:_identify(src/my_vision_msgs) by extension 'ros'
[0.392s] DEBUG:colcon.colcon_core.package_identification:Package 'src/my_vision_msgs' with type 'ros.ament_cmake' and name 'my_vision_msgs'
[0.392s] Level 1:colcon.colcon_core.package_identification:_identify(src/sad_pkg) by extensions ['ignore', 'ignore_ament_install']
[0.393s] Level 1:colcon.colcon_core.package_identification:_identify(src/sad_pkg) by extension 'ignore'
[0.393s] Level 1:colcon.colcon_core.package_identification:_identify(src/sad_pkg) by extension 'ignore_ament_install'
[0.393s] Level 1:colcon.colcon_core.package_identification:_identify(src/sad_pkg) by extensions ['colcon_pkg']
[0.393s] Level 1:colcon.colcon_core.package_identification:_identify(src/sad_pkg) by extension 'colcon_pkg'
[0.393s] Level 1:colcon.colcon_core.package_identification:_identify(src/sad_pkg) by extensions ['colcon_meta']
[0.393s] Level 1:colcon.colcon_core.package_identification:_identify(src/sad_pkg) by extension 'colcon_meta'
[0.393s] Level 1:colcon.colcon_core.package_identification:_identify(src/sad_pkg) by extensions ['ros']
[0.393s] Level 1:colcon.colcon_core.package_identification:_identify(src/sad_pkg) by extension 'ros'
[0.399s] DEBUG:colcon.colcon_core.package_identification:Package 'src/sad_pkg' with type 'ros.ament_cmake' and name 'sad_pkg'
[0.399s] Level 1:colcon.colcon_core.package_discovery:discover_packages(recursive) using defaults
[0.399s] Level 1:colcon.colcon_core.package_discovery:discover_packages(ignore) discover
[0.399s] Level 1:colcon.colcon_core.package_discovery:discover_packages(ignore) using defaults
[0.399s] Level 1:colcon.colcon_core.package_discovery:discover_packages(path) discover
[0.399s] Level 1:colcon.colcon_core.package_discovery:discover_packages(path) using defaults
[0.500s] Level 1:colcon.colcon_core.package_discovery:discover_packages(prefix_path) check parameters
[0.500s] Level 1:colcon.colcon_core.package_discovery:discover_packages(prefix_path) discover
[0.504s] DEBUG:colcon.colcon_installed_package_information.package_discovery:Found 3 installed packages in /home/gaga/sad_ws/install
[0.506s] DEBUG:colcon.colcon_installed_package_information.package_discovery:Found 19 installed packages in /home/gaga/turtlebot3_ws/install
[0.507s] DEBUG:colcon.colcon_installed_package_information.package_discovery:Found 3 installed packages in /home/gaga/ssibal_ws/install
[0.508s] DEBUG:colcon.colcon_installed_package_information.package_discovery:Found 4 installed packages in /home/gaga/sad_ws/src/install
[0.509s] DEBUG:colcon.colcon_installed_package_information.package_discovery:Found 1 installed packages in /home/gaga/robotprograming_ws/install
[0.509s] DEBUG:colcon.colcon_installed_package_information.package_discovery:Found 1 installed packages in /home/gaga/sad_ws/src/sad_pkg/install
[0.511s] DEBUG:colcon.colcon_installed_package_information.package_discovery:Found 425 installed packages in /opt/ros/humble
[0.512s] Level 1:colcon.colcon_core.package_discovery:discover_packages(prefix_path) using defaults
[0.576s] Level 5:colcon.colcon_core.verb:set package 'mani_urdf' build argument 'cmake_args' from command line to 'None'
[0.576s] Level 5:colcon.colcon_core.verb:set package 'mani_urdf' build argument 'cmake_target' from command line to 'None'
[0.576s] Level 5:colcon.colcon_core.verb:set package 'mani_urdf' build argument 'cmake_target_skip_unavailable' from command line to 'False'
[0.576s] Level 5:colcon.colcon_core.verb:set package 'mani_urdf' build argument 'cmake_clean_cache' from command line to 'False'
[0.577s] Level 5:colcon.colcon_core.verb:set package 'mani_urdf' build argument 'cmake_clean_first' from command line to 'False'
[0.577s] Level 5:colcon.colcon_core.verb:set package 'mani_urdf' build argument 'cmake_force_configure' from command line to 'False'
[0.577s] Level 5:colcon.colcon_core.verb:set package 'mani_urdf' build argument 'ament_cmake_args' from command line to 'None'
[0.577s] Level 5:colcon.colcon_core.verb:set package 'mani_urdf' build argument 'catkin_cmake_args' from command line to 'None'
[0.577s] Level 5:colcon.colcon_core.verb:set package 'mani_urdf' build argument 'catkin_skip_building_tests' from command line to 'False'
[0.577s] DEBUG:colcon.colcon_core.verb:Building package 'mani_urdf' with the following arguments: {'ament_cmake_args': None, 'build_base': '/home/gaga/sad_ws/build/mani_urdf', 'catkin_cmake_args': None, 'catkin_skip_building_tests': False, 'cmake_args': None, 'cmake_clean_cache': False, 'cmake_clean_first': False, 'cmake_force_configure': False, 'cmake_target': None, 'cmake_target_skip_unavailable': False, 'install_base': '/home/gaga/sad_ws/install/mani_urdf', 'merge_install': False, 'path': '/home/gaga/sad_ws/src/mani_urdf', 'symlink_install': False, 'test_result_base': None}
[0.577s] Level 5:colcon.colcon_core.verb:set package 'my_vision_msgs' build argument 'cmake_args' from command line to 'None'
[0.578s] Level 5:colcon.colcon_core.verb:set package 'my_vision_msgs' build argument 'cmake_target' from command line to 'None'
[0.578s] Level 5:colcon.colcon_core.verb:set package 'my_vision_msgs' build argument 'cmake_target_skip_unavailable' from command line to 'False'
[0.578s] Level 5:colcon.colcon_core.verb:set package 'my_vision_msgs' build argument 'cmake_clean_cache' from command line to 'False'
[0.578s] Level 5:colcon.colcon_core.verb:set package 'my_vision_msgs' build argument 'cmake_clean_first' from command line to 'False'
[0.578s] Level 5:colcon.colcon_core.verb:set package 'my_vision_msgs' build argument 'cmake_force_configure' from command line to 'False'
[0.578s] Level 5:colcon.colcon_core.verb:set package 'my_vision_msgs' build argument 'ament_cmake_args' from command line to 'None'
[0.578s] Level 5:colcon.colcon_core.verb:set package 'my_vision_msgs' build argument 'catkin_cmake_args' from command line to 'None'
[0.578s] Level 5:colcon.colcon_core.verb:set package 'my_vision_msgs' build argument 'catkin_skip_building_tests' from command line to 'False'
[0.578s] DEBUG:colcon.colcon_core.verb:Building package 'my_vision_msgs' with the following arguments: {'ament_cmake_args': None, 'build_base': '/home/gaga/sad_ws/build/my_vision_msgs', 'catkin_cmake_args': None, 'catkin_skip_building_tests': False, 'cmake_args': None, 'cmake_clean_cache': False, 'cmake_clean_first': False, 'cmake_force_configure': False, 'cmake_target': None, 'cmake_target_skip_unavailable': False, 'install_base': '/home/gaga/sad_ws/install/my_vision_msgs', 'merge_install': False, 'path': '/home/gaga/sad_ws/src/my_vision_msgs', 'symlink_install': False, 'test_result_base': None}
[0.578s] Level 5:colcon.colcon_core.verb:set package 'sad_pkg' build argument 'cmake_args' from command line to 'None'
[0.579s] Level 5:colcon.colcon_core.verb:set package 'sad_pkg' build argument 'cmake_target' from command line to 'None'
[0.579s] Level 5:colcon.colcon_core.verb:set package 'sad_pkg' build argument 'cmake_target_skip_unavailable' from command line to 'False'
[0.579s] Level 5:colcon.colcon_core.verb:set package 'sad_pkg' build argument 'cmake_clean_cache' from command line to 'False'
[0.579s] Level 5:colcon.colcon_core.verb:set package 'sad_pkg' build argument 'cmake_clean_first' from command line to 'False'
[0.579s] Level 5:colcon.colcon_core.verb:set package 'sad_pkg' build argument 'cmake_force_configure' from command line to 'False'
[0.579s] Level 5:colcon.colcon_core.verb:set package 'sad_pkg' build argument 'ament_cmake_args' from command line to 'None'
[0.579s] Level 5:colcon.colcon_core.verb:set package 'sad_pkg' build argument 'catkin_cmake_args' from command line to 'None'
[0.579s] Level 5:colcon.colcon_core.verb:set package 'sad_pkg' build argument 'catkin_skip_building_tests' from command line to 'False'
[0.579s] DEBUG:colcon.colcon_core.verb:Building package 'sad_pkg' with the following arguments: {'ament_cmake_args': None, 'build_base': '/home/gaga/sad_ws/build/sad_pkg', 'catkin_cmake_args': None, 'catkin_skip_building_tests': False, 'cmake_args': None, 'cmake_clean_cache': False, 'cmake_clean_first': False, 'cmake_force_configure': False, 'cmake_target': None, 'cmake_target_skip_unavailable': False, 'install_base': '/home/gaga/sad_ws/install/sad_pkg', 'merge_install': False, 'path': '/home/gaga/sad_ws/src/sad_pkg', 'symlink_install': False, 'test_result_base': None}
[0.580s] INFO:colcon.colcon_core.executor:Executing jobs using 'parallel' executor
[0.582s] DEBUG:colcon.colcon_parallel_executor.executor.parallel:run_until_complete
[0.583s] INFO:colcon.colcon_ros.task.ament_cmake.build:Building ROS package in '/home/gaga/sad_ws/src/my_vision_msgs' with build type 'ament_cmake'
[0.583s] INFO:colcon.colcon_cmake.task.cmake.build:Building CMake package in '/home/gaga/sad_ws/src/my_vision_msgs'
[0.586s] INFO:colcon.colcon_core.plugin_system:Skipping extension 'colcon_core.shell.bat': Not used on non-Windows systems
[0.586s] INFO:colcon.colcon_core.shell:Skip shell extension 'powershell' for command environment: Not usable outside of PowerShell
[0.586s] DEBUG:colcon.colcon_core.shell:Skip shell extension 'dsv' for command environment
[0.596s] INFO:colcon.colcon_ros.task.ament_cmake.build:Building ROS package in '/home/gaga/sad_ws/src/mani_urdf' with build type 'ament_cmake'
[0.597s] INFO:colcon.colcon_cmake.task.cmake.build:Building CMake package in '/home/gaga/sad_ws/src/mani_urdf'
[0.598s] INFO:colcon.colcon_core.shell:Skip shell extension 'powershell' for command environment: Not usable outside of PowerShell
[0.598s] DEBUG:colcon.colcon_core.shell:Skip shell extension 'dsv' for command environment
[0.612s] DEBUG:colcon.colcon_core.event_handler.log_command:Invoking command in '/home/gaga/sad_ws/build/my_vision_msgs': CMAKE_PREFIX_PATH=${CMAKE_PREFIX_PATH}:/home/gaga/turtlebot3_ws/install/turtlebot3_teleop:/home/gaga/turtlebot3_ws/install/turtlebot3_example:/opt/ros/humble /usr/bin/cmake --build /home/gaga/sad_ws/build/my_vision_msgs -- -j20 -l20
[0.626s] DEBUG:colcon.colcon_core.event_handler.log_command:Invoking command in '/home/gaga/sad_ws/build/mani_urdf': CMAKE_PREFIX_PATH=${CMAKE_PREFIX_PATH}:/home/gaga/turtlebot3_ws/install/turtlebot3_teleop:/home/gaga/turtlebot3_ws/install/turtlebot3_example:/opt/ros/humble /usr/bin/cmake --build /home/gaga/sad_ws/build/mani_urdf -- -j20 -l20
[0.714s] DEBUG:colcon.colcon_core.event_handler.log_command:Invoked command in '/home/gaga/sad_ws/build/mani_urdf' returned '0': CMAKE_PREFIX_PATH=${CMAKE_PREFIX_PATH}:/home/gaga/turtlebot3_ws/install/turtlebot3_teleop:/home/gaga/turtlebot3_ws/install/turtlebot3_example:/opt/ros/humble /usr/bin/cmake --build /home/gaga/sad_ws/build/mani_urdf -- -j20 -l20
[0.743s] DEBUG:colcon.colcon_core.event_handler.log_command:Invoking command in '/home/gaga/sad_ws/build/mani_urdf': CMAKE_PREFIX_PATH=${CMAKE_PREFIX_PATH}:/home/gaga/turtlebot3_ws/install/turtlebot3_teleop:/home/gaga/turtlebot3_ws/install/turtlebot3_example:/opt/ros/humble /usr/bin/cmake --install /home/gaga/sad_ws/build/mani_urdf
[0.776s] Level 1:colcon.colcon_core.environment:create_environment_scripts_only(mani_urdf)
[0.778s] DEBUG:colcon.colcon_core.event_handler.log_command:Invoked command in '/home/gaga/sad_ws/build/mani_urdf' returned '0': CMAKE_PREFIX_PATH=${CMAKE_PREFIX_PATH}:/home/gaga/turtlebot3_ws/install/turtlebot3_teleop:/home/gaga/turtlebot3_ws/install/turtlebot3_example:/opt/ros/humble /usr/bin/cmake --install /home/gaga/sad_ws/build/mani_urdf
[0.785s] Level 1:colcon.colcon_core.environment:checking '/home/gaga/sad_ws/install/mani_urdf' for CMake module files
[0.785s] Level 1:colcon.colcon_core.environment:checking '/home/gaga/sad_ws/install/mani_urdf' for CMake config files
[0.786s] Level 1:colcon.colcon_core.shell:create_environment_hook('mani_urdf', 'cmake_prefix_path')
[0.786s] INFO:colcon.colcon_core.shell:Creating environment hook '/home/gaga/sad_ws/install/mani_urdf/share/mani_urdf/hook/cmake_prefix_path.ps1'
[0.788s] INFO:colcon.colcon_core.shell:Creating environment descriptor '/home/gaga/sad_ws/install/mani_urdf/share/mani_urdf/hook/cmake_prefix_path.dsv'
[0.789s] INFO:colcon.colcon_core.shell:Creating environment hook '/home/gaga/sad_ws/install/mani_urdf/share/mani_urdf/hook/cmake_prefix_path.sh'
[0.791s] Level 1:colcon.colcon_core.environment:checking '/home/gaga/sad_ws/install/mani_urdf/bin'
[0.791s] Level 1:colcon.colcon_core.environment:checking '/home/gaga/sad_ws/install/mani_urdf/lib/pkgconfig/mani_urdf.pc'
[0.791s] Level 1:colcon.colcon_core.environment:checking '/home/gaga/sad_ws/install/mani_urdf/lib/python3.10/site-packages'
[0.792s] Level 1:colcon.colcon_core.environment:checking '/home/gaga/sad_ws/install/mani_urdf/bin'
[0.793s] INFO:colcon.colcon_core.shell:Creating package script '/home/gaga/sad_ws/install/mani_urdf/share/mani_urdf/package.ps1'
[0.795s] INFO:colcon.colcon_core.shell:Creating package descriptor '/home/gaga/sad_ws/install/mani_urdf/share/mani_urdf/package.dsv'
[0.797s] INFO:colcon.colcon_core.shell:Creating package script '/home/gaga/sad_ws/install/mani_urdf/share/mani_urdf/package.sh'
[0.798s] INFO:colcon.colcon_core.shell:Creating package script '/home/gaga/sad_ws/install/mani_urdf/share/mani_urdf/package.bash'
[0.799s] INFO:colcon.colcon_core.shell:Creating package script '/home/gaga/sad_ws/install/mani_urdf/share/mani_urdf/package.zsh'
[0.800s] Level 1:colcon.colcon_core.environment:create_file_with_runtime_dependencies(/home/gaga/sad_ws/install/mani_urdf/share/colcon-core/packages/mani_urdf)
[0.802s] Level 1:colcon.colcon_core.environment:create_environment_scripts_only(mani_urdf)
[0.802s] Level 1:colcon.colcon_core.environment:checking '/home/gaga/sad_ws/install/mani_urdf' for CMake module files
[0.803s] Level 1:colcon.colcon_core.environment:checking '/home/gaga/sad_ws/install/mani_urdf' for CMake config files
[0.803s] Level 1:colcon.colcon_core.shell:create_environment_hook('mani_urdf', 'cmake_prefix_path')
[0.803s] INFO:colcon.colcon_core.shell:Creating environment hook '/home/gaga/sad_ws/install/mani_urdf/share/mani_urdf/hook/cmake_prefix_path.ps1'
[0.804s] INFO:colcon.colcon_core.shell:Creating environment descriptor '/home/gaga/sad_ws/install/mani_urdf/share/mani_urdf/hook/cmake_prefix_path.dsv'
[0.805s] INFO:colcon.colcon_core.shell:Creating environment hook '/home/gaga/sad_ws/install/mani_urdf/share/mani_urdf/hook/cmake_prefix_path.sh'
[0.806s] Level 1:colcon.colcon_core.environment:checking '/home/gaga/sad_ws/install/mani_urdf/bin'
[0.806s] Level 1:colcon.colcon_core.environment:checking '/home/gaga/sad_ws/install/mani_urdf/lib/pkgconfig/mani_urdf.pc'
[0.806s] Level 1:colcon.colcon_core.environment:checking '/home/gaga/sad_ws/install/mani_urdf/lib/python3.10/site-packages'
[0.806s] Level 1:colcon.colcon_core.environment:checking '/home/gaga/sad_ws/install/mani_urdf/bin'
[0.807s] INFO:colcon.colcon_core.shell:Creating package script '/home/gaga/sad_ws/install/mani_urdf/share/mani_urdf/package.ps1'
[0.808s] INFO:colcon.colcon_core.shell:Creating package descriptor '/home/gaga/sad_ws/install/mani_urdf/share/mani_urdf/package.dsv'
[0.808s] INFO:colcon.colcon_core.shell:Creating package script '/home/gaga/sad_ws/install/mani_urdf/share/mani_urdf/package.sh'
[0.809s] INFO:colcon.colcon_core.shell:Creating package script '/home/gaga/sad_ws/install/mani_urdf/share/mani_urdf/package.bash'
[0.809s] INFO:colcon.colcon_core.shell:Creating package script '/home/gaga/sad_ws/install/mani_urdf/share/mani_urdf/package.zsh'
[0.809s] Level 1:colcon.colcon_core.environment:create_file_with_runtime_dependencies(/home/gaga/sad_ws/install/mani_urdf/share/colcon-core/packages/mani_urdf)
[1.253s] DEBUG:colcon.colcon_core.event_handler.log_command:Invoked command in '/home/gaga/sad_ws/build/my_vision_msgs' returned '0': CMAKE_PREFIX_PATH=${CMAKE_PREFIX_PATH}:/home/gaga/turtlebot3_ws/install/turtlebot3_teleop:/home/gaga/turtlebot3_ws/install/turtlebot3_example:/opt/ros/humble /usr/bin/cmake --build /home/gaga/sad_ws/build/my_vision_msgs -- -j20 -l20
[1.256s] DEBUG:colcon.colcon_core.event_handler.log_command:Invoking command in '/home/gaga/sad_ws/build/my_vision_msgs': CMAKE_PREFIX_PATH=${CMAKE_PREFIX_PATH}:/home/gaga/turtlebot3_ws/install/turtlebot3_teleop:/home/gaga/turtlebot3_ws/install/turtlebot3_example:/opt/ros/humble /usr/bin/cmake --install /home/gaga/sad_ws/build/my_vision_msgs
[1.358s] Level 1:colcon.colcon_core.environment:create_environment_scripts_only(my_vision_msgs)
[1.359s] DEBUG:colcon.colcon_core.event_handler.log_command:Invoked command in '/home/gaga/sad_ws/build/my_vision_msgs' returned '0': CMAKE_PREFIX_PATH=${CMAKE_PREFIX_PATH}:/home/gaga/turtlebot3_ws/install/turtlebot3_teleop:/home/gaga/turtlebot3_ws/install/turtlebot3_example:/opt/ros/humble /usr/bin/cmake --install /home/gaga/sad_ws/build/my_vision_msgs
[1.359s] Level 1:colcon.colcon_core.environment:checking '/home/gaga/sad_ws/install/my_vision_msgs' for CMake module files
[1.360s] Level 1:colcon.colcon_core.environment:checking '/home/gaga/sad_ws/install/my_vision_msgs' for CMake config files
[1.361s] Level 1:colcon.colcon_core.shell:create_environment_hook('my_vision_msgs', 'cmake_prefix_path')
[1.361s] INFO:colcon.colcon_core.shell:Creating environment hook '/home/gaga/sad_ws/install/my_vision_msgs/share/my_vision_msgs/hook/cmake_prefix_path.ps1'
[1.362s] INFO:colcon.colcon_core.shell:Creating environment descriptor '/home/gaga/sad_ws/install/my_vision_msgs/share/my_vision_msgs/hook/cmake_prefix_path.dsv'
[1.362s] INFO:colcon.colcon_core.shell:Creating environment hook '/home/gaga/sad_ws/install/my_vision_msgs/share/my_vision_msgs/hook/cmake_prefix_path.sh'
[1.363s] Level 1:colcon.colcon_core.environment:checking '/home/gaga/sad_ws/install/my_vision_msgs/lib'
[1.364s] Level 1:colcon.colcon_core.shell:create_environment_hook('my_vision_msgs', 'ld_library_path_lib')
[1.364s] INFO:colcon.colcon_core.shell:Creating environment hook '/home/gaga/sad_ws/install/my_vision_msgs/share/my_vision_msgs/hook/ld_library_path_lib.ps1'
[1.365s] INFO:colcon.colcon_core.shell:Creating environment descriptor '/home/gaga/sad_ws/install/my_vision_msgs/share/my_vision_msgs/hook/ld_library_path_lib.dsv'
[1.365s] INFO:colcon.colcon_core.shell:Creating environment hook '/home/gaga/sad_ws/install/my_vision_msgs/share/my_vision_msgs/hook/ld_library_path_lib.sh'
[1.365s] Level 1:colcon.colcon_core.environment:checking '/home/gaga/sad_ws/install/my_vision_msgs/bin'
[1.365s] Level 1:colcon.colcon_core.environment:checking '/home/gaga/sad_ws/install/my_vision_msgs/lib/pkgconfig/my_vision_msgs.pc'
[1.366s] Level 1:colcon.colcon_core.environment:checking '/home/gaga/sad_ws/install/my_vision_msgs/lib/python3.10/site-packages'
[1.366s] Level 1:colcon.colcon_core.environment:checking '/home/gaga/sad_ws/install/my_vision_msgs/bin'
[1.366s] INFO:colcon.colcon_core.shell:Creating package script '/home/gaga/sad_ws/install/my_vision_msgs/share/my_vision_msgs/package.ps1'
[1.367s] INFO:colcon.colcon_core.shell:Creating package descriptor '/home/gaga/sad_ws/install/my_vision_msgs/share/my_vision_msgs/package.dsv'
[1.367s] INFO:colcon.colcon_core.shell:Creating package script '/home/gaga/sad_ws/install/my_vision_msgs/share/my_vision_msgs/package.sh'
[1.368s] INFO:colcon.colcon_core.shell:Creating package script '/home/gaga/sad_ws/install/my_vision_msgs/share/my_vision_msgs/package.bash'
[1.368s] INFO:colcon.colcon_core.shell:Creating package script '/home/gaga/sad_ws/install/my_vision_msgs/share/my_vision_msgs/package.zsh'
[1.369s] Level 1:colcon.colcon_core.environment:create_file_with_runtime_dependencies(/home/gaga/sad_ws/install/my_vision_msgs/share/colcon-core/packages/my_vision_msgs)
[1.370s] Level 1:colcon.colcon_core.environment:create_environment_scripts_only(my_vision_msgs)
[1.371s] Level 1:colcon.colcon_core.environment:checking '/home/gaga/sad_ws/install/my_vision_msgs' for CMake module files
[1.371s] Level 1:colcon.colcon_core.environment:checking '/home/gaga/sad_ws/install/my_vision_msgs' for CMake config files
[1.372s] Level 1:colcon.colcon_core.shell:create_environment_hook('my_vision_msgs', 'cmake_prefix_path')
[1.372s] INFO:colcon.colcon_core.shell:Creating environment hook '/home/gaga/sad_ws/install/my_vision_msgs/share/my_vision_msgs/hook/cmake_prefix_path.ps1'
[1.373s] INFO:colcon.colcon_core.shell:Creating environment descriptor '/home/gaga/sad_ws/install/my_vision_msgs/share/my_vision_msgs/hook/cmake_prefix_path.dsv'
[1.374s] INFO:colcon.colcon_core.shell:Creating environment hook '/home/gaga/sad_ws/install/my_vision_msgs/share/my_vision_msgs/hook/cmake_prefix_path.sh'
[1.375s] Level 1:colcon.colcon_core.environment:checking '/home/gaga/sad_ws/install/my_vision_msgs/lib'
[1.375s] Level 1:colcon.colcon_core.shell:create_environment_hook('my_vision_msgs', 'ld_library_path_lib')
[1.376s] INFO:colcon.colcon_core.shell:Creating environment hook '/home/gaga/sad_ws/install/my_vision_msgs/share/my_vision_msgs/hook/ld_library_path_lib.ps1'
[1.376s] INFO:colcon.colcon_core.shell:Creating environment descriptor '/home/gaga/sad_ws/install/my_vision_msgs/share/my_vision_msgs/hook/ld_library_path_lib.dsv'
[1.377s] INFO:colcon.colcon_core.shell:Creating environment hook '/home/gaga/sad_ws/install/my_vision_msgs/share/my_vision_msgs/hook/ld_library_path_lib.sh'
[1.377s] Level 1:colcon.colcon_core.environment:checking '/home/gaga/sad_ws/install/my_vision_msgs/bin'
[1.377s] Level 1:colcon.colcon_core.environment:checking '/home/gaga/sad_ws/install/my_vision_msgs/lib/pkgconfig/my_vision_msgs.pc'
[1.377s] Level 1:colcon.colcon_core.environment:checking '/home/gaga/sad_ws/install/my_vision_msgs/lib/python3.10/site-packages'
[1.378s] Level 1:colcon.colcon_core.environment:checking '/home/gaga/sad_ws/install/my_vision_msgs/bin'
[1.378s] INFO:colcon.colcon_core.shell:Creating package script '/home/gaga/sad_ws/install/my_vision_msgs/share/my_vision_msgs/package.ps1'
[1.378s] INFO:colcon.colcon_core.shell:Creating package descriptor '/home/gaga/sad_ws/install/my_vision_msgs/share/my_vision_msgs/package.dsv'
[1.379s] INFO:colcon.colcon_core.shell:Creating package script '/home/gaga/sad_ws/install/my_vision_msgs/share/my_vision_msgs/package.sh'
[1.379s] INFO:colcon.colcon_core.shell:Creating package script '/home/gaga/sad_ws/install/my_vision_msgs/share/my_vision_msgs/package.bash'
[1.380s] INFO:colcon.colcon_core.shell:Creating package script '/home/gaga/sad_ws/install/my_vision_msgs/share/my_vision_msgs/package.zsh'
[1.380s] Level 1:colcon.colcon_core.environment:create_file_with_runtime_dependencies(/home/gaga/sad_ws/install/my_vision_msgs/share/colcon-core/packages/my_vision_msgs)
[1.380s] INFO:colcon.colcon_ros.task.ament_cmake.build:Building ROS package in '/home/gaga/sad_ws/src/sad_pkg' with build type 'ament_cmake'
[1.381s] INFO:colcon.colcon_cmake.task.cmake.build:Building CMake package in '/home/gaga/sad_ws/src/sad_pkg'
[1.381s] INFO:colcon.colcon_core.shell:Skip shell extension 'powershell' for command environment: Not usable outside of PowerShell
[1.381s] DEBUG:colcon.colcon_core.shell:Skip shell extension 'dsv' for command environment
[1.408s] DEBUG:colcon.colcon_core.event_handler.log_command:Invoking command in '/home/gaga/sad_ws/build/sad_pkg': CMAKE_PREFIX_PATH=/home/gaga/sad_ws/install/my_vision_msgs:/home/gaga/sad_ws/install:/home/gaga/sad_ws/install/sad_pkg:/home/gaga/sad_ws/install/mani_urdf:/home/gaga/turtlebot3_ws/install/turtlebot3:/home/gaga/turtlebot3_ws/install/turtlebot3_simulations:/home/gaga/turtlebot3_ws/install/turtlebot3_bringup:/home/gaga/turtlebot3_ws/install/turtlebot3_node:/home/gaga/turtlebot3_ws/install/turtlebot3_navigation2:/home/gaga/turtlebot3_ws/install/turtlebot3_fake_node:/home/gaga/turtlebot3_ws/install/robot_master:/home/gaga/turtlebot3_ws/install/turtlebot3_msgs:/home/gaga/turtlebot3_ws/install/turtlebot3_gazebo:/home/gaga/turtlebot3_ws/install/turtlebot3_description:/home/gaga/turtlebot3_ws/install/turtlebot3_cartographer:/home/gaga/turtlebot3_ws/install/robot_vision:/home/gaga/turtlebot3_ws/install/robot_navigation:/home/gaga/turtlebot3_ws/install/robot_msgs:/home/gaga/turtlebot3_ws/install/dynamixel_sdk_examples:/home/gaga/turtlebot3_ws/install/dynamixel_sdk_custom_interfaces:/home/gaga/turtlebot3_ws/install/dynamixel_sdk:/home/gaga/ssibal_ws/install/robot_msgs:/home/gaga/sad_ws/src/install/sad_pkg:/home/gaga/sad_ws/src/install/vision_msgs:/home/gaga/sad_ws/src/install/my_vision_msgs:/home/gaga/sad_ws/src/install/mani_urdf:/home/gaga/robotprograming_ws/install/rp_pkg:/home/gaga/sad_ws/src/sad_pkg/install/sad_pkg:/home/gaga/turtlebot3_ws/install/turtlebot3_teleop:/home/gaga/turtlebot3_ws/install/turtlebot3_example:/opt/ros/humble /usr/bin/cmake --build /home/gaga/sad_ws/build/sad_pkg -- -j20 -l20
[42.782s] DEBUG:colcon.colcon_core.event_handler.log_command:Invoked command in '/home/gaga/sad_ws/build/sad_pkg' returned '0': CMAKE_PREFIX_PATH=/home/gaga/sad_ws/install/my_vision_msgs:/home/gaga/sad_ws/install:/home/gaga/sad_ws/install/sad_pkg:/home/gaga/sad_ws/install/mani_urdf:/home/gaga/turtlebot3_ws/install/turtlebot3:/home/gaga/turtlebot3_ws/install/turtlebot3_simulations:/home/gaga/turtlebot3_ws/install/turtlebot3_bringup:/home/gaga/turtlebot3_ws/install/turtlebot3_node:/home/gaga/turtlebot3_ws/install/turtlebot3_navigation2:/home/gaga/turtlebot3_ws/install/turtlebot3_fake_node:/home/gaga/turtlebot3_ws/install/robot_master:/home/gaga/turtlebot3_ws/install/turtlebot3_msgs:/home/gaga/turtlebot3_ws/install/turtlebot3_gazebo:/home/gaga/turtlebot3_ws/install/turtlebot3_description:/home/gaga/turtlebot3_ws/install/turtlebot3_cartographer:/home/gaga/turtlebot3_ws/install/robot_vision:/home/gaga/turtlebot3_ws/install/robot_navigation:/home/gaga/turtlebot3_ws/install/robot_msgs:/home/gaga/turtlebot3_ws/install/dynamixel_sdk_examples:/home/gaga/turtlebot3_ws/install/dynamixel_sdk_custom_interfaces:/home/gaga/turtlebot3_ws/install/dynamixel_sdk:/home/gaga/ssibal_ws/install/robot_msgs:/home/gaga/sad_ws/src/install/sad_pkg:/home/gaga/sad_ws/src/install/vision_msgs:/home/gaga/sad_ws/src/install/my_vision_msgs:/home/gaga/sad_ws/src/install/mani_urdf:/home/gaga/robotprograming_ws/install/rp_pkg:/home/gaga/sad_ws/src/sad_pkg/install/sad_pkg:/home/gaga/turtlebot3_ws/install/turtlebot3_teleop:/home/gaga/turtlebot3_ws/install/turtlebot3_example:/opt/ros/humble /usr/bin/cmake --build /home/gaga/sad_ws/build/sad_pkg -- -j20 -l20
[42.784s] DEBUG:colcon.colcon_core.event_handler.log_command:Invoking command in '/home/gaga/sad_ws/build/sad_pkg': CMAKE_PREFIX_PATH=/home/gaga/sad_ws/install/my_vision_msgs:/home/gaga/sad_ws/install:/home/gaga/sad_ws/install/sad_pkg:/home/gaga/sad_ws/install/mani_urdf:/home/gaga/turtlebot3_ws/install/turtlebot3:/home/gaga/turtlebot3_ws/install/turtlebot3_simulations:/home/gaga/turtlebot3_ws/install/turtlebot3_bringup:/home/gaga/turtlebot3_ws/install/turtlebot3_node:/home/gaga/turtlebot3_ws/install/turtlebot3_navigation2:/home/gaga/turtlebot3_ws/install/turtlebot3_fake_node:/home/gaga/turtlebot3_ws/install/robot_master:/home/gaga/turtlebot3_ws/install/turtlebot3_msgs:/home/gaga/turtlebot3_ws/install/turtlebot3_gazebo:/home/gaga/turtlebot3_ws/install/turtlebot3_description:/home/gaga/turtlebot3_ws/install/turtlebot3_cartographer:/home/gaga/turtlebot3_ws/install/robot_vision:/home/gaga/turtlebot3_ws/install/robot_navigation:/home/gaga/turtlebot3_ws/install/robot_msgs:/home/gaga/turtlebot3_ws/install/dynamixel_sdk_examples:/home/gaga/turtlebot3_ws/install/dynamixel_sdk_custom_interfaces:/home/gaga/turtlebot3_ws/install/dynamixel_sdk:/home/gaga/ssibal_ws/install/robot_msgs:/home/gaga/sad_ws/src/install/sad_pkg:/home/gaga/sad_ws/src/install/vision_msgs:/home/gaga/sad_ws/src/install/my_vision_msgs:/home/gaga/sad_ws/src/install/mani_urdf:/home/gaga/robotprograming_ws/install/rp_pkg:/home/gaga/sad_ws/src/sad_pkg/install/sad_pkg:/home/gaga/turtlebot3_ws/install/turtlebot3_teleop:/home/gaga/turtlebot3_ws/install/turtlebot3_example:/opt/ros/humble /usr/bin/cmake --install /home/gaga/sad_ws/build/sad_pkg
[42.820s] Level 1:colcon.colcon_core.environment:create_environment_scripts_only(sad_pkg)
[42.821s] Level 1:colcon.colcon_core.environment:checking '/home/gaga/sad_ws/install/sad_pkg' for CMake module files
[42.821s] DEBUG:colcon.colcon_core.event_handler.log_command:Invoked command in '/home/gaga/sad_ws/build/sad_pkg' returned '0': CMAKE_PREFIX_PATH=/home/gaga/sad_ws/install/my_vision_msgs:/home/gaga/sad_ws/install:/home/gaga/sad_ws/install/sad_pkg:/home/gaga/sad_ws/install/mani_urdf:/home/gaga/turtlebot3_ws/install/turtlebot3:/home/gaga/turtlebot3_ws/install/turtlebot3_simulations:/home/gaga/turtlebot3_ws/install/turtlebot3_bringup:/home/gaga/turtlebot3_ws/install/turtlebot3_node:/home/gaga/turtlebot3_ws/install/turtlebot3_navigation2:/home/gaga/turtlebot3_ws/install/turtlebot3_fake_node:/home/gaga/turtlebot3_ws/install/robot_master:/home/gaga/turtlebot3_ws/install/turtlebot3_msgs:/home/gaga/turtlebot3_ws/install/turtlebot3_gazebo:/home/gaga/turtlebot3_ws/install/turtlebot3_description:/home/gaga/turtlebot3_ws/install/turtlebot3_cartographer:/home/gaga/turtlebot3_ws/install/robot_vision:/home/gaga/turtlebot3_ws/install/robot_navigation:/home/gaga/turtlebot3_ws/install/robot_msgs:/home/gaga/turtlebot3_ws/install/dynamixel_sdk_examples:/home/gaga/turtlebot3_ws/install/dynamixel_sdk_custom_interfaces:/home/gaga/turtlebot3_ws/install/dynamixel_sdk:/home/gaga/ssibal_ws/install/robot_msgs:/home/gaga/sad_ws/src/install/sad_pkg:/home/gaga/sad_ws/src/install/vision_msgs:/home/gaga/sad_ws/src/install/my_vision_msgs:/home/gaga/sad_ws/src/install/mani_urdf:/home/gaga/robotprograming_ws/install/rp_pkg:/home/gaga/sad_ws/src/sad_pkg/install/sad_pkg:/home/gaga/turtlebot3_ws/install/turtlebot3_teleop:/home/gaga/turtlebot3_ws/install/turtlebot3_example:/opt/ros/humble /usr/bin/cmake --install /home/gaga/sad_ws/build/sad_pkg
[42.822s] Level 1:colcon.colcon_core.environment:checking '/home/gaga/sad_ws/install/sad_pkg' for CMake config files
[42.822s] Level 1:colcon.colcon_core.shell:create_environment_hook('sad_pkg', 'cmake_prefix_path')
[42.822s] INFO:colcon.colcon_core.shell:Creating environment hook '/home/gaga/sad_ws/install/sad_pkg/share/sad_pkg/hook/cmake_prefix_path.ps1'
[42.823s] INFO:colcon.colcon_core.shell:Creating environment descriptor '/home/gaga/sad_ws/install/sad_pkg/share/sad_pkg/hook/cmake_prefix_path.dsv'
[42.823s] INFO:colcon.colcon_core.shell:Creating environment hook '/home/gaga/sad_ws/install/sad_pkg/share/sad_pkg/hook/cmake_prefix_path.sh'
[42.824s] Level 1:colcon.colcon_core.environment:checking '/home/gaga/sad_ws/install/sad_pkg/lib'
[42.824s] Level 1:colcon.colcon_core.environment:checking '/home/gaga/sad_ws/install/sad_pkg/bin'
[42.824s] Level 1:colcon.colcon_core.environment:checking '/home/gaga/sad_ws/install/sad_pkg/lib/pkgconfig/sad_pkg.pc'
[42.825s] Level 1:colcon.colcon_core.environment:checking '/home/gaga/sad_ws/install/sad_pkg/lib/python3.10/site-packages'
[42.825s] Level 1:colcon.colcon_core.environment:checking '/home/gaga/sad_ws/install/sad_pkg/bin'
[42.825s] INFO:colcon.colcon_core.shell:Creating package script '/home/gaga/sad_ws/install/sad_pkg/share/sad_pkg/package.ps1'
[42.826s] INFO:colcon.colcon_core.shell:Creating package descriptor '/home/gaga/sad_ws/install/sad_pkg/share/sad_pkg/package.dsv'
[42.826s] INFO:colcon.colcon_core.shell:Creating package script '/home/gaga/sad_ws/install/sad_pkg/share/sad_pkg/package.sh'
[42.826s] INFO:colcon.colcon_core.shell:Creating package script '/home/gaga/sad_ws/install/sad_pkg/share/sad_pkg/package.bash'
[42.827s] INFO:colcon.colcon_core.shell:Creating package script '/home/gaga/sad_ws/install/sad_pkg/share/sad_pkg/package.zsh'
[42.827s] Level 1:colcon.colcon_core.environment:create_file_with_runtime_dependencies(/home/gaga/sad_ws/install/sad_pkg/share/colcon-core/packages/sad_pkg)
[42.828s] Level 1:colcon.colcon_core.environment:create_environment_scripts_only(sad_pkg)
[42.828s] Level 1:colcon.colcon_core.environment:checking '/home/gaga/sad_ws/install/sad_pkg' for CMake module files
[42.829s] Level 1:colcon.colcon_core.environment:checking '/home/gaga/sad_ws/install/sad_pkg' for CMake config files
[42.829s] Level 1:colcon.colcon_core.shell:create_environment_hook('sad_pkg', 'cmake_prefix_path')
[42.829s] INFO:colcon.colcon_core.shell:Creating environment hook '/home/gaga/sad_ws/install/sad_pkg/share/sad_pkg/hook/cmake_prefix_path.ps1'
[42.830s] INFO:colcon.colcon_core.shell:Creating environment descriptor '/home/gaga/sad_ws/install/sad_pkg/share/sad_pkg/hook/cmake_prefix_path.dsv'
[42.830s] INFO:colcon.colcon_core.shell:Creating environment hook '/home/gaga/sad_ws/install/sad_pkg/share/sad_pkg/hook/cmake_prefix_path.sh'
[42.830s] Level 1:colcon.colcon_core.environment:checking '/home/gaga/sad_ws/install/sad_pkg/lib'
[42.830s] Level 1:colcon.colcon_core.environment:checking '/home/gaga/sad_ws/install/sad_pkg/bin'
[42.830s] Level 1:colcon.colcon_core.environment:checking '/home/gaga/sad_ws/install/sad_pkg/lib/pkgconfig/sad_pkg.pc'
[42.831s] Level 1:colcon.colcon_core.environment:checking '/home/gaga/sad_ws/install/sad_pkg/lib/python3.10/site-packages'
[42.831s] Level 1:colcon.colcon_core.environment:checking '/home/gaga/sad_ws/install/sad_pkg/bin'
[42.831s] INFO:colcon.colcon_core.shell:Creating package script '/home/gaga/sad_ws/install/sad_pkg/share/sad_pkg/package.ps1'
[42.832s] INFO:colcon.colcon_core.shell:Creating package descriptor '/home/gaga/sad_ws/install/sad_pkg/share/sad_pkg/package.dsv'
[42.833s] INFO:colcon.colcon_core.shell:Creating package script '/home/gaga/sad_ws/install/sad_pkg/share/sad_pkg/package.sh'
[42.833s] INFO:colcon.colcon_core.shell:Creating package script '/home/gaga/sad_ws/install/sad_pkg/share/sad_pkg/package.bash'
[42.833s] INFO:colcon.colcon_core.shell:Creating package script '/home/gaga/sad_ws/install/sad_pkg/share/sad_pkg/package.zsh'
[42.834s] Level 1:colcon.colcon_core.environment:create_file_with_runtime_dependencies(/home/gaga/sad_ws/install/sad_pkg/share/colcon-core/packages/sad_pkg)
[42.834s] DEBUG:colcon.colcon_parallel_executor.executor.parallel:closing loop
[42.835s] DEBUG:colcon.colcon_parallel_executor.executor.parallel:loop closed
[42.835s] DEBUG:colcon.colcon_parallel_executor.executor.parallel:run_until_complete finished with '0'
[42.835s] DEBUG:colcon.colcon_core.event_reactor:joining thread
[42.845s] INFO:colcon.colcon_core.plugin_system:Skipping extension 'colcon_notification.desktop_notification.terminal_notifier': Not used on non-Darwin systems
[42.845s] INFO:colcon.colcon_core.plugin_system:Skipping extension 'colcon_notification.desktop_notification.win32': Not used on non-Windows systems
[42.846s] INFO:colcon.colcon_notification.desktop_notification:Sending desktop notification using 'notify2'
[42.867s] DEBUG:colcon.colcon_core.event_reactor:joined thread
[42.868s] INFO:colcon.colcon_core.shell:Creating prefix script '/home/gaga/sad_ws/install/local_setup.ps1'
[42.870s] INFO:colcon.colcon_core.shell:Creating prefix util module '/home/gaga/sad_ws/install/_local_setup_util_ps1.py'
[42.871s] INFO:colcon.colcon_core.shell:Creating prefix chain script '/home/gaga/sad_ws/install/setup.ps1'
[42.874s] INFO:colcon.colcon_core.shell:Creating prefix script '/home/gaga/sad_ws/install/local_setup.sh'
[42.875s] INFO:colcon.colcon_core.shell:Creating prefix util module '/home/gaga/sad_ws/install/_local_setup_util_sh.py'
[42.875s] INFO:colcon.colcon_core.shell:Creating prefix chain script '/home/gaga/sad_ws/install/setup.sh'
[42.878s] INFO:colcon.colcon_core.shell:Creating prefix script '/home/gaga/sad_ws/install/local_setup.bash'
[42.879s] INFO:colcon.colcon_core.shell:Creating prefix chain script '/home/gaga/sad_ws/install/setup.bash'
[42.881s] INFO:colcon.colcon_core.shell:Creating prefix script '/home/gaga/sad_ws/install/local_setup.zsh'
[42.881s] INFO:colcon.colcon_core.shell:Creating prefix chain script '/home/gaga/sad_ws/install/setup.zsh'
