-- Install configuration: ""
-- Up-to-date: /home/gaga/sad_ws/install/mani_urdf/share/mani_urdf/description
-- Up-to-date: /home/gaga/sad_ws/install/mani_urdf/share/mani_urdf/description/example_robot.urdf.xacro
-- Up-to-date: /home/gaga/sad_ws/install/mani_urdf/share/mani_urdf/description/mesh
-- Up-to-date: /home/gaga/sad_ws/install/mani_urdf/share/mani_urdf/description/mesh/before.zip
-- Up-to-date: /home/gaga/sad_ws/install/mani_urdf/share/mani_urdf/description/mesh/link3.stl
-- Up-to-date: /home/gaga/sad_ws/install/mani_urdf/share/mani_urdf/description/mesh/link1.stl
-- Up-to-date: /home/gaga/sad_ws/install/mani_urdf/share/mani_urdf/description/mesh/link5.stl
-- Up-to-date: /home/gaga/sad_ws/install/mani_urdf/share/mani_urdf/description/mesh/link6.stl
-- Up-to-date: /home/gaga/sad_ws/install/mani_urdf/share/mani_urdf/description/mesh/link7.stl
-- Up-to-date: /home/gaga/sad_ws/install/mani_urdf/share/mani_urdf/description/mesh/link2.stl
-- Up-to-date: /home/gaga/sad_ws/install/mani_urdf/share/mani_urdf/description/mesh/link4.stl
-- Up-to-date: /home/gaga/sad_ws/install/mani_urdf/share/mani_urdf/description/mesh/endeffector.stl
-- Up-to-date: /home/gaga/sad_ws/install/mani_urdf/share/mani_urdf/description/mesh/link5_1.stl
-- Up-to-date: /home/gaga/sad_ws/install/mani_urdf/share/mani_urdf/description/example_gazebo.xacro
-- Up-to-date: /home/gaga/sad_ws/install/mani_urdf/share/mani_urdf/description/example_include.xacro
-- Up-to-date: /home/gaga/sad_ws/install/mani_urdf/share/mani_urdf/launch
-- Up-to-date: /home/gaga/sad_ws/install/mani_urdf/share/mani_urdf/launch/rsp.launch.py
-- Up-to-date: /home/gaga/sad_ws/install/mani_urdf/share/mani_urdf/launch/rsp_sim.launch.py
-- Up-to-date: /home/gaga/sad_ws/install/mani_urdf/share/mani_urdf/worlds
-- Up-to-date: /home/gaga/sad_ws/install/mani_urdf/share/mani_urdf/worlds/test_world.world
-- Up-to-date: /home/gaga/sad_ws/install/mani_urdf/share/mani_urdf/config
-- Up-to-date: /home/gaga/sad_ws/install/mani_urdf/share/mani_urdf/config/gazebo_controll.yaml
-- Up-to-date: /home/gaga/sad_ws/install/mani_urdf/share/ament_index/resource_index/package_run_dependencies/mani_urdf
-- Up-to-date: /home/gaga/sad_ws/install/mani_urdf/share/ament_index/resource_index/parent_prefix_path/mani_urdf
-- Up-to-date: /home/gaga/sad_ws/install/mani_urdf/share/mani_urdf/environment/ament_prefix_path.sh
-- Up-to-date: /home/gaga/sad_ws/install/mani_urdf/share/mani_urdf/environment/ament_prefix_path.dsv
-- Up-to-date: /home/gaga/sad_ws/install/mani_urdf/share/mani_urdf/environment/path.sh
-- Up-to-date: /home/gaga/sad_ws/install/mani_urdf/share/mani_urdf/environment/path.dsv
-- Up-to-date: /home/gaga/sad_ws/install/mani_urdf/share/mani_urdf/local_setup.bash
-- Up-to-date: /home/gaga/sad_ws/install/mani_urdf/share/mani_urdf/local_setup.sh
-- Up-to-date: /home/gaga/sad_ws/install/mani_urdf/share/mani_urdf/local_setup.zsh
-- Up-to-date: /home/gaga/sad_ws/install/mani_urdf/share/mani_urdf/local_setup.dsv
-- Up-to-date: /home/gaga/sad_ws/install/mani_urdf/share/mani_urdf/package.dsv
-- Up-to-date: /home/gaga/sad_ws/install/mani_urdf/share/ament_index/resource_index/packages/mani_urdf
-- Up-to-date: /home/gaga/sad_ws/install/mani_urdf/share/mani_urdf/cmake/mani_urdfConfig.cmake
-- Up-to-date: /home/gaga/sad_ws/install/mani_urdf/share/mani_urdf/cmake/mani_urdfConfig-version.cmake
-- Up-to-date: /home/gaga/sad_ws/install/mani_urdf/share/mani_urdf/package.xml
