-- The C compiler identification is GNU 11.4.0
-- The CXX compiler identification is GNU 11.4.0
-- Detecting C compiler ABI info
-- Detecting C compiler ABI info - done
-- Check for working C compiler: /usr/bin/cc - skipped
-- Detecting C compile features
-- Detecting C compile features - done
-- Detecting CXX compiler ABI info
-- Detecting CXX compiler ABI info - done
-- Check for working CXX compiler: /usr/bin/c++ - skipped
-- Detecting CXX compile features
-- Detecting CXX compile features - done
-- Found ament_cmake: 1.3.11 (/opt/ros/humble/share/ament_cmake/cmake)
-- Found Python3: /usr/bin/python3 (found version "3.10.12") found components: Interpreter 
-- Found std_msgs: 4.8.0 (/opt/ros/humble/share/std_msgs/cmake)
-- Found rosidl_generator_c: 3.1.6 (/opt/ros/humble/share/rosidl_generator_c/cmake)
-- Found rosidl_adapter: 3.1.6 (/opt/ros/humble/share/rosidl_adapter/cmake)
-- Found rosidl_generator_cpp: 3.1.6 (/opt/ros/humble/share/rosidl_generator_cpp/cmake)
-- Using all available rosidl_typesupport_c: rosidl_typesupport_fastrtps_c;rosidl_typesupport_introspection_c
-- Using all available rosidl_typesupport_cpp: rosidl_typesupport_fastrtps_cpp;rosidl_typesupport_introspection_cpp
-- Found rclcpp: 16.0.12 (/opt/ros/humble/share/rclcpp/cmake)
-- Found rmw_implementation_cmake: 6.1.2 (/opt/ros/humble/share/rmw_implementation_cmake/cmake)
-- Found rmw_fastrtps_cpp: 6.2.7 (/opt/ros/humble/share/rmw_fastrtps_cpp/cmake)
-- Found OpenSSL: /usr/lib/x86_64-linux-gnu/libcrypto.so (found version "3.0.2")  
-- Found FastRTPS: /opt/ros/humble/include  
-- Using RMW implementation 'rmw_fastrtps_cpp' as default
-- Looking for pthread.h
-- Looking for pthread.h - found
-- Performing Test CMAKE_HAVE_LIBC_PTHREAD
-- Performing Test CMAKE_HAVE_LIBC_PTHREAD - Success
-- Found Threads: TRUE  
-- Found geometry_msgs: 4.8.0 (/opt/ros/humble/share/geometry_msgs/cmake)
-- Found rosidl_default_generators: 1.2.0 (/opt/ros/humble/share/rosidl_default_generators/cmake)
-- Found ament_cmake_ros: 0.10.0 (/opt/ros/humble/share/ament_cmake_ros/cmake)
-- Using all available rosidl_typesupport_c: rosidl_typesupport_fastrtps_c;rosidl_typesupport_introspection_c
-- Using all available rosidl_typesupport_cpp: rosidl_typesupport_fastrtps_cpp;rosidl_typesupport_introspection_cpp
-- Found PythonInterp: /usr/bin/python3 (found suitable version "3.10.12", minimum required is "3.6") 
-- Found python_cmake_module: 0.10.0 (/opt/ros/humble/share/python_cmake_module/cmake)
-- Found PythonLibs: /usr/lib/x86_64-linux-gnu/libpython3.10.so (found suitable version "3.10.12", minimum required is "3.5") 
-- Using PYTHON_EXECUTABLE: /usr/bin/python3
-- Using PYTHON_INCLUDE_DIRS: /usr/include/python3.10
-- Using PYTHON_LIBRARIES: /usr/lib/x86_64-linux-gnu/libpython3.10.so
-- Found PythonExtra: .so  
-- Configuring done
-- Generating done
-- Build files have been written to: /home/gaga/sad_ws/src/build/vision_msgs
[  1%] [34m[1mGenerating C code for ROS interfaces[0m
[  3%] [34m[1mGenerating C++ code for ROS interfaces[0m
[  3%] Built target ament_cmake_python_copy_vision_msgs
running egg_info
creating vision_msgs.egg-info
writing vision_msgs.egg-info/PKG-INFO
writing dependency_links to vision_msgs.egg-info/dependency_links.txt
writing top-level names to vision_msgs.egg-info/top_level.txt
writing manifest file 'vision_msgs.egg-info/SOURCES.txt'
reading manifest file 'vision_msgs.egg-info/SOURCES.txt'
writing manifest file 'vision_msgs.egg-info/SOURCES.txt'
[  3%] Built target ament_cmake_python_build_vision_msgs_egg
[  3%] Built target vision_msgs__cpp
[  5%] [32mBuilding C object CMakeFiles/vision_msgs__rosidl_generator_c.dir/rosidl_generator_c/vision_msgs/msg/detail/harvest_ordering__functions.c.o[0m
[  9%] [32mBuilding C object CMakeFiles/vision_msgs__rosidl_generator_c.dir/rosidl_generator_c/vision_msgs/msg/detail/detected_crop_array__functions.c.o[0m
[  9%] [32mBuilding C object CMakeFiles/vision_msgs__rosidl_generator_c.dir/rosidl_generator_c/vision_msgs/msg/detail/detected_crop__functions.c.o[0m
[ 10%] [32mBuilding C object CMakeFiles/vision_msgs__rosidl_generator_c.dir/rosidl_generator_c/vision_msgs/msg/detail/crop_pose__functions.c.o[0m
[ 16%] [34m[1mGenerating C++ type support dispatch for ROS interfaces[0m
[ 16%] [34m[1mGenerating C++ type support for eProsima Fast-RTPS[0m
[ 16%] [34m[1mGenerating C++ introspection for ROS interfaces[0m
[ 18%] [32m[1mLinking C shared library libvision_msgs__rosidl_generator_c.so[0m
[ 18%] Built target vision_msgs__rosidl_generator_c
[ 20%] [34m[1mGenerating C type support for eProsima Fast-RTPS[0m
[ 21%] [34m[1mGenerating C introspection for ROS interfaces[0m
[ 23%] [34m[1mGenerating C type support dispatch for ROS interfaces[0m
[ 25%] [32mBuilding CXX object CMakeFiles/vision_msgs__rosidl_typesupport_cpp.dir/rosidl_typesupport_cpp/vision_msgs/msg/detected_crop_array__type_support.cpp.o[0m
[ 27%] [32mBuilding CXX object CMakeFiles/vision_msgs__rosidl_typesupport_cpp.dir/rosidl_typesupport_cpp/vision_msgs/msg/crop_pose__type_support.cpp.o[0m
[ 29%] [32mBuilding CXX object CMakeFiles/vision_msgs__rosidl_typesupport_cpp.dir/rosidl_typesupport_cpp/vision_msgs/msg/detected_crop__type_support.cpp.o[0m
[ 30%] [32mBuilding CXX object CMakeFiles/vision_msgs__rosidl_typesupport_cpp.dir/rosidl_typesupport_cpp/vision_msgs/msg/harvest_ordering__type_support.cpp.o[0m
[ 32%] [32mBuilding CXX object CMakeFiles/vision_msgs__rosidl_typesupport_introspection_cpp.dir/rosidl_typesupport_introspection_cpp/vision_msgs/msg/detail/detected_crop__type_support.cpp.o[0m
[ 36%] [32mBuilding CXX object CMakeFiles/vision_msgs__rosidl_typesupport_introspection_cpp.dir/rosidl_typesupport_introspection_cpp/vision_msgs/msg/detail/crop_pose__type_support.cpp.o[0m
[ 36%] [32mBuilding CXX object CMakeFiles/vision_msgs__rosidl_typesupport_introspection_cpp.dir/rosidl_typesupport_introspection_cpp/vision_msgs/msg/detail/harvest_ordering__type_support.cpp.o[0m
[ 38%] [32mBuilding CXX object CMakeFiles/vision_msgs__rosidl_typesupport_introspection_cpp.dir/rosidl_typesupport_introspection_cpp/vision_msgs/msg/detail/detected_crop_array__type_support.cpp.o[0m
[ 45%] [32mBuilding CXX object CMakeFiles/vision_msgs__rosidl_typesupport_fastrtps_cpp.dir/rosidl_typesupport_fastrtps_cpp/vision_msgs/msg/detail/dds_fastrtps/detected_crop_array__type_support.cpp.o[0m
[ 45%] [32mBuilding CXX object CMakeFiles/vision_msgs__rosidl_typesupport_fastrtps_cpp.dir/rosidl_typesupport_fastrtps_cpp/vision_msgs/msg/detail/dds_fastrtps/detected_crop__type_support.cpp.o[0m
[ 45%] [32mBuilding CXX object CMakeFiles/vision_msgs__rosidl_typesupport_fastrtps_cpp.dir/rosidl_typesupport_fastrtps_cpp/vision_msgs/msg/detail/dds_fastrtps/harvest_ordering__type_support.cpp.o[0m
[ 45%] [32mBuilding CXX object CMakeFiles/vision_msgs__rosidl_typesupport_fastrtps_cpp.dir/rosidl_typesupport_fastrtps_cpp/vision_msgs/msg/detail/dds_fastrtps/crop_pose__type_support.cpp.o[0m
[ 47%] [32mBuilding CXX object CMakeFiles/vision_msgs__rosidl_typesupport_c.dir/rosidl_typesupport_c/vision_msgs/msg/detected_crop__type_support.cpp.o[0m
[ 50%] [32mBuilding CXX object CMakeFiles/vision_msgs__rosidl_typesupport_c.dir/rosidl_typesupport_c/vision_msgs/msg/detected_crop_array__type_support.cpp.o[0m
[ 50%] [32mBuilding CXX object CMakeFiles/vision_msgs__rosidl_typesupport_c.dir/rosidl_typesupport_c/vision_msgs/msg/crop_pose__type_support.cpp.o[0m
[ 52%] [32mBuilding CXX object CMakeFiles/vision_msgs__rosidl_typesupport_c.dir/rosidl_typesupport_c/vision_msgs/msg/harvest_ordering__type_support.cpp.o[0m
[ 54%] [32m[1mLinking CXX shared library libvision_msgs__rosidl_typesupport_c.so[0m
[ 54%] Built target vision_msgs__rosidl_typesupport_c
[ 60%] [32mBuilding C object CMakeFiles/vision_msgs__rosidl_typesupport_introspection_c.dir/rosidl_typesupport_introspection_c/vision_msgs/msg/detail/harvest_ordering__type_support.c.o[0m
[ 60%] [32mBuilding C object CMakeFiles/vision_msgs__rosidl_typesupport_introspection_c.dir/rosidl_typesupport_introspection_c/vision_msgs/msg/detail/detected_crop__type_support.c.o[0m
[ 60%] [32mBuilding C object CMakeFiles/vision_msgs__rosidl_typesupport_introspection_c.dir/rosidl_typesupport_introspection_c/vision_msgs/msg/detail/crop_pose__type_support.c.o[0m
[ 61%] [32mBuilding C object CMakeFiles/vision_msgs__rosidl_typesupport_introspection_c.dir/rosidl_typesupport_introspection_c/vision_msgs/msg/detail/detected_crop_array__type_support.c.o[0m
[ 69%] [32mBuilding CXX object CMakeFiles/vision_msgs__rosidl_typesupport_fastrtps_c.dir/rosidl_typesupport_fastrtps_c/vision_msgs/msg/detail/crop_pose__type_support_c.cpp.o[0m
[ 69%] [32mBuilding CXX object CMakeFiles/vision_msgs__rosidl_typesupport_fastrtps_c.dir/rosidl_typesupport_fastrtps_c/vision_msgs/msg/detail/detected_crop_array__type_support_c.cpp.o[0m
[ 69%] [32mBuilding CXX object CMakeFiles/vision_msgs__rosidl_typesupport_fastrtps_c.dir/rosidl_typesupport_fastrtps_c/vision_msgs/msg/detail/harvest_ordering__type_support_c.cpp.o[0m
[ 69%] [32mBuilding CXX object CMakeFiles/vision_msgs__rosidl_typesupport_fastrtps_c.dir/rosidl_typesupport_fastrtps_c/vision_msgs/msg/detail/detected_crop__type_support_c.cpp.o[0m
[ 70%] [32m[1mLinking C shared library libvision_msgs__rosidl_typesupport_introspection_c.so[0m
[ 70%] Built target vision_msgs__rosidl_typesupport_introspection_c
[ 72%] [32m[1mLinking CXX shared library libvision_msgs__rosidl_typesupport_cpp.so[0m
[ 72%] Built target vision_msgs__rosidl_typesupport_cpp
[ 74%] [32m[1mLinking CXX shared library libvision_msgs__rosidl_typesupport_fastrtps_cpp.so[0m
[ 76%] [32m[1mLinking CXX shared library libvision_msgs__rosidl_typesupport_introspection_cpp.so[0m
[ 78%] [32m[1mLinking CXX shared library libvision_msgs__rosidl_typesupport_fastrtps_c.so[0m
[ 78%] Built target vision_msgs__rosidl_typesupport_fastrtps_cpp
[ 78%] Built target vision_msgs__rosidl_typesupport_introspection_cpp
[ 78%] Built target vision_msgs__rosidl_typesupport_fastrtps_c
[ 78%] Built target vision_msgs
[ 80%] [34m[1mGenerating Python code for ROS interfaces[0m
[ 80%] Built target vision_msgs__py
[ 81%] [32mBuilding C object CMakeFiles/vision_msgs__rosidl_generator_py.dir/rosidl_generator_py/vision_msgs/msg/_crop_pose_s.c.o[0m
[ 83%] [32mBuilding C object CMakeFiles/vision_msgs__rosidl_generator_py.dir/rosidl_generator_py/vision_msgs/msg/_harvest_ordering_s.c.o[0m
[ 85%] [32mBuilding C object CMakeFiles/vision_msgs__rosidl_generator_py.dir/rosidl_generator_py/vision_msgs/msg/_detected_crop_s.c.o[0m
[ 87%] [32mBuilding C object CMakeFiles/vision_msgs__rosidl_generator_py.dir/rosidl_generator_py/vision_msgs/msg/_detected_crop_array_s.c.o[0m
[ 89%] [32m[1mLinking C shared library rosidl_generator_py/vision_msgs/libvision_msgs__rosidl_generator_py.so[0m
[ 89%] Built target vision_msgs__rosidl_generator_py
[ 90%] [32mBuilding C object CMakeFiles/vision_msgs__rosidl_typesupport_fastrtps_c__pyext.dir/rosidl_generator_py/vision_msgs/_vision_msgs_s.ep.rosidl_typesupport_fastrtps_c.c.o[0m
[ 92%] [32mBuilding C object CMakeFiles/vision_msgs__rosidl_typesupport_c__pyext.dir/rosidl_generator_py/vision_msgs/_vision_msgs_s.ep.rosidl_typesupport_c.c.o[0m
[ 94%] [32mBuilding C object CMakeFiles/vision_msgs__rosidl_typesupport_introspection_c__pyext.dir/rosidl_generator_py/vision_msgs/_vision_msgs_s.ep.rosidl_typesupport_introspection_c.c.o[0m
[ 96%] [32m[1mLinking C shared library rosidl_generator_py/vision_msgs/vision_msgs_s__rosidl_typesupport_introspection_c.cpython-310-x86_64-linux-gnu.so[0m
[100%] [32m[1mLinking C shared library rosidl_generator_py/vision_msgs/vision_msgs_s__rosidl_typesupport_c.cpython-310-x86_64-linux-gnu.so[0m
[100%] [32m[1mLinking C shared library rosidl_generator_py/vision_msgs/vision_msgs_s__rosidl_typesupport_fastrtps_c.cpython-310-x86_64-linux-gnu.so[0m
[100%] Built target vision_msgs__rosidl_typesupport_introspection_c__pyext
[100%] Built target vision_msgs__rosidl_typesupport_c__pyext
[100%] Built target vision_msgs__rosidl_typesupport_fastrtps_c__pyext
-- Install configuration: ""
-- Installing: /home/gaga/sad_ws/src/install/vision_msgs/share/ament_index/resource_index/rosidl_interfaces/vision_msgs
-- Installing: /home/gaga/sad_ws/src/install/vision_msgs/include/vision_msgs/vision_msgs
-- Installing: /home/gaga/sad_ws/src/install/vision_msgs/include/vision_msgs/vision_msgs/msg
-- Installing: /home/gaga/sad_ws/src/install/vision_msgs/include/vision_msgs/vision_msgs/msg/detected_crop.h
-- Installing: /home/gaga/sad_ws/src/install/vision_msgs/include/vision_msgs/vision_msgs/msg/rosidl_generator_c__visibility_control.h
-- Installing: /home/gaga/sad_ws/src/install/vision_msgs/include/vision_msgs/vision_msgs/msg/crop_pose.h
-- Installing: /home/gaga/sad_ws/src/install/vision_msgs/include/vision_msgs/vision_msgs/msg/harvest_ordering.h
-- Installing: /home/gaga/sad_ws/src/install/vision_msgs/include/vision_msgs/vision_msgs/msg/detail
-- Installing: /home/gaga/sad_ws/src/install/vision_msgs/include/vision_msgs/vision_msgs/msg/detail/detected_crop__functions.c
-- Installing: /home/gaga/sad_ws/src/install/vision_msgs/include/vision_msgs/vision_msgs/msg/detail/detected_crop_array__struct.h
-- Installing: /home/gaga/sad_ws/src/install/vision_msgs/include/vision_msgs/vision_msgs/msg/detail/detected_crop_array__functions.c
-- Installing: /home/gaga/sad_ws/src/install/vision_msgs/include/vision_msgs/vision_msgs/msg/detail/crop_pose__struct.h
-- Installing: /home/gaga/sad_ws/src/install/vision_msgs/include/vision_msgs/vision_msgs/msg/detail/harvest_ordering__functions.c
-- Installing: /home/gaga/sad_ws/src/install/vision_msgs/include/vision_msgs/vision_msgs/msg/detail/detected_crop__struct.h
-- Installing: /home/gaga/sad_ws/src/install/vision_msgs/include/vision_msgs/vision_msgs/msg/detail/harvest_ordering__struct.h
-- Installing: /home/gaga/sad_ws/src/install/vision_msgs/include/vision_msgs/vision_msgs/msg/detail/harvest_ordering__functions.h
-- Installing: /home/gaga/sad_ws/src/install/vision_msgs/include/vision_msgs/vision_msgs/msg/detail/harvest_ordering__type_support.h
-- Installing: /home/gaga/sad_ws/src/install/vision_msgs/include/vision_msgs/vision_msgs/msg/detail/detected_crop__functions.h
-- Installing: /home/gaga/sad_ws/src/install/vision_msgs/include/vision_msgs/vision_msgs/msg/detail/detected_crop__type_support.h
-- Installing: /home/gaga/sad_ws/src/install/vision_msgs/include/vision_msgs/vision_msgs/msg/detail/crop_pose__functions.c
-- Installing: /home/gaga/sad_ws/src/install/vision_msgs/include/vision_msgs/vision_msgs/msg/detail/crop_pose__type_support.h
-- Installing: /home/gaga/sad_ws/src/install/vision_msgs/include/vision_msgs/vision_msgs/msg/detail/detected_crop_array__functions.h
-- Installing: /home/gaga/sad_ws/src/install/vision_msgs/include/vision_msgs/vision_msgs/msg/detail/crop_pose__functions.h
-- Installing: /home/gaga/sad_ws/src/install/vision_msgs/include/vision_msgs/vision_msgs/msg/detail/detected_crop_array__type_support.h
-- Installing: /home/gaga/sad_ws/src/install/vision_msgs/include/vision_msgs/vision_msgs/msg/detected_crop_array.h
-- Installing: /home/gaga/sad_ws/src/install/vision_msgs/share/vision_msgs/environment/library_path.sh
-- Installing: /home/gaga/sad_ws/src/install/vision_msgs/share/vision_msgs/environment/library_path.dsv
-- Installing: /home/gaga/sad_ws/src/install/vision_msgs/lib/libvision_msgs__rosidl_generator_c.so
-- Set runtime path of "/home/gaga/sad_ws/src/install/vision_msgs/lib/libvision_msgs__rosidl_generator_c.so" to ""
-- Up-to-date: /home/gaga/sad_ws/src/install/vision_msgs/include/vision_msgs/vision_msgs
-- Up-to-date: /home/gaga/sad_ws/src/install/vision_msgs/include/vision_msgs/vision_msgs/msg
-- Installing: /home/gaga/sad_ws/src/install/vision_msgs/include/vision_msgs/vision_msgs/msg/rosidl_typesupport_fastrtps_c__visibility_control.h
-- Up-to-date: /home/gaga/sad_ws/src/install/vision_msgs/include/vision_msgs/vision_msgs/msg/detail
-- Installing: /home/gaga/sad_ws/src/install/vision_msgs/include/vision_msgs/vision_msgs/msg/detail/crop_pose__rosidl_typesupport_fastrtps_c.h
-- Installing: /home/gaga/sad_ws/src/install/vision_msgs/include/vision_msgs/vision_msgs/msg/detail/detected_crop_array__rosidl_typesupport_fastrtps_c.h
-- Installing: /home/gaga/sad_ws/src/install/vision_msgs/include/vision_msgs/vision_msgs/msg/detail/harvest_ordering__rosidl_typesupport_fastrtps_c.h
-- Installing: /home/gaga/sad_ws/src/install/vision_msgs/include/vision_msgs/vision_msgs/msg/detail/detected_crop__rosidl_typesupport_fastrtps_c.h
-- Installing: /home/gaga/sad_ws/src/install/vision_msgs/lib/libvision_msgs__rosidl_typesupport_fastrtps_c.so
-- Set runtime path of "/home/gaga/sad_ws/src/install/vision_msgs/lib/libvision_msgs__rosidl_typesupport_fastrtps_c.so" to ""
-- Up-to-date: /home/gaga/sad_ws/src/install/vision_msgs/include/vision_msgs/vision_msgs
-- Up-to-date: /home/gaga/sad_ws/src/install/vision_msgs/include/vision_msgs/vision_msgs/msg
-- Installing: /home/gaga/sad_ws/src/install/vision_msgs/include/vision_msgs/vision_msgs/msg/rosidl_generator_cpp__visibility_control.hpp
-- Installing: /home/gaga/sad_ws/src/install/vision_msgs/include/vision_msgs/vision_msgs/msg/detected_crop.hpp
-- Installing: /home/gaga/sad_ws/src/install/vision_msgs/include/vision_msgs/vision_msgs/msg/harvest_ordering.hpp
-- Installing: /home/gaga/sad_ws/src/install/vision_msgs/include/vision_msgs/vision_msgs/msg/detected_crop_array.hpp
-- Up-to-date: /home/gaga/sad_ws/src/install/vision_msgs/include/vision_msgs/vision_msgs/msg/detail
-- Installing: /home/gaga/sad_ws/src/install/vision_msgs/include/vision_msgs/vision_msgs/msg/detail/detected_crop__builder.hpp
-- Installing: /home/gaga/sad_ws/src/install/vision_msgs/include/vision_msgs/vision_msgs/msg/detail/detected_crop__traits.hpp
-- Installing: /home/gaga/sad_ws/src/install/vision_msgs/include/vision_msgs/vision_msgs/msg/detail/detected_crop_array__builder.hpp
-- Installing: /home/gaga/sad_ws/src/install/vision_msgs/include/vision_msgs/vision_msgs/msg/detail/crop_pose__struct.hpp
-- Installing: /home/gaga/sad_ws/src/install/vision_msgs/include/vision_msgs/vision_msgs/msg/detail/harvest_ordering__struct.hpp
-- Installing: /home/gaga/sad_ws/src/install/vision_msgs/include/vision_msgs/vision_msgs/msg/detail/harvest_ordering__type_support.hpp
-- Installing: /home/gaga/sad_ws/src/install/vision_msgs/include/vision_msgs/vision_msgs/msg/detail/harvest_ordering__builder.hpp
-- Installing: /home/gaga/sad_ws/src/install/vision_msgs/include/vision_msgs/vision_msgs/msg/detail/detected_crop_array__type_support.hpp
-- Installing: /home/gaga/sad_ws/src/install/vision_msgs/include/vision_msgs/vision_msgs/msg/detail/crop_pose__builder.hpp
-- Installing: /home/gaga/sad_ws/src/install/vision_msgs/include/vision_msgs/vision_msgs/msg/detail/detected_crop_array__struct.hpp
-- Installing: /home/gaga/sad_ws/src/install/vision_msgs/include/vision_msgs/vision_msgs/msg/detail/detected_crop__struct.hpp
-- Installing: /home/gaga/sad_ws/src/install/vision_msgs/include/vision_msgs/vision_msgs/msg/detail/detected_crop__type_support.hpp
-- Installing: /home/gaga/sad_ws/src/install/vision_msgs/include/vision_msgs/vision_msgs/msg/detail/crop_pose__traits.hpp
-- Installing: /home/gaga/sad_ws/src/install/vision_msgs/include/vision_msgs/vision_msgs/msg/detail/harvest_ordering__traits.hpp
-- Installing: /home/gaga/sad_ws/src/install/vision_msgs/include/vision_msgs/vision_msgs/msg/detail/crop_pose__type_support.hpp
-- Installing: /home/gaga/sad_ws/src/install/vision_msgs/include/vision_msgs/vision_msgs/msg/detail/detected_crop_array__traits.hpp
-- Installing: /home/gaga/sad_ws/src/install/vision_msgs/include/vision_msgs/vision_msgs/msg/crop_pose.hpp
-- Up-to-date: /home/gaga/sad_ws/src/install/vision_msgs/include/vision_msgs/vision_msgs
-- Up-to-date: /home/gaga/sad_ws/src/install/vision_msgs/include/vision_msgs/vision_msgs/msg
-- Installing: /home/gaga/sad_ws/src/install/vision_msgs/include/vision_msgs/vision_msgs/msg/rosidl_typesupport_fastrtps_cpp__visibility_control.h
-- Up-to-date: /home/gaga/sad_ws/src/install/vision_msgs/include/vision_msgs/vision_msgs/msg/detail
-- Installing: /home/gaga/sad_ws/src/install/vision_msgs/include/vision_msgs/vision_msgs/msg/detail/harvest_ordering__rosidl_typesupport_fastrtps_cpp.hpp
-- Installing: /home/gaga/sad_ws/src/install/vision_msgs/include/vision_msgs/vision_msgs/msg/detail/dds_fastrtps
-- Installing: /home/gaga/sad_ws/src/install/vision_msgs/include/vision_msgs/vision_msgs/msg/detail/crop_pose__rosidl_typesupport_fastrtps_cpp.hpp
-- Installing: /home/gaga/sad_ws/src/install/vision_msgs/include/vision_msgs/vision_msgs/msg/detail/detected_crop__rosidl_typesupport_fastrtps_cpp.hpp
-- Installing: /home/gaga/sad_ws/src/install/vision_msgs/include/vision_msgs/vision_msgs/msg/detail/detected_crop_array__rosidl_typesupport_fastrtps_cpp.hpp
-- Installing: /home/gaga/sad_ws/src/install/vision_msgs/lib/libvision_msgs__rosidl_typesupport_fastrtps_cpp.so
-- Set runtime path of "/home/gaga/sad_ws/src/install/vision_msgs/lib/libvision_msgs__rosidl_typesupport_fastrtps_cpp.so" to ""
-- Up-to-date: /home/gaga/sad_ws/src/install/vision_msgs/include/vision_msgs/vision_msgs
-- Up-to-date: /home/gaga/sad_ws/src/install/vision_msgs/include/vision_msgs/vision_msgs/msg
-- Installing: /home/gaga/sad_ws/src/install/vision_msgs/include/vision_msgs/vision_msgs/msg/rosidl_typesupport_introspection_c__visibility_control.h
-- Up-to-date: /home/gaga/sad_ws/src/install/vision_msgs/include/vision_msgs/vision_msgs/msg/detail
-- Installing: /home/gaga/sad_ws/src/install/vision_msgs/include/vision_msgs/vision_msgs/msg/detail/harvest_ordering__type_support.c
-- Installing: /home/gaga/sad_ws/src/install/vision_msgs/include/vision_msgs/vision_msgs/msg/detail/crop_pose__type_support.c
-- Installing: /home/gaga/sad_ws/src/install/vision_msgs/include/vision_msgs/vision_msgs/msg/detail/detected_crop__type_support.c
-- Installing: /home/gaga/sad_ws/src/install/vision_msgs/include/vision_msgs/vision_msgs/msg/detail/detected_crop_array__rosidl_typesupport_introspection_c.h
-- Installing: /home/gaga/sad_ws/src/install/vision_msgs/include/vision_msgs/vision_msgs/msg/detail/detected_crop__rosidl_typesupport_introspection_c.h
-- Installing: /home/gaga/sad_ws/src/install/vision_msgs/include/vision_msgs/vision_msgs/msg/detail/detected_crop_array__type_support.c
-- Installing: /home/gaga/sad_ws/src/install/vision_msgs/include/vision_msgs/vision_msgs/msg/detail/crop_pose__rosidl_typesupport_introspection_c.h
-- Installing: /home/gaga/sad_ws/src/install/vision_msgs/include/vision_msgs/vision_msgs/msg/detail/harvest_ordering__rosidl_typesupport_introspection_c.h
-- Installing: /home/gaga/sad_ws/src/install/vision_msgs/lib/libvision_msgs__rosidl_typesupport_introspection_c.so
-- Set runtime path of "/home/gaga/sad_ws/src/install/vision_msgs/lib/libvision_msgs__rosidl_typesupport_introspection_c.so" to ""
-- Installing: /home/gaga/sad_ws/src/install/vision_msgs/lib/libvision_msgs__rosidl_typesupport_c.so
-- Set runtime path of "/home/gaga/sad_ws/src/install/vision_msgs/lib/libvision_msgs__rosidl_typesupport_c.so" to ""
-- Up-to-date: /home/gaga/sad_ws/src/install/vision_msgs/include/vision_msgs/vision_msgs
-- Up-to-date: /home/gaga/sad_ws/src/install/vision_msgs/include/vision_msgs/vision_msgs/msg
-- Up-to-date: /home/gaga/sad_ws/src/install/vision_msgs/include/vision_msgs/vision_msgs/msg/detail
-- Installing: /home/gaga/sad_ws/src/install/vision_msgs/include/vision_msgs/vision_msgs/msg/detail/detected_crop_array__type_support.cpp
-- Installing: /home/gaga/sad_ws/src/install/vision_msgs/include/vision_msgs/vision_msgs/msg/detail/detected_crop_array__rosidl_typesupport_introspection_cpp.hpp
-- Installing: /home/gaga/sad_ws/src/install/vision_msgs/include/vision_msgs/vision_msgs/msg/detail/harvest_ordering__rosidl_typesupport_introspection_cpp.hpp
-- Installing: /home/gaga/sad_ws/src/install/vision_msgs/include/vision_msgs/vision_msgs/msg/detail/detected_crop__type_support.cpp
-- Installing: /home/gaga/sad_ws/src/install/vision_msgs/include/vision_msgs/vision_msgs/msg/detail/detected_crop__rosidl_typesupport_introspection_cpp.hpp
-- Installing: /home/gaga/sad_ws/src/install/vision_msgs/include/vision_msgs/vision_msgs/msg/detail/crop_pose__type_support.cpp
-- Installing: /home/gaga/sad_ws/src/install/vision_msgs/include/vision_msgs/vision_msgs/msg/detail/harvest_ordering__type_support.cpp
-- Installing: /home/gaga/sad_ws/src/install/vision_msgs/include/vision_msgs/vision_msgs/msg/detail/crop_pose__rosidl_typesupport_introspection_cpp.hpp
-- Installing: /home/gaga/sad_ws/src/install/vision_msgs/lib/libvision_msgs__rosidl_typesupport_introspection_cpp.so
-- Set runtime path of "/home/gaga/sad_ws/src/install/vision_msgs/lib/libvision_msgs__rosidl_typesupport_introspection_cpp.so" to ""
-- Installing: /home/gaga/sad_ws/src/install/vision_msgs/lib/libvision_msgs__rosidl_typesupport_cpp.so
-- Set runtime path of "/home/gaga/sad_ws/src/install/vision_msgs/lib/libvision_msgs__rosidl_typesupport_cpp.so" to ""
-- Installing: /home/gaga/sad_ws/src/install/vision_msgs/share/vision_msgs/environment/pythonpath.sh
-- Installing: /home/gaga/sad_ws/src/install/vision_msgs/share/vision_msgs/environment/pythonpath.dsv
-- Installing: /home/gaga/sad_ws/src/install/vision_msgs/local/lib/python3.10/dist-packages/vision_msgs-0.1.0-py3.10.egg-info
-- Installing: /home/gaga/sad_ws/src/install/vision_msgs/local/lib/python3.10/dist-packages/vision_msgs-0.1.0-py3.10.egg-info/SOURCES.txt
-- Installing: /home/gaga/sad_ws/src/install/vision_msgs/local/lib/python3.10/dist-packages/vision_msgs-0.1.0-py3.10.egg-info/PKG-INFO
-- Installing: /home/gaga/sad_ws/src/install/vision_msgs/local/lib/python3.10/dist-packages/vision_msgs-0.1.0-py3.10.egg-info/top_level.txt
-- Installing: /home/gaga/sad_ws/src/install/vision_msgs/local/lib/python3.10/dist-packages/vision_msgs-0.1.0-py3.10.egg-info/dependency_links.txt
-- Installing: /home/gaga/sad_ws/src/install/vision_msgs/local/lib/python3.10/dist-packages/vision_msgs
-- Installing: /home/gaga/sad_ws/src/install/vision_msgs/local/lib/python3.10/dist-packages/vision_msgs/_vision_msgs_s.ep.rosidl_typesupport_c.c
-- Installing: /home/gaga/sad_ws/src/install/vision_msgs/local/lib/python3.10/dist-packages/vision_msgs/__init__.py
-- Installing: /home/gaga/sad_ws/src/install/vision_msgs/local/lib/python3.10/dist-packages/vision_msgs/msg
-- Installing: /home/gaga/sad_ws/src/install/vision_msgs/local/lib/python3.10/dist-packages/vision_msgs/msg/_harvest_ordering_s.c
-- Installing: /home/gaga/sad_ws/src/install/vision_msgs/local/lib/python3.10/dist-packages/vision_msgs/msg/__init__.py
-- Installing: /home/gaga/sad_ws/src/install/vision_msgs/local/lib/python3.10/dist-packages/vision_msgs/msg/_detected_crop_s.c
-- Installing: /home/gaga/sad_ws/src/install/vision_msgs/local/lib/python3.10/dist-packages/vision_msgs/msg/_crop_pose.py
-- Installing: /home/gaga/sad_ws/src/install/vision_msgs/local/lib/python3.10/dist-packages/vision_msgs/msg/_detected_crop_array_s.c
-- Installing: /home/gaga/sad_ws/src/install/vision_msgs/local/lib/python3.10/dist-packages/vision_msgs/msg/_detected_crop_array.py
-- Installing: /home/gaga/sad_ws/src/install/vision_msgs/local/lib/python3.10/dist-packages/vision_msgs/msg/_crop_pose_s.c
-- Installing: /home/gaga/sad_ws/src/install/vision_msgs/local/lib/python3.10/dist-packages/vision_msgs/msg/_harvest_ordering.py
-- Installing: /home/gaga/sad_ws/src/install/vision_msgs/local/lib/python3.10/dist-packages/vision_msgs/msg/_detected_crop.py
-- Installing: /home/gaga/sad_ws/src/install/vision_msgs/local/lib/python3.10/dist-packages/vision_msgs/vision_msgs_s__rosidl_typesupport_introspection_c.cpython-310-x86_64-linux-gnu.so
-- Installing: /home/gaga/sad_ws/src/install/vision_msgs/local/lib/python3.10/dist-packages/vision_msgs/_vision_msgs_s.ep.rosidl_typesupport_introspection_c.c
-- Installing: /home/gaga/sad_ws/src/install/vision_msgs/local/lib/python3.10/dist-packages/vision_msgs/vision_msgs_s__rosidl_typesupport_c.cpython-310-x86_64-linux-gnu.so
-- Installing: /home/gaga/sad_ws/src/install/vision_msgs/local/lib/python3.10/dist-packages/vision_msgs/_vision_msgs_s.ep.rosidl_typesupport_fastrtps_c.c
-- Installing: /home/gaga/sad_ws/src/install/vision_msgs/local/lib/python3.10/dist-packages/vision_msgs/libvision_msgs__rosidl_generator_py.so
-- Installing: /home/gaga/sad_ws/src/install/vision_msgs/local/lib/python3.10/dist-packages/vision_msgs/vision_msgs_s__rosidl_typesupport_fastrtps_c.cpython-310-x86_64-linux-gnu.so
Listing '/home/gaga/sad_ws/src/install/vision_msgs/local/lib/python3.10/dist-packages/vision_msgs'...
Compiling '/home/gaga/sad_ws/src/install/vision_msgs/local/lib/python3.10/dist-packages/vision_msgs/__init__.py'...
Listing '/home/gaga/sad_ws/src/install/vision_msgs/local/lib/python3.10/dist-packages/vision_msgs/msg'...
Compiling '/home/gaga/sad_ws/src/install/vision_msgs/local/lib/python3.10/dist-packages/vision_msgs/msg/__init__.py'...
Compiling '/home/gaga/sad_ws/src/install/vision_msgs/local/lib/python3.10/dist-packages/vision_msgs/msg/_crop_pose.py'...
Compiling '/home/gaga/sad_ws/src/install/vision_msgs/local/lib/python3.10/dist-packages/vision_msgs/msg/_detected_crop.py'...
Compiling '/home/gaga/sad_ws/src/install/vision_msgs/local/lib/python3.10/dist-packages/vision_msgs/msg/_detected_crop_array.py'...
Compiling '/home/gaga/sad_ws/src/install/vision_msgs/local/lib/python3.10/dist-packages/vision_msgs/msg/_harvest_ordering.py'...
-- Installing: /home/gaga/sad_ws/src/install/vision_msgs/local/lib/python3.10/dist-packages/vision_msgs/vision_msgs_s__rosidl_typesupport_fastrtps_c.cpython-310-x86_64-linux-gnu.so
-- Set runtime path of "/home/gaga/sad_ws/src/install/vision_msgs/local/lib/python3.10/dist-packages/vision_msgs/vision_msgs_s__rosidl_typesupport_fastrtps_c.cpython-310-x86_64-linux-gnu.so" to ""
-- Installing: /home/gaga/sad_ws/src/install/vision_msgs/local/lib/python3.10/dist-packages/vision_msgs/vision_msgs_s__rosidl_typesupport_introspection_c.cpython-310-x86_64-linux-gnu.so
-- Set runtime path of "/home/gaga/sad_ws/src/install/vision_msgs/local/lib/python3.10/dist-packages/vision_msgs/vision_msgs_s__rosidl_typesupport_introspection_c.cpython-310-x86_64-linux-gnu.so" to ""
-- Installing: /home/gaga/sad_ws/src/install/vision_msgs/local/lib/python3.10/dist-packages/vision_msgs/vision_msgs_s__rosidl_typesupport_c.cpython-310-x86_64-linux-gnu.so
-- Set runtime path of "/home/gaga/sad_ws/src/install/vision_msgs/local/lib/python3.10/dist-packages/vision_msgs/vision_msgs_s__rosidl_typesupport_c.cpython-310-x86_64-linux-gnu.so" to ""
-- Installing: /home/gaga/sad_ws/src/install/vision_msgs/lib/libvision_msgs__rosidl_generator_py.so
-- Set runtime path of "/home/gaga/sad_ws/src/install/vision_msgs/lib/libvision_msgs__rosidl_generator_py.so" to ""
-- Installing: /home/gaga/sad_ws/src/install/vision_msgs/share/vision_msgs/msg/CropPose.idl
-- Installing: /home/gaga/sad_ws/src/install/vision_msgs/share/vision_msgs/msg/DetectedCrop.idl
-- Installing: /home/gaga/sad_ws/src/install/vision_msgs/share/vision_msgs/msg/DetectedCropArray.idl
-- Installing: /home/gaga/sad_ws/src/install/vision_msgs/share/vision_msgs/msg/HarvestOrdering.idl
-- Installing: /home/gaga/sad_ws/src/install/vision_msgs/share/vision_msgs/msg/CropPose.msg
-- Installing: /home/gaga/sad_ws/src/install/vision_msgs/share/vision_msgs/msg/DetectedCrop.msg
-- Installing: /home/gaga/sad_ws/src/install/vision_msgs/share/vision_msgs/msg/DetectedCropArray.msg
-- Installing: /home/gaga/sad_ws/src/install/vision_msgs/share/vision_msgs/msg/HarvestOrdering.msg
-- Installing: /home/gaga/sad_ws/src/install/vision_msgs/share/ament_index/resource_index/package_run_dependencies/vision_msgs
-- Installing: /home/gaga/sad_ws/src/install/vision_msgs/share/ament_index/resource_index/parent_prefix_path/vision_msgs
-- Installing: /home/gaga/sad_ws/src/install/vision_msgs/share/vision_msgs/environment/ament_prefix_path.sh
-- Installing: /home/gaga/sad_ws/src/install/vision_msgs/share/vision_msgs/environment/ament_prefix_path.dsv
-- Installing: /home/gaga/sad_ws/src/install/vision_msgs/share/vision_msgs/environment/path.sh
-- Installing: /home/gaga/sad_ws/src/install/vision_msgs/share/vision_msgs/environment/path.dsv
-- Installing: /home/gaga/sad_ws/src/install/vision_msgs/share/vision_msgs/local_setup.bash
-- Installing: /home/gaga/sad_ws/src/install/vision_msgs/share/vision_msgs/local_setup.sh
-- Installing: /home/gaga/sad_ws/src/install/vision_msgs/share/vision_msgs/local_setup.zsh
-- Installing: /home/gaga/sad_ws/src/install/vision_msgs/share/vision_msgs/local_setup.dsv
-- Installing: /home/gaga/sad_ws/src/install/vision_msgs/share/vision_msgs/package.dsv
-- Installing: /home/gaga/sad_ws/src/install/vision_msgs/share/ament_index/resource_index/packages/vision_msgs
-- Installing: /home/gaga/sad_ws/src/install/vision_msgs/share/vision_msgs/cmake/export_vision_msgs__rosidl_generator_cExport.cmake
-- Installing: /home/gaga/sad_ws/src/install/vision_msgs/share/vision_msgs/cmake/export_vision_msgs__rosidl_generator_cExport-noconfig.cmake
-- Installing: /home/gaga/sad_ws/src/install/vision_msgs/share/vision_msgs/cmake/export_vision_msgs__rosidl_typesupport_fastrtps_cExport.cmake
-- Installing: /home/gaga/sad_ws/src/install/vision_msgs/share/vision_msgs/cmake/export_vision_msgs__rosidl_typesupport_fastrtps_cExport-noconfig.cmake
-- Installing: /home/gaga/sad_ws/src/install/vision_msgs/share/vision_msgs/cmake/export_vision_msgs__rosidl_generator_cppExport.cmake
-- Installing: /home/gaga/sad_ws/src/install/vision_msgs/share/vision_msgs/cmake/export_vision_msgs__rosidl_typesupport_fastrtps_cppExport.cmake
-- Installing: /home/gaga/sad_ws/src/install/vision_msgs/share/vision_msgs/cmake/export_vision_msgs__rosidl_typesupport_fastrtps_cppExport-noconfig.cmake
-- Installing: /home/gaga/sad_ws/src/install/vision_msgs/share/vision_msgs/cmake/vision_msgs__rosidl_typesupport_introspection_cExport.cmake
-- Installing: /home/gaga/sad_ws/src/install/vision_msgs/share/vision_msgs/cmake/vision_msgs__rosidl_typesupport_introspection_cExport-noconfig.cmake
-- Installing: /home/gaga/sad_ws/src/install/vision_msgs/share/vision_msgs/cmake/vision_msgs__rosidl_typesupport_cExport.cmake
-- Installing: /home/gaga/sad_ws/src/install/vision_msgs/share/vision_msgs/cmake/vision_msgs__rosidl_typesupport_cExport-noconfig.cmake
-- Installing: /home/gaga/sad_ws/src/install/vision_msgs/share/vision_msgs/cmake/vision_msgs__rosidl_typesupport_introspection_cppExport.cmake
-- Installing: /home/gaga/sad_ws/src/install/vision_msgs/share/vision_msgs/cmake/vision_msgs__rosidl_typesupport_introspection_cppExport-noconfig.cmake
-- Installing: /home/gaga/sad_ws/src/install/vision_msgs/share/vision_msgs/cmake/vision_msgs__rosidl_typesupport_cppExport.cmake
-- Installing: /home/gaga/sad_ws/src/install/vision_msgs/share/vision_msgs/cmake/vision_msgs__rosidl_typesupport_cppExport-noconfig.cmake
-- Installing: /home/gaga/sad_ws/src/install/vision_msgs/share/vision_msgs/cmake/export_vision_msgs__rosidl_generator_pyExport.cmake
-- Installing: /home/gaga/sad_ws/src/install/vision_msgs/share/vision_msgs/cmake/export_vision_msgs__rosidl_generator_pyExport-noconfig.cmake
-- Installing: /home/gaga/sad_ws/src/install/vision_msgs/share/vision_msgs/cmake/rosidl_cmake-extras.cmake
-- Installing: /home/gaga/sad_ws/src/install/vision_msgs/share/vision_msgs/cmake/ament_cmake_export_dependencies-extras.cmake
-- Installing: /home/gaga/sad_ws/src/install/vision_msgs/share/vision_msgs/cmake/ament_cmake_export_include_directories-extras.cmake
-- Installing: /home/gaga/sad_ws/src/install/vision_msgs/share/vision_msgs/cmake/ament_cmake_export_libraries-extras.cmake
-- Installing: /home/gaga/sad_ws/src/install/vision_msgs/share/vision_msgs/cmake/ament_cmake_export_targets-extras.cmake
-- Installing: /home/gaga/sad_ws/src/install/vision_msgs/share/vision_msgs/cmake/rosidl_cmake_export_typesupport_targets-extras.cmake
-- Installing: /home/gaga/sad_ws/src/install/vision_msgs/share/vision_msgs/cmake/rosidl_cmake_export_typesupport_libraries-extras.cmake
-- Installing: /home/gaga/sad_ws/src/install/vision_msgs/share/vision_msgs/cmake/vision_msgsConfig.cmake
-- Installing: /home/gaga/sad_ws/src/install/vision_msgs/share/vision_msgs/cmake/vision_msgsConfig-version.cmake
-- Installing: /home/gaga/sad_ws/src/install/vision_msgs/share/vision_msgs/package.xml
