[0.009s] Invoking command in '/home/gaga/sad_ws/src/build/vision_msgs': CMAKE_PREFIX_PATH=${CMAKE_PREFIX_PATH}:/home/gaga/turtlebot3_ws/install/turtlebot3_teleop:/home/gaga/turtlebot3_ws/install/turtlebot3_example:/opt/ros/humble /usr/bin/cmake /home/gaga/sad_ws/src/vision_msgs -DCMAKE_INSTALL_PREFIX=/home/gaga/sad_ws/src/install/vision_msgs
[0.053s] -- The C compiler identification is GNU 11.4.0
[0.092s] -- The CXX compiler identification is GNU 11.4.0
[0.098s] -- Detecting C compiler ABI info
[0.158s] -- Detecting C compiler ABI info - done
[0.166s] -- Check for working C compiler: /usr/bin/cc - skipped
[0.166s] -- Detecting C compile features
[0.166s] -- Detecting C compile features - done
[0.168s] -- Detecting CXX compiler ABI info
[0.229s] -- Detecting CXX compiler ABI info - done
[0.234s] -- Check for working CXX compiler: /usr/bin/c++ - skipped
[0.234s] -- Detecting CXX compile features
[0.235s] -- Detecting CXX compile features - done
[0.237s] -- Found ament_cmake: 1.3.11 (/opt/ros/humble/share/ament_cmake/cmake)
[0.347s] -- Found Python3: /usr/bin/python3 (found version "3.10.12") found components: Interpreter 
[0.422s] -- Found std_msgs: 4.8.0 (/opt/ros/humble/share/std_msgs/cmake)
[0.455s] -- Found rosidl_generator_c: 3.1.6 (/opt/ros/humble/share/rosidl_generator_c/cmake)
[0.461s] -- Found rosidl_adapter: 3.1.6 (/opt/ros/humble/share/rosidl_adapter/cmake)
[0.470s] -- Found rosidl_generator_cpp: 3.1.6 (/opt/ros/humble/share/rosidl_generator_cpp/cmake)
[0.479s] -- Using all available rosidl_typesupport_c: rosidl_typesupport_fastrtps_c;rosidl_typesupport_introspection_c
[0.491s] -- Using all available rosidl_typesupport_cpp: rosidl_typesupport_fastrtps_cpp;rosidl_typesupport_introspection_cpp
[0.508s] -- Found rclcpp: 16.0.12 (/opt/ros/humble/share/rclcpp/cmake)
[0.538s] -- Found rmw_implementation_cmake: 6.1.2 (/opt/ros/humble/share/rmw_implementation_cmake/cmake)
[0.541s] -- Found rmw_fastrtps_cpp: 6.2.7 (/opt/ros/humble/share/rmw_fastrtps_cpp/cmake)
[0.612s] -- Found OpenSSL: /usr/lib/x86_64-linux-gnu/libcrypto.so (found version "3.0.2")  
[0.634s] -- Found FastRTPS: /opt/ros/humble/include  
[0.665s] -- Using RMW implementation 'rmw_fastrtps_cpp' as default
[0.674s] -- Looking for pthread.h
[0.734s] -- Looking for pthread.h - found
[0.734s] -- Performing Test CMAKE_HAVE_LIBC_PTHREAD
[0.790s] -- Performing Test CMAKE_HAVE_LIBC_PTHREAD - Success
[0.791s] -- Found Threads: TRUE  
[0.815s] -- Found geometry_msgs: 4.8.0 (/opt/ros/humble/share/geometry_msgs/cmake)
[0.823s] -- Found rosidl_default_generators: 1.2.0 (/opt/ros/humble/share/rosidl_default_generators/cmake)
[1.024s] -- Found ament_cmake_ros: 0.10.0 (/opt/ros/humble/share/ament_cmake_ros/cmake)
[1.285s] -- Using all available rosidl_typesupport_c: rosidl_typesupport_fastrtps_c;rosidl_typesupport_introspection_c
[1.384s] -- Using all available rosidl_typesupport_cpp: rosidl_typesupport_fastrtps_cpp;rosidl_typesupport_introspection_cpp
[1.398s] -- Found PythonInterp: /usr/bin/python3 (found suitable version "3.10.12", minimum required is "3.6") 
[1.400s] -- Found python_cmake_module: 0.10.0 (/opt/ros/humble/share/python_cmake_module/cmake)
[1.417s] -- Found PythonLibs: /usr/lib/x86_64-linux-gnu/libpython3.10.so (found suitable version "3.10.12", minimum required is "3.5") 
[1.417s] -- Using PYTHON_EXECUTABLE: /usr/bin/python3
[1.417s] -- Using PYTHON_INCLUDE_DIRS: /usr/include/python3.10
[1.417s] -- Using PYTHON_LIBRARIES: /usr/lib/x86_64-linux-gnu/libpython3.10.so
[1.433s] -- Found PythonExtra: .so  
[1.483s] -- Configuring done
[1.505s] -- Generating done
[1.512s] -- Build files have been written to: /home/gaga/sad_ws/src/build/vision_msgs
[1.520s] Invoked command in '/home/gaga/sad_ws/src/build/vision_msgs' returned '0': CMAKE_PREFIX_PATH=${CMAKE_PREFIX_PATH}:/home/gaga/turtlebot3_ws/install/turtlebot3_teleop:/home/gaga/turtlebot3_ws/install/turtlebot3_example:/opt/ros/humble /usr/bin/cmake /home/gaga/sad_ws/src/vision_msgs -DCMAKE_INSTALL_PREFIX=/home/gaga/sad_ws/src/install/vision_msgs
[1.521s] Invoking command in '/home/gaga/sad_ws/src/build/vision_msgs': CMAKE_PREFIX_PATH=${CMAKE_PREFIX_PATH}:/home/gaga/turtlebot3_ws/install/turtlebot3_teleop:/home/gaga/turtlebot3_ws/install/turtlebot3_example:/opt/ros/humble /usr/bin/cmake --build /home/gaga/sad_ws/src/build/vision_msgs -- -j20 -l20
[1.551s] [  1%] [34m[1mGenerating C code for ROS interfaces[0m
[1.560s] [  3%] [34m[1mGenerating C++ code for ROS interfaces[0m
[1.567s] [  3%] Built target ament_cmake_python_copy_vision_msgs
[1.711s] running egg_info
[1.711s] creating vision_msgs.egg-info
[1.711s] writing vision_msgs.egg-info/PKG-INFO
[1.711s] writing dependency_links to vision_msgs.egg-info/dependency_links.txt
[1.711s] writing top-level names to vision_msgs.egg-info/top_level.txt
[1.711s] writing manifest file 'vision_msgs.egg-info/SOURCES.txt'
[1.712s] reading manifest file 'vision_msgs.egg-info/SOURCES.txt'
[1.713s] writing manifest file 'vision_msgs.egg-info/SOURCES.txt'
[1.729s] [  3%] Built target ament_cmake_python_build_vision_msgs_egg
[1.851s] [  3%] Built target vision_msgs__cpp
[1.855s] [  5%] [32mBuilding C object CMakeFiles/vision_msgs__rosidl_generator_c.dir/rosidl_generator_c/vision_msgs/msg/detail/harvest_ordering__functions.c.o[0m
[1.855s] [  9%] [32mBuilding C object CMakeFiles/vision_msgs__rosidl_generator_c.dir/rosidl_generator_c/vision_msgs/msg/detail/detected_crop_array__functions.c.o[0m
[1.855s] [  9%] [32mBuilding C object CMakeFiles/vision_msgs__rosidl_generator_c.dir/rosidl_generator_c/vision_msgs/msg/detail/detected_crop__functions.c.o[0m
[1.856s] [ 10%] [32mBuilding C object CMakeFiles/vision_msgs__rosidl_generator_c.dir/rosidl_generator_c/vision_msgs/msg/detail/crop_pose__functions.c.o[0m
[1.857s] [ 16%] [34m[1mGenerating C++ type support dispatch for ROS interfaces[0m
[1.858s] [ 16%] [34m[1mGenerating C++ type support for eProsima Fast-RTPS[0m
[1.858s] [ 16%] [34m[1mGenerating C++ introspection for ROS interfaces[0m
[1.898s] [ 18%] [32m[1mLinking C shared library libvision_msgs__rosidl_generator_c.so[0m
[1.932s] [ 18%] Built target vision_msgs__rosidl_generator_c
[1.942s] [ 20%] [34m[1mGenerating C type support for eProsima Fast-RTPS[0m
[1.942s] [ 21%] [34m[1mGenerating C introspection for ROS interfaces[0m
[1.942s] [ 23%] [34m[1mGenerating C type support dispatch for ROS interfaces[0m
[2.102s] [ 25%] [32mBuilding CXX object CMakeFiles/vision_msgs__rosidl_typesupport_cpp.dir/rosidl_typesupport_cpp/vision_msgs/msg/detected_crop_array__type_support.cpp.o[0m
[2.102s] [ 27%] [32mBuilding CXX object CMakeFiles/vision_msgs__rosidl_typesupport_cpp.dir/rosidl_typesupport_cpp/vision_msgs/msg/crop_pose__type_support.cpp.o[0m
[2.103s] [ 29%] [32mBuilding CXX object CMakeFiles/vision_msgs__rosidl_typesupport_cpp.dir/rosidl_typesupport_cpp/vision_msgs/msg/detected_crop__type_support.cpp.o[0m
[2.103s] [ 30%] [32mBuilding CXX object CMakeFiles/vision_msgs__rosidl_typesupport_cpp.dir/rosidl_typesupport_cpp/vision_msgs/msg/harvest_ordering__type_support.cpp.o[0m
[2.118s] [ 32%] [32mBuilding CXX object CMakeFiles/vision_msgs__rosidl_typesupport_introspection_cpp.dir/rosidl_typesupport_introspection_cpp/vision_msgs/msg/detail/detected_crop__type_support.cpp.o[0m
[2.120s] [ 36%] [32mBuilding CXX object CMakeFiles/vision_msgs__rosidl_typesupport_introspection_cpp.dir/rosidl_typesupport_introspection_cpp/vision_msgs/msg/detail/crop_pose__type_support.cpp.o[0m
[2.120s] [ 36%] [32mBuilding CXX object CMakeFiles/vision_msgs__rosidl_typesupport_introspection_cpp.dir/rosidl_typesupport_introspection_cpp/vision_msgs/msg/detail/harvest_ordering__type_support.cpp.o[0m
[2.120s] [ 38%] [32mBuilding CXX object CMakeFiles/vision_msgs__rosidl_typesupport_introspection_cpp.dir/rosidl_typesupport_introspection_cpp/vision_msgs/msg/detail/detected_crop_array__type_support.cpp.o[0m
[2.154s] [ 45%] [32mBuilding CXX object CMakeFiles/vision_msgs__rosidl_typesupport_fastrtps_cpp.dir/rosidl_typesupport_fastrtps_cpp/vision_msgs/msg/detail/dds_fastrtps/detected_crop_array__type_support.cpp.o[0m
[2.154s] [ 45%] [32mBuilding CXX object CMakeFiles/vision_msgs__rosidl_typesupport_fastrtps_cpp.dir/rosidl_typesupport_fastrtps_cpp/vision_msgs/msg/detail/dds_fastrtps/detected_crop__type_support.cpp.o[0m
[2.154s] [ 45%] [32mBuilding CXX object CMakeFiles/vision_msgs__rosidl_typesupport_fastrtps_cpp.dir/rosidl_typesupport_fastrtps_cpp/vision_msgs/msg/detail/dds_fastrtps/harvest_ordering__type_support.cpp.o[0m
[2.154s] [ 45%] [32mBuilding CXX object CMakeFiles/vision_msgs__rosidl_typesupport_fastrtps_cpp.dir/rosidl_typesupport_fastrtps_cpp/vision_msgs/msg/detail/dds_fastrtps/crop_pose__type_support.cpp.o[0m
[2.221s] [ 47%] [32mBuilding CXX object CMakeFiles/vision_msgs__rosidl_typesupport_c.dir/rosidl_typesupport_c/vision_msgs/msg/detected_crop__type_support.cpp.o[0m
[2.222s] [ 50%] [32mBuilding CXX object CMakeFiles/vision_msgs__rosidl_typesupport_c.dir/rosidl_typesupport_c/vision_msgs/msg/detected_crop_array__type_support.cpp.o[0m
[2.222s] [ 50%] [32mBuilding CXX object CMakeFiles/vision_msgs__rosidl_typesupport_c.dir/rosidl_typesupport_c/vision_msgs/msg/crop_pose__type_support.cpp.o[0m
[2.222s] [ 52%] [32mBuilding CXX object CMakeFiles/vision_msgs__rosidl_typesupport_c.dir/rosidl_typesupport_c/vision_msgs/msg/harvest_ordering__type_support.cpp.o[0m
[2.256s] [ 54%] [32m[1mLinking CXX shared library libvision_msgs__rosidl_typesupport_c.so[0m
[2.307s] [ 54%] Built target vision_msgs__rosidl_typesupport_c
[2.340s] [ 60%] [32mBuilding C object CMakeFiles/vision_msgs__rosidl_typesupport_introspection_c.dir/rosidl_typesupport_introspection_c/vision_msgs/msg/detail/harvest_ordering__type_support.c.o[0m
[2.341s] [ 60%] [32mBuilding C object CMakeFiles/vision_msgs__rosidl_typesupport_introspection_c.dir/rosidl_typesupport_introspection_c/vision_msgs/msg/detail/detected_crop__type_support.c.o[0m
[2.342s] [ 60%] [32mBuilding C object CMakeFiles/vision_msgs__rosidl_typesupport_introspection_c.dir/rosidl_typesupport_introspection_c/vision_msgs/msg/detail/crop_pose__type_support.c.o[0m
[2.342s] [ 61%] [32mBuilding C object CMakeFiles/vision_msgs__rosidl_typesupport_introspection_c.dir/rosidl_typesupport_introspection_c/vision_msgs/msg/detail/detected_crop_array__type_support.c.o[0m
[2.369s] [ 69%] [32mBuilding CXX object CMakeFiles/vision_msgs__rosidl_typesupport_fastrtps_c.dir/rosidl_typesupport_fastrtps_c/vision_msgs/msg/detail/crop_pose__type_support_c.cpp.o[0m
[2.370s] [ 69%] [32mBuilding CXX object CMakeFiles/vision_msgs__rosidl_typesupport_fastrtps_c.dir/rosidl_typesupport_fastrtps_c/vision_msgs/msg/detail/detected_crop_array__type_support_c.cpp.o[0m
[2.370s] [ 69%] [32mBuilding CXX object CMakeFiles/vision_msgs__rosidl_typesupport_fastrtps_c.dir/rosidl_typesupport_fastrtps_c/vision_msgs/msg/detail/harvest_ordering__type_support_c.cpp.o[0m
[2.370s] [ 69%] [32mBuilding CXX object CMakeFiles/vision_msgs__rosidl_typesupport_fastrtps_c.dir/rosidl_typesupport_fastrtps_c/vision_msgs/msg/detail/detected_crop__type_support_c.cpp.o[0m
[2.385s] [ 70%] [32m[1mLinking C shared library libvision_msgs__rosidl_typesupport_introspection_c.so[0m
[2.415s] [ 70%] Built target vision_msgs__rosidl_typesupport_introspection_c
[2.420s] [ 72%] [32m[1mLinking CXX shared library libvision_msgs__rosidl_typesupport_cpp.so[0m
[2.459s] [ 72%] Built target vision_msgs__rosidl_typesupport_cpp
[2.616s] [ 74%] [32m[1mLinking CXX shared library libvision_msgs__rosidl_typesupport_fastrtps_cpp.so[0m
[2.639s] [ 76%] [32m[1mLinking CXX shared library libvision_msgs__rosidl_typesupport_introspection_cpp.so[0m
[2.657s] [ 78%] [32m[1mLinking CXX shared library libvision_msgs__rosidl_typesupport_fastrtps_c.so[0m
[2.673s] [ 78%] Built target vision_msgs__rosidl_typesupport_fastrtps_cpp
[2.693s] [ 78%] Built target vision_msgs__rosidl_typesupport_introspection_cpp
[2.709s] [ 78%] Built target vision_msgs__rosidl_typesupport_fastrtps_c
[2.729s] [ 78%] Built target vision_msgs
[2.756s] [ 80%] [34m[1mGenerating Python code for ROS interfaces[0m
[3.161s] [ 80%] Built target vision_msgs__py
[3.174s] [ 81%] [32mBuilding C object CMakeFiles/vision_msgs__rosidl_generator_py.dir/rosidl_generator_py/vision_msgs/msg/_crop_pose_s.c.o[0m
[3.176s] [ 83%] [32mBuilding C object CMakeFiles/vision_msgs__rosidl_generator_py.dir/rosidl_generator_py/vision_msgs/msg/_harvest_ordering_s.c.o[0m
[3.176s] [ 85%] [32mBuilding C object CMakeFiles/vision_msgs__rosidl_generator_py.dir/rosidl_generator_py/vision_msgs/msg/_detected_crop_s.c.o[0m
[3.176s] [ 87%] [32mBuilding C object CMakeFiles/vision_msgs__rosidl_generator_py.dir/rosidl_generator_py/vision_msgs/msg/_detected_crop_array_s.c.o[0m
[3.246s] [ 89%] [32m[1mLinking C shared library rosidl_generator_py/vision_msgs/libvision_msgs__rosidl_generator_py.so[0m
[3.276s] [ 89%] Built target vision_msgs__rosidl_generator_py
[3.292s] [ 90%] [32mBuilding C object CMakeFiles/vision_msgs__rosidl_typesupport_fastrtps_c__pyext.dir/rosidl_generator_py/vision_msgs/_vision_msgs_s.ep.rosidl_typesupport_fastrtps_c.c.o[0m
[3.293s] [ 92%] [32mBuilding C object CMakeFiles/vision_msgs__rosidl_typesupport_c__pyext.dir/rosidl_generator_py/vision_msgs/_vision_msgs_s.ep.rosidl_typesupport_c.c.o[0m
[3.293s] [ 94%] [32mBuilding C object CMakeFiles/vision_msgs__rosidl_typesupport_introspection_c__pyext.dir/rosidl_generator_py/vision_msgs/_vision_msgs_s.ep.rosidl_typesupport_introspection_c.c.o[0m
[3.360s] [ 96%] [32m[1mLinking C shared library rosidl_generator_py/vision_msgs/vision_msgs_s__rosidl_typesupport_introspection_c.cpython-310-x86_64-linux-gnu.so[0m
[3.361s] [100%] [32m[1mLinking C shared library rosidl_generator_py/vision_msgs/vision_msgs_s__rosidl_typesupport_c.cpython-310-x86_64-linux-gnu.so[0m
[3.361s] [100%] [32m[1mLinking C shared library rosidl_generator_py/vision_msgs/vision_msgs_s__rosidl_typesupport_fastrtps_c.cpython-310-x86_64-linux-gnu.so[0m
[3.397s] [100%] Built target vision_msgs__rosidl_typesupport_introspection_c__pyext
[3.397s] [100%] Built target vision_msgs__rosidl_typesupport_c__pyext
[3.397s] [100%] Built target vision_msgs__rosidl_typesupport_fastrtps_c__pyext
[3.407s] Invoked command in '/home/gaga/sad_ws/src/build/vision_msgs' returned '0': CMAKE_PREFIX_PATH=${CMAKE_PREFIX_PATH}:/home/gaga/turtlebot3_ws/install/turtlebot3_teleop:/home/gaga/turtlebot3_ws/install/turtlebot3_example:/opt/ros/humble /usr/bin/cmake --build /home/gaga/sad_ws/src/build/vision_msgs -- -j20 -l20
[3.408s] Invoking command in '/home/gaga/sad_ws/src/build/vision_msgs': CMAKE_PREFIX_PATH=${CMAKE_PREFIX_PATH}:/home/gaga/turtlebot3_ws/install/turtlebot3_teleop:/home/gaga/turtlebot3_ws/install/turtlebot3_example:/opt/ros/humble /usr/bin/cmake --install /home/gaga/sad_ws/src/build/vision_msgs
[3.413s] -- Install configuration: ""
[3.413s] -- Installing: /home/gaga/sad_ws/src/install/vision_msgs/share/ament_index/resource_index/rosidl_interfaces/vision_msgs
[3.413s] -- Installing: /home/gaga/sad_ws/src/install/vision_msgs/include/vision_msgs/vision_msgs
[3.413s] -- Installing: /home/gaga/sad_ws/src/install/vision_msgs/include/vision_msgs/vision_msgs/msg
[3.414s] -- Installing: /home/gaga/sad_ws/src/install/vision_msgs/include/vision_msgs/vision_msgs/msg/detected_crop.h
[3.414s] -- Installing: /home/gaga/sad_ws/src/install/vision_msgs/include/vision_msgs/vision_msgs/msg/rosidl_generator_c__visibility_control.h
[3.414s] -- Installing: /home/gaga/sad_ws/src/install/vision_msgs/include/vision_msgs/vision_msgs/msg/crop_pose.h
[3.414s] -- Installing: /home/gaga/sad_ws/src/install/vision_msgs/include/vision_msgs/vision_msgs/msg/harvest_ordering.h
[3.414s] -- Installing: /home/gaga/sad_ws/src/install/vision_msgs/include/vision_msgs/vision_msgs/msg/detail
[3.414s] -- Installing: /home/gaga/sad_ws/src/install/vision_msgs/include/vision_msgs/vision_msgs/msg/detail/detected_crop__functions.c
[3.414s] -- Installing: /home/gaga/sad_ws/src/install/vision_msgs/include/vision_msgs/vision_msgs/msg/detail/detected_crop_array__struct.h
[3.414s] -- Installing: /home/gaga/sad_ws/src/install/vision_msgs/include/vision_msgs/vision_msgs/msg/detail/detected_crop_array__functions.c
[3.414s] -- Installing: /home/gaga/sad_ws/src/install/vision_msgs/include/vision_msgs/vision_msgs/msg/detail/crop_pose__struct.h
[3.414s] -- Installing: /home/gaga/sad_ws/src/install/vision_msgs/include/vision_msgs/vision_msgs/msg/detail/harvest_ordering__functions.c
[3.414s] -- Installing: /home/gaga/sad_ws/src/install/vision_msgs/include/vision_msgs/vision_msgs/msg/detail/detected_crop__struct.h
[3.414s] -- Installing: /home/gaga/sad_ws/src/install/vision_msgs/include/vision_msgs/vision_msgs/msg/detail/harvest_ordering__struct.h
[3.414s] -- Installing: /home/gaga/sad_ws/src/install/vision_msgs/include/vision_msgs/vision_msgs/msg/detail/harvest_ordering__functions.h
[3.414s] -- Installing: /home/gaga/sad_ws/src/install/vision_msgs/include/vision_msgs/vision_msgs/msg/detail/harvest_ordering__type_support.h
[3.414s] -- Installing: /home/gaga/sad_ws/src/install/vision_msgs/include/vision_msgs/vision_msgs/msg/detail/detected_crop__functions.h
[3.415s] -- Installing: /home/gaga/sad_ws/src/install/vision_msgs/include/vision_msgs/vision_msgs/msg/detail/detected_crop__type_support.h
[3.415s] -- Installing: /home/gaga/sad_ws/src/install/vision_msgs/include/vision_msgs/vision_msgs/msg/detail/crop_pose__functions.c
[3.415s] -- Installing: /home/gaga/sad_ws/src/install/vision_msgs/include/vision_msgs/vision_msgs/msg/detail/crop_pose__type_support.h
[3.415s] -- Installing: /home/gaga/sad_ws/src/install/vision_msgs/include/vision_msgs/vision_msgs/msg/detail/detected_crop_array__functions.h
[3.415s] -- Installing: /home/gaga/sad_ws/src/install/vision_msgs/include/vision_msgs/vision_msgs/msg/detail/crop_pose__functions.h
[3.415s] -- Installing: /home/gaga/sad_ws/src/install/vision_msgs/include/vision_msgs/vision_msgs/msg/detail/detected_crop_array__type_support.h
[3.415s] -- Installing: /home/gaga/sad_ws/src/install/vision_msgs/include/vision_msgs/vision_msgs/msg/detected_crop_array.h
[3.415s] -- Installing: /home/gaga/sad_ws/src/install/vision_msgs/share/vision_msgs/environment/library_path.sh
[3.415s] -- Installing: /home/gaga/sad_ws/src/install/vision_msgs/share/vision_msgs/environment/library_path.dsv
[3.415s] -- Installing: /home/gaga/sad_ws/src/install/vision_msgs/lib/libvision_msgs__rosidl_generator_c.so
[3.415s] -- Set runtime path of "/home/gaga/sad_ws/src/install/vision_msgs/lib/libvision_msgs__rosidl_generator_c.so" to ""
[3.415s] -- Up-to-date: /home/gaga/sad_ws/src/install/vision_msgs/include/vision_msgs/vision_msgs
[3.416s] -- Up-to-date: /home/gaga/sad_ws/src/install/vision_msgs/include/vision_msgs/vision_msgs/msg
[3.416s] -- Installing: /home/gaga/sad_ws/src/install/vision_msgs/include/vision_msgs/vision_msgs/msg/rosidl_typesupport_fastrtps_c__visibility_control.h
[3.416s] -- Up-to-date: /home/gaga/sad_ws/src/install/vision_msgs/include/vision_msgs/vision_msgs/msg/detail
[3.416s] -- Installing: /home/gaga/sad_ws/src/install/vision_msgs/include/vision_msgs/vision_msgs/msg/detail/crop_pose__rosidl_typesupport_fastrtps_c.h
[3.416s] -- Installing: /home/gaga/sad_ws/src/install/vision_msgs/include/vision_msgs/vision_msgs/msg/detail/detected_crop_array__rosidl_typesupport_fastrtps_c.h
[3.416s] -- Installing: /home/gaga/sad_ws/src/install/vision_msgs/include/vision_msgs/vision_msgs/msg/detail/harvest_ordering__rosidl_typesupport_fastrtps_c.h
[3.416s] -- Installing: /home/gaga/sad_ws/src/install/vision_msgs/include/vision_msgs/vision_msgs/msg/detail/detected_crop__rosidl_typesupport_fastrtps_c.h
[3.416s] -- Installing: /home/gaga/sad_ws/src/install/vision_msgs/lib/libvision_msgs__rosidl_typesupport_fastrtps_c.so
[3.416s] -- Set runtime path of "/home/gaga/sad_ws/src/install/vision_msgs/lib/libvision_msgs__rosidl_typesupport_fastrtps_c.so" to ""
[3.416s] -- Up-to-date: /home/gaga/sad_ws/src/install/vision_msgs/include/vision_msgs/vision_msgs
[3.416s] -- Up-to-date: /home/gaga/sad_ws/src/install/vision_msgs/include/vision_msgs/vision_msgs/msg
[3.416s] -- Installing: /home/gaga/sad_ws/src/install/vision_msgs/include/vision_msgs/vision_msgs/msg/rosidl_generator_cpp__visibility_control.hpp
[3.416s] -- Installing: /home/gaga/sad_ws/src/install/vision_msgs/include/vision_msgs/vision_msgs/msg/detected_crop.hpp
[3.416s] -- Installing: /home/gaga/sad_ws/src/install/vision_msgs/include/vision_msgs/vision_msgs/msg/harvest_ordering.hpp
[3.417s] -- Installing: /home/gaga/sad_ws/src/install/vision_msgs/include/vision_msgs/vision_msgs/msg/detected_crop_array.hpp
[3.417s] -- Up-to-date: /home/gaga/sad_ws/src/install/vision_msgs/include/vision_msgs/vision_msgs/msg/detail
[3.417s] -- Installing: /home/gaga/sad_ws/src/install/vision_msgs/include/vision_msgs/vision_msgs/msg/detail/detected_crop__builder.hpp
[3.417s] -- Installing: /home/gaga/sad_ws/src/install/vision_msgs/include/vision_msgs/vision_msgs/msg/detail/detected_crop__traits.hpp
[3.417s] -- Installing: /home/gaga/sad_ws/src/install/vision_msgs/include/vision_msgs/vision_msgs/msg/detail/detected_crop_array__builder.hpp
[3.417s] -- Installing: /home/gaga/sad_ws/src/install/vision_msgs/include/vision_msgs/vision_msgs/msg/detail/crop_pose__struct.hpp
[3.417s] -- Installing: /home/gaga/sad_ws/src/install/vision_msgs/include/vision_msgs/vision_msgs/msg/detail/harvest_ordering__struct.hpp
[3.417s] -- Installing: /home/gaga/sad_ws/src/install/vision_msgs/include/vision_msgs/vision_msgs/msg/detail/harvest_ordering__type_support.hpp
[3.417s] -- Installing: /home/gaga/sad_ws/src/install/vision_msgs/include/vision_msgs/vision_msgs/msg/detail/harvest_ordering__builder.hpp
[3.417s] -- Installing: /home/gaga/sad_ws/src/install/vision_msgs/include/vision_msgs/vision_msgs/msg/detail/detected_crop_array__type_support.hpp
[3.417s] -- Installing: /home/gaga/sad_ws/src/install/vision_msgs/include/vision_msgs/vision_msgs/msg/detail/crop_pose__builder.hpp
[3.417s] -- Installing: /home/gaga/sad_ws/src/install/vision_msgs/include/vision_msgs/vision_msgs/msg/detail/detected_crop_array__struct.hpp
[3.417s] -- Installing: /home/gaga/sad_ws/src/install/vision_msgs/include/vision_msgs/vision_msgs/msg/detail/detected_crop__struct.hpp
[3.417s] -- Installing: /home/gaga/sad_ws/src/install/vision_msgs/include/vision_msgs/vision_msgs/msg/detail/detected_crop__type_support.hpp
[3.417s] -- Installing: /home/gaga/sad_ws/src/install/vision_msgs/include/vision_msgs/vision_msgs/msg/detail/crop_pose__traits.hpp
[3.417s] -- Installing: /home/gaga/sad_ws/src/install/vision_msgs/include/vision_msgs/vision_msgs/msg/detail/harvest_ordering__traits.hpp
[3.418s] -- Installing: /home/gaga/sad_ws/src/install/vision_msgs/include/vision_msgs/vision_msgs/msg/detail/crop_pose__type_support.hpp
[3.418s] -- Installing: /home/gaga/sad_ws/src/install/vision_msgs/include/vision_msgs/vision_msgs/msg/detail/detected_crop_array__traits.hpp
[3.418s] -- Installing: /home/gaga/sad_ws/src/install/vision_msgs/include/vision_msgs/vision_msgs/msg/crop_pose.hpp
[3.418s] -- Up-to-date: /home/gaga/sad_ws/src/install/vision_msgs/include/vision_msgs/vision_msgs
[3.418s] -- Up-to-date: /home/gaga/sad_ws/src/install/vision_msgs/include/vision_msgs/vision_msgs/msg
[3.418s] -- Installing: /home/gaga/sad_ws/src/install/vision_msgs/include/vision_msgs/vision_msgs/msg/rosidl_typesupport_fastrtps_cpp__visibility_control.h
[3.418s] -- Up-to-date: /home/gaga/sad_ws/src/install/vision_msgs/include/vision_msgs/vision_msgs/msg/detail
[3.418s] -- Installing: /home/gaga/sad_ws/src/install/vision_msgs/include/vision_msgs/vision_msgs/msg/detail/harvest_ordering__rosidl_typesupport_fastrtps_cpp.hpp
[3.418s] -- Installing: /home/gaga/sad_ws/src/install/vision_msgs/include/vision_msgs/vision_msgs/msg/detail/dds_fastrtps
[3.418s] -- Installing: /home/gaga/sad_ws/src/install/vision_msgs/include/vision_msgs/vision_msgs/msg/detail/crop_pose__rosidl_typesupport_fastrtps_cpp.hpp
[3.418s] -- Installing: /home/gaga/sad_ws/src/install/vision_msgs/include/vision_msgs/vision_msgs/msg/detail/detected_crop__rosidl_typesupport_fastrtps_cpp.hpp
[3.418s] -- Installing: /home/gaga/sad_ws/src/install/vision_msgs/include/vision_msgs/vision_msgs/msg/detail/detected_crop_array__rosidl_typesupport_fastrtps_cpp.hpp
[3.418s] -- Installing: /home/gaga/sad_ws/src/install/vision_msgs/lib/libvision_msgs__rosidl_typesupport_fastrtps_cpp.so
[3.418s] -- Set runtime path of "/home/gaga/sad_ws/src/install/vision_msgs/lib/libvision_msgs__rosidl_typesupport_fastrtps_cpp.so" to ""
[3.418s] -- Up-to-date: /home/gaga/sad_ws/src/install/vision_msgs/include/vision_msgs/vision_msgs
[3.418s] -- Up-to-date: /home/gaga/sad_ws/src/install/vision_msgs/include/vision_msgs/vision_msgs/msg
[3.418s] -- Installing: /home/gaga/sad_ws/src/install/vision_msgs/include/vision_msgs/vision_msgs/msg/rosidl_typesupport_introspection_c__visibility_control.h
[3.418s] -- Up-to-date: /home/gaga/sad_ws/src/install/vision_msgs/include/vision_msgs/vision_msgs/msg/detail
[3.419s] -- Installing: /home/gaga/sad_ws/src/install/vision_msgs/include/vision_msgs/vision_msgs/msg/detail/harvest_ordering__type_support.c
[3.419s] -- Installing: /home/gaga/sad_ws/src/install/vision_msgs/include/vision_msgs/vision_msgs/msg/detail/crop_pose__type_support.c
[3.419s] -- Installing: /home/gaga/sad_ws/src/install/vision_msgs/include/vision_msgs/vision_msgs/msg/detail/detected_crop__type_support.c
[3.419s] -- Installing: /home/gaga/sad_ws/src/install/vision_msgs/include/vision_msgs/vision_msgs/msg/detail/detected_crop_array__rosidl_typesupport_introspection_c.h
[3.419s] -- Installing: /home/gaga/sad_ws/src/install/vision_msgs/include/vision_msgs/vision_msgs/msg/detail/detected_crop__rosidl_typesupport_introspection_c.h
[3.419s] -- Installing: /home/gaga/sad_ws/src/install/vision_msgs/include/vision_msgs/vision_msgs/msg/detail/detected_crop_array__type_support.c
[3.419s] -- Installing: /home/gaga/sad_ws/src/install/vision_msgs/include/vision_msgs/vision_msgs/msg/detail/crop_pose__rosidl_typesupport_introspection_c.h
[3.419s] -- Installing: /home/gaga/sad_ws/src/install/vision_msgs/include/vision_msgs/vision_msgs/msg/detail/harvest_ordering__rosidl_typesupport_introspection_c.h
[3.419s] -- Installing: /home/gaga/sad_ws/src/install/vision_msgs/lib/libvision_msgs__rosidl_typesupport_introspection_c.so
[3.419s] -- Set runtime path of "/home/gaga/sad_ws/src/install/vision_msgs/lib/libvision_msgs__rosidl_typesupport_introspection_c.so" to ""
[3.419s] -- Installing: /home/gaga/sad_ws/src/install/vision_msgs/lib/libvision_msgs__rosidl_typesupport_c.so
[3.419s] -- Set runtime path of "/home/gaga/sad_ws/src/install/vision_msgs/lib/libvision_msgs__rosidl_typesupport_c.so" to ""
[3.419s] -- Up-to-date: /home/gaga/sad_ws/src/install/vision_msgs/include/vision_msgs/vision_msgs
[3.419s] -- Up-to-date: /home/gaga/sad_ws/src/install/vision_msgs/include/vision_msgs/vision_msgs/msg
[3.419s] -- Up-to-date: /home/gaga/sad_ws/src/install/vision_msgs/include/vision_msgs/vision_msgs/msg/detail
[3.419s] -- Installing: /home/gaga/sad_ws/src/install/vision_msgs/include/vision_msgs/vision_msgs/msg/detail/detected_crop_array__type_support.cpp
[3.419s] -- Installing: /home/gaga/sad_ws/src/install/vision_msgs/include/vision_msgs/vision_msgs/msg/detail/detected_crop_array__rosidl_typesupport_introspection_cpp.hpp
[3.419s] -- Installing: /home/gaga/sad_ws/src/install/vision_msgs/include/vision_msgs/vision_msgs/msg/detail/harvest_ordering__rosidl_typesupport_introspection_cpp.hpp
[3.419s] -- Installing: /home/gaga/sad_ws/src/install/vision_msgs/include/vision_msgs/vision_msgs/msg/detail/detected_crop__type_support.cpp
[3.419s] -- Installing: /home/gaga/sad_ws/src/install/vision_msgs/include/vision_msgs/vision_msgs/msg/detail/detected_crop__rosidl_typesupport_introspection_cpp.hpp
[3.419s] -- Installing: /home/gaga/sad_ws/src/install/vision_msgs/include/vision_msgs/vision_msgs/msg/detail/crop_pose__type_support.cpp
[3.419s] -- Installing: /home/gaga/sad_ws/src/install/vision_msgs/include/vision_msgs/vision_msgs/msg/detail/harvest_ordering__type_support.cpp
[3.419s] -- Installing: /home/gaga/sad_ws/src/install/vision_msgs/include/vision_msgs/vision_msgs/msg/detail/crop_pose__rosidl_typesupport_introspection_cpp.hpp
[3.419s] -- Installing: /home/gaga/sad_ws/src/install/vision_msgs/lib/libvision_msgs__rosidl_typesupport_introspection_cpp.so
[3.419s] -- Set runtime path of "/home/gaga/sad_ws/src/install/vision_msgs/lib/libvision_msgs__rosidl_typesupport_introspection_cpp.so" to ""
[3.419s] -- Installing: /home/gaga/sad_ws/src/install/vision_msgs/lib/libvision_msgs__rosidl_typesupport_cpp.so
[3.419s] -- Set runtime path of "/home/gaga/sad_ws/src/install/vision_msgs/lib/libvision_msgs__rosidl_typesupport_cpp.so" to ""
[3.419s] -- Installing: /home/gaga/sad_ws/src/install/vision_msgs/share/vision_msgs/environment/pythonpath.sh
[3.419s] -- Installing: /home/gaga/sad_ws/src/install/vision_msgs/share/vision_msgs/environment/pythonpath.dsv
[3.419s] -- Installing: /home/gaga/sad_ws/src/install/vision_msgs/local/lib/python3.10/dist-packages/vision_msgs-0.1.0-py3.10.egg-info
[3.419s] -- Installing: /home/gaga/sad_ws/src/install/vision_msgs/local/lib/python3.10/dist-packages/vision_msgs-0.1.0-py3.10.egg-info/SOURCES.txt
[3.419s] -- Installing: /home/gaga/sad_ws/src/install/vision_msgs/local/lib/python3.10/dist-packages/vision_msgs-0.1.0-py3.10.egg-info/PKG-INFO
[3.419s] -- Installing: /home/gaga/sad_ws/src/install/vision_msgs/local/lib/python3.10/dist-packages/vision_msgs-0.1.0-py3.10.egg-info/top_level.txt
[3.419s] -- Installing: /home/gaga/sad_ws/src/install/vision_msgs/local/lib/python3.10/dist-packages/vision_msgs-0.1.0-py3.10.egg-info/dependency_links.txt
[3.419s] -- Installing: /home/gaga/sad_ws/src/install/vision_msgs/local/lib/python3.10/dist-packages/vision_msgs
[3.419s] -- Installing: /home/gaga/sad_ws/src/install/vision_msgs/local/lib/python3.10/dist-packages/vision_msgs/_vision_msgs_s.ep.rosidl_typesupport_c.c
[3.419s] -- Installing: /home/gaga/sad_ws/src/install/vision_msgs/local/lib/python3.10/dist-packages/vision_msgs/__init__.py
[3.419s] -- Installing: /home/gaga/sad_ws/src/install/vision_msgs/local/lib/python3.10/dist-packages/vision_msgs/msg
[3.419s] -- Installing: /home/gaga/sad_ws/src/install/vision_msgs/local/lib/python3.10/dist-packages/vision_msgs/msg/_harvest_ordering_s.c
[3.419s] -- Installing: /home/gaga/sad_ws/src/install/vision_msgs/local/lib/python3.10/dist-packages/vision_msgs/msg/__init__.py
[3.419s] -- Installing: /home/gaga/sad_ws/src/install/vision_msgs/local/lib/python3.10/dist-packages/vision_msgs/msg/_detected_crop_s.c
[3.419s] -- Installing: /home/gaga/sad_ws/src/install/vision_msgs/local/lib/python3.10/dist-packages/vision_msgs/msg/_crop_pose.py
[3.420s] -- Installing: /home/gaga/sad_ws/src/install/vision_msgs/local/lib/python3.10/dist-packages/vision_msgs/msg/_detected_crop_array_s.c
[3.420s] -- Installing: /home/gaga/sad_ws/src/install/vision_msgs/local/lib/python3.10/dist-packages/vision_msgs/msg/_detected_crop_array.py
[3.420s] -- Installing: /home/gaga/sad_ws/src/install/vision_msgs/local/lib/python3.10/dist-packages/vision_msgs/msg/_crop_pose_s.c
[3.420s] -- Installing: /home/gaga/sad_ws/src/install/vision_msgs/local/lib/python3.10/dist-packages/vision_msgs/msg/_harvest_ordering.py
[3.420s] -- Installing: /home/gaga/sad_ws/src/install/vision_msgs/local/lib/python3.10/dist-packages/vision_msgs/msg/_detected_crop.py
[3.420s] -- Installing: /home/gaga/sad_ws/src/install/vision_msgs/local/lib/python3.10/dist-packages/vision_msgs/vision_msgs_s__rosidl_typesupport_introspection_c.cpython-310-x86_64-linux-gnu.so
[3.420s] -- Installing: /home/gaga/sad_ws/src/install/vision_msgs/local/lib/python3.10/dist-packages/vision_msgs/_vision_msgs_s.ep.rosidl_typesupport_introspection_c.c
[3.420s] -- Installing: /home/gaga/sad_ws/src/install/vision_msgs/local/lib/python3.10/dist-packages/vision_msgs/vision_msgs_s__rosidl_typesupport_c.cpython-310-x86_64-linux-gnu.so
[3.420s] -- Installing: /home/gaga/sad_ws/src/install/vision_msgs/local/lib/python3.10/dist-packages/vision_msgs/_vision_msgs_s.ep.rosidl_typesupport_fastrtps_c.c
[3.420s] -- Installing: /home/gaga/sad_ws/src/install/vision_msgs/local/lib/python3.10/dist-packages/vision_msgs/libvision_msgs__rosidl_generator_py.so
[3.420s] -- Installing: /home/gaga/sad_ws/src/install/vision_msgs/local/lib/python3.10/dist-packages/vision_msgs/vision_msgs_s__rosidl_typesupport_fastrtps_c.cpython-310-x86_64-linux-gnu.so
[3.443s] Listing '/home/gaga/sad_ws/src/install/vision_msgs/local/lib/python3.10/dist-packages/vision_msgs'...
[3.443s] Compiling '/home/gaga/sad_ws/src/install/vision_msgs/local/lib/python3.10/dist-packages/vision_msgs/__init__.py'...
[3.443s] Listing '/home/gaga/sad_ws/src/install/vision_msgs/local/lib/python3.10/dist-packages/vision_msgs/msg'...
[3.443s] Compiling '/home/gaga/sad_ws/src/install/vision_msgs/local/lib/python3.10/dist-packages/vision_msgs/msg/__init__.py'...
[3.443s] Compiling '/home/gaga/sad_ws/src/install/vision_msgs/local/lib/python3.10/dist-packages/vision_msgs/msg/_crop_pose.py'...
[3.443s] Compiling '/home/gaga/sad_ws/src/install/vision_msgs/local/lib/python3.10/dist-packages/vision_msgs/msg/_detected_crop.py'...
[3.443s] Compiling '/home/gaga/sad_ws/src/install/vision_msgs/local/lib/python3.10/dist-packages/vision_msgs/msg/_detected_crop_array.py'...
[3.443s] Compiling '/home/gaga/sad_ws/src/install/vision_msgs/local/lib/python3.10/dist-packages/vision_msgs/msg/_harvest_ordering.py'...
[3.446s] -- Installing: /home/gaga/sad_ws/src/install/vision_msgs/local/lib/python3.10/dist-packages/vision_msgs/vision_msgs_s__rosidl_typesupport_fastrtps_c.cpython-310-x86_64-linux-gnu.so
[3.446s] -- Set runtime path of "/home/gaga/sad_ws/src/install/vision_msgs/local/lib/python3.10/dist-packages/vision_msgs/vision_msgs_s__rosidl_typesupport_fastrtps_c.cpython-310-x86_64-linux-gnu.so" to ""
[3.446s] -- Installing: /home/gaga/sad_ws/src/install/vision_msgs/local/lib/python3.10/dist-packages/vision_msgs/vision_msgs_s__rosidl_typesupport_introspection_c.cpython-310-x86_64-linux-gnu.so
[3.446s] -- Set runtime path of "/home/gaga/sad_ws/src/install/vision_msgs/local/lib/python3.10/dist-packages/vision_msgs/vision_msgs_s__rosidl_typesupport_introspection_c.cpython-310-x86_64-linux-gnu.so" to ""
[3.447s] -- Installing: /home/gaga/sad_ws/src/install/vision_msgs/local/lib/python3.10/dist-packages/vision_msgs/vision_msgs_s__rosidl_typesupport_c.cpython-310-x86_64-linux-gnu.so
[3.447s] -- Set runtime path of "/home/gaga/sad_ws/src/install/vision_msgs/local/lib/python3.10/dist-packages/vision_msgs/vision_msgs_s__rosidl_typesupport_c.cpython-310-x86_64-linux-gnu.so" to ""
[3.447s] -- Installing: /home/gaga/sad_ws/src/install/vision_msgs/lib/libvision_msgs__rosidl_generator_py.so
[3.447s] -- Set runtime path of "/home/gaga/sad_ws/src/install/vision_msgs/lib/libvision_msgs__rosidl_generator_py.so" to ""
[3.447s] -- Installing: /home/gaga/sad_ws/src/install/vision_msgs/share/vision_msgs/msg/CropPose.idl
[3.447s] -- Installing: /home/gaga/sad_ws/src/install/vision_msgs/share/vision_msgs/msg/DetectedCrop.idl
[3.447s] -- Installing: /home/gaga/sad_ws/src/install/vision_msgs/share/vision_msgs/msg/DetectedCropArray.idl
[3.447s] -- Installing: /home/gaga/sad_ws/src/install/vision_msgs/share/vision_msgs/msg/HarvestOrdering.idl
[3.448s] -- Installing: /home/gaga/sad_ws/src/install/vision_msgs/share/vision_msgs/msg/CropPose.msg
[3.448s] -- Installing: /home/gaga/sad_ws/src/install/vision_msgs/share/vision_msgs/msg/DetectedCrop.msg
[3.448s] -- Installing: /home/gaga/sad_ws/src/install/vision_msgs/share/vision_msgs/msg/DetectedCropArray.msg
[3.448s] -- Installing: /home/gaga/sad_ws/src/install/vision_msgs/share/vision_msgs/msg/HarvestOrdering.msg
[3.448s] -- Installing: /home/gaga/sad_ws/src/install/vision_msgs/share/ament_index/resource_index/package_run_dependencies/vision_msgs
[3.448s] -- Installing: /home/gaga/sad_ws/src/install/vision_msgs/share/ament_index/resource_index/parent_prefix_path/vision_msgs
[3.448s] -- Installing: /home/gaga/sad_ws/src/install/vision_msgs/share/vision_msgs/environment/ament_prefix_path.sh
[3.448s] -- Installing: /home/gaga/sad_ws/src/install/vision_msgs/share/vision_msgs/environment/ament_prefix_path.dsv
[3.448s] -- Installing: /home/gaga/sad_ws/src/install/vision_msgs/share/vision_msgs/environment/path.sh
[3.448s] -- Installing: /home/gaga/sad_ws/src/install/vision_msgs/share/vision_msgs/environment/path.dsv
[3.448s] -- Installing: /home/gaga/sad_ws/src/install/vision_msgs/share/vision_msgs/local_setup.bash
[3.448s] -- Installing: /home/gaga/sad_ws/src/install/vision_msgs/share/vision_msgs/local_setup.sh
[3.448s] -- Installing: /home/gaga/sad_ws/src/install/vision_msgs/share/vision_msgs/local_setup.zsh
[3.449s] -- Installing: /home/gaga/sad_ws/src/install/vision_msgs/share/vision_msgs/local_setup.dsv
[3.449s] -- Installing: /home/gaga/sad_ws/src/install/vision_msgs/share/vision_msgs/package.dsv
[3.449s] -- Installing: /home/gaga/sad_ws/src/install/vision_msgs/share/ament_index/resource_index/packages/vision_msgs
[3.449s] -- Installing: /home/gaga/sad_ws/src/install/vision_msgs/share/vision_msgs/cmake/export_vision_msgs__rosidl_generator_cExport.cmake
[3.449s] -- Installing: /home/gaga/sad_ws/src/install/vision_msgs/share/vision_msgs/cmake/export_vision_msgs__rosidl_generator_cExport-noconfig.cmake
[3.449s] -- Installing: /home/gaga/sad_ws/src/install/vision_msgs/share/vision_msgs/cmake/export_vision_msgs__rosidl_typesupport_fastrtps_cExport.cmake
[3.449s] -- Installing: /home/gaga/sad_ws/src/install/vision_msgs/share/vision_msgs/cmake/export_vision_msgs__rosidl_typesupport_fastrtps_cExport-noconfig.cmake
[3.449s] -- Installing: /home/gaga/sad_ws/src/install/vision_msgs/share/vision_msgs/cmake/export_vision_msgs__rosidl_generator_cppExport.cmake
[3.450s] -- Installing: /home/gaga/sad_ws/src/install/vision_msgs/share/vision_msgs/cmake/export_vision_msgs__rosidl_typesupport_fastrtps_cppExport.cmake
[3.450s] -- Installing: /home/gaga/sad_ws/src/install/vision_msgs/share/vision_msgs/cmake/export_vision_msgs__rosidl_typesupport_fastrtps_cppExport-noconfig.cmake
[3.450s] -- Installing: /home/gaga/sad_ws/src/install/vision_msgs/share/vision_msgs/cmake/vision_msgs__rosidl_typesupport_introspection_cExport.cmake
[3.450s] -- Installing: /home/gaga/sad_ws/src/install/vision_msgs/share/vision_msgs/cmake/vision_msgs__rosidl_typesupport_introspection_cExport-noconfig.cmake
[3.450s] -- Installing: /home/gaga/sad_ws/src/install/vision_msgs/share/vision_msgs/cmake/vision_msgs__rosidl_typesupport_cExport.cmake
[3.450s] -- Installing: /home/gaga/sad_ws/src/install/vision_msgs/share/vision_msgs/cmake/vision_msgs__rosidl_typesupport_cExport-noconfig.cmake
[3.450s] -- Installing: /home/gaga/sad_ws/src/install/vision_msgs/share/vision_msgs/cmake/vision_msgs__rosidl_typesupport_introspection_cppExport.cmake
[3.450s] -- Installing: /home/gaga/sad_ws/src/install/vision_msgs/share/vision_msgs/cmake/vision_msgs__rosidl_typesupport_introspection_cppExport-noconfig.cmake
[3.450s] -- Installing: /home/gaga/sad_ws/src/install/vision_msgs/share/vision_msgs/cmake/vision_msgs__rosidl_typesupport_cppExport.cmake
[3.450s] -- Installing: /home/gaga/sad_ws/src/install/vision_msgs/share/vision_msgs/cmake/vision_msgs__rosidl_typesupport_cppExport-noconfig.cmake
[3.450s] -- Installing: /home/gaga/sad_ws/src/install/vision_msgs/share/vision_msgs/cmake/export_vision_msgs__rosidl_generator_pyExport.cmake
[3.450s] -- Installing: /home/gaga/sad_ws/src/install/vision_msgs/share/vision_msgs/cmake/export_vision_msgs__rosidl_generator_pyExport-noconfig.cmake
[3.450s] -- Installing: /home/gaga/sad_ws/src/install/vision_msgs/share/vision_msgs/cmake/rosidl_cmake-extras.cmake
[3.450s] -- Installing: /home/gaga/sad_ws/src/install/vision_msgs/share/vision_msgs/cmake/ament_cmake_export_dependencies-extras.cmake
[3.450s] -- Installing: /home/gaga/sad_ws/src/install/vision_msgs/share/vision_msgs/cmake/ament_cmake_export_include_directories-extras.cmake
[3.450s] -- Installing: /home/gaga/sad_ws/src/install/vision_msgs/share/vision_msgs/cmake/ament_cmake_export_libraries-extras.cmake
[3.450s] -- Installing: /home/gaga/sad_ws/src/install/vision_msgs/share/vision_msgs/cmake/ament_cmake_export_targets-extras.cmake
[3.450s] -- Installing: /home/gaga/sad_ws/src/install/vision_msgs/share/vision_msgs/cmake/rosidl_cmake_export_typesupport_targets-extras.cmake
[3.450s] -- Installing: /home/gaga/sad_ws/src/install/vision_msgs/share/vision_msgs/cmake/rosidl_cmake_export_typesupport_libraries-extras.cmake
[3.450s] -- Installing: /home/gaga/sad_ws/src/install/vision_msgs/share/vision_msgs/cmake/vision_msgsConfig.cmake
[3.450s] -- Installing: /home/gaga/sad_ws/src/install/vision_msgs/share/vision_msgs/cmake/vision_msgsConfig-version.cmake
[3.450s] -- Installing: /home/gaga/sad_ws/src/install/vision_msgs/share/vision_msgs/package.xml
[3.453s] Invoked command in '/home/gaga/sad_ws/src/build/vision_msgs' returned '0': CMAKE_PREFIX_PATH=${CMAKE_PREFIX_PATH}:/home/gaga/turtlebot3_ws/install/turtlebot3_teleop:/home/gaga/turtlebot3_ws/install/turtlebot3_example:/opt/ros/humble /usr/bin/cmake --install /home/gaga/sad_ws/src/build/vision_msgs
