[0.013s] Invoking command in '/home/gaga/sad_ws/build/sad_pkg': CMAKE_PREFIX_PATH=/home/gaga/sad_ws/install/my_vision_msgs:/home/gaga/sad_ws/install:/home/gaga/sad_ws/install/sad_pkg:/home/gaga/sad_ws/install/mani_urdf:/home/gaga/turtlebot3_ws/install/turtlebot3:/home/gaga/turtlebot3_ws/install/turtlebot3_simulations:/home/gaga/turtlebot3_ws/install/turtlebot3_bringup:/home/gaga/turtlebot3_ws/install/turtlebot3_node:/home/gaga/turtlebot3_ws/install/turtlebot3_navigation2:/home/gaga/turtlebot3_ws/install/turtlebot3_fake_node:/home/gaga/turtlebot3_ws/install/robot_master:/home/gaga/turtlebot3_ws/install/turtlebot3_msgs:/home/gaga/turtlebot3_ws/install/turtlebot3_gazebo:/home/gaga/turtlebot3_ws/install/turtlebot3_description:/home/gaga/turtlebot3_ws/install/turtlebot3_cartographer:/home/gaga/turtlebot3_ws/install/robot_vision:/home/gaga/turtlebot3_ws/install/robot_navigation:/home/gaga/turtlebot3_ws/install/robot_msgs:/home/gaga/turtlebot3_ws/install/dynamixel_sdk_examples:/home/gaga/turtlebot3_ws/install/dynamixel_sdk_custom_interfaces:/home/gaga/turtlebot3_ws/install/dynamixel_sdk:/home/gaga/ssibal_ws/install/robot_msgs:/home/gaga/sad_ws/src/install/sad_pkg:/home/gaga/sad_ws/src/install/vision_msgs:/home/gaga/sad_ws/src/install/my_vision_msgs:/home/gaga/sad_ws/src/install/mani_urdf:/home/gaga/robotprograming_ws/install/rp_pkg:/home/gaga/sad_ws/src/sad_pkg/install/sad_pkg:/home/gaga/turtlebot3_ws/install/turtlebot3_teleop:/home/gaga/turtlebot3_ws/install/turtlebot3_example:/opt/ros/humble /usr/bin/cmake --build /home/gaga/sad_ws/build/sad_pkg -- -j20 -l20
[0.077s] [35m[1mConsolidate compiler generated dependencies of target path_node[0m
[0.094s] [ 78%] Built target spline_node
[0.095s] [ 78%] Built target forward_node
[0.095s] [ 78%] Built target map_node
[0.095s] [ 78%] Built target obstacle_node
[0.095s] [ 78%] Built target Inverse_node
[0.095s] [ 85%] Built target rrt_node
[0.106s] [ 92%] [32mBuilding CXX object CMakeFiles/path_node.dir/src/path_node.cpp.o[0m
[3.209s] [01m[K/home/gaga/sad_ws/src/sad_pkg/src/path_node.cpp:[m[K In member function ‘[01m[Kvoid RSNode::publishPoseAndOrientation()[m[K’:
[3.209s] [01m[K/home/gaga/sad_ws/src/sad_pkg/src/path_node.cpp:145:16:[m[K [01;31m[Kerror: [m[Kredeclaration of ‘[01m[Ksize_t sample_count[m[K’
[3.210s]   145 |         size_t [01;31m[Ksample_count[m[K = static_cast<size_t>((t1 - t0) / dt) + 1;
[3.210s]       |                [01;31m[K^~~~~~~~~~~~[m[K
[3.210s] [01m[K/home/gaga/sad_ws/src/sad_pkg/src/path_node.cpp:114:16:[m[K [01;36m[Knote: [m[K‘[01m[Ksize_t sample_count[m[K’ previously declared here
[3.210s]   114 |         size_t [01;36m[Ksample_count[m[K = 0;
[3.210s]       |                [01;36m[K^~~~~~~~~~~~[m[K
[6.277s] gmake[2]: *** [CMakeFiles/path_node.dir/build.make:76: CMakeFiles/path_node.dir/src/path_node.cpp.o] Error 1
[6.278s] gmake[1]: *** [CMakeFiles/Makefile2:279: CMakeFiles/path_node.dir/all] Error 2
[6.278s] gmake: *** [Makefile:146: all] Error 2
[6.282s] Invoked command in '/home/gaga/sad_ws/build/sad_pkg' returned '2': CMAKE_PREFIX_PATH=/home/gaga/sad_ws/install/my_vision_msgs:/home/gaga/sad_ws/install:/home/gaga/sad_ws/install/sad_pkg:/home/gaga/sad_ws/install/mani_urdf:/home/gaga/turtlebot3_ws/install/turtlebot3:/home/gaga/turtlebot3_ws/install/turtlebot3_simulations:/home/gaga/turtlebot3_ws/install/turtlebot3_bringup:/home/gaga/turtlebot3_ws/install/turtlebot3_node:/home/gaga/turtlebot3_ws/install/turtlebot3_navigation2:/home/gaga/turtlebot3_ws/install/turtlebot3_fake_node:/home/gaga/turtlebot3_ws/install/robot_master:/home/gaga/turtlebot3_ws/install/turtlebot3_msgs:/home/gaga/turtlebot3_ws/install/turtlebot3_gazebo:/home/gaga/turtlebot3_ws/install/turtlebot3_description:/home/gaga/turtlebot3_ws/install/turtlebot3_cartographer:/home/gaga/turtlebot3_ws/install/robot_vision:/home/gaga/turtlebot3_ws/install/robot_navigation:/home/gaga/turtlebot3_ws/install/robot_msgs:/home/gaga/turtlebot3_ws/install/dynamixel_sdk_examples:/home/gaga/turtlebot3_ws/install/dynamixel_sdk_custom_interfaces:/home/gaga/turtlebot3_ws/install/dynamixel_sdk:/home/gaga/ssibal_ws/install/robot_msgs:/home/gaga/sad_ws/src/install/sad_pkg:/home/gaga/sad_ws/src/install/vision_msgs:/home/gaga/sad_ws/src/install/my_vision_msgs:/home/gaga/sad_ws/src/install/mani_urdf:/home/gaga/robotprograming_ws/install/rp_pkg:/home/gaga/sad_ws/src/sad_pkg/install/sad_pkg:/home/gaga/turtlebot3_ws/install/turtlebot3_teleop:/home/gaga/turtlebot3_ws/install/turtlebot3_example:/opt/ros/humble /usr/bin/cmake --build /home/gaga/sad_ws/build/sad_pkg -- -j20 -l20
