[ 94%] Built target rrt_node
[ 94%] Built target real_inverse_node
[ 94%] Built target Inverse_node
[ 94%] [32mBuilding CXX object CMakeFiles/motor_node.dir/src/motor_node.cpp.o[0m
[ 94%] Built target spline_node
[ 94%] Built target forward_node
[ 94%] Built target map_node
[ 94%] Built target obstacle_node
[ 94%] Built target path_node
[01m[K/home/gaga/sad_ws/src/sad_pkg/src/motor_node.cpp:[m[K In constructor ‘[01m[KMotorControlNode::MotorControlNode()[m[K’:
[01m[K/home/gaga/sad_ws/src/sad_pkg/src/motor_node.cpp:281:62:[m[K [01;31m[Kerror: [m[Kcannot bind non-const lvalue reference of type ‘[01m[Kserial::Timeout&[m[K’ to an rvalue of type ‘[01m[Kserial::Timeout[m[K’
  281 |             serial_.setTimeout([01;31m[Kserial::Timeout::simpleTimeout(1000)[m[K);
      |                                [01;31m[K~~~~~~~~~~~~~~~~~~~~~~~~~~~~~~^~~~~~[m[K
In file included from [01m[K/home/gaga/sad_ws/src/sad_pkg/src/motor_node.cpp:238[m[K:
[01m[K/home/gaga/sad_ws/install/serial/include/serial/serial.h:461:24:[m[K [01;36m[Knote: [m[K  initializing argument 1 of ‘[01m[Kvoid serial::Serial::setTimeout(serial::Timeout&)[m[K’
  461 |   setTimeout ([01;36m[KTimeout &timeout[m[K);
      |               [01;36m[K~~~~~~~~~^~~~~~~[m[K
gmake[2]: *** [CMakeFiles/motor_node.dir/build.make:76: CMakeFiles/motor_node.dir/src/motor_node.cpp.o] Error 1
gmake[1]: *** [CMakeFiles/Makefile2:361: CMakeFiles/motor_node.dir/all] Error 2
gmake: *** [Makefile:146: all] Error 2
