[0.120s] DEBUG:colcon:Command line arguments: ['/usr/bin/colcon', 'build']
[0.121s] DEBUG:colcon:Parsed command line arguments: Namespace(log_base=None, log_level=None, verb_name='build', build_base='build', install_base='install', merge_install=False, symlink_install=False, test_result_base=None, continue_on_error=False, executor='parallel', parallel_workers=20, event_handlers=None, ignore_user_meta=False, metas=['./colcon.meta'], base_paths=['.'], packages_ignore=None, packages_ignore_regex=None, paths=None, packages_up_to=None, packages_up_to_regex=None, packages_above=None, packages_above_and_dependencies=None, packages_above_depth=None, packages_select_by_dep=None, packages_skip_by_dep=None, packages_skip_up_to=None, packages_select_build_failed=False, packages_skip_build_finished=False, packages_select_test_failures=False, packages_skip_test_passed=False, packages_select=None, packages_skip=None, packages_select_regex=None, packages_skip_regex=None, packages_start=None, packages_end=None, allow_overriding=[], cmake_args=None, cmake_target=None, cmake_target_skip_unavailable=False, cmake_clean_cache=False, cmake_clean_first=False, cmake_force_configure=False, ament_cmake_args=None, catkin_cmake_args=None, catkin_skip_building_tests=False, mixin_files=None, mixin=None, verb_parser=<colcon_mixin.mixin.mixin_argument.MixinArgumentDecorator object at 0x7f5072080f40>, verb_extension=<colcon_core.verb.build.BuildVerb object at 0x7f5072080970>, main=<bound method BuildVerb.main of <colcon_core.verb.build.BuildVerb object at 0x7f5072080970>>, mixin_verb=('build',))
[0.270s] Level 1:colcon.colcon_core.package_discovery:discover_packages(colcon_meta) check parameters
[0.270s] Level 1:colcon.colcon_core.package_discovery:discover_packages(recursive) check parameters
[0.270s] Level 1:colcon.colcon_core.package_discovery:discover_packages(ignore) check parameters
[0.270s] Level 1:colcon.colcon_core.package_discovery:discover_packages(path) check parameters
[0.270s] Level 1:colcon.colcon_core.package_discovery:discover_packages(colcon_meta) discover
[0.270s] Level 1:colcon.colcon_core.package_discovery:discover_packages(recursive) discover
[0.270s] INFO:colcon.colcon_core.package_discovery:Crawling recursively for packages in '/home/gaga/sad_ws'
[0.271s] Level 1:colcon.colcon_core.package_identification:_identify(.) by extensions ['ignore', 'ignore_ament_install']
[0.271s] Level 1:colcon.colcon_core.package_identification:_identify(.) by extension 'ignore'
[0.271s] Level 1:colcon.colcon_core.package_identification:_identify(.) by extension 'ignore_ament_install'
[0.271s] Level 1:colcon.colcon_core.package_identification:_identify(.) by extensions ['colcon_pkg']
[0.271s] Level 1:colcon.colcon_core.package_identification:_identify(.) by extension 'colcon_pkg'
[0.271s] Level 1:colcon.colcon_core.package_identification:_identify(.) by extensions ['colcon_meta']
[0.271s] Level 1:colcon.colcon_core.package_identification:_identify(.) by extension 'colcon_meta'
[0.271s] Level 1:colcon.colcon_core.package_identification:_identify(.) by extensions ['ros']
[0.271s] Level 1:colcon.colcon_core.package_identification:_identify(.) by extension 'ros'
[0.286s] Level 1:colcon.colcon_core.package_identification:_identify(.) by extensions ['cmake', 'python']
[0.286s] Level 1:colcon.colcon_core.package_identification:_identify(.) by extension 'cmake'
[0.286s] Level 1:colcon.colcon_core.package_identification:_identify(.) by extension 'python'
[0.286s] Level 1:colcon.colcon_core.package_identification:_identify(.) by extensions ['python_setup_py']
[0.286s] Level 1:colcon.colcon_core.package_identification:_identify(.) by extension 'python_setup_py'
[0.287s] Level 1:colcon.colcon_core.package_identification:_identify(build) by extensions ['ignore', 'ignore_ament_install']
[0.287s] Level 1:colcon.colcon_core.package_identification:_identify(build) by extension 'ignore'
[0.287s] Level 1:colcon.colcon_core.package_identification:_identify(build) ignored
[0.287s] Level 1:colcon.colcon_core.package_identification:_identify(install) by extensions ['ignore', 'ignore_ament_install']
[0.287s] Level 1:colcon.colcon_core.package_identification:_identify(install) by extension 'ignore'
[0.287s] Level 1:colcon.colcon_core.package_identification:_identify(install) ignored
[0.287s] Level 1:colcon.colcon_core.package_identification:_identify(log) by extensions ['ignore', 'ignore_ament_install']
[0.287s] Level 1:colcon.colcon_core.package_identification:_identify(log) by extension 'ignore'
[0.287s] Level 1:colcon.colcon_core.package_identification:_identify(log) ignored
[0.287s] Level 1:colcon.colcon_core.package_identification:_identify(src) by extensions ['ignore', 'ignore_ament_install']
[0.287s] Level 1:colcon.colcon_core.package_identification:_identify(src) by extension 'ignore'
[0.287s] Level 1:colcon.colcon_core.package_identification:_identify(src) by extension 'ignore_ament_install'
[0.287s] Level 1:colcon.colcon_core.package_identification:_identify(src) by extensions ['colcon_pkg']
[0.287s] Level 1:colcon.colcon_core.package_identification:_identify(src) by extension 'colcon_pkg'
[0.287s] Level 1:colcon.colcon_core.package_identification:_identify(src) by extensions ['colcon_meta']
[0.287s] Level 1:colcon.colcon_core.package_identification:_identify(src) by extension 'colcon_meta'
[0.287s] Level 1:colcon.colcon_core.package_identification:_identify(src) by extensions ['ros']
[0.287s] Level 1:colcon.colcon_core.package_identification:_identify(src) by extension 'ros'
[0.288s] Level 1:colcon.colcon_core.package_identification:_identify(src) by extensions ['cmake', 'python']
[0.288s] Level 1:colcon.colcon_core.package_identification:_identify(src) by extension 'cmake'
[0.288s] Level 1:colcon.colcon_core.package_identification:_identify(src) by extension 'python'
[0.288s] Level 1:colcon.colcon_core.package_identification:_identify(src) by extensions ['python_setup_py']
[0.288s] Level 1:colcon.colcon_core.package_identification:_identify(src) by extension 'python_setup_py'
[0.288s] Level 1:colcon.colcon_core.package_identification:_identify(src/build) by extensions ['ignore', 'ignore_ament_install']
[0.288s] Level 1:colcon.colcon_core.package_identification:_identify(src/build) by extension 'ignore'
[0.288s] Level 1:colcon.colcon_core.package_identification:_identify(src/build) ignored
[0.288s] Level 1:colcon.colcon_core.package_identification:_identify(src/install) by extensions ['ignore', 'ignore_ament_install']
[0.288s] Level 1:colcon.colcon_core.package_identification:_identify(src/install) by extension 'ignore'
[0.288s] Level 1:colcon.colcon_core.package_identification:_identify(src/install) ignored
[0.288s] Level 1:colcon.colcon_core.package_identification:_identify(src/log) by extensions ['ignore', 'ignore_ament_install']
[0.288s] Level 1:colcon.colcon_core.package_identification:_identify(src/log) by extension 'ignore'
[0.288s] Level 1:colcon.colcon_core.package_identification:_identify(src/log) ignored
[0.288s] Level 1:colcon.colcon_core.package_identification:_identify(src/mani_urdf) by extensions ['ignore', 'ignore_ament_install']
[0.288s] Level 1:colcon.colcon_core.package_identification:_identify(src/mani_urdf) by extension 'ignore'
[0.288s] Level 1:colcon.colcon_core.package_identification:_identify(src/mani_urdf) by extension 'ignore_ament_install'
[0.288s] Level 1:colcon.colcon_core.package_identification:_identify(src/mani_urdf) by extensions ['colcon_pkg']
[0.288s] Level 1:colcon.colcon_core.package_identification:_identify(src/mani_urdf) by extension 'colcon_pkg'
[0.288s] Level 1:colcon.colcon_core.package_identification:_identify(src/mani_urdf) by extensions ['colcon_meta']
[0.288s] Level 1:colcon.colcon_core.package_identification:_identify(src/mani_urdf) by extension 'colcon_meta'
[0.288s] Level 1:colcon.colcon_core.package_identification:_identify(src/mani_urdf) by extensions ['ros']
[0.288s] Level 1:colcon.colcon_core.package_identification:_identify(src/mani_urdf) by extension 'ros'
[0.292s] DEBUG:colcon.colcon_core.package_identification:Package 'src/mani_urdf' with type 'ros.ament_cmake' and name 'mani_urdf'
[0.292s] Level 1:colcon.colcon_core.package_identification:_identify(src/my_vision_msgs) by extensions ['ignore', 'ignore_ament_install']
[0.293s] Level 1:colcon.colcon_core.package_identification:_identify(src/my_vision_msgs) by extension 'ignore'
[0.293s] Level 1:colcon.colcon_core.package_identification:_identify(src/my_vision_msgs) by extension 'ignore_ament_install'
[0.293s] Level 1:colcon.colcon_core.package_identification:_identify(src/my_vision_msgs) by extensions ['colcon_pkg']
[0.293s] Level 1:colcon.colcon_core.package_identification:_identify(src/my_vision_msgs) by extension 'colcon_pkg'
[0.293s] Level 1:colcon.colcon_core.package_identification:_identify(src/my_vision_msgs) by extensions ['colcon_meta']
[0.293s] Level 1:colcon.colcon_core.package_identification:_identify(src/my_vision_msgs) by extension 'colcon_meta'
[0.293s] Level 1:colcon.colcon_core.package_identification:_identify(src/my_vision_msgs) by extensions ['ros']
[0.293s] Level 1:colcon.colcon_core.package_identification:_identify(src/my_vision_msgs) by extension 'ros'
[0.294s] DEBUG:colcon.colcon_core.package_identification:Package 'src/my_vision_msgs' with type 'ros.ament_cmake' and name 'my_vision_msgs'
[0.294s] Level 1:colcon.colcon_core.package_identification:_identify(src/sad_pkg) by extensions ['ignore', 'ignore_ament_install']
[0.294s] Level 1:colcon.colcon_core.package_identification:_identify(src/sad_pkg) by extension 'ignore'
[0.294s] Level 1:colcon.colcon_core.package_identification:_identify(src/sad_pkg) by extension 'ignore_ament_install'
[0.294s] Level 1:colcon.colcon_core.package_identification:_identify(src/sad_pkg) by extensions ['colcon_pkg']
[0.294s] Level 1:colcon.colcon_core.package_identification:_identify(src/sad_pkg) by extension 'colcon_pkg'
[0.294s] Level 1:colcon.colcon_core.package_identification:_identify(src/sad_pkg) by extensions ['colcon_meta']
[0.294s] Level 1:colcon.colcon_core.package_identification:_identify(src/sad_pkg) by extension 'colcon_meta'
[0.294s] Level 1:colcon.colcon_core.package_identification:_identify(src/sad_pkg) by extensions ['ros']
[0.294s] Level 1:colcon.colcon_core.package_identification:_identify(src/sad_pkg) by extension 'ros'
[0.299s] DEBUG:colcon.colcon_core.package_identification:Package 'src/sad_pkg' with type 'ros.ament_cmake' and name 'sad_pkg'
[0.300s] Level 1:colcon.colcon_core.package_discovery:discover_packages(recursive) using defaults
[0.300s] Level 1:colcon.colcon_core.package_discovery:discover_packages(ignore) discover
[0.300s] Level 1:colcon.colcon_core.package_discovery:discover_packages(ignore) using defaults
[0.300s] Level 1:colcon.colcon_core.package_discovery:discover_packages(path) discover
[0.300s] Level 1:colcon.colcon_core.package_discovery:discover_packages(path) using defaults
[0.378s] Level 1:colcon.colcon_core.package_discovery:discover_packages(prefix_path) check parameters
[0.378s] Level 1:colcon.colcon_core.package_discovery:discover_packages(prefix_path) discover
[0.381s] DEBUG:colcon.colcon_installed_package_information.package_discovery:Found 5 installed packages in /home/gaga/rrt_ws/install
[0.382s] DEBUG:colcon.colcon_installed_package_information.package_discovery:Found 19 installed packages in /home/gaga/turtlebot3_ws/install
[0.383s] DEBUG:colcon.colcon_installed_package_information.package_discovery:Found 3 installed packages in /home/gaga/sad_ws/install
[0.383s] DEBUG:colcon.colcon_installed_package_information.package_discovery:Found 3 installed packages in /home/gaga/ssibal_ws/install
[0.383s] DEBUG:colcon.colcon_installed_package_information.package_discovery:Found 4 installed packages in /home/gaga/sad_ws/src/install
[0.384s] DEBUG:colcon.colcon_installed_package_information.package_discovery:Found 1 installed packages in /home/gaga/robotprograming_ws/install
[0.385s] DEBUG:colcon.colcon_installed_package_information.package_discovery:Found 425 installed packages in /opt/ros/humble
[0.386s] Level 1:colcon.colcon_core.package_discovery:discover_packages(prefix_path) using defaults
[0.440s] Level 5:colcon.colcon_core.verb:set package 'mani_urdf' build argument 'cmake_args' from command line to 'None'
[0.440s] Level 5:colcon.colcon_core.verb:set package 'mani_urdf' build argument 'cmake_target' from command line to 'None'
[0.440s] Level 5:colcon.colcon_core.verb:set package 'mani_urdf' build argument 'cmake_target_skip_unavailable' from command line to 'False'
[0.440s] Level 5:colcon.colcon_core.verb:set package 'mani_urdf' build argument 'cmake_clean_cache' from command line to 'False'
[0.440s] Level 5:colcon.colcon_core.verb:set package 'mani_urdf' build argument 'cmake_clean_first' from command line to 'False'
[0.440s] Level 5:colcon.colcon_core.verb:set package 'mani_urdf' build argument 'cmake_force_configure' from command line to 'False'
[0.440s] Level 5:colcon.colcon_core.verb:set package 'mani_urdf' build argument 'ament_cmake_args' from command line to 'None'
[0.440s] Level 5:colcon.colcon_core.verb:set package 'mani_urdf' build argument 'catkin_cmake_args' from command line to 'None'
[0.440s] Level 5:colcon.colcon_core.verb:set package 'mani_urdf' build argument 'catkin_skip_building_tests' from command line to 'False'
[0.440s] DEBUG:colcon.colcon_core.verb:Building package 'mani_urdf' with the following arguments: {'ament_cmake_args': None, 'build_base': '/home/gaga/sad_ws/build/mani_urdf', 'catkin_cmake_args': None, 'catkin_skip_building_tests': False, 'cmake_args': None, 'cmake_clean_cache': False, 'cmake_clean_first': False, 'cmake_force_configure': False, 'cmake_target': None, 'cmake_target_skip_unavailable': False, 'install_base': '/home/gaga/sad_ws/install/mani_urdf', 'merge_install': False, 'path': '/home/gaga/sad_ws/src/mani_urdf', 'symlink_install': False, 'test_result_base': None}
[0.441s] Level 5:colcon.colcon_core.verb:set package 'my_vision_msgs' build argument 'cmake_args' from command line to 'None'
[0.441s] Level 5:colcon.colcon_core.verb:set package 'my_vision_msgs' build argument 'cmake_target' from command line to 'None'
[0.441s] Level 5:colcon.colcon_core.verb:set package 'my_vision_msgs' build argument 'cmake_target_skip_unavailable' from command line to 'False'
[0.441s] Level 5:colcon.colcon_core.verb:set package 'my_vision_msgs' build argument 'cmake_clean_cache' from command line to 'False'
[0.441s] Level 5:colcon.colcon_core.verb:set package 'my_vision_msgs' build argument 'cmake_clean_first' from command line to 'False'
[0.441s] Level 5:colcon.colcon_core.verb:set package 'my_vision_msgs' build argument 'cmake_force_configure' from command line to 'False'
[0.441s] Level 5:colcon.colcon_core.verb:set package 'my_vision_msgs' build argument 'ament_cmake_args' from command line to 'None'
[0.441s] Level 5:colcon.colcon_core.verb:set package 'my_vision_msgs' build argument 'catkin_cmake_args' from command line to 'None'
[0.441s] Level 5:colcon.colcon_core.verb:set package 'my_vision_msgs' build argument 'catkin_skip_building_tests' from command line to 'False'
[0.441s] DEBUG:colcon.colcon_core.verb:Building package 'my_vision_msgs' with the following arguments: {'ament_cmake_args': None, 'build_base': '/home/gaga/sad_ws/build/my_vision_msgs', 'catkin_cmake_args': None, 'catkin_skip_building_tests': False, 'cmake_args': None, 'cmake_clean_cache': False, 'cmake_clean_first': False, 'cmake_force_configure': False, 'cmake_target': None, 'cmake_target_skip_unavailable': False, 'install_base': '/home/gaga/sad_ws/install/my_vision_msgs', 'merge_install': False, 'path': '/home/gaga/sad_ws/src/my_vision_msgs', 'symlink_install': False, 'test_result_base': None}
[0.441s] Level 5:colcon.colcon_core.verb:set package 'sad_pkg' build argument 'cmake_args' from command line to 'None'
[0.441s] Level 5:colcon.colcon_core.verb:set package 'sad_pkg' build argument 'cmake_target' from command line to 'None'
[0.441s] Level 5:colcon.colcon_core.verb:set package 'sad_pkg' build argument 'cmake_target_skip_unavailable' from command line to 'False'
[0.441s] Level 5:colcon.colcon_core.verb:set package 'sad_pkg' build argument 'cmake_clean_cache' from command line to 'False'
[0.441s] Level 5:colcon.colcon_core.verb:set package 'sad_pkg' build argument 'cmake_clean_first' from command line to 'False'
[0.441s] Level 5:colcon.colcon_core.verb:set package 'sad_pkg' build argument 'cmake_force_configure' from command line to 'False'
[0.441s] Level 5:colcon.colcon_core.verb:set package 'sad_pkg' build argument 'ament_cmake_args' from command line to 'None'
[0.441s] Level 5:colcon.colcon_core.verb:set package 'sad_pkg' build argument 'catkin_cmake_args' from command line to 'None'
[0.441s] Level 5:colcon.colcon_core.verb:set package 'sad_pkg' build argument 'catkin_skip_building_tests' from command line to 'False'
[0.441s] DEBUG:colcon.colcon_core.verb:Building package 'sad_pkg' with the following arguments: {'ament_cmake_args': None, 'build_base': '/home/gaga/sad_ws/build/sad_pkg', 'catkin_cmake_args': None, 'catkin_skip_building_tests': False, 'cmake_args': None, 'cmake_clean_cache': False, 'cmake_clean_first': False, 'cmake_force_configure': False, 'cmake_target': None, 'cmake_target_skip_unavailable': False, 'install_base': '/home/gaga/sad_ws/install/sad_pkg', 'merge_install': False, 'path': '/home/gaga/sad_ws/src/sad_pkg', 'symlink_install': False, 'test_result_base': None}
[0.442s] INFO:colcon.colcon_core.executor:Executing jobs using 'parallel' executor
[0.445s] DEBUG:colcon.colcon_parallel_executor.executor.parallel:run_until_complete
[0.445s] INFO:colcon.colcon_ros.task.ament_cmake.build:Building ROS package in '/home/gaga/sad_ws/src/my_vision_msgs' with build type 'ament_cmake'
[0.445s] INFO:colcon.colcon_cmake.task.cmake.build:Building CMake package in '/home/gaga/sad_ws/src/my_vision_msgs'
[0.448s] INFO:colcon.colcon_core.plugin_system:Skipping extension 'colcon_core.shell.bat': Not used on non-Windows systems
[0.448s] INFO:colcon.colcon_core.shell:Skip shell extension 'powershell' for command environment: Not usable outside of PowerShell
[0.448s] DEBUG:colcon.colcon_core.shell:Skip shell extension 'dsv' for command environment
[0.457s] INFO:colcon.colcon_ros.task.ament_cmake.build:Building ROS package in '/home/gaga/sad_ws/src/mani_urdf' with build type 'ament_cmake'
[0.458s] INFO:colcon.colcon_cmake.task.cmake.build:Building CMake package in '/home/gaga/sad_ws/src/mani_urdf'
[0.458s] INFO:colcon.colcon_core.shell:Skip shell extension 'powershell' for command environment: Not usable outside of PowerShell
[0.458s] DEBUG:colcon.colcon_core.shell:Skip shell extension 'dsv' for command environment
[0.472s] DEBUG:colcon.colcon_core.event_handler.log_command:Invoking command in '/home/gaga/sad_ws/build/my_vision_msgs': CMAKE_PREFIX_PATH=${CMAKE_PREFIX_PATH}:/home/gaga/turtlebot3_ws/install/turtlebot3_teleop:/home/gaga/turtlebot3_ws/install/turtlebot3_example:/opt/ros/humble /usr/bin/cmake --build /home/gaga/sad_ws/build/my_vision_msgs -- -j20 -l20
[0.482s] DEBUG:colcon.colcon_core.event_handler.log_command:Invoking command in '/home/gaga/sad_ws/build/mani_urdf': CMAKE_PREFIX_PATH=${CMAKE_PREFIX_PATH}:/home/gaga/turtlebot3_ws/install/turtlebot3_teleop:/home/gaga/turtlebot3_ws/install/turtlebot3_example:/opt/ros/humble /usr/bin/cmake --build /home/gaga/sad_ws/build/mani_urdf -- -j20 -l20
[0.562s] DEBUG:colcon.colcon_core.event_handler.log_command:Invoked command in '/home/gaga/sad_ws/build/mani_urdf' returned '0': CMAKE_PREFIX_PATH=${CMAKE_PREFIX_PATH}:/home/gaga/turtlebot3_ws/install/turtlebot3_teleop:/home/gaga/turtlebot3_ws/install/turtlebot3_example:/opt/ros/humble /usr/bin/cmake --build /home/gaga/sad_ws/build/mani_urdf -- -j20 -l20
[0.581s] DEBUG:colcon.colcon_core.event_handler.log_command:Invoking command in '/home/gaga/sad_ws/build/mani_urdf': CMAKE_PREFIX_PATH=${CMAKE_PREFIX_PATH}:/home/gaga/turtlebot3_ws/install/turtlebot3_teleop:/home/gaga/turtlebot3_ws/install/turtlebot3_example:/opt/ros/humble /usr/bin/cmake --install /home/gaga/sad_ws/build/mani_urdf
[0.605s] Level 1:colcon.colcon_core.environment:create_environment_scripts_only(mani_urdf)
[0.608s] DEBUG:colcon.colcon_core.event_handler.log_command:Invoked command in '/home/gaga/sad_ws/build/mani_urdf' returned '0': CMAKE_PREFIX_PATH=${CMAKE_PREFIX_PATH}:/home/gaga/turtlebot3_ws/install/turtlebot3_teleop:/home/gaga/turtlebot3_ws/install/turtlebot3_example:/opt/ros/humble /usr/bin/cmake --install /home/gaga/sad_ws/build/mani_urdf
[0.613s] Level 1:colcon.colcon_core.environment:checking '/home/gaga/sad_ws/install/mani_urdf' for CMake module files
[0.614s] Level 1:colcon.colcon_core.environment:checking '/home/gaga/sad_ws/install/mani_urdf' for CMake config files
[0.615s] Level 1:colcon.colcon_core.shell:create_environment_hook('mani_urdf', 'cmake_prefix_path')
[0.616s] INFO:colcon.colcon_core.shell:Creating environment hook '/home/gaga/sad_ws/install/mani_urdf/share/mani_urdf/hook/cmake_prefix_path.ps1'
[0.618s] INFO:colcon.colcon_core.shell:Creating environment descriptor '/home/gaga/sad_ws/install/mani_urdf/share/mani_urdf/hook/cmake_prefix_path.dsv'
[0.620s] INFO:colcon.colcon_core.shell:Creating environment hook '/home/gaga/sad_ws/install/mani_urdf/share/mani_urdf/hook/cmake_prefix_path.sh'
[0.623s] Level 1:colcon.colcon_core.environment:checking '/home/gaga/sad_ws/install/mani_urdf/bin'
[0.624s] Level 1:colcon.colcon_core.environment:checking '/home/gaga/sad_ws/install/mani_urdf/lib/pkgconfig/mani_urdf.pc'
[0.624s] Level 1:colcon.colcon_core.environment:checking '/home/gaga/sad_ws/install/mani_urdf/lib/python3.10/site-packages'
[0.625s] Level 1:colcon.colcon_core.environment:checking '/home/gaga/sad_ws/install/mani_urdf/bin'
[0.625s] INFO:colcon.colcon_core.shell:Creating package script '/home/gaga/sad_ws/install/mani_urdf/share/mani_urdf/package.ps1'
[0.628s] INFO:colcon.colcon_core.shell:Creating package descriptor '/home/gaga/sad_ws/install/mani_urdf/share/mani_urdf/package.dsv'
[0.629s] INFO:colcon.colcon_core.shell:Creating package script '/home/gaga/sad_ws/install/mani_urdf/share/mani_urdf/package.sh'
[0.630s] INFO:colcon.colcon_core.shell:Creating package script '/home/gaga/sad_ws/install/mani_urdf/share/mani_urdf/package.bash'
[0.632s] INFO:colcon.colcon_core.shell:Creating package script '/home/gaga/sad_ws/install/mani_urdf/share/mani_urdf/package.zsh'
[0.633s] Level 1:colcon.colcon_core.environment:create_file_with_runtime_dependencies(/home/gaga/sad_ws/install/mani_urdf/share/colcon-core/packages/mani_urdf)
[0.635s] Level 1:colcon.colcon_core.environment:create_environment_scripts_only(mani_urdf)
[0.635s] Level 1:colcon.colcon_core.environment:checking '/home/gaga/sad_ws/install/mani_urdf' for CMake module files
[0.636s] Level 1:colcon.colcon_core.environment:checking '/home/gaga/sad_ws/install/mani_urdf' for CMake config files
[0.636s] Level 1:colcon.colcon_core.shell:create_environment_hook('mani_urdf', 'cmake_prefix_path')
[0.636s] INFO:colcon.colcon_core.shell:Creating environment hook '/home/gaga/sad_ws/install/mani_urdf/share/mani_urdf/hook/cmake_prefix_path.ps1'
[0.637s] INFO:colcon.colcon_core.shell:Creating environment descriptor '/home/gaga/sad_ws/install/mani_urdf/share/mani_urdf/hook/cmake_prefix_path.dsv'
[0.638s] INFO:colcon.colcon_core.shell:Creating environment hook '/home/gaga/sad_ws/install/mani_urdf/share/mani_urdf/hook/cmake_prefix_path.sh'
[0.639s] Level 1:colcon.colcon_core.environment:checking '/home/gaga/sad_ws/install/mani_urdf/bin'
[0.639s] Level 1:colcon.colcon_core.environment:checking '/home/gaga/sad_ws/install/mani_urdf/lib/pkgconfig/mani_urdf.pc'
[0.640s] Level 1:colcon.colcon_core.environment:checking '/home/gaga/sad_ws/install/mani_urdf/lib/python3.10/site-packages'
[0.640s] Level 1:colcon.colcon_core.environment:checking '/home/gaga/sad_ws/install/mani_urdf/bin'
[0.640s] INFO:colcon.colcon_core.shell:Creating package script '/home/gaga/sad_ws/install/mani_urdf/share/mani_urdf/package.ps1'
[0.641s] INFO:colcon.colcon_core.shell:Creating package descriptor '/home/gaga/sad_ws/install/mani_urdf/share/mani_urdf/package.dsv'
[0.642s] INFO:colcon.colcon_core.shell:Creating package script '/home/gaga/sad_ws/install/mani_urdf/share/mani_urdf/package.sh'
[0.643s] INFO:colcon.colcon_core.shell:Creating package script '/home/gaga/sad_ws/install/mani_urdf/share/mani_urdf/package.bash'
[0.643s] INFO:colcon.colcon_core.shell:Creating package script '/home/gaga/sad_ws/install/mani_urdf/share/mani_urdf/package.zsh'
[0.644s] Level 1:colcon.colcon_core.environment:create_file_with_runtime_dependencies(/home/gaga/sad_ws/install/mani_urdf/share/colcon-core/packages/mani_urdf)
[1.017s] DEBUG:colcon.colcon_core.event_handler.log_command:Invoked command in '/home/gaga/sad_ws/build/my_vision_msgs' returned '0': CMAKE_PREFIX_PATH=${CMAKE_PREFIX_PATH}:/home/gaga/turtlebot3_ws/install/turtlebot3_teleop:/home/gaga/turtlebot3_ws/install/turtlebot3_example:/opt/ros/humble /usr/bin/cmake --build /home/gaga/sad_ws/build/my_vision_msgs -- -j20 -l20
[1.022s] DEBUG:colcon.colcon_core.event_handler.log_command:Invoking command in '/home/gaga/sad_ws/build/my_vision_msgs': CMAKE_PREFIX_PATH=${CMAKE_PREFIX_PATH}:/home/gaga/turtlebot3_ws/install/turtlebot3_teleop:/home/gaga/turtlebot3_ws/install/turtlebot3_example:/opt/ros/humble /usr/bin/cmake --install /home/gaga/sad_ws/build/my_vision_msgs
[1.109s] Level 1:colcon.colcon_core.environment:create_environment_scripts_only(my_vision_msgs)
[1.110s] DEBUG:colcon.colcon_core.event_handler.log_command:Invoked command in '/home/gaga/sad_ws/build/my_vision_msgs' returned '0': CMAKE_PREFIX_PATH=${CMAKE_PREFIX_PATH}:/home/gaga/turtlebot3_ws/install/turtlebot3_teleop:/home/gaga/turtlebot3_ws/install/turtlebot3_example:/opt/ros/humble /usr/bin/cmake --install /home/gaga/sad_ws/build/my_vision_msgs
[1.111s] Level 1:colcon.colcon_core.environment:checking '/home/gaga/sad_ws/install/my_vision_msgs' for CMake module files
[1.112s] Level 1:colcon.colcon_core.environment:checking '/home/gaga/sad_ws/install/my_vision_msgs' for CMake config files
[1.112s] Level 1:colcon.colcon_core.shell:create_environment_hook('my_vision_msgs', 'cmake_prefix_path')
[1.112s] INFO:colcon.colcon_core.shell:Creating environment hook '/home/gaga/sad_ws/install/my_vision_msgs/share/my_vision_msgs/hook/cmake_prefix_path.ps1'
[1.113s] INFO:colcon.colcon_core.shell:Creating environment descriptor '/home/gaga/sad_ws/install/my_vision_msgs/share/my_vision_msgs/hook/cmake_prefix_path.dsv'
[1.114s] INFO:colcon.colcon_core.shell:Creating environment hook '/home/gaga/sad_ws/install/my_vision_msgs/share/my_vision_msgs/hook/cmake_prefix_path.sh'
[1.115s] Level 1:colcon.colcon_core.environment:checking '/home/gaga/sad_ws/install/my_vision_msgs/lib'
[1.115s] Level 1:colcon.colcon_core.shell:create_environment_hook('my_vision_msgs', 'ld_library_path_lib')
[1.115s] INFO:colcon.colcon_core.shell:Creating environment hook '/home/gaga/sad_ws/install/my_vision_msgs/share/my_vision_msgs/hook/ld_library_path_lib.ps1'
[1.116s] INFO:colcon.colcon_core.shell:Creating environment descriptor '/home/gaga/sad_ws/install/my_vision_msgs/share/my_vision_msgs/hook/ld_library_path_lib.dsv'
[1.116s] INFO:colcon.colcon_core.shell:Creating environment hook '/home/gaga/sad_ws/install/my_vision_msgs/share/my_vision_msgs/hook/ld_library_path_lib.sh'
[1.116s] Level 1:colcon.colcon_core.environment:checking '/home/gaga/sad_ws/install/my_vision_msgs/bin'
[1.116s] Level 1:colcon.colcon_core.environment:checking '/home/gaga/sad_ws/install/my_vision_msgs/lib/pkgconfig/my_vision_msgs.pc'
[1.117s] Level 1:colcon.colcon_core.environment:checking '/home/gaga/sad_ws/install/my_vision_msgs/lib/python3.10/site-packages'
[1.117s] Level 1:colcon.colcon_core.environment:checking '/home/gaga/sad_ws/install/my_vision_msgs/bin'
[1.117s] INFO:colcon.colcon_core.shell:Creating package script '/home/gaga/sad_ws/install/my_vision_msgs/share/my_vision_msgs/package.ps1'
[1.118s] INFO:colcon.colcon_core.shell:Creating package descriptor '/home/gaga/sad_ws/install/my_vision_msgs/share/my_vision_msgs/package.dsv'
[1.118s] INFO:colcon.colcon_core.shell:Creating package script '/home/gaga/sad_ws/install/my_vision_msgs/share/my_vision_msgs/package.sh'
[1.119s] INFO:colcon.colcon_core.shell:Creating package script '/home/gaga/sad_ws/install/my_vision_msgs/share/my_vision_msgs/package.bash'
[1.119s] INFO:colcon.colcon_core.shell:Creating package script '/home/gaga/sad_ws/install/my_vision_msgs/share/my_vision_msgs/package.zsh'
[1.119s] Level 1:colcon.colcon_core.environment:create_file_with_runtime_dependencies(/home/gaga/sad_ws/install/my_vision_msgs/share/colcon-core/packages/my_vision_msgs)
[1.120s] Level 1:colcon.colcon_core.environment:create_environment_scripts_only(my_vision_msgs)
[1.120s] Level 1:colcon.colcon_core.environment:checking '/home/gaga/sad_ws/install/my_vision_msgs' for CMake module files
[1.120s] Level 1:colcon.colcon_core.environment:checking '/home/gaga/sad_ws/install/my_vision_msgs' for CMake config files
[1.121s] Level 1:colcon.colcon_core.shell:create_environment_hook('my_vision_msgs', 'cmake_prefix_path')
[1.121s] INFO:colcon.colcon_core.shell:Creating environment hook '/home/gaga/sad_ws/install/my_vision_msgs/share/my_vision_msgs/hook/cmake_prefix_path.ps1'
[1.121s] INFO:colcon.colcon_core.shell:Creating environment descriptor '/home/gaga/sad_ws/install/my_vision_msgs/share/my_vision_msgs/hook/cmake_prefix_path.dsv'
[1.122s] INFO:colcon.colcon_core.shell:Creating environment hook '/home/gaga/sad_ws/install/my_vision_msgs/share/my_vision_msgs/hook/cmake_prefix_path.sh'
[1.122s] Level 1:colcon.colcon_core.environment:checking '/home/gaga/sad_ws/install/my_vision_msgs/lib'
[1.122s] Level 1:colcon.colcon_core.shell:create_environment_hook('my_vision_msgs', 'ld_library_path_lib')
[1.123s] INFO:colcon.colcon_core.shell:Creating environment hook '/home/gaga/sad_ws/install/my_vision_msgs/share/my_vision_msgs/hook/ld_library_path_lib.ps1'
[1.123s] INFO:colcon.colcon_core.shell:Creating environment descriptor '/home/gaga/sad_ws/install/my_vision_msgs/share/my_vision_msgs/hook/ld_library_path_lib.dsv'
[1.123s] INFO:colcon.colcon_core.shell:Creating environment hook '/home/gaga/sad_ws/install/my_vision_msgs/share/my_vision_msgs/hook/ld_library_path_lib.sh'
[1.123s] Level 1:colcon.colcon_core.environment:checking '/home/gaga/sad_ws/install/my_vision_msgs/bin'
[1.123s] Level 1:colcon.colcon_core.environment:checking '/home/gaga/sad_ws/install/my_vision_msgs/lib/pkgconfig/my_vision_msgs.pc'
[1.124s] Level 1:colcon.colcon_core.environment:checking '/home/gaga/sad_ws/install/my_vision_msgs/lib/python3.10/site-packages'
[1.124s] Level 1:colcon.colcon_core.environment:checking '/home/gaga/sad_ws/install/my_vision_msgs/bin'
[1.124s] INFO:colcon.colcon_core.shell:Creating package script '/home/gaga/sad_ws/install/my_vision_msgs/share/my_vision_msgs/package.ps1'
[1.125s] INFO:colcon.colcon_core.shell:Creating package descriptor '/home/gaga/sad_ws/install/my_vision_msgs/share/my_vision_msgs/package.dsv'
[1.125s] INFO:colcon.colcon_core.shell:Creating package script '/home/gaga/sad_ws/install/my_vision_msgs/share/my_vision_msgs/package.sh'
[1.125s] INFO:colcon.colcon_core.shell:Creating package script '/home/gaga/sad_ws/install/my_vision_msgs/share/my_vision_msgs/package.bash'
[1.126s] INFO:colcon.colcon_core.shell:Creating package script '/home/gaga/sad_ws/install/my_vision_msgs/share/my_vision_msgs/package.zsh'
[1.126s] Level 1:colcon.colcon_core.environment:create_file_with_runtime_dependencies(/home/gaga/sad_ws/install/my_vision_msgs/share/colcon-core/packages/my_vision_msgs)
[1.126s] INFO:colcon.colcon_ros.task.ament_cmake.build:Building ROS package in '/home/gaga/sad_ws/src/sad_pkg' with build type 'ament_cmake'
[1.127s] INFO:colcon.colcon_cmake.task.cmake.build:Building CMake package in '/home/gaga/sad_ws/src/sad_pkg'
[1.127s] INFO:colcon.colcon_core.shell:Skip shell extension 'powershell' for command environment: Not usable outside of PowerShell
[1.127s] DEBUG:colcon.colcon_core.shell:Skip shell extension 'dsv' for command environment
[1.148s] DEBUG:colcon.colcon_core.event_handler.log_command:Invoking command in '/home/gaga/sad_ws/build/sad_pkg': CMAKE_PREFIX_PATH=/home/gaga/sad_ws/install/my_vision_msgs:/home/gaga/rrt_ws/install/spline_interpolation:/home/gaga/rrt_ws/install/rrt_visualization:/home/gaga/rrt_ws/install/rrt_spline_pkg:/home/gaga/rrt_ws/install/my_rrt_pkg:/home/gaga/rrt_ws/install/mani_pkg:/home/gaga/sad_ws/install:/home/gaga/sad_ws/install/sad_pkg:/home/gaga/sad_ws/install/mani_urdf:/home/gaga/turtlebot3_ws/install/turtlebot3:/home/gaga/turtlebot3_ws/install/turtlebot3_simulations:/home/gaga/turtlebot3_ws/install/turtlebot3_bringup:/home/gaga/turtlebot3_ws/install/turtlebot3_node:/home/gaga/turtlebot3_ws/install/turtlebot3_navigation2:/home/gaga/turtlebot3_ws/install/turtlebot3_fake_node:/home/gaga/turtlebot3_ws/install/robot_master:/home/gaga/turtlebot3_ws/install/turtlebot3_msgs:/home/gaga/turtlebot3_ws/install/turtlebot3_gazebo:/home/gaga/turtlebot3_ws/install/turtlebot3_description:/home/gaga/turtlebot3_ws/install/turtlebot3_cartographer:/home/gaga/turtlebot3_ws/install/robot_vision:/home/gaga/turtlebot3_ws/install/robot_navigation:/home/gaga/turtlebot3_ws/install/robot_msgs:/home/gaga/turtlebot3_ws/install/dynamixel_sdk_examples:/home/gaga/turtlebot3_ws/install/dynamixel_sdk_custom_interfaces:/home/gaga/turtlebot3_ws/install/dynamixel_sdk:/home/gaga/ssibal_ws/install/robot_msgs:/home/gaga/sad_ws/src/install/sad_pkg:/home/gaga/sad_ws/src/install/vision_msgs:/home/gaga/sad_ws/src/install/my_vision_msgs:/home/gaga/sad_ws/src/install/mani_urdf:/home/gaga/robotprograming_ws/install/rp_pkg:/home/gaga/turtlebot3_ws/install/turtlebot3_teleop:/home/gaga/turtlebot3_ws/install/turtlebot3_example:/opt/ros/humble /usr/bin/cmake --build /home/gaga/sad_ws/build/sad_pkg -- -j20 -l20
[27.458s] DEBUG:colcon.colcon_core.event_handler.log_command:Invoked command in '/home/gaga/sad_ws/build/sad_pkg' returned '0': CMAKE_PREFIX_PATH=/home/gaga/sad_ws/install/my_vision_msgs:/home/gaga/rrt_ws/install/spline_interpolation:/home/gaga/rrt_ws/install/rrt_visualization:/home/gaga/rrt_ws/install/rrt_spline_pkg:/home/gaga/rrt_ws/install/my_rrt_pkg:/home/gaga/rrt_ws/install/mani_pkg:/home/gaga/sad_ws/install:/home/gaga/sad_ws/install/sad_pkg:/home/gaga/sad_ws/install/mani_urdf:/home/gaga/turtlebot3_ws/install/turtlebot3:/home/gaga/turtlebot3_ws/install/turtlebot3_simulations:/home/gaga/turtlebot3_ws/install/turtlebot3_bringup:/home/gaga/turtlebot3_ws/install/turtlebot3_node:/home/gaga/turtlebot3_ws/install/turtlebot3_navigation2:/home/gaga/turtlebot3_ws/install/turtlebot3_fake_node:/home/gaga/turtlebot3_ws/install/robot_master:/home/gaga/turtlebot3_ws/install/turtlebot3_msgs:/home/gaga/turtlebot3_ws/install/turtlebot3_gazebo:/home/gaga/turtlebot3_ws/install/turtlebot3_description:/home/gaga/turtlebot3_ws/install/turtlebot3_cartographer:/home/gaga/turtlebot3_ws/install/robot_vision:/home/gaga/turtlebot3_ws/install/robot_navigation:/home/gaga/turtlebot3_ws/install/robot_msgs:/home/gaga/turtlebot3_ws/install/dynamixel_sdk_examples:/home/gaga/turtlebot3_ws/install/dynamixel_sdk_custom_interfaces:/home/gaga/turtlebot3_ws/install/dynamixel_sdk:/home/gaga/ssibal_ws/install/robot_msgs:/home/gaga/sad_ws/src/install/sad_pkg:/home/gaga/sad_ws/src/install/vision_msgs:/home/gaga/sad_ws/src/install/my_vision_msgs:/home/gaga/sad_ws/src/install/mani_urdf:/home/gaga/robotprograming_ws/install/rp_pkg:/home/gaga/turtlebot3_ws/install/turtlebot3_teleop:/home/gaga/turtlebot3_ws/install/turtlebot3_example:/opt/ros/humble /usr/bin/cmake --build /home/gaga/sad_ws/build/sad_pkg -- -j20 -l20
[27.459s] DEBUG:colcon.colcon_core.event_handler.log_command:Invoking command in '/home/gaga/sad_ws/build/sad_pkg': CMAKE_PREFIX_PATH=/home/gaga/sad_ws/install/my_vision_msgs:/home/gaga/rrt_ws/install/spline_interpolation:/home/gaga/rrt_ws/install/rrt_visualization:/home/gaga/rrt_ws/install/rrt_spline_pkg:/home/gaga/rrt_ws/install/my_rrt_pkg:/home/gaga/rrt_ws/install/mani_pkg:/home/gaga/sad_ws/install:/home/gaga/sad_ws/install/sad_pkg:/home/gaga/sad_ws/install/mani_urdf:/home/gaga/turtlebot3_ws/install/turtlebot3:/home/gaga/turtlebot3_ws/install/turtlebot3_simulations:/home/gaga/turtlebot3_ws/install/turtlebot3_bringup:/home/gaga/turtlebot3_ws/install/turtlebot3_node:/home/gaga/turtlebot3_ws/install/turtlebot3_navigation2:/home/gaga/turtlebot3_ws/install/turtlebot3_fake_node:/home/gaga/turtlebot3_ws/install/robot_master:/home/gaga/turtlebot3_ws/install/turtlebot3_msgs:/home/gaga/turtlebot3_ws/install/turtlebot3_gazebo:/home/gaga/turtlebot3_ws/install/turtlebot3_description:/home/gaga/turtlebot3_ws/install/turtlebot3_cartographer:/home/gaga/turtlebot3_ws/install/robot_vision:/home/gaga/turtlebot3_ws/install/robot_navigation:/home/gaga/turtlebot3_ws/install/robot_msgs:/home/gaga/turtlebot3_ws/install/dynamixel_sdk_examples:/home/gaga/turtlebot3_ws/install/dynamixel_sdk_custom_interfaces:/home/gaga/turtlebot3_ws/install/dynamixel_sdk:/home/gaga/ssibal_ws/install/robot_msgs:/home/gaga/sad_ws/src/install/sad_pkg:/home/gaga/sad_ws/src/install/vision_msgs:/home/gaga/sad_ws/src/install/my_vision_msgs:/home/gaga/sad_ws/src/install/mani_urdf:/home/gaga/robotprograming_ws/install/rp_pkg:/home/gaga/turtlebot3_ws/install/turtlebot3_teleop:/home/gaga/turtlebot3_ws/install/turtlebot3_example:/opt/ros/humble /usr/bin/cmake --install /home/gaga/sad_ws/build/sad_pkg
[27.472s] Level 1:colcon.colcon_core.environment:create_environment_scripts_only(sad_pkg)
[27.472s] Level 1:colcon.colcon_core.environment:checking '/home/gaga/sad_ws/install/sad_pkg' for CMake module files
[27.473s] DEBUG:colcon.colcon_core.event_handler.log_command:Invoked command in '/home/gaga/sad_ws/build/sad_pkg' returned '0': CMAKE_PREFIX_PATH=/home/gaga/sad_ws/install/my_vision_msgs:/home/gaga/rrt_ws/install/spline_interpolation:/home/gaga/rrt_ws/install/rrt_visualization:/home/gaga/rrt_ws/install/rrt_spline_pkg:/home/gaga/rrt_ws/install/my_rrt_pkg:/home/gaga/rrt_ws/install/mani_pkg:/home/gaga/sad_ws/install:/home/gaga/sad_ws/install/sad_pkg:/home/gaga/sad_ws/install/mani_urdf:/home/gaga/turtlebot3_ws/install/turtlebot3:/home/gaga/turtlebot3_ws/install/turtlebot3_simulations:/home/gaga/turtlebot3_ws/install/turtlebot3_bringup:/home/gaga/turtlebot3_ws/install/turtlebot3_node:/home/gaga/turtlebot3_ws/install/turtlebot3_navigation2:/home/gaga/turtlebot3_ws/install/turtlebot3_fake_node:/home/gaga/turtlebot3_ws/install/robot_master:/home/gaga/turtlebot3_ws/install/turtlebot3_msgs:/home/gaga/turtlebot3_ws/install/turtlebot3_gazebo:/home/gaga/turtlebot3_ws/install/turtlebot3_description:/home/gaga/turtlebot3_ws/install/turtlebot3_cartographer:/home/gaga/turtlebot3_ws/install/robot_vision:/home/gaga/turtlebot3_ws/install/robot_navigation:/home/gaga/turtlebot3_ws/install/robot_msgs:/home/gaga/turtlebot3_ws/install/dynamixel_sdk_examples:/home/gaga/turtlebot3_ws/install/dynamixel_sdk_custom_interfaces:/home/gaga/turtlebot3_ws/install/dynamixel_sdk:/home/gaga/ssibal_ws/install/robot_msgs:/home/gaga/sad_ws/src/install/sad_pkg:/home/gaga/sad_ws/src/install/vision_msgs:/home/gaga/sad_ws/src/install/my_vision_msgs:/home/gaga/sad_ws/src/install/mani_urdf:/home/gaga/robotprograming_ws/install/rp_pkg:/home/gaga/turtlebot3_ws/install/turtlebot3_teleop:/home/gaga/turtlebot3_ws/install/turtlebot3_example:/opt/ros/humble /usr/bin/cmake --install /home/gaga/sad_ws/build/sad_pkg
[27.473s] Level 1:colcon.colcon_core.environment:checking '/home/gaga/sad_ws/install/sad_pkg' for CMake config files
[27.473s] Level 1:colcon.colcon_core.shell:create_environment_hook('sad_pkg', 'cmake_prefix_path')
[27.473s] INFO:colcon.colcon_core.shell:Creating environment hook '/home/gaga/sad_ws/install/sad_pkg/share/sad_pkg/hook/cmake_prefix_path.ps1'
[27.473s] INFO:colcon.colcon_core.shell:Creating environment descriptor '/home/gaga/sad_ws/install/sad_pkg/share/sad_pkg/hook/cmake_prefix_path.dsv'
[27.473s] INFO:colcon.colcon_core.shell:Creating environment hook '/home/gaga/sad_ws/install/sad_pkg/share/sad_pkg/hook/cmake_prefix_path.sh'
[27.474s] Level 1:colcon.colcon_core.environment:checking '/home/gaga/sad_ws/install/sad_pkg/lib'
[27.474s] Level 1:colcon.colcon_core.environment:checking '/home/gaga/sad_ws/install/sad_pkg/bin'
[27.474s] Level 1:colcon.colcon_core.environment:checking '/home/gaga/sad_ws/install/sad_pkg/lib/pkgconfig/sad_pkg.pc'
[27.474s] Level 1:colcon.colcon_core.environment:checking '/home/gaga/sad_ws/install/sad_pkg/lib/python3.10/site-packages'
[27.474s] Level 1:colcon.colcon_core.environment:checking '/home/gaga/sad_ws/install/sad_pkg/bin'
[27.474s] INFO:colcon.colcon_core.shell:Creating package script '/home/gaga/sad_ws/install/sad_pkg/share/sad_pkg/package.ps1'
[27.474s] INFO:colcon.colcon_core.shell:Creating package descriptor '/home/gaga/sad_ws/install/sad_pkg/share/sad_pkg/package.dsv'
[27.475s] INFO:colcon.colcon_core.shell:Creating package script '/home/gaga/sad_ws/install/sad_pkg/share/sad_pkg/package.sh'
[27.475s] INFO:colcon.colcon_core.shell:Creating package script '/home/gaga/sad_ws/install/sad_pkg/share/sad_pkg/package.bash'
[27.475s] INFO:colcon.colcon_core.shell:Creating package script '/home/gaga/sad_ws/install/sad_pkg/share/sad_pkg/package.zsh'
[27.475s] Level 1:colcon.colcon_core.environment:create_file_with_runtime_dependencies(/home/gaga/sad_ws/install/sad_pkg/share/colcon-core/packages/sad_pkg)
[27.476s] Level 1:colcon.colcon_core.environment:create_environment_scripts_only(sad_pkg)
[27.476s] Level 1:colcon.colcon_core.environment:checking '/home/gaga/sad_ws/install/sad_pkg' for CMake module files
[27.476s] Level 1:colcon.colcon_core.environment:checking '/home/gaga/sad_ws/install/sad_pkg' for CMake config files
[27.476s] Level 1:colcon.colcon_core.shell:create_environment_hook('sad_pkg', 'cmake_prefix_path')
[27.476s] INFO:colcon.colcon_core.shell:Creating environment hook '/home/gaga/sad_ws/install/sad_pkg/share/sad_pkg/hook/cmake_prefix_path.ps1'
[27.476s] INFO:colcon.colcon_core.shell:Creating environment descriptor '/home/gaga/sad_ws/install/sad_pkg/share/sad_pkg/hook/cmake_prefix_path.dsv'
[27.477s] INFO:colcon.colcon_core.shell:Creating environment hook '/home/gaga/sad_ws/install/sad_pkg/share/sad_pkg/hook/cmake_prefix_path.sh'
[27.477s] Level 1:colcon.colcon_core.environment:checking '/home/gaga/sad_ws/install/sad_pkg/lib'
[27.477s] Level 1:colcon.colcon_core.environment:checking '/home/gaga/sad_ws/install/sad_pkg/bin'
[27.477s] Level 1:colcon.colcon_core.environment:checking '/home/gaga/sad_ws/install/sad_pkg/lib/pkgconfig/sad_pkg.pc'
[27.477s] Level 1:colcon.colcon_core.environment:checking '/home/gaga/sad_ws/install/sad_pkg/lib/python3.10/site-packages'
[27.477s] Level 1:colcon.colcon_core.environment:checking '/home/gaga/sad_ws/install/sad_pkg/bin'
[27.477s] INFO:colcon.colcon_core.shell:Creating package script '/home/gaga/sad_ws/install/sad_pkg/share/sad_pkg/package.ps1'
[27.478s] INFO:colcon.colcon_core.shell:Creating package descriptor '/home/gaga/sad_ws/install/sad_pkg/share/sad_pkg/package.dsv'
[27.478s] INFO:colcon.colcon_core.shell:Creating package script '/home/gaga/sad_ws/install/sad_pkg/share/sad_pkg/package.sh'
[27.478s] INFO:colcon.colcon_core.shell:Creating package script '/home/gaga/sad_ws/install/sad_pkg/share/sad_pkg/package.bash'
[27.478s] INFO:colcon.colcon_core.shell:Creating package script '/home/gaga/sad_ws/install/sad_pkg/share/sad_pkg/package.zsh'
[27.478s] Level 1:colcon.colcon_core.environment:create_file_with_runtime_dependencies(/home/gaga/sad_ws/install/sad_pkg/share/colcon-core/packages/sad_pkg)
[27.478s] DEBUG:colcon.colcon_parallel_executor.executor.parallel:closing loop
[27.478s] DEBUG:colcon.colcon_parallel_executor.executor.parallel:loop closed
[27.478s] DEBUG:colcon.colcon_parallel_executor.executor.parallel:run_until_complete finished with '0'
[27.479s] DEBUG:colcon.colcon_core.event_reactor:joining thread
[27.482s] INFO:colcon.colcon_core.plugin_system:Skipping extension 'colcon_notification.desktop_notification.terminal_notifier': Not used on non-Darwin systems
[27.482s] INFO:colcon.colcon_core.plugin_system:Skipping extension 'colcon_notification.desktop_notification.win32': Not used on non-Windows systems
[27.482s] INFO:colcon.colcon_notification.desktop_notification:Sending desktop notification using 'notify2'
[27.488s] DEBUG:colcon.colcon_core.event_reactor:joined thread
[27.488s] INFO:colcon.colcon_core.shell:Creating prefix script '/home/gaga/sad_ws/install/local_setup.ps1'
[27.488s] INFO:colcon.colcon_core.shell:Creating prefix util module '/home/gaga/sad_ws/install/_local_setup_util_ps1.py'
[27.489s] INFO:colcon.colcon_core.shell:Creating prefix chain script '/home/gaga/sad_ws/install/setup.ps1'
[27.490s] INFO:colcon.colcon_core.shell:Creating prefix script '/home/gaga/sad_ws/install/local_setup.sh'
[27.490s] INFO:colcon.colcon_core.shell:Creating prefix util module '/home/gaga/sad_ws/install/_local_setup_util_sh.py'
[27.491s] INFO:colcon.colcon_core.shell:Creating prefix chain script '/home/gaga/sad_ws/install/setup.sh'
[27.492s] INFO:colcon.colcon_core.shell:Creating prefix script '/home/gaga/sad_ws/install/local_setup.bash'
[27.492s] INFO:colcon.colcon_core.shell:Creating prefix chain script '/home/gaga/sad_ws/install/setup.bash'
[27.493s] INFO:colcon.colcon_core.shell:Creating prefix script '/home/gaga/sad_ws/install/local_setup.zsh'
[27.493s] INFO:colcon.colcon_core.shell:Creating prefix chain script '/home/gaga/sad_ws/install/setup.zsh'
