[0.059s] DEBUG:colcon:Command line arguments: ['/usr/bin/colcon', 'build']
[0.060s] DEBUG:colcon:Parsed command line arguments: Namespace(log_base=None, log_level=None, verb_name='build', build_base='build', install_base='install', merge_install=False, symlink_install=False, test_result_base=None, continue_on_error=False, executor='parallel', parallel_workers=20, event_handlers=None, ignore_user_meta=False, metas=['./colcon.meta'], base_paths=['.'], packages_ignore=None, packages_ignore_regex=None, paths=None, packages_up_to=None, packages_up_to_regex=None, packages_above=None, packages_above_and_dependencies=None, packages_above_depth=None, packages_select_by_dep=None, packages_skip_by_dep=None, packages_skip_up_to=None, packages_select_build_failed=False, packages_skip_build_finished=False, packages_select_test_failures=False, packages_skip_test_passed=False, packages_select=None, packages_skip=None, packages_select_regex=None, packages_skip_regex=None, packages_start=None, packages_end=None, allow_overriding=[], cmake_args=None, cmake_target=None, cmake_target_skip_unavailable=False, cmake_clean_cache=False, cmake_clean_first=False, cmake_force_configure=False, ament_cmake_args=None, catkin_cmake_args=None, catkin_skip_building_tests=False, mixin_files=None, mixin=None, verb_parser=<colcon_mixin.mixin.mixin_argument.MixinArgumentDecorator object at 0x765a8dd40fd0>, verb_extension=<colcon_core.verb.build.BuildVerb object at 0x765a8dd40a00>, main=<bound method BuildVerb.main of <colcon_core.verb.build.BuildVerb object at 0x765a8dd40a00>>, mixin_verb=('build',))
[0.149s] Level 1:colcon.colcon_core.package_discovery:discover_packages(colcon_meta) check parameters
[0.149s] Level 1:colcon.colcon_core.package_discovery:discover_packages(recursive) check parameters
[0.149s] Level 1:colcon.colcon_core.package_discovery:discover_packages(ignore) check parameters
[0.149s] Level 1:colcon.colcon_core.package_discovery:discover_packages(path) check parameters
[0.149s] Level 1:colcon.colcon_core.package_discovery:discover_packages(colcon_meta) discover
[0.149s] Level 1:colcon.colcon_core.package_discovery:discover_packages(recursive) discover
[0.149s] INFO:colcon.colcon_core.package_discovery:Crawling recursively for packages in '/home/gaga/sad_ws/src'
[0.149s] Level 1:colcon.colcon_core.package_identification:_identify(.) by extensions ['ignore', 'ignore_ament_install']
[0.149s] Level 1:colcon.colcon_core.package_identification:_identify(.) by extension 'ignore'
[0.149s] Level 1:colcon.colcon_core.package_identification:_identify(.) by extension 'ignore_ament_install'
[0.149s] Level 1:colcon.colcon_core.package_identification:_identify(.) by extensions ['colcon_pkg']
[0.149s] Level 1:colcon.colcon_core.package_identification:_identify(.) by extension 'colcon_pkg'
[0.149s] Level 1:colcon.colcon_core.package_identification:_identify(.) by extensions ['colcon_meta']
[0.149s] Level 1:colcon.colcon_core.package_identification:_identify(.) by extension 'colcon_meta'
[0.149s] Level 1:colcon.colcon_core.package_identification:_identify(.) by extensions ['ros']
[0.149s] Level 1:colcon.colcon_core.package_identification:_identify(.) by extension 'ros'
[0.156s] Level 1:colcon.colcon_core.package_identification:_identify(.) by extensions ['cmake', 'python']
[0.157s] Level 1:colcon.colcon_core.package_identification:_identify(.) by extension 'cmake'
[0.157s] Level 1:colcon.colcon_core.package_identification:_identify(.) by extension 'python'
[0.157s] Level 1:colcon.colcon_core.package_identification:_identify(.) by extensions ['python_setup_py']
[0.157s] Level 1:colcon.colcon_core.package_identification:_identify(.) by extension 'python_setup_py'
[0.157s] Level 1:colcon.colcon_core.package_identification:_identify(build) by extensions ['ignore', 'ignore_ament_install']
[0.157s] Level 1:colcon.colcon_core.package_identification:_identify(build) by extension 'ignore'
[0.157s] Level 1:colcon.colcon_core.package_identification:_identify(build) ignored
[0.157s] Level 1:colcon.colcon_core.package_identification:_identify(install) by extensions ['ignore', 'ignore_ament_install']
[0.157s] Level 1:colcon.colcon_core.package_identification:_identify(install) by extension 'ignore'
[0.157s] Level 1:colcon.colcon_core.package_identification:_identify(install) ignored
[0.157s] Level 1:colcon.colcon_core.package_identification:_identify(log) by extensions ['ignore', 'ignore_ament_install']
[0.157s] Level 1:colcon.colcon_core.package_identification:_identify(log) by extension 'ignore'
[0.157s] Level 1:colcon.colcon_core.package_identification:_identify(log) ignored
[0.157s] Level 1:colcon.colcon_core.package_identification:_identify(mani_urdf) by extensions ['ignore', 'ignore_ament_install']
[0.157s] Level 1:colcon.colcon_core.package_identification:_identify(mani_urdf) by extension 'ignore'
[0.157s] Level 1:colcon.colcon_core.package_identification:_identify(mani_urdf) by extension 'ignore_ament_install'
[0.157s] Level 1:colcon.colcon_core.package_identification:_identify(mani_urdf) by extensions ['colcon_pkg']
[0.157s] Level 1:colcon.colcon_core.package_identification:_identify(mani_urdf) by extension 'colcon_pkg'
[0.157s] Level 1:colcon.colcon_core.package_identification:_identify(mani_urdf) by extensions ['colcon_meta']
[0.157s] Level 1:colcon.colcon_core.package_identification:_identify(mani_urdf) by extension 'colcon_meta'
[0.157s] Level 1:colcon.colcon_core.package_identification:_identify(mani_urdf) by extensions ['ros']
[0.157s] Level 1:colcon.colcon_core.package_identification:_identify(mani_urdf) by extension 'ros'
[0.159s] DEBUG:colcon.colcon_core.package_identification:Package 'mani_urdf' with type 'ros.ament_cmake' and name 'mani_urdf'
[0.159s] Level 1:colcon.colcon_core.package_identification:_identify(my_vision_msgs) by extensions ['ignore', 'ignore_ament_install']
[0.159s] Level 1:colcon.colcon_core.package_identification:_identify(my_vision_msgs) by extension 'ignore'
[0.159s] Level 1:colcon.colcon_core.package_identification:_identify(my_vision_msgs) by extension 'ignore_ament_install'
[0.159s] Level 1:colcon.colcon_core.package_identification:_identify(my_vision_msgs) by extensions ['colcon_pkg']
[0.159s] Level 1:colcon.colcon_core.package_identification:_identify(my_vision_msgs) by extension 'colcon_pkg'
[0.159s] Level 1:colcon.colcon_core.package_identification:_identify(my_vision_msgs) by extensions ['colcon_meta']
[0.159s] Level 1:colcon.colcon_core.package_identification:_identify(my_vision_msgs) by extension 'colcon_meta'
[0.159s] Level 1:colcon.colcon_core.package_identification:_identify(my_vision_msgs) by extensions ['ros']
[0.159s] Level 1:colcon.colcon_core.package_identification:_identify(my_vision_msgs) by extension 'ros'
[0.159s] DEBUG:colcon.colcon_core.package_identification:Package 'my_vision_msgs' with type 'ros.ament_cmake' and name 'my_vision_msgs'
[0.160s] Level 1:colcon.colcon_core.package_identification:_identify(sad_pkg) by extensions ['ignore', 'ignore_ament_install']
[0.160s] Level 1:colcon.colcon_core.package_identification:_identify(sad_pkg) by extension 'ignore'
[0.160s] Level 1:colcon.colcon_core.package_identification:_identify(sad_pkg) by extension 'ignore_ament_install'
[0.160s] Level 1:colcon.colcon_core.package_identification:_identify(sad_pkg) by extensions ['colcon_pkg']
[0.160s] Level 1:colcon.colcon_core.package_identification:_identify(sad_pkg) by extension 'colcon_pkg'
[0.160s] Level 1:colcon.colcon_core.package_identification:_identify(sad_pkg) by extensions ['colcon_meta']
[0.160s] Level 1:colcon.colcon_core.package_identification:_identify(sad_pkg) by extension 'colcon_meta'
[0.160s] Level 1:colcon.colcon_core.package_identification:_identify(sad_pkg) by extensions ['ros']
[0.160s] Level 1:colcon.colcon_core.package_identification:_identify(sad_pkg) by extension 'ros'
[0.162s] DEBUG:colcon.colcon_core.package_identification:Package 'sad_pkg' with type 'ros.ament_cmake' and name 'sad_pkg'
[0.162s] Level 1:colcon.colcon_core.package_discovery:discover_packages(recursive) using defaults
[0.162s] Level 1:colcon.colcon_core.package_discovery:discover_packages(ignore) discover
[0.162s] Level 1:colcon.colcon_core.package_discovery:discover_packages(ignore) using defaults
[0.162s] Level 1:colcon.colcon_core.package_discovery:discover_packages(path) discover
[0.162s] Level 1:colcon.colcon_core.package_discovery:discover_packages(path) using defaults
[0.187s] Level 1:colcon.colcon_core.package_discovery:discover_packages(prefix_path) check parameters
[0.187s] Level 1:colcon.colcon_core.package_discovery:discover_packages(prefix_path) discover
[0.189s] DEBUG:colcon.colcon_installed_package_information.package_discovery:Found 3 installed packages in /home/gaga/sad_ws/install
[0.189s] DEBUG:colcon.colcon_installed_package_information.package_discovery:Found 19 installed packages in /home/gaga/turtlebot3_ws/install
[0.189s] DEBUG:colcon.colcon_installed_package_information.package_discovery:Found 3 installed packages in /home/gaga/ssibal_ws/install
[0.190s] DEBUG:colcon.colcon_installed_package_information.package_discovery:Found 4 installed packages in /home/gaga/sad_ws/src/install
[0.190s] DEBUG:colcon.colcon_installed_package_information.package_discovery:Found 1 installed packages in /home/gaga/robotprograming_ws/install
[0.190s] DEBUG:colcon.colcon_installed_package_information.package_discovery:Found 1 installed packages in /home/gaga/sad_ws/src/sad_pkg/install
[0.191s] DEBUG:colcon.colcon_installed_package_information.package_discovery:Found 425 installed packages in /opt/ros/humble
[0.192s] Level 1:colcon.colcon_core.package_discovery:discover_packages(prefix_path) using defaults
[0.220s] Level 5:colcon.colcon_core.verb:set package 'mani_urdf' build argument 'cmake_args' from command line to 'None'
[0.220s] Level 5:colcon.colcon_core.verb:set package 'mani_urdf' build argument 'cmake_target' from command line to 'None'
[0.220s] Level 5:colcon.colcon_core.verb:set package 'mani_urdf' build argument 'cmake_target_skip_unavailable' from command line to 'False'
[0.220s] Level 5:colcon.colcon_core.verb:set package 'mani_urdf' build argument 'cmake_clean_cache' from command line to 'False'
[0.220s] Level 5:colcon.colcon_core.verb:set package 'mani_urdf' build argument 'cmake_clean_first' from command line to 'False'
[0.220s] Level 5:colcon.colcon_core.verb:set package 'mani_urdf' build argument 'cmake_force_configure' from command line to 'False'
[0.220s] Level 5:colcon.colcon_core.verb:set package 'mani_urdf' build argument 'ament_cmake_args' from command line to 'None'
[0.220s] Level 5:colcon.colcon_core.verb:set package 'mani_urdf' build argument 'catkin_cmake_args' from command line to 'None'
[0.220s] Level 5:colcon.colcon_core.verb:set package 'mani_urdf' build argument 'catkin_skip_building_tests' from command line to 'False'
[0.220s] DEBUG:colcon.colcon_core.verb:Building package 'mani_urdf' with the following arguments: {'ament_cmake_args': None, 'build_base': '/home/gaga/sad_ws/src/build/mani_urdf', 'catkin_cmake_args': None, 'catkin_skip_building_tests': False, 'cmake_args': None, 'cmake_clean_cache': False, 'cmake_clean_first': False, 'cmake_force_configure': False, 'cmake_target': None, 'cmake_target_skip_unavailable': False, 'install_base': '/home/gaga/sad_ws/src/install/mani_urdf', 'merge_install': False, 'path': '/home/gaga/sad_ws/src/mani_urdf', 'symlink_install': False, 'test_result_base': None}
[0.220s] Level 5:colcon.colcon_core.verb:set package 'my_vision_msgs' build argument 'cmake_args' from command line to 'None'
[0.220s] Level 5:colcon.colcon_core.verb:set package 'my_vision_msgs' build argument 'cmake_target' from command line to 'None'
[0.220s] Level 5:colcon.colcon_core.verb:set package 'my_vision_msgs' build argument 'cmake_target_skip_unavailable' from command line to 'False'
[0.220s] Level 5:colcon.colcon_core.verb:set package 'my_vision_msgs' build argument 'cmake_clean_cache' from command line to 'False'
[0.220s] Level 5:colcon.colcon_core.verb:set package 'my_vision_msgs' build argument 'cmake_clean_first' from command line to 'False'
[0.220s] Level 5:colcon.colcon_core.verb:set package 'my_vision_msgs' build argument 'cmake_force_configure' from command line to 'False'
[0.220s] Level 5:colcon.colcon_core.verb:set package 'my_vision_msgs' build argument 'ament_cmake_args' from command line to 'None'
[0.220s] Level 5:colcon.colcon_core.verb:set package 'my_vision_msgs' build argument 'catkin_cmake_args' from command line to 'None'
[0.220s] Level 5:colcon.colcon_core.verb:set package 'my_vision_msgs' build argument 'catkin_skip_building_tests' from command line to 'False'
[0.220s] DEBUG:colcon.colcon_core.verb:Building package 'my_vision_msgs' with the following arguments: {'ament_cmake_args': None, 'build_base': '/home/gaga/sad_ws/src/build/my_vision_msgs', 'catkin_cmake_args': None, 'catkin_skip_building_tests': False, 'cmake_args': None, 'cmake_clean_cache': False, 'cmake_clean_first': False, 'cmake_force_configure': False, 'cmake_target': None, 'cmake_target_skip_unavailable': False, 'install_base': '/home/gaga/sad_ws/src/install/my_vision_msgs', 'merge_install': False, 'path': '/home/gaga/sad_ws/src/my_vision_msgs', 'symlink_install': False, 'test_result_base': None}
[0.220s] Level 5:colcon.colcon_core.verb:set package 'sad_pkg' build argument 'cmake_args' from command line to 'None'
[0.221s] Level 5:colcon.colcon_core.verb:set package 'sad_pkg' build argument 'cmake_target' from command line to 'None'
[0.221s] Level 5:colcon.colcon_core.verb:set package 'sad_pkg' build argument 'cmake_target_skip_unavailable' from command line to 'False'
[0.221s] Level 5:colcon.colcon_core.verb:set package 'sad_pkg' build argument 'cmake_clean_cache' from command line to 'False'
[0.221s] Level 5:colcon.colcon_core.verb:set package 'sad_pkg' build argument 'cmake_clean_first' from command line to 'False'
[0.221s] Level 5:colcon.colcon_core.verb:set package 'sad_pkg' build argument 'cmake_force_configure' from command line to 'False'
[0.221s] Level 5:colcon.colcon_core.verb:set package 'sad_pkg' build argument 'ament_cmake_args' from command line to 'None'
[0.221s] Level 5:colcon.colcon_core.verb:set package 'sad_pkg' build argument 'catkin_cmake_args' from command line to 'None'
[0.221s] Level 5:colcon.colcon_core.verb:set package 'sad_pkg' build argument 'catkin_skip_building_tests' from command line to 'False'
[0.221s] DEBUG:colcon.colcon_core.verb:Building package 'sad_pkg' with the following arguments: {'ament_cmake_args': None, 'build_base': '/home/gaga/sad_ws/src/build/sad_pkg', 'catkin_cmake_args': None, 'catkin_skip_building_tests': False, 'cmake_args': None, 'cmake_clean_cache': False, 'cmake_clean_first': False, 'cmake_force_configure': False, 'cmake_target': None, 'cmake_target_skip_unavailable': False, 'install_base': '/home/gaga/sad_ws/src/install/sad_pkg', 'merge_install': False, 'path': '/home/gaga/sad_ws/src/sad_pkg', 'symlink_install': False, 'test_result_base': None}
[0.221s] INFO:colcon.colcon_core.executor:Executing jobs using 'parallel' executor
[0.222s] DEBUG:colcon.colcon_parallel_executor.executor.parallel:run_until_complete
[0.222s] INFO:colcon.colcon_ros.task.ament_cmake.build:Building ROS package in '/home/gaga/sad_ws/src/my_vision_msgs' with build type 'ament_cmake'
[0.222s] INFO:colcon.colcon_cmake.task.cmake.build:Building CMake package in '/home/gaga/sad_ws/src/my_vision_msgs'
[0.224s] INFO:colcon.colcon_core.plugin_system:Skipping extension 'colcon_core.shell.bat': Not used on non-Windows systems
[0.224s] INFO:colcon.colcon_core.shell:Skip shell extension 'powershell' for command environment: Not usable outside of PowerShell
[0.224s] DEBUG:colcon.colcon_core.shell:Skip shell extension 'dsv' for command environment
[0.228s] INFO:colcon.colcon_ros.task.ament_cmake.build:Building ROS package in '/home/gaga/sad_ws/src/mani_urdf' with build type 'ament_cmake'
[0.228s] INFO:colcon.colcon_cmake.task.cmake.build:Building CMake package in '/home/gaga/sad_ws/src/mani_urdf'
[0.228s] INFO:colcon.colcon_core.shell:Skip shell extension 'powershell' for command environment: Not usable outside of PowerShell
[0.228s] DEBUG:colcon.colcon_core.shell:Skip shell extension 'dsv' for command environment
[0.237s] DEBUG:colcon.colcon_core.event_handler.log_command:Invoking command in '/home/gaga/sad_ws/src/build/my_vision_msgs': CMAKE_PREFIX_PATH=${CMAKE_PREFIX_PATH}:/home/gaga/turtlebot3_ws/install/turtlebot3_teleop:/home/gaga/turtlebot3_ws/install/turtlebot3_example:/opt/ros/humble /usr/bin/cmake --build /home/gaga/sad_ws/src/build/my_vision_msgs -- -j20 -l20
[0.243s] DEBUG:colcon.colcon_core.event_handler.log_command:Invoking command in '/home/gaga/sad_ws/src/build/mani_urdf': CMAKE_PREFIX_PATH=${CMAKE_PREFIX_PATH}:/home/gaga/turtlebot3_ws/install/turtlebot3_teleop:/home/gaga/turtlebot3_ws/install/turtlebot3_example:/opt/ros/humble /usr/bin/cmake --build /home/gaga/sad_ws/src/build/mani_urdf -- -j20 -l20
[0.288s] DEBUG:colcon.colcon_core.event_handler.log_command:Invoked command in '/home/gaga/sad_ws/src/build/mani_urdf' returned '0': CMAKE_PREFIX_PATH=${CMAKE_PREFIX_PATH}:/home/gaga/turtlebot3_ws/install/turtlebot3_teleop:/home/gaga/turtlebot3_ws/install/turtlebot3_example:/opt/ros/humble /usr/bin/cmake --build /home/gaga/sad_ws/src/build/mani_urdf -- -j20 -l20
[0.298s] DEBUG:colcon.colcon_core.event_handler.log_command:Invoking command in '/home/gaga/sad_ws/src/build/mani_urdf': CMAKE_PREFIX_PATH=${CMAKE_PREFIX_PATH}:/home/gaga/turtlebot3_ws/install/turtlebot3_teleop:/home/gaga/turtlebot3_ws/install/turtlebot3_example:/opt/ros/humble /usr/bin/cmake --install /home/gaga/sad_ws/src/build/mani_urdf
[0.307s] Level 1:colcon.colcon_core.environment:create_environment_scripts_only(mani_urdf)
[0.308s] DEBUG:colcon.colcon_core.event_handler.log_command:Invoked command in '/home/gaga/sad_ws/src/build/mani_urdf' returned '0': CMAKE_PREFIX_PATH=${CMAKE_PREFIX_PATH}:/home/gaga/turtlebot3_ws/install/turtlebot3_teleop:/home/gaga/turtlebot3_ws/install/turtlebot3_example:/opt/ros/humble /usr/bin/cmake --install /home/gaga/sad_ws/src/build/mani_urdf
[0.309s] Level 1:colcon.colcon_core.environment:checking '/home/gaga/sad_ws/src/install/mani_urdf' for CMake module files
[0.310s] Level 1:colcon.colcon_core.environment:checking '/home/gaga/sad_ws/src/install/mani_urdf' for CMake config files
[0.310s] Level 1:colcon.colcon_core.shell:create_environment_hook('mani_urdf', 'cmake_prefix_path')
[0.310s] INFO:colcon.colcon_core.shell:Creating environment hook '/home/gaga/sad_ws/src/install/mani_urdf/share/mani_urdf/hook/cmake_prefix_path.ps1'
[0.310s] INFO:colcon.colcon_core.shell:Creating environment descriptor '/home/gaga/sad_ws/src/install/mani_urdf/share/mani_urdf/hook/cmake_prefix_path.dsv'
[0.311s] INFO:colcon.colcon_core.shell:Creating environment hook '/home/gaga/sad_ws/src/install/mani_urdf/share/mani_urdf/hook/cmake_prefix_path.sh'
[0.311s] Level 1:colcon.colcon_core.environment:checking '/home/gaga/sad_ws/src/install/mani_urdf/bin'
[0.312s] Level 1:colcon.colcon_core.environment:checking '/home/gaga/sad_ws/src/install/mani_urdf/lib/pkgconfig/mani_urdf.pc'
[0.312s] Level 1:colcon.colcon_core.environment:checking '/home/gaga/sad_ws/src/install/mani_urdf/lib/python3.10/site-packages'
[0.312s] Level 1:colcon.colcon_core.environment:checking '/home/gaga/sad_ws/src/install/mani_urdf/bin'
[0.312s] INFO:colcon.colcon_core.shell:Creating package script '/home/gaga/sad_ws/src/install/mani_urdf/share/mani_urdf/package.ps1'
[0.312s] INFO:colcon.colcon_core.shell:Creating package descriptor '/home/gaga/sad_ws/src/install/mani_urdf/share/mani_urdf/package.dsv'
[0.313s] INFO:colcon.colcon_core.shell:Creating package script '/home/gaga/sad_ws/src/install/mani_urdf/share/mani_urdf/package.sh'
[0.313s] INFO:colcon.colcon_core.shell:Creating package script '/home/gaga/sad_ws/src/install/mani_urdf/share/mani_urdf/package.bash'
[0.314s] INFO:colcon.colcon_core.shell:Creating package script '/home/gaga/sad_ws/src/install/mani_urdf/share/mani_urdf/package.zsh'
[0.314s] Level 1:colcon.colcon_core.environment:create_file_with_runtime_dependencies(/home/gaga/sad_ws/src/install/mani_urdf/share/colcon-core/packages/mani_urdf)
[0.314s] Level 1:colcon.colcon_core.environment:create_environment_scripts_only(mani_urdf)
[0.314s] Level 1:colcon.colcon_core.environment:checking '/home/gaga/sad_ws/src/install/mani_urdf' for CMake module files
[0.315s] Level 1:colcon.colcon_core.environment:checking '/home/gaga/sad_ws/src/install/mani_urdf' for CMake config files
[0.315s] Level 1:colcon.colcon_core.shell:create_environment_hook('mani_urdf', 'cmake_prefix_path')
[0.315s] INFO:colcon.colcon_core.shell:Creating environment hook '/home/gaga/sad_ws/src/install/mani_urdf/share/mani_urdf/hook/cmake_prefix_path.ps1'
[0.315s] INFO:colcon.colcon_core.shell:Creating environment descriptor '/home/gaga/sad_ws/src/install/mani_urdf/share/mani_urdf/hook/cmake_prefix_path.dsv'
[0.315s] INFO:colcon.colcon_core.shell:Creating environment hook '/home/gaga/sad_ws/src/install/mani_urdf/share/mani_urdf/hook/cmake_prefix_path.sh'
[0.316s] Level 1:colcon.colcon_core.environment:checking '/home/gaga/sad_ws/src/install/mani_urdf/bin'
[0.316s] Level 1:colcon.colcon_core.environment:checking '/home/gaga/sad_ws/src/install/mani_urdf/lib/pkgconfig/mani_urdf.pc'
[0.316s] Level 1:colcon.colcon_core.environment:checking '/home/gaga/sad_ws/src/install/mani_urdf/lib/python3.10/site-packages'
[0.316s] Level 1:colcon.colcon_core.environment:checking '/home/gaga/sad_ws/src/install/mani_urdf/bin'
[0.316s] INFO:colcon.colcon_core.shell:Creating package script '/home/gaga/sad_ws/src/install/mani_urdf/share/mani_urdf/package.ps1'
[0.316s] INFO:colcon.colcon_core.shell:Creating package descriptor '/home/gaga/sad_ws/src/install/mani_urdf/share/mani_urdf/package.dsv'
[0.317s] INFO:colcon.colcon_core.shell:Creating package script '/home/gaga/sad_ws/src/install/mani_urdf/share/mani_urdf/package.sh'
[0.317s] INFO:colcon.colcon_core.shell:Creating package script '/home/gaga/sad_ws/src/install/mani_urdf/share/mani_urdf/package.bash'
[0.317s] INFO:colcon.colcon_core.shell:Creating package script '/home/gaga/sad_ws/src/install/mani_urdf/share/mani_urdf/package.zsh'
[0.317s] Level 1:colcon.colcon_core.environment:create_file_with_runtime_dependencies(/home/gaga/sad_ws/src/install/mani_urdf/share/colcon-core/packages/mani_urdf)
[2.885s] DEBUG:colcon.colcon_core.event_handler.log_command:Invoked command in '/home/gaga/sad_ws/src/build/my_vision_msgs' returned '0': CMAKE_PREFIX_PATH=${CMAKE_PREFIX_PATH}:/home/gaga/turtlebot3_ws/install/turtlebot3_teleop:/home/gaga/turtlebot3_ws/install/turtlebot3_example:/opt/ros/humble /usr/bin/cmake --build /home/gaga/sad_ws/src/build/my_vision_msgs -- -j20 -l20
[2.887s] DEBUG:colcon.colcon_core.event_handler.log_command:Invoking command in '/home/gaga/sad_ws/src/build/my_vision_msgs': CMAKE_PREFIX_PATH=${CMAKE_PREFIX_PATH}:/home/gaga/turtlebot3_ws/install/turtlebot3_teleop:/home/gaga/turtlebot3_ws/install/turtlebot3_example:/opt/ros/humble /usr/bin/cmake --install /home/gaga/sad_ws/src/build/my_vision_msgs
[2.937s] Level 1:colcon.colcon_core.environment:create_environment_scripts_only(my_vision_msgs)
[2.937s] Level 1:colcon.colcon_core.environment:checking '/home/gaga/sad_ws/src/install/my_vision_msgs' for CMake module files
[2.938s] DEBUG:colcon.colcon_core.event_handler.log_command:Invoked command in '/home/gaga/sad_ws/src/build/my_vision_msgs' returned '0': CMAKE_PREFIX_PATH=${CMAKE_PREFIX_PATH}:/home/gaga/turtlebot3_ws/install/turtlebot3_teleop:/home/gaga/turtlebot3_ws/install/turtlebot3_example:/opt/ros/humble /usr/bin/cmake --install /home/gaga/sad_ws/src/build/my_vision_msgs
[2.938s] Level 1:colcon.colcon_core.environment:checking '/home/gaga/sad_ws/src/install/my_vision_msgs' for CMake config files
[2.939s] Level 1:colcon.colcon_core.shell:create_environment_hook('my_vision_msgs', 'cmake_prefix_path')
[2.939s] INFO:colcon.colcon_core.shell:Creating environment hook '/home/gaga/sad_ws/src/install/my_vision_msgs/share/my_vision_msgs/hook/cmake_prefix_path.ps1'
[2.940s] INFO:colcon.colcon_core.shell:Creating environment descriptor '/home/gaga/sad_ws/src/install/my_vision_msgs/share/my_vision_msgs/hook/cmake_prefix_path.dsv'
[2.940s] INFO:colcon.colcon_core.shell:Creating environment hook '/home/gaga/sad_ws/src/install/my_vision_msgs/share/my_vision_msgs/hook/cmake_prefix_path.sh'
[2.941s] Level 1:colcon.colcon_core.environment:checking '/home/gaga/sad_ws/src/install/my_vision_msgs/lib'
[2.941s] Level 1:colcon.colcon_core.shell:create_environment_hook('my_vision_msgs', 'ld_library_path_lib')
[2.941s] INFO:colcon.colcon_core.shell:Creating environment hook '/home/gaga/sad_ws/src/install/my_vision_msgs/share/my_vision_msgs/hook/ld_library_path_lib.ps1'
[2.941s] INFO:colcon.colcon_core.shell:Creating environment descriptor '/home/gaga/sad_ws/src/install/my_vision_msgs/share/my_vision_msgs/hook/ld_library_path_lib.dsv'
[2.942s] INFO:colcon.colcon_core.shell:Creating environment hook '/home/gaga/sad_ws/src/install/my_vision_msgs/share/my_vision_msgs/hook/ld_library_path_lib.sh'
[2.942s] Level 1:colcon.colcon_core.environment:checking '/home/gaga/sad_ws/src/install/my_vision_msgs/bin'
[2.942s] Level 1:colcon.colcon_core.environment:checking '/home/gaga/sad_ws/src/install/my_vision_msgs/lib/pkgconfig/my_vision_msgs.pc'
[2.942s] Level 1:colcon.colcon_core.environment:checking '/home/gaga/sad_ws/src/install/my_vision_msgs/lib/python3.10/site-packages'
[2.943s] Level 1:colcon.colcon_core.environment:checking '/home/gaga/sad_ws/src/install/my_vision_msgs/bin'
[2.943s] INFO:colcon.colcon_core.shell:Creating package script '/home/gaga/sad_ws/src/install/my_vision_msgs/share/my_vision_msgs/package.ps1'
[2.943s] INFO:colcon.colcon_core.shell:Creating package descriptor '/home/gaga/sad_ws/src/install/my_vision_msgs/share/my_vision_msgs/package.dsv'
[2.943s] INFO:colcon.colcon_core.shell:Creating package script '/home/gaga/sad_ws/src/install/my_vision_msgs/share/my_vision_msgs/package.sh'
[2.944s] INFO:colcon.colcon_core.shell:Creating package script '/home/gaga/sad_ws/src/install/my_vision_msgs/share/my_vision_msgs/package.bash'
[2.944s] INFO:colcon.colcon_core.shell:Creating package script '/home/gaga/sad_ws/src/install/my_vision_msgs/share/my_vision_msgs/package.zsh'
[2.944s] Level 1:colcon.colcon_core.environment:create_file_with_runtime_dependencies(/home/gaga/sad_ws/src/install/my_vision_msgs/share/colcon-core/packages/my_vision_msgs)
[2.944s] Level 1:colcon.colcon_core.environment:create_environment_scripts_only(my_vision_msgs)
[2.945s] Level 1:colcon.colcon_core.environment:checking '/home/gaga/sad_ws/src/install/my_vision_msgs' for CMake module files
[2.945s] Level 1:colcon.colcon_core.environment:checking '/home/gaga/sad_ws/src/install/my_vision_msgs' for CMake config files
[2.945s] Level 1:colcon.colcon_core.shell:create_environment_hook('my_vision_msgs', 'cmake_prefix_path')
[2.945s] INFO:colcon.colcon_core.shell:Creating environment hook '/home/gaga/sad_ws/src/install/my_vision_msgs/share/my_vision_msgs/hook/cmake_prefix_path.ps1'
[2.945s] INFO:colcon.colcon_core.shell:Creating environment descriptor '/home/gaga/sad_ws/src/install/my_vision_msgs/share/my_vision_msgs/hook/cmake_prefix_path.dsv'
[2.946s] INFO:colcon.colcon_core.shell:Creating environment hook '/home/gaga/sad_ws/src/install/my_vision_msgs/share/my_vision_msgs/hook/cmake_prefix_path.sh'
[2.946s] Level 1:colcon.colcon_core.environment:checking '/home/gaga/sad_ws/src/install/my_vision_msgs/lib'
[2.946s] Level 1:colcon.colcon_core.shell:create_environment_hook('my_vision_msgs', 'ld_library_path_lib')
[2.946s] INFO:colcon.colcon_core.shell:Creating environment hook '/home/gaga/sad_ws/src/install/my_vision_msgs/share/my_vision_msgs/hook/ld_library_path_lib.ps1'
[2.946s] INFO:colcon.colcon_core.shell:Creating environment descriptor '/home/gaga/sad_ws/src/install/my_vision_msgs/share/my_vision_msgs/hook/ld_library_path_lib.dsv'
[2.946s] INFO:colcon.colcon_core.shell:Creating environment hook '/home/gaga/sad_ws/src/install/my_vision_msgs/share/my_vision_msgs/hook/ld_library_path_lib.sh'
[2.947s] Level 1:colcon.colcon_core.environment:checking '/home/gaga/sad_ws/src/install/my_vision_msgs/bin'
[2.947s] Level 1:colcon.colcon_core.environment:checking '/home/gaga/sad_ws/src/install/my_vision_msgs/lib/pkgconfig/my_vision_msgs.pc'
[2.947s] Level 1:colcon.colcon_core.environment:checking '/home/gaga/sad_ws/src/install/my_vision_msgs/lib/python3.10/site-packages'
[2.947s] Level 1:colcon.colcon_core.environment:checking '/home/gaga/sad_ws/src/install/my_vision_msgs/bin'
[2.947s] INFO:colcon.colcon_core.shell:Creating package script '/home/gaga/sad_ws/src/install/my_vision_msgs/share/my_vision_msgs/package.ps1'
[2.948s] INFO:colcon.colcon_core.shell:Creating package descriptor '/home/gaga/sad_ws/src/install/my_vision_msgs/share/my_vision_msgs/package.dsv'
[2.948s] INFO:colcon.colcon_core.shell:Creating package script '/home/gaga/sad_ws/src/install/my_vision_msgs/share/my_vision_msgs/package.sh'
[2.948s] INFO:colcon.colcon_core.shell:Creating package script '/home/gaga/sad_ws/src/install/my_vision_msgs/share/my_vision_msgs/package.bash'
[2.948s] INFO:colcon.colcon_core.shell:Creating package script '/home/gaga/sad_ws/src/install/my_vision_msgs/share/my_vision_msgs/package.zsh'
[2.948s] Level 1:colcon.colcon_core.environment:create_file_with_runtime_dependencies(/home/gaga/sad_ws/src/install/my_vision_msgs/share/colcon-core/packages/my_vision_msgs)
[2.949s] INFO:colcon.colcon_ros.task.ament_cmake.build:Building ROS package in '/home/gaga/sad_ws/src/sad_pkg' with build type 'ament_cmake'
[2.949s] INFO:colcon.colcon_cmake.task.cmake.build:Building CMake package in '/home/gaga/sad_ws/src/sad_pkg'
[2.949s] INFO:colcon.colcon_core.shell:Skip shell extension 'powershell' for command environment: Not usable outside of PowerShell
[2.949s] DEBUG:colcon.colcon_core.shell:Skip shell extension 'dsv' for command environment
[2.960s] DEBUG:colcon.colcon_core.event_handler.log_command:Invoking command in '/home/gaga/sad_ws/src/build/sad_pkg': CMAKE_PREFIX_PATH=/home/gaga/sad_ws/src/install/my_vision_msgs:/home/gaga/sad_ws/install:/home/gaga/sad_ws/install/sad_pkg:/home/gaga/sad_ws/install/my_vision_msgs:/home/gaga/sad_ws/install/mani_urdf:/home/gaga/turtlebot3_ws/install/turtlebot3:/home/gaga/turtlebot3_ws/install/turtlebot3_simulations:/home/gaga/turtlebot3_ws/install/turtlebot3_bringup:/home/gaga/turtlebot3_ws/install/turtlebot3_node:/home/gaga/turtlebot3_ws/install/turtlebot3_navigation2:/home/gaga/turtlebot3_ws/install/turtlebot3_fake_node:/home/gaga/turtlebot3_ws/install/robot_master:/home/gaga/turtlebot3_ws/install/turtlebot3_msgs:/home/gaga/turtlebot3_ws/install/turtlebot3_gazebo:/home/gaga/turtlebot3_ws/install/turtlebot3_description:/home/gaga/turtlebot3_ws/install/turtlebot3_cartographer:/home/gaga/turtlebot3_ws/install/robot_vision:/home/gaga/turtlebot3_ws/install/robot_navigation:/home/gaga/turtlebot3_ws/install/robot_msgs:/home/gaga/turtlebot3_ws/install/dynamixel_sdk_examples:/home/gaga/turtlebot3_ws/install/dynamixel_sdk_custom_interfaces:/home/gaga/turtlebot3_ws/install/dynamixel_sdk:/home/gaga/ssibal_ws/install/robot_msgs:/home/gaga/sad_ws/src/install/sad_pkg:/home/gaga/sad_ws/src/install/vision_msgs:/home/gaga/sad_ws/src/install/mani_urdf:/home/gaga/robotprograming_ws/install/rp_pkg:/home/gaga/sad_ws/src/sad_pkg/install/sad_pkg:/home/gaga/turtlebot3_ws/install/turtlebot3_teleop:/home/gaga/turtlebot3_ws/install/turtlebot3_example:/opt/ros/humble LD_LIBRARY_PATH=/home/gaga/sad_ws/src/install/my_vision_msgs/lib:/home/gaga/sad_ws/install/my_vision_msgs/lib:/home/gaga/turtlebot3_ws/install/turtlebot3_msgs/lib:/home/gaga/turtlebot3_ws/install/robot_msgs/lib:/home/gaga/turtlebot3_ws/install/dynamixel_sdk_custom_interfaces/lib:/home/gaga/turtlebot3_ws/install/dynamixel_sdk/lib:/home/gaga/ssibal_ws/install/robot_msgs/lib:/home/gaga/sad_ws/src/install/vision_msgs/lib:/home/gaga/robotprograming_ws/install/rp_pkg/lib:/usr/lib/x86_64-linux-gnu/gazebo-11/plugins:/opt/ros/humble/opt/rviz_ogre_vendor/lib:/opt/ros/humble/lib/x86_64-linux-gnu:/opt/ros/humble/lib /usr/bin/cmake --build /home/gaga/sad_ws/src/build/sad_pkg -- -j20 -l20
[23.685s] DEBUG:colcon.colcon_core.event_handler.log_command:Invoked command in '/home/gaga/sad_ws/src/build/sad_pkg' returned '2': CMAKE_PREFIX_PATH=/home/gaga/sad_ws/src/install/my_vision_msgs:/home/gaga/sad_ws/install:/home/gaga/sad_ws/install/sad_pkg:/home/gaga/sad_ws/install/my_vision_msgs:/home/gaga/sad_ws/install/mani_urdf:/home/gaga/turtlebot3_ws/install/turtlebot3:/home/gaga/turtlebot3_ws/install/turtlebot3_simulations:/home/gaga/turtlebot3_ws/install/turtlebot3_bringup:/home/gaga/turtlebot3_ws/install/turtlebot3_node:/home/gaga/turtlebot3_ws/install/turtlebot3_navigation2:/home/gaga/turtlebot3_ws/install/turtlebot3_fake_node:/home/gaga/turtlebot3_ws/install/robot_master:/home/gaga/turtlebot3_ws/install/turtlebot3_msgs:/home/gaga/turtlebot3_ws/install/turtlebot3_gazebo:/home/gaga/turtlebot3_ws/install/turtlebot3_description:/home/gaga/turtlebot3_ws/install/turtlebot3_cartographer:/home/gaga/turtlebot3_ws/install/robot_vision:/home/gaga/turtlebot3_ws/install/robot_navigation:/home/gaga/turtlebot3_ws/install/robot_msgs:/home/gaga/turtlebot3_ws/install/dynamixel_sdk_examples:/home/gaga/turtlebot3_ws/install/dynamixel_sdk_custom_interfaces:/home/gaga/turtlebot3_ws/install/dynamixel_sdk:/home/gaga/ssibal_ws/install/robot_msgs:/home/gaga/sad_ws/src/install/sad_pkg:/home/gaga/sad_ws/src/install/vision_msgs:/home/gaga/sad_ws/src/install/mani_urdf:/home/gaga/robotprograming_ws/install/rp_pkg:/home/gaga/sad_ws/src/sad_pkg/install/sad_pkg:/home/gaga/turtlebot3_ws/install/turtlebot3_teleop:/home/gaga/turtlebot3_ws/install/turtlebot3_example:/opt/ros/humble LD_LIBRARY_PATH=/home/gaga/sad_ws/src/install/my_vision_msgs/lib:/home/gaga/sad_ws/install/my_vision_msgs/lib:/home/gaga/turtlebot3_ws/install/turtlebot3_msgs/lib:/home/gaga/turtlebot3_ws/install/robot_msgs/lib:/home/gaga/turtlebot3_ws/install/dynamixel_sdk_custom_interfaces/lib:/home/gaga/turtlebot3_ws/install/dynamixel_sdk/lib:/home/gaga/ssibal_ws/install/robot_msgs/lib:/home/gaga/sad_ws/src/install/vision_msgs/lib:/home/gaga/robotprograming_ws/install/rp_pkg/lib:/usr/lib/x86_64-linux-gnu/gazebo-11/plugins:/opt/ros/humble/opt/rviz_ogre_vendor/lib:/opt/ros/humble/lib/x86_64-linux-gnu:/opt/ros/humble/lib /usr/bin/cmake --build /home/gaga/sad_ws/src/build/sad_pkg -- -j20 -l20
[23.685s] Level 1:colcon.colcon_core.environment:create_environment_scripts_only(sad_pkg)
[23.686s] Level 1:colcon.colcon_core.environment:checking '/home/gaga/sad_ws/src/install/sad_pkg' for CMake module files
[23.686s] Level 1:colcon.colcon_core.environment:checking '/home/gaga/sad_ws/src/install/sad_pkg' for CMake config files
[23.686s] Level 1:colcon.colcon_core.shell:create_environment_hook('sad_pkg', 'cmake_prefix_path')
[23.686s] INFO:colcon.colcon_core.shell:Creating environment hook '/home/gaga/sad_ws/src/install/sad_pkg/share/sad_pkg/hook/cmake_prefix_path.ps1'
[23.687s] INFO:colcon.colcon_core.shell:Creating environment descriptor '/home/gaga/sad_ws/src/install/sad_pkg/share/sad_pkg/hook/cmake_prefix_path.dsv'
[23.687s] INFO:colcon.colcon_core.shell:Creating environment hook '/home/gaga/sad_ws/src/install/sad_pkg/share/sad_pkg/hook/cmake_prefix_path.sh'
[23.687s] Level 1:colcon.colcon_core.environment:checking '/home/gaga/sad_ws/src/install/sad_pkg/lib'
[23.687s] Level 1:colcon.colcon_core.environment:checking '/home/gaga/sad_ws/src/install/sad_pkg/bin'
[23.687s] Level 1:colcon.colcon_core.environment:checking '/home/gaga/sad_ws/src/install/sad_pkg/lib/pkgconfig/sad_pkg.pc'
[23.688s] Level 1:colcon.colcon_core.environment:checking '/home/gaga/sad_ws/src/install/sad_pkg/lib/python3.10/site-packages'
[23.688s] Level 1:colcon.colcon_core.environment:checking '/home/gaga/sad_ws/src/install/sad_pkg/bin'
[23.688s] INFO:colcon.colcon_core.shell:Creating package script '/home/gaga/sad_ws/src/install/sad_pkg/share/sad_pkg/package.ps1'
[23.688s] INFO:colcon.colcon_core.shell:Creating package descriptor '/home/gaga/sad_ws/src/install/sad_pkg/share/sad_pkg/package.dsv'
[23.688s] INFO:colcon.colcon_core.shell:Creating package script '/home/gaga/sad_ws/src/install/sad_pkg/share/sad_pkg/package.sh'
[23.689s] INFO:colcon.colcon_core.shell:Creating package script '/home/gaga/sad_ws/src/install/sad_pkg/share/sad_pkg/package.bash'
[23.689s] INFO:colcon.colcon_core.shell:Creating package script '/home/gaga/sad_ws/src/install/sad_pkg/share/sad_pkg/package.zsh'
[23.689s] Level 1:colcon.colcon_core.environment:create_file_with_runtime_dependencies(/home/gaga/sad_ws/src/install/sad_pkg/share/colcon-core/packages/sad_pkg)
[23.699s] DEBUG:colcon.colcon_parallel_executor.executor.parallel:closing loop
[23.700s] DEBUG:colcon.colcon_parallel_executor.executor.parallel:loop closed
[23.700s] DEBUG:colcon.colcon_parallel_executor.executor.parallel:run_until_complete finished with '2'
[23.700s] DEBUG:colcon.colcon_core.event_reactor:joining thread
[23.705s] INFO:colcon.colcon_core.plugin_system:Skipping extension 'colcon_notification.desktop_notification.terminal_notifier': Not used on non-Darwin systems
[23.705s] INFO:colcon.colcon_core.plugin_system:Skipping extension 'colcon_notification.desktop_notification.win32': Not used on non-Windows systems
[23.705s] INFO:colcon.colcon_notification.desktop_notification:Sending desktop notification using 'notify2'
[23.719s] DEBUG:colcon.colcon_core.event_reactor:joined thread
[23.720s] INFO:colcon.colcon_core.shell:Creating prefix script '/home/gaga/sad_ws/src/install/local_setup.ps1'
[23.721s] INFO:colcon.colcon_core.shell:Creating prefix util module '/home/gaga/sad_ws/src/install/_local_setup_util_ps1.py'
[23.722s] INFO:colcon.colcon_core.shell:Creating prefix chain script '/home/gaga/sad_ws/src/install/setup.ps1'
[23.724s] INFO:colcon.colcon_core.shell:Creating prefix script '/home/gaga/sad_ws/src/install/local_setup.sh'
[23.725s] INFO:colcon.colcon_core.shell:Creating prefix util module '/home/gaga/sad_ws/src/install/_local_setup_util_sh.py'
[23.725s] INFO:colcon.colcon_core.shell:Creating prefix chain script '/home/gaga/sad_ws/src/install/setup.sh'
[23.728s] INFO:colcon.colcon_core.shell:Creating prefix script '/home/gaga/sad_ws/src/install/local_setup.bash'
[23.729s] INFO:colcon.colcon_core.shell:Creating prefix chain script '/home/gaga/sad_ws/src/install/setup.bash'
[23.730s] INFO:colcon.colcon_core.shell:Creating prefix script '/home/gaga/sad_ws/src/install/local_setup.zsh'
[23.731s] INFO:colcon.colcon_core.shell:Creating prefix chain script '/home/gaga/sad_ws/src/install/setup.zsh'
