[0.025s] Invoking command in '/home/gaga/sad_ws/build/sad_pkg': CMAKE_PREFIX_PATH=/home/gaga/turtlebot3_ws/install/turtlebot3_teleop:/home/gaga/turtlebot3_ws/install/turtlebot3_example:/opt/ros/humble:/home/gaga/sad_ws/install/serial:/home/gaga/sad_ws/install/my_vision_msgs:/home/gaga/sad_ws/install:/home/gaga/sad_ws/install/sad_pkg:/home/gaga/sad_ws/install/mani_urdf:/home/gaga/turtlebot3_ws/install/turtlebot3:/home/gaga/turtlebot3_ws/install/turtlebot3_simulations:/home/gaga/turtlebot3_ws/install/turtlebot3_bringup:/home/gaga/turtlebot3_ws/install/turtlebot3_node:/home/gaga/turtlebot3_ws/install/turtlebot3_navigation2:/home/gaga/turtlebot3_ws/install/turtlebot3_fake_node:/home/gaga/turtlebot3_ws/install/robot_master:/home/gaga/turtlebot3_ws/install/turtlebot3_msgs:/home/gaga/turtlebot3_ws/install/turtlebot3_gazebo:/home/gaga/turtlebot3_ws/install/turtlebot3_description:/home/gaga/turtlebot3_ws/install/turtlebot3_cartographer:/home/gaga/turtlebot3_ws/install/robot_vision:/home/gaga/turtlebot3_ws/install/robot_navigation:/home/gaga/turtlebot3_ws/install/robot_msgs:/home/gaga/turtlebot3_ws/install/dynamixel_sdk_examples:/home/gaga/turtlebot3_ws/install/dynamixel_sdk_custom_interfaces:/home/gaga/turtlebot3_ws/install/dynamixel_sdk:/home/gaga/ssibal_ws/install/robot_msgs:/home/gaga/sad_ws/src/install/vision_msgs:/home/gaga/sad_ws/src/install/sad_pkg:/home/gaga/sad_ws/src/install/serial:/home/gaga/sad_ws/src/install/my_vision_msgs:/home/gaga/sad_ws/src/install/mani_urdf:/home/gaga/robotprograming_ws/install/rp_pkg:/home/gaga/sad_ws/src/sad_pkg/install/sad_pkg /usr/bin/cmake --build /home/gaga/sad_ws/build/sad_pkg -- -j20 -l20
[0.132s] [ 87%] Built target map_node
[0.133s] [ 87%] Built target forward_node
[0.133s] [ 87%] Built target path_node
[0.133s] [ 87%] Built target rrt_node
[0.133s] [ 87%] Built target motor_node
[0.133s] [ 87%] Built target obstacle_node
[0.133s] [ 87%] Built target spline_node
[0.139s] [ 93%] [32mBuilding CXX object CMakeFiles/Inverse_node.dir/src/Inverse_node.cpp.o[0m
[5.638s] [01m[K/home/gaga/sad_ws/src/sad_pkg/src/Inverse_node.cpp:[m[K In member function ‘[01m[Kvoid ManipulatorNode::timerCallback()[m[K’:
[5.638s] [01m[K/home/gaga/sad_ws/src/sad_pkg/src/Inverse_node.cpp:412:18:[m[K [01;31m[Kerror: [m[Kredeclaration of ‘[01m[KEigen::VectorXd q_dot[m[K’
[5.639s]   412 |         VectorXd [01;31m[Kq_dot[m[K = ctrl.q_dot;
[5.639s]       |                  [01;31m[K^~~~~[m[K
[5.639s] [01m[K/home/gaga/sad_ws/src/sad_pkg/src/Inverse_node.cpp:390:18:[m[K [01;36m[Knote: [m[K‘[01m[KEigen::VectorXd q_dot[m[K’ previously declared here
[5.639s]   390 |         VectorXd [01;36m[Kq_dot[m[K = computeFeedbackVelocity(position_error, axis * angle_rad, desired_velocity_position);
[5.639s]       |                  [01;36m[K^~~~~[m[K
[5.639s] [01m[K/home/gaga/sad_ws/src/sad_pkg/src/Inverse_node.cpp:413:18:[m[K [01;31m[Kerror: [m[Kredeclaration of ‘[01m[KEigen::VectorXd next_q[m[K’
[5.639s]   413 |         VectorXd [01;31m[Knext_q[m[K = ctrl.next_q;
[5.639s]       |                  [01;31m[K^~~~~~[m[K
[5.639s] [01m[K/home/gaga/sad_ws/src/sad_pkg/src/Inverse_node.cpp:400:18:[m[K [01;36m[Knote: [m[K‘[01m[KEigen::VectorXd next_q[m[K’ previously declared here
[5.639s]   400 |         VectorXd [01;36m[Knext_q[m[K = current_joint_angles_ + q_dot * dt;
[5.639s]       |                  [01;36m[K^~~~~~[m[K
[15.850s] gmake[2]: *** [CMakeFiles/Inverse_node.dir/build.make:76: CMakeFiles/Inverse_node.dir/src/Inverse_node.cpp.o] Error 1
[15.850s] gmake[1]: *** [CMakeFiles/Makefile2:307: CMakeFiles/Inverse_node.dir/all] Error 2
[15.850s] gmake: *** [Makefile:146: all] Error 2
[15.852s] Invoked command in '/home/gaga/sad_ws/build/sad_pkg' returned '2': CMAKE_PREFIX_PATH=/home/gaga/turtlebot3_ws/install/turtlebot3_teleop:/home/gaga/turtlebot3_ws/install/turtlebot3_example:/opt/ros/humble:/home/gaga/sad_ws/install/serial:/home/gaga/sad_ws/install/my_vision_msgs:/home/gaga/sad_ws/install:/home/gaga/sad_ws/install/sad_pkg:/home/gaga/sad_ws/install/mani_urdf:/home/gaga/turtlebot3_ws/install/turtlebot3:/home/gaga/turtlebot3_ws/install/turtlebot3_simulations:/home/gaga/turtlebot3_ws/install/turtlebot3_bringup:/home/gaga/turtlebot3_ws/install/turtlebot3_node:/home/gaga/turtlebot3_ws/install/turtlebot3_navigation2:/home/gaga/turtlebot3_ws/install/turtlebot3_fake_node:/home/gaga/turtlebot3_ws/install/robot_master:/home/gaga/turtlebot3_ws/install/turtlebot3_msgs:/home/gaga/turtlebot3_ws/install/turtlebot3_gazebo:/home/gaga/turtlebot3_ws/install/turtlebot3_description:/home/gaga/turtlebot3_ws/install/turtlebot3_cartographer:/home/gaga/turtlebot3_ws/install/robot_vision:/home/gaga/turtlebot3_ws/install/robot_navigation:/home/gaga/turtlebot3_ws/install/robot_msgs:/home/gaga/turtlebot3_ws/install/dynamixel_sdk_examples:/home/gaga/turtlebot3_ws/install/dynamixel_sdk_custom_interfaces:/home/gaga/turtlebot3_ws/install/dynamixel_sdk:/home/gaga/ssibal_ws/install/robot_msgs:/home/gaga/sad_ws/src/install/vision_msgs:/home/gaga/sad_ws/src/install/sad_pkg:/home/gaga/sad_ws/src/install/serial:/home/gaga/sad_ws/src/install/my_vision_msgs:/home/gaga/sad_ws/src/install/mani_urdf:/home/gaga/robotprograming_ws/install/rp_pkg:/home/gaga/sad_ws/src/sad_pkg/install/sad_pkg /usr/bin/cmake --build /home/gaga/sad_ws/build/sad_pkg -- -j20 -l20
