[35m[1mConsolidate compiler generated dependencies of target forward_node[0m
[35m[1mConsolidate compiler generated dependencies of target path_node[0m
[35m[1mConsolidate compiler generated dependencies of target rrt_node[0m
[35m[1mConsolidate compiler generated dependencies of target obstacle_node[0m
[35m[1mConsolidate compiler generated dependencies of target map_node[0m
[35m[1mConsolidate compiler generated dependencies of target Inverse_node[0m
[35m[1mConsolidate compiler generated dependencies of target spline_node[0m
[  6%] [32mBuilding CXX object CMakeFiles/motor_node.dir/src/motor_node.cpp.o[0m
[ 81%] Built target map_node
[ 81%] Built target spline_node
[ 81%] Built target path_node
[ 81%] Built target obstacle_node
[ 81%] Built target rrt_node
[ 81%] Built target forward_node
[ 93%] Built target Inverse_node
[01m[K/home/gaga/sad_ws/src/sad_pkg/src/motor_node.cpp:4:10:[m[K [01;31m[Kfatal error: [m[Kserial/serial.h: No such file or directory
    4 | #include [01;31m[K"serial/serial.h"[m[K
      |          [01;31m[K^~~~~~~~~~~~~~~~~[m[K
compilation terminated.
gmake[2]: *** [CMakeFiles/motor_node.dir/build.make:76: CMakeFiles/motor_node.dir/src/motor_node.cpp.o] Error 1
gmake[1]: *** [CMakeFiles/Makefile2:333: CMakeFiles/motor_node.dir/all] Error 2
gmake: *** [Makefile:146: all] Error 2
