[0.010s] Invoking command in '/home/gaga/sad_ws/build/sad_pkg': CMAKE_PREFIX_PATH=/home/gaga/turtlebot3_ws/install/turtlebot3_teleop:/home/gaga/turtlebot3_ws/install/turtlebot3_example:/opt/ros/humble:/home/gaga/sad_ws/install/serial:/home/gaga/sad_ws/install/my_vision_msgs:/home/gaga/sad_ws/install:/home/gaga/sad_ws/install/sad_pkg:/home/gaga/sad_ws/install/mani_urdf:/home/gaga/turtlebot3_ws/install/turtlebot3:/home/gaga/turtlebot3_ws/install/turtlebot3_simulations:/home/gaga/turtlebot3_ws/install/turtlebot3_bringup:/home/gaga/turtlebot3_ws/install/turtlebot3_node:/home/gaga/turtlebot3_ws/install/turtlebot3_navigation2:/home/gaga/turtlebot3_ws/install/turtlebot3_fake_node:/home/gaga/turtlebot3_ws/install/robot_master:/home/gaga/turtlebot3_ws/install/turtlebot3_msgs:/home/gaga/turtlebot3_ws/install/turtlebot3_gazebo:/home/gaga/turtlebot3_ws/install/turtlebot3_description:/home/gaga/turtlebot3_ws/install/turtlebot3_cartographer:/home/gaga/turtlebot3_ws/install/robot_vision:/home/gaga/turtlebot3_ws/install/robot_navigation:/home/gaga/turtlebot3_ws/install/robot_msgs:/home/gaga/turtlebot3_ws/install/dynamixel_sdk_examples:/home/gaga/turtlebot3_ws/install/dynamixel_sdk_custom_interfaces:/home/gaga/turtlebot3_ws/install/dynamixel_sdk:/home/gaga/ssibal_ws/install/robot_msgs:/home/gaga/sad_ws/src/install/sad_pkg:/home/gaga/sad_ws/src/install/vision_msgs:/home/gaga/sad_ws/src/install/my_vision_msgs:/home/gaga/sad_ws/src/install/mani_urdf:/home/gaga/robotprograming_ws/install/rp_pkg:/home/gaga/sad_ws/src/sad_pkg/install/sad_pkg LD_LIBRARY_PATH=/home/gaga/sad_ws/install/serial/lib:${LD_LIBRARY_PATH} PKG_CONFIG_PATH=/home/gaga/sad_ws/install/serial/lib/x86_64-linux-gnu/pkgconfig:/home/gaga/sad_ws/install/serial/lib/pkgconfig ROS_PACKAGE_PATH=/home/gaga/sad_ws/install/serial/share /usr/bin/cmake --build /home/gaga/sad_ws/build/sad_pkg -- -j20 -l20
[0.032s] -- Found ament_cmake: 1.3.11 (/opt/ros/humble/share/ament_cmake/cmake)
[0.117s] -- Found rclcpp: 16.0.12 (/opt/ros/humble/share/rclcpp/cmake)
[0.133s] -- Found rosidl_generator_c: 3.1.6 (/opt/ros/humble/share/rosidl_generator_c/cmake)
[0.134s] -- Found rosidl_adapter: 3.1.6 (/opt/ros/humble/share/rosidl_adapter/cmake)
[0.138s] -- Found rosidl_generator_cpp: 3.1.6 (/opt/ros/humble/share/rosidl_generator_cpp/cmake)
[0.143s] -- Using all available rosidl_typesupport_c: rosidl_typesupport_fastrtps_c;rosidl_typesupport_introspection_c
[0.150s] -- Using all available rosidl_typesupport_cpp: rosidl_typesupport_fastrtps_cpp;rosidl_typesupport_introspection_cpp
[0.168s] -- Found rmw_implementation_cmake: 6.1.2 (/opt/ros/humble/share/rmw_implementation_cmake/cmake)
[0.169s] -- Found rmw_fastrtps_cpp: 6.2.7 (/opt/ros/humble/share/rmw_fastrtps_cpp/cmake)
[0.240s] -- Using RMW implementation 'rmw_fastrtps_cpp' as default
[0.267s] -- Found visualization_msgs: 4.8.0 (/opt/ros/humble/share/visualization_msgs/cmake)
[0.293s] -- Found trajectory_msgs: 4.8.0 (/opt/ros/humble/share/trajectory_msgs/cmake)
[0.302s] -- Found xacro: 2.0.13 (/opt/ros/humble/share/xacro/cmake)
[0.302s] -- Found ros2_control: 2.50.0 (/opt/ros/humble/share/ros2_control/cmake)
[0.302s] -- Found gazebo_ros2_control: 0.4.10 (/opt/ros/humble/share/gazebo_ros2_control/cmake)
[0.401s] -- Found DART: /usr/include (Required is at least version "6.6") found components: dart 
[0.420s] -- Found Protobuf: /usr/lib/x86_64-linux-gnu/libprotobuf.so (found version "3.12.4") 
[0.421s] -- Looking for ignition-math6 -- found version 6.15.1
[0.425s] -- Searching for dependencies of ignition-math6
[0.426s] -- Looking for OGRE...
[0.431s] -- Found Ogre Ghadamon (1.9.0)
[0.431s] -- Found OGRE: optimized;/usr/lib/x86_64-linux-gnu/libOgreMain.so;debug;/usr/lib/x86_64-linux-gnu/libOgreMain.so
[0.438s] -- Looking for OGRE_Paging...
[0.438s] -- Found OGRE_Paging: optimized;/usr/lib/x86_64-linux-gnu/libOgrePaging.so;debug;/usr/lib/x86_64-linux-gnu/libOgrePaging.so
[0.438s] -- Looking for OGRE_Terrain...
[0.438s] -- Found OGRE_Terrain: optimized;/usr/lib/x86_64-linux-gnu/libOgreTerrain.so;debug;/usr/lib/x86_64-linux-gnu/libOgreTerrain.so
[0.438s] -- Looking for OGRE_Property...
[0.438s] -- Found OGRE_Property: optimized;/usr/lib/x86_64-linux-gnu/libOgreProperty.so;debug;/usr/lib/x86_64-linux-gnu/libOgreProperty.so
[0.438s] -- Looking for OGRE_RTShaderSystem...
[0.438s] -- Found OGRE_RTShaderSystem: optimized;/usr/lib/x86_64-linux-gnu/libOgreRTShaderSystem.so;debug;/usr/lib/x86_64-linux-gnu/libOgreRTShaderSystem.so
[0.438s] -- Looking for OGRE_Volume...
[0.439s] -- Found OGRE_Volume: optimized;/usr/lib/x86_64-linux-gnu/libOgreVolume.so;debug;/usr/lib/x86_64-linux-gnu/libOgreVolume.so
[0.439s] -- Looking for OGRE_Overlay...
[0.439s] -- Found OGRE_Overlay: optimized;/usr/lib/x86_64-linux-gnu/libOgreOverlay.so;debug;/usr/lib/x86_64-linux-gnu/libOgreOverlay.so
[0.525s] -- Looking for ignition-math6 -- found version 6.15.1
[0.525s] -- Looking for ignition-transport8 -- found version 8.2.1
[0.525s] -- Searching for dependencies of ignition-transport8
[0.537s] -- Found Protobuf: /usr/lib/x86_64-linux-gnu/libprotobuf.so (found suitable version "3.12.4", minimum required is "3") 
[0.546s] -- Config-file not installed for ZeroMQ -- checking for pkg-config
[0.550s] -- Checking for module 'libzmq >= 4'
[0.564s] --   Found libzmq , version 4.3.4
[0.596s] -- Checking for module 'uuid'
[0.607s] --   Found uuid, version 2.37.2
[0.634s] -- Looking for ignition-msgs5 -- found version 5.8.1
[0.634s] -- Searching for dependencies of ignition-msgs5
[0.648s] -- Looking for ignition-math6 -- found version 6.15.1
[0.655s] -- Looking for ignition-msgs5 -- found version 5.8.1
[0.655s] -- Looking for ignition-common3 -- found version 3.14.0
[0.655s] -- Searching for dependencies of ignition-common3
[0.655s] -- Looking for dlfcn.h - found
[0.655s] -- Looking for libdl - found
[0.664s] -- Searching for <ignition-common3> component [graphics]
[0.664s] -- Looking for ignition-common3-graphics -- found version 3.14.0
[0.665s] -- Searching for dependencies of ignition-common3-graphics
[0.665s] -- Looking for ignition-math6 -- found version 6.15.1
[0.665s] -- Looking for ignition-fuel_tools4 -- found version 4.4.0
[0.666s] -- Searching for dependencies of ignition-fuel_tools4
[0.696s] -- Checking for module 'jsoncpp'
[0.708s] --   Found jsoncpp, version 1.9.5
[0.739s] -- Checking for module 'libzip'
[0.752s] --   Found libzip, version 1.7.3
[0.780s] -- Looking for ignition-common3 -- found version 3.14.0
[0.780s] -- Looking for ignition-math6 -- found version 6.15.1
[0.780s] -- Looking for ignition-msgs5 -- found version 5.8.1
[0.781s] -- Gazebo version: 11.10
[0.793s] -- Found my_vision_msgs: 0.1.0 (/home/gaga/sad_ws/install/my_vision_msgs/share/my_vision_msgs/cmake)
[0.802s] -- Found tf2: 0.25.12 (/opt/ros/humble/share/tf2/cmake)
[0.804s] -- Found tf2_geometry_msgs: 0.25.12 (/opt/ros/humble/share/tf2_geometry_msgs/cmake)
[0.806s] -- Found eigen3_cmake_module: 0.1.1 (/opt/ros/humble/share/eigen3_cmake_module/cmake)
[0.806s] -- Ensuring Eigen3 include directory is part of orocos-kdl CMake target
[0.834s] -- Found serial: 1.2.1 (/home/gaga/sad_ws/install/serial/share/serial/cmake)
[0.860s] [31mCMake Error at /opt/ros/humble/share/ament_cmake_target_dependencies/cmake/ament_target_dependencies.cmake:77 (message):
[0.861s]   ament_target_dependencies() the passed package name 'dynamixel_sdk' was not
[0.861s]   found before
[0.861s] Call Stack (most recent call first):
[0.861s]   CMakeLists.txt:59 (ament_target_dependencies)
[0.861s] 
[0.861s] [0m
[0.861s] -- Configuring incomplete, errors occurred!
[0.861s] See also "/home/gaga/sad_ws/build/sad_pkg/CMakeFiles/CMakeOutput.log".
[0.868s] gmake: *** [Makefile:554: cmake_check_build_system] Error 1
[0.870s] Invoked command in '/home/gaga/sad_ws/build/sad_pkg' returned '2': CMAKE_PREFIX_PATH=/home/gaga/turtlebot3_ws/install/turtlebot3_teleop:/home/gaga/turtlebot3_ws/install/turtlebot3_example:/opt/ros/humble:/home/gaga/sad_ws/install/serial:/home/gaga/sad_ws/install/my_vision_msgs:/home/gaga/sad_ws/install:/home/gaga/sad_ws/install/sad_pkg:/home/gaga/sad_ws/install/mani_urdf:/home/gaga/turtlebot3_ws/install/turtlebot3:/home/gaga/turtlebot3_ws/install/turtlebot3_simulations:/home/gaga/turtlebot3_ws/install/turtlebot3_bringup:/home/gaga/turtlebot3_ws/install/turtlebot3_node:/home/gaga/turtlebot3_ws/install/turtlebot3_navigation2:/home/gaga/turtlebot3_ws/install/turtlebot3_fake_node:/home/gaga/turtlebot3_ws/install/robot_master:/home/gaga/turtlebot3_ws/install/turtlebot3_msgs:/home/gaga/turtlebot3_ws/install/turtlebot3_gazebo:/home/gaga/turtlebot3_ws/install/turtlebot3_description:/home/gaga/turtlebot3_ws/install/turtlebot3_cartographer:/home/gaga/turtlebot3_ws/install/robot_vision:/home/gaga/turtlebot3_ws/install/robot_navigation:/home/gaga/turtlebot3_ws/install/robot_msgs:/home/gaga/turtlebot3_ws/install/dynamixel_sdk_examples:/home/gaga/turtlebot3_ws/install/dynamixel_sdk_custom_interfaces:/home/gaga/turtlebot3_ws/install/dynamixel_sdk:/home/gaga/ssibal_ws/install/robot_msgs:/home/gaga/sad_ws/src/install/sad_pkg:/home/gaga/sad_ws/src/install/vision_msgs:/home/gaga/sad_ws/src/install/my_vision_msgs:/home/gaga/sad_ws/src/install/mani_urdf:/home/gaga/robotprograming_ws/install/rp_pkg:/home/gaga/sad_ws/src/sad_pkg/install/sad_pkg LD_LIBRARY_PATH=/home/gaga/sad_ws/install/serial/lib:${LD_LIBRARY_PATH} PKG_CONFIG_PATH=/home/gaga/sad_ws/install/serial/lib/x86_64-linux-gnu/pkgconfig:/home/gaga/sad_ws/install/serial/lib/pkgconfig ROS_PACKAGE_PATH=/home/gaga/sad_ws/install/serial/share /usr/bin/cmake --build /home/gaga/sad_ws/build/sad_pkg -- -j20 -l20
