[35m[1mConsolidate compiler generated dependencies of target Inverse_node[0m
[ 35%] Built target obstacle_node
[ 35%] Built target map_node
[ 42%] Built target rrt_node
[ 57%] Built target forward_node
[ 71%] Built target path_node
[ 78%] [32mBuilding CXX object CMakeFiles/Inverse_node.dir/src/Inverse_node.cpp.o[0m
[ 92%] Built target spline_node
[01m[K/home/gaga/sad_ws/src/sad_pkg/src/Inverse_node.cpp:298:2:[m[K [01;31m[Kerror: [m[Kexpected ‘[01m[K}[m[K’ at end of input
  298 | }
      |  [01;31m[K^[m[K
[01m[K/home/gaga/sad_ws/src/sad_pkg/src/Inverse_node.cpp:70:45:[m[K [01;36m[Knote: [m[Kto match this ‘[01m[K{[m[K’
   70 | class ManipulatorNode : public rclcpp::Node [01;36m[K{[m[K
      |                                             [01;36m[K^[m[K
[01m[K/home/gaga/sad_ws/src/sad_pkg/src/Inverse_node.cpp:298:2:[m[K [01;31m[Kerror: [m[Kexpected unqualified-id at end of input
  298 | }
      |  [01;31m[K^[m[K
gmake[2]: *** [CMakeFiles/Inverse_node.dir/build.make:76: CMakeFiles/Inverse_node.dir/src/Inverse_node.cpp.o] Interrupt
gmake[1]: *** [CMakeFiles/Makefile2:305: CMakeFiles/Inverse_node.dir/all] Interrupt
gmake: *** [Makefile:146: all] Interrupt
