[0.010s] Invoking command in '/home/gaga/sad_ws/build/sad_pkg': CMAKE_PREFIX_PATH=/home/gaga/turtlebot3_ws/install/turtlebot3_teleop:/home/gaga/turtlebot3_ws/install/turtlebot3_example:/opt/ros/humble:/home/gaga/sad_ws/install/serial:/home/gaga/sad_ws/install/my_vision_msgs:/home/gaga/sad_ws/install:/home/gaga/sad_ws/install/sad_pkg:/home/gaga/sad_ws/install/mani_urdf:/home/gaga/turtlebot3_ws/install/turtlebot3:/home/gaga/turtlebot3_ws/install/turtlebot3_simulations:/home/gaga/turtlebot3_ws/install/turtlebot3_bringup:/home/gaga/turtlebot3_ws/install/turtlebot3_node:/home/gaga/turtlebot3_ws/install/turtlebot3_navigation2:/home/gaga/turtlebot3_ws/install/turtlebot3_fake_node:/home/gaga/turtlebot3_ws/install/robot_master:/home/gaga/turtlebot3_ws/install/turtlebot3_msgs:/home/gaga/turtlebot3_ws/install/turtlebot3_gazebo:/home/gaga/turtlebot3_ws/install/turtlebot3_description:/home/gaga/turtlebot3_ws/install/turtlebot3_cartographer:/home/gaga/turtlebot3_ws/install/robot_vision:/home/gaga/turtlebot3_ws/install/robot_navigation:/home/gaga/turtlebot3_ws/install/robot_msgs:/home/gaga/turtlebot3_ws/install/dynamixel_sdk_examples:/home/gaga/turtlebot3_ws/install/dynamixel_sdk_custom_interfaces:/home/gaga/turtlebot3_ws/install/dynamixel_sdk:/home/gaga/ssibal_ws/install/robot_msgs:/home/gaga/sad_ws/src/install/vision_msgs:/home/gaga/sad_ws/src/install/sad_pkg:/home/gaga/sad_ws/src/install/serial:/home/gaga/sad_ws/src/install/my_vision_msgs:/home/gaga/sad_ws/src/install/mani_urdf:/home/gaga/robotprograming_ws/install/rp_pkg:/home/gaga/sad_ws/src/sad_pkg/install/sad_pkg /usr/bin/cmake --build /home/gaga/sad_ws/build/sad_pkg -- -j20 -l20
[0.051s] [35m[1mConsolidate compiler generated dependencies of target path_test_node[0m
[0.051s] [35m[1mConsolidate compiler generated dependencies of target path_node[0m
[0.064s] [ 20%] Built target map_node
[0.064s] [ 20%] [32mBuilding CXX object CMakeFiles/path_test_node.dir/src/path_test_node.cpp.o[0m
[0.064s] [ 25%] Built target Inverse_node
[0.064s] [ 45%] Built target motor_node
[0.064s] [ 55%] Built target forward_node
[0.064s] [ 55%] Built target spline_node
[0.064s] [ 60%] [32mBuilding CXX object CMakeFiles/obstacle_node.dir/src/obstacle_node.cpp.o[0m
[0.065s] [ 70%] Built target real_inverse_node
[0.065s] [ 80%] Built target rrt_node
[0.067s] [ 90%] Built target path_node
[2.532s] [ 95%] [32m[1mLinking CXX executable path_test_node[0m
[2.662s] [ 95%] Built target path_test_node
[2.700s] [100%] [32m[1mLinking CXX executable obstacle_node[0m
[2.824s] [100%] Built target obstacle_node
[2.835s] Invoked command in '/home/gaga/sad_ws/build/sad_pkg' returned '0': CMAKE_PREFIX_PATH=/home/gaga/turtlebot3_ws/install/turtlebot3_teleop:/home/gaga/turtlebot3_ws/install/turtlebot3_example:/opt/ros/humble:/home/gaga/sad_ws/install/serial:/home/gaga/sad_ws/install/my_vision_msgs:/home/gaga/sad_ws/install:/home/gaga/sad_ws/install/sad_pkg:/home/gaga/sad_ws/install/mani_urdf:/home/gaga/turtlebot3_ws/install/turtlebot3:/home/gaga/turtlebot3_ws/install/turtlebot3_simulations:/home/gaga/turtlebot3_ws/install/turtlebot3_bringup:/home/gaga/turtlebot3_ws/install/turtlebot3_node:/home/gaga/turtlebot3_ws/install/turtlebot3_navigation2:/home/gaga/turtlebot3_ws/install/turtlebot3_fake_node:/home/gaga/turtlebot3_ws/install/robot_master:/home/gaga/turtlebot3_ws/install/turtlebot3_msgs:/home/gaga/turtlebot3_ws/install/turtlebot3_gazebo:/home/gaga/turtlebot3_ws/install/turtlebot3_description:/home/gaga/turtlebot3_ws/install/turtlebot3_cartographer:/home/gaga/turtlebot3_ws/install/robot_vision:/home/gaga/turtlebot3_ws/install/robot_navigation:/home/gaga/turtlebot3_ws/install/robot_msgs:/home/gaga/turtlebot3_ws/install/dynamixel_sdk_examples:/home/gaga/turtlebot3_ws/install/dynamixel_sdk_custom_interfaces:/home/gaga/turtlebot3_ws/install/dynamixel_sdk:/home/gaga/ssibal_ws/install/robot_msgs:/home/gaga/sad_ws/src/install/vision_msgs:/home/gaga/sad_ws/src/install/sad_pkg:/home/gaga/sad_ws/src/install/serial:/home/gaga/sad_ws/src/install/my_vision_msgs:/home/gaga/sad_ws/src/install/mani_urdf:/home/gaga/robotprograming_ws/install/rp_pkg:/home/gaga/sad_ws/src/sad_pkg/install/sad_pkg /usr/bin/cmake --build /home/gaga/sad_ws/build/sad_pkg -- -j20 -l20
[2.838s] Invoking command in '/home/gaga/sad_ws/build/sad_pkg': CMAKE_PREFIX_PATH=/home/gaga/turtlebot3_ws/install/turtlebot3_teleop:/home/gaga/turtlebot3_ws/install/turtlebot3_example:/opt/ros/humble:/home/gaga/sad_ws/install/serial:/home/gaga/sad_ws/install/my_vision_msgs:/home/gaga/sad_ws/install:/home/gaga/sad_ws/install/sad_pkg:/home/gaga/sad_ws/install/mani_urdf:/home/gaga/turtlebot3_ws/install/turtlebot3:/home/gaga/turtlebot3_ws/install/turtlebot3_simulations:/home/gaga/turtlebot3_ws/install/turtlebot3_bringup:/home/gaga/turtlebot3_ws/install/turtlebot3_node:/home/gaga/turtlebot3_ws/install/turtlebot3_navigation2:/home/gaga/turtlebot3_ws/install/turtlebot3_fake_node:/home/gaga/turtlebot3_ws/install/robot_master:/home/gaga/turtlebot3_ws/install/turtlebot3_msgs:/home/gaga/turtlebot3_ws/install/turtlebot3_gazebo:/home/gaga/turtlebot3_ws/install/turtlebot3_description:/home/gaga/turtlebot3_ws/install/turtlebot3_cartographer:/home/gaga/turtlebot3_ws/install/robot_vision:/home/gaga/turtlebot3_ws/install/robot_navigation:/home/gaga/turtlebot3_ws/install/robot_msgs:/home/gaga/turtlebot3_ws/install/dynamixel_sdk_examples:/home/gaga/turtlebot3_ws/install/dynamixel_sdk_custom_interfaces:/home/gaga/turtlebot3_ws/install/dynamixel_sdk:/home/gaga/ssibal_ws/install/robot_msgs:/home/gaga/sad_ws/src/install/vision_msgs:/home/gaga/sad_ws/src/install/sad_pkg:/home/gaga/sad_ws/src/install/serial:/home/gaga/sad_ws/src/install/my_vision_msgs:/home/gaga/sad_ws/src/install/mani_urdf:/home/gaga/robotprograming_ws/install/rp_pkg:/home/gaga/sad_ws/src/sad_pkg/install/sad_pkg /usr/bin/cmake --install /home/gaga/sad_ws/build/sad_pkg
[2.845s] -- Install configuration: ""
[2.845s] -- Up-to-date: /home/gaga/sad_ws/install/sad_pkg/share/sad_pkg/launch
[2.845s] -- Up-to-date: /home/gaga/sad_ws/install/sad_pkg/share/sad_pkg/launch/rviz.launch.py
[2.846s] -- Up-to-date: /home/gaga/sad_ws/install/sad_pkg/share/sad_pkg/launch/real.launch.py
[2.846s] -- Up-to-date: /home/gaga/sad_ws/install/sad_pkg/share/sad_pkg/launch/sad.launch.py
[2.846s] -- Installing: /home/gaga/sad_ws/install/sad_pkg/share/sad_pkg/launch/all.launch.py
[2.846s] -- Up-to-date: /home/gaga/sad_ws/install/sad_pkg/share/sad_pkg/urdf
[2.846s] -- Up-to-date: /home/gaga/sad_ws/install/sad_pkg/share/sad_pkg/urdf/description
[2.846s] -- Up-to-date: /home/gaga/sad_ws/install/sad_pkg/share/sad_pkg/urdf/description/test.xacro
[2.846s] -- Up-to-date: /home/gaga/sad_ws/install/sad_pkg/share/sad_pkg/urdf/description/sad.xacro
[2.846s] -- Up-to-date: /home/gaga/sad_ws/install/sad_pkg/share/sad_pkg/urdf/description/all.xacro
[2.846s] -- Up-to-date: /home/gaga/sad_ws/install/sad_pkg/share/sad_pkg/meshes
[2.846s] -- Up-to-date: /home/gaga/sad_ws/install/sad_pkg/share/sad_pkg/meshes/next.stl
[2.846s] -- Up-to-date: /home/gaga/sad_ws/install/sad_pkg/share/sad_pkg/meshes/link3.stl
[2.846s] -- Up-to-date: /home/gaga/sad_ws/install/sad_pkg/share/sad_pkg/meshes/link1.stl
[2.846s] -- Up-to-date: /home/gaga/sad_ws/install/sad_pkg/share/sad_pkg/meshes/link5.stl
[2.846s] -- Up-to-date: /home/gaga/sad_ws/install/sad_pkg/share/sad_pkg/meshes/link6.stl
[2.846s] -- Up-to-date: /home/gaga/sad_ws/install/sad_pkg/share/sad_pkg/meshes/link7.stl
[2.846s] -- Up-to-date: /home/gaga/sad_ws/install/sad_pkg/share/sad_pkg/meshes/link2.stl
[2.847s] -- Up-to-date: /home/gaga/sad_ws/install/sad_pkg/share/sad_pkg/meshes/mani.stl
[2.847s] -- Up-to-date: /home/gaga/sad_ws/install/sad_pkg/share/sad_pkg/meshes/link4.stl
[2.847s] -- Up-to-date: /home/gaga/sad_ws/install/sad_pkg/share/sad_pkg/meshes/endeffector.stl
[2.847s] -- Up-to-date: /home/gaga/sad_ws/install/sad_pkg/share/sad_pkg/config
[2.847s] -- Up-to-date: /home/gaga/sad_ws/install/sad_pkg/share/sad_pkg/config/install
[2.847s] -- Up-to-date: /home/gaga/sad_ws/install/sad_pkg/share/sad_pkg/config/install/setup.zsh
[2.847s] -- Up-to-date: /home/gaga/sad_ws/install/sad_pkg/share/sad_pkg/config/install/local_setup.bash
[2.847s] -- Up-to-date: /home/gaga/sad_ws/install/sad_pkg/share/sad_pkg/config/install/setup.ps1
[2.847s] -- Up-to-date: /home/gaga/sad_ws/install/sad_pkg/share/sad_pkg/config/install/setup.sh
[2.847s] -- Up-to-date: /home/gaga/sad_ws/install/sad_pkg/share/sad_pkg/config/install/COLCON_IGNORE
[2.847s] -- Up-to-date: /home/gaga/sad_ws/install/sad_pkg/share/sad_pkg/config/install/_local_setup_util_sh.py
[2.847s] -- Up-to-date: /home/gaga/sad_ws/install/sad_pkg/share/sad_pkg/config/install/_local_setup_util_ps1.py
[2.847s] -- Up-to-date: /home/gaga/sad_ws/install/sad_pkg/share/sad_pkg/config/install/setup.bash
[2.847s] -- Up-to-date: /home/gaga/sad_ws/install/sad_pkg/share/sad_pkg/config/install/local_setup.sh
[2.847s] -- Up-to-date: /home/gaga/sad_ws/install/sad_pkg/share/sad_pkg/config/install/.colcon_install_layout
[2.847s] -- Up-to-date: /home/gaga/sad_ws/install/sad_pkg/share/sad_pkg/config/install/local_setup.ps1
[2.848s] -- Up-to-date: /home/gaga/sad_ws/install/sad_pkg/share/sad_pkg/config/install/local_setup.zsh
[2.848s] -- Up-to-date: /home/gaga/sad_ws/install/sad_pkg/share/sad_pkg/config/build
[2.848s] -- Up-to-date: /home/gaga/sad_ws/install/sad_pkg/share/sad_pkg/config/build/COLCON_IGNORE
[2.848s] -- Up-to-date: /home/gaga/sad_ws/install/sad_pkg/share/sad_pkg/config/build/.built_by
[2.848s] -- Up-to-date: /home/gaga/sad_ws/install/sad_pkg/share/sad_pkg/config/sad_controllers.yaml
[2.848s] -- Up-to-date: /home/gaga/sad_ws/install/sad_pkg/share/sad_pkg/config/log
[2.848s] -- Up-to-date: /home/gaga/sad_ws/install/sad_pkg/share/sad_pkg/config/log/latest_build
[2.848s] -- Up-to-date: /home/gaga/sad_ws/install/sad_pkg/share/sad_pkg/config/log/latest
[2.848s] -- Up-to-date: /home/gaga/sad_ws/install/sad_pkg/share/sad_pkg/config/log/build_2025-04-02_10-07-56
[2.848s] -- Up-to-date: /home/gaga/sad_ws/install/sad_pkg/share/sad_pkg/config/log/build_2025-04-02_10-07-56/logger_all.log
[2.848s] -- Up-to-date: /home/gaga/sad_ws/install/sad_pkg/share/sad_pkg/config/log/build_2025-04-02_10-07-56/events.log
[2.848s] -- Up-to-date: /home/gaga/sad_ws/install/sad_pkg/share/sad_pkg/config/log/COLCON_IGNORE
[2.848s] -- Up-to-date: /home/gaga/sad_ws/install/sad_pkg/lib/sad_pkg/forward_node
[2.848s] -- Up-to-date: /home/gaga/sad_ws/install/sad_pkg/lib/sad_pkg/rrt_node
[2.848s] -- Installing: /home/gaga/sad_ws/install/sad_pkg/lib/sad_pkg/obstacle_node
[2.848s] -- Set runtime path of "/home/gaga/sad_ws/install/sad_pkg/lib/sad_pkg/obstacle_node" to ""
[2.848s] -- Up-to-date: /home/gaga/sad_ws/install/sad_pkg/lib/sad_pkg/spline_node
[2.849s] -- Up-to-date: /home/gaga/sad_ws/install/sad_pkg/lib/sad_pkg/map_node
[2.849s] -- Installing: /home/gaga/sad_ws/install/sad_pkg/lib/sad_pkg/path_node
[2.851s] -- Set runtime path of "/home/gaga/sad_ws/install/sad_pkg/lib/sad_pkg/path_node" to ""
[2.851s] -- Installing: /home/gaga/sad_ws/install/sad_pkg/lib/sad_pkg/path_test_node
[2.852s] -- Set runtime path of "/home/gaga/sad_ws/install/sad_pkg/lib/sad_pkg/path_test_node" to ""
[2.852s] -- Up-to-date: /home/gaga/sad_ws/install/sad_pkg/lib/sad_pkg/Inverse_node
[2.852s] -- Up-to-date: /home/gaga/sad_ws/install/sad_pkg/lib/sad_pkg/real_inverse_node
[2.852s] -- Up-to-date: /home/gaga/sad_ws/install/sad_pkg/lib/sad_pkg/motor_node
[2.852s] -- Up-to-date: /home/gaga/sad_ws/install/sad_pkg/share/ament_index/resource_index/package_run_dependencies/sad_pkg
[2.852s] -- Up-to-date: /home/gaga/sad_ws/install/sad_pkg/share/ament_index/resource_index/parent_prefix_path/sad_pkg
[2.852s] -- Up-to-date: /home/gaga/sad_ws/install/sad_pkg/share/sad_pkg/environment/ament_prefix_path.sh
[2.853s] -- Installing: /home/gaga/sad_ws/install/sad_pkg/share/sad_pkg/environment/ament_prefix_path.dsv
[2.853s] -- Up-to-date: /home/gaga/sad_ws/install/sad_pkg/share/sad_pkg/environment/path.sh
[2.853s] -- Installing: /home/gaga/sad_ws/install/sad_pkg/share/sad_pkg/environment/path.dsv
[2.853s] -- Up-to-date: /home/gaga/sad_ws/install/sad_pkg/share/sad_pkg/local_setup.bash
[2.853s] -- Up-to-date: /home/gaga/sad_ws/install/sad_pkg/share/sad_pkg/local_setup.sh
[2.853s] -- Up-to-date: /home/gaga/sad_ws/install/sad_pkg/share/sad_pkg/local_setup.zsh
[2.853s] -- Installing: /home/gaga/sad_ws/install/sad_pkg/share/sad_pkg/local_setup.dsv
[2.853s] -- Installing: /home/gaga/sad_ws/install/sad_pkg/share/sad_pkg/package.dsv
[2.853s] -- Up-to-date: /home/gaga/sad_ws/install/sad_pkg/share/ament_index/resource_index/packages/sad_pkg
[2.853s] -- Up-to-date: /home/gaga/sad_ws/install/sad_pkg/share/sad_pkg/cmake/sad_pkgConfig.cmake
[2.853s] -- Up-to-date: /home/gaga/sad_ws/install/sad_pkg/share/sad_pkg/cmake/sad_pkgConfig-version.cmake
[2.853s] -- Up-to-date: /home/gaga/sad_ws/install/sad_pkg/share/sad_pkg/package.xml
[2.855s] Invoked command in '/home/gaga/sad_ws/build/sad_pkg' returned '0': CMAKE_PREFIX_PATH=/home/gaga/turtlebot3_ws/install/turtlebot3_teleop:/home/gaga/turtlebot3_ws/install/turtlebot3_example:/opt/ros/humble:/home/gaga/sad_ws/install/serial:/home/gaga/sad_ws/install/my_vision_msgs:/home/gaga/sad_ws/install:/home/gaga/sad_ws/install/sad_pkg:/home/gaga/sad_ws/install/mani_urdf:/home/gaga/turtlebot3_ws/install/turtlebot3:/home/gaga/turtlebot3_ws/install/turtlebot3_simulations:/home/gaga/turtlebot3_ws/install/turtlebot3_bringup:/home/gaga/turtlebot3_ws/install/turtlebot3_node:/home/gaga/turtlebot3_ws/install/turtlebot3_navigation2:/home/gaga/turtlebot3_ws/install/turtlebot3_fake_node:/home/gaga/turtlebot3_ws/install/robot_master:/home/gaga/turtlebot3_ws/install/turtlebot3_msgs:/home/gaga/turtlebot3_ws/install/turtlebot3_gazebo:/home/gaga/turtlebot3_ws/install/turtlebot3_description:/home/gaga/turtlebot3_ws/install/turtlebot3_cartographer:/home/gaga/turtlebot3_ws/install/robot_vision:/home/gaga/turtlebot3_ws/install/robot_navigation:/home/gaga/turtlebot3_ws/install/robot_msgs:/home/gaga/turtlebot3_ws/install/dynamixel_sdk_examples:/home/gaga/turtlebot3_ws/install/dynamixel_sdk_custom_interfaces:/home/gaga/turtlebot3_ws/install/dynamixel_sdk:/home/gaga/ssibal_ws/install/robot_msgs:/home/gaga/sad_ws/src/install/vision_msgs:/home/gaga/sad_ws/src/install/sad_pkg:/home/gaga/sad_ws/src/install/serial:/home/gaga/sad_ws/src/install/my_vision_msgs:/home/gaga/sad_ws/src/install/mani_urdf:/home/gaga/robotprograming_ws/install/rp_pkg:/home/gaga/sad_ws/src/sad_pkg/install/sad_pkg /usr/bin/cmake --install /home/gaga/sad_ws/build/sad_pkg
