[0.029s] Invoking command in '/home/gaga/sad_ws/build/sad_pkg': CMAKE_PREFIX_PATH=/home/gaga/sad_ws/install/my_vision_msgs:/home/gaga/sad_ws/install:/home/gaga/sad_ws/install/sad_pkg:/home/gaga/sad_ws/install/mani_urdf:/home/gaga/turtlebot3_ws/install/turtlebot3:/home/gaga/turtlebot3_ws/install/turtlebot3_simulations:/home/gaga/turtlebot3_ws/install/turtlebot3_bringup:/home/gaga/turtlebot3_ws/install/turtlebot3_node:/home/gaga/turtlebot3_ws/install/turtlebot3_navigation2:/home/gaga/turtlebot3_ws/install/turtlebot3_fake_node:/home/gaga/turtlebot3_ws/install/robot_master:/home/gaga/turtlebot3_ws/install/turtlebot3_msgs:/home/gaga/turtlebot3_ws/install/turtlebot3_gazebo:/home/gaga/turtlebot3_ws/install/turtlebot3_description:/home/gaga/turtlebot3_ws/install/turtlebot3_cartographer:/home/gaga/turtlebot3_ws/install/robot_vision:/home/gaga/turtlebot3_ws/install/robot_navigation:/home/gaga/turtlebot3_ws/install/robot_msgs:/home/gaga/turtlebot3_ws/install/dynamixel_sdk_examples:/home/gaga/turtlebot3_ws/install/dynamixel_sdk_custom_interfaces:/home/gaga/turtlebot3_ws/install/dynamixel_sdk:/home/gaga/ssibal_ws/install/robot_msgs:/home/gaga/sad_ws/src/install/sad_pkg:/home/gaga/sad_ws/src/install/vision_msgs:/home/gaga/sad_ws/src/install/my_vision_msgs:/home/gaga/sad_ws/src/install/mani_urdf:/home/gaga/robotprograming_ws/install/rp_pkg:/home/gaga/sad_ws/src/sad_pkg/install/sad_pkg:/home/gaga/turtlebot3_ws/install/turtlebot3_teleop:/home/gaga/turtlebot3_ws/install/turtlebot3_example:/opt/ros/humble /usr/bin/cmake --build /home/gaga/sad_ws/build/sad_pkg -- -j20 -l20
[0.125s] [35m[1mConsolidate compiler generated dependencies of target Inverse_node[0m
[0.146s] [ 85%] Built target path_node
[0.146s] [ 85%] Built target forward_node
[0.146s] [ 85%] Built target spline_node
[0.146s] [ 85%] Built target obstacle_node
[0.146s] [ 85%] Built target map_node
[0.146s] [ 85%] Built target rrt_node
[0.165s] [ 92%] [32mBuilding CXX object CMakeFiles/Inverse_node.dir/src/Inverse_node.cpp.o[0m
[6.746s] [01m[K/home/gaga/sad_ws/src/sad_pkg/src/Inverse_node.cpp:[m[K In member function ‘[01m[Kvoid ManipulatorNode::timerCallback()[m[K’:
[6.746s] [01m[K/home/gaga/sad_ws/src/sad_pkg/src/Inverse_node.cpp:357:25:[m[K [01;35m[Kwarning: [m[Kvariable ‘[01m[Kdesired_velocity_orientation[m[K’ set but not used [[01;35m[K]8;;https://gcc.gnu.org/onlinedocs/gcc/Warning-Options.html#index-Wunused-but-set-variable-Wunused-but-set-variable]8;;[m[K]
[6.747s]   357 |         Eigen::Vector3d [01;35m[Kdesired_velocity_orientation[m[K = axis * angle_rad / dt;
[6.747s]       |                         [01;35m[K^~~~~~~~~~~~~~~~~~~~~~~~~~~~[m[K
[24.338s] [100%] [32m[1mLinking CXX executable Inverse_node[0m
[26.265s] [100%] Built target Inverse_node
[26.282s] Invoked command in '/home/gaga/sad_ws/build/sad_pkg' returned '0': CMAKE_PREFIX_PATH=/home/gaga/sad_ws/install/my_vision_msgs:/home/gaga/sad_ws/install:/home/gaga/sad_ws/install/sad_pkg:/home/gaga/sad_ws/install/mani_urdf:/home/gaga/turtlebot3_ws/install/turtlebot3:/home/gaga/turtlebot3_ws/install/turtlebot3_simulations:/home/gaga/turtlebot3_ws/install/turtlebot3_bringup:/home/gaga/turtlebot3_ws/install/turtlebot3_node:/home/gaga/turtlebot3_ws/install/turtlebot3_navigation2:/home/gaga/turtlebot3_ws/install/turtlebot3_fake_node:/home/gaga/turtlebot3_ws/install/robot_master:/home/gaga/turtlebot3_ws/install/turtlebot3_msgs:/home/gaga/turtlebot3_ws/install/turtlebot3_gazebo:/home/gaga/turtlebot3_ws/install/turtlebot3_description:/home/gaga/turtlebot3_ws/install/turtlebot3_cartographer:/home/gaga/turtlebot3_ws/install/robot_vision:/home/gaga/turtlebot3_ws/install/robot_navigation:/home/gaga/turtlebot3_ws/install/robot_msgs:/home/gaga/turtlebot3_ws/install/dynamixel_sdk_examples:/home/gaga/turtlebot3_ws/install/dynamixel_sdk_custom_interfaces:/home/gaga/turtlebot3_ws/install/dynamixel_sdk:/home/gaga/ssibal_ws/install/robot_msgs:/home/gaga/sad_ws/src/install/sad_pkg:/home/gaga/sad_ws/src/install/vision_msgs:/home/gaga/sad_ws/src/install/my_vision_msgs:/home/gaga/sad_ws/src/install/mani_urdf:/home/gaga/robotprograming_ws/install/rp_pkg:/home/gaga/sad_ws/src/sad_pkg/install/sad_pkg:/home/gaga/turtlebot3_ws/install/turtlebot3_teleop:/home/gaga/turtlebot3_ws/install/turtlebot3_example:/opt/ros/humble /usr/bin/cmake --build /home/gaga/sad_ws/build/sad_pkg -- -j20 -l20
[26.284s] Invoking command in '/home/gaga/sad_ws/build/sad_pkg': CMAKE_PREFIX_PATH=/home/gaga/sad_ws/install/my_vision_msgs:/home/gaga/sad_ws/install:/home/gaga/sad_ws/install/sad_pkg:/home/gaga/sad_ws/install/mani_urdf:/home/gaga/turtlebot3_ws/install/turtlebot3:/home/gaga/turtlebot3_ws/install/turtlebot3_simulations:/home/gaga/turtlebot3_ws/install/turtlebot3_bringup:/home/gaga/turtlebot3_ws/install/turtlebot3_node:/home/gaga/turtlebot3_ws/install/turtlebot3_navigation2:/home/gaga/turtlebot3_ws/install/turtlebot3_fake_node:/home/gaga/turtlebot3_ws/install/robot_master:/home/gaga/turtlebot3_ws/install/turtlebot3_msgs:/home/gaga/turtlebot3_ws/install/turtlebot3_gazebo:/home/gaga/turtlebot3_ws/install/turtlebot3_description:/home/gaga/turtlebot3_ws/install/turtlebot3_cartographer:/home/gaga/turtlebot3_ws/install/robot_vision:/home/gaga/turtlebot3_ws/install/robot_navigation:/home/gaga/turtlebot3_ws/install/robot_msgs:/home/gaga/turtlebot3_ws/install/dynamixel_sdk_examples:/home/gaga/turtlebot3_ws/install/dynamixel_sdk_custom_interfaces:/home/gaga/turtlebot3_ws/install/dynamixel_sdk:/home/gaga/ssibal_ws/install/robot_msgs:/home/gaga/sad_ws/src/install/sad_pkg:/home/gaga/sad_ws/src/install/vision_msgs:/home/gaga/sad_ws/src/install/my_vision_msgs:/home/gaga/sad_ws/src/install/mani_urdf:/home/gaga/robotprograming_ws/install/rp_pkg:/home/gaga/sad_ws/src/sad_pkg/install/sad_pkg:/home/gaga/turtlebot3_ws/install/turtlebot3_teleop:/home/gaga/turtlebot3_ws/install/turtlebot3_example:/opt/ros/humble /usr/bin/cmake --install /home/gaga/sad_ws/build/sad_pkg
[26.293s] -- Install configuration: ""
[26.293s] -- Up-to-date: /home/gaga/sad_ws/install/sad_pkg/share/sad_pkg/launch
[26.293s] -- Up-to-date: /home/gaga/sad_ws/install/sad_pkg/share/sad_pkg/launch/rviz.launch.py
[26.294s] -- Up-to-date: /home/gaga/sad_ws/install/sad_pkg/share/sad_pkg/launch/sad.launch.py
[26.294s] -- Up-to-date: /home/gaga/sad_ws/install/sad_pkg/share/sad_pkg/launch/all.launch.py
[26.294s] -- Up-to-date: /home/gaga/sad_ws/install/sad_pkg/share/sad_pkg/urdf
[26.294s] -- Up-to-date: /home/gaga/sad_ws/install/sad_pkg/share/sad_pkg/urdf/description
[26.294s] -- Up-to-date: /home/gaga/sad_ws/install/sad_pkg/share/sad_pkg/urdf/description/test.xacro
[26.294s] -- Up-to-date: /home/gaga/sad_ws/install/sad_pkg/share/sad_pkg/urdf/description/sad.xacro
[26.294s] -- Up-to-date: /home/gaga/sad_ws/install/sad_pkg/share/sad_pkg/urdf/description/all.xacro
[26.294s] -- Up-to-date: /home/gaga/sad_ws/install/sad_pkg/share/sad_pkg/meshes
[26.294s] -- Up-to-date: /home/gaga/sad_ws/install/sad_pkg/share/sad_pkg/meshes/next.stl
[26.294s] -- Up-to-date: /home/gaga/sad_ws/install/sad_pkg/share/sad_pkg/meshes/link3.stl
[26.294s] -- Up-to-date: /home/gaga/sad_ws/install/sad_pkg/share/sad_pkg/meshes/link1.stl
[26.294s] -- Up-to-date: /home/gaga/sad_ws/install/sad_pkg/share/sad_pkg/meshes/link5.stl
[26.294s] -- Up-to-date: /home/gaga/sad_ws/install/sad_pkg/share/sad_pkg/meshes/link6.stl
[26.294s] -- Up-to-date: /home/gaga/sad_ws/install/sad_pkg/share/sad_pkg/meshes/link7.stl
[26.294s] -- Up-to-date: /home/gaga/sad_ws/install/sad_pkg/share/sad_pkg/meshes/link2.stl
[26.294s] -- Up-to-date: /home/gaga/sad_ws/install/sad_pkg/share/sad_pkg/meshes/mani.stl
[26.294s] -- Up-to-date: /home/gaga/sad_ws/install/sad_pkg/share/sad_pkg/meshes/link4.stl
[26.294s] -- Up-to-date: /home/gaga/sad_ws/install/sad_pkg/share/sad_pkg/meshes/endeffector.stl
[26.294s] -- Up-to-date: /home/gaga/sad_ws/install/sad_pkg/share/sad_pkg/config
[26.294s] -- Up-to-date: /home/gaga/sad_ws/install/sad_pkg/share/sad_pkg/config/install
[26.294s] -- Up-to-date: /home/gaga/sad_ws/install/sad_pkg/share/sad_pkg/config/install/setup.zsh
[26.295s] -- Up-to-date: /home/gaga/sad_ws/install/sad_pkg/share/sad_pkg/config/install/local_setup.bash
[26.295s] -- Up-to-date: /home/gaga/sad_ws/install/sad_pkg/share/sad_pkg/config/install/setup.ps1
[26.295s] -- Up-to-date: /home/gaga/sad_ws/install/sad_pkg/share/sad_pkg/config/install/setup.sh
[26.295s] -- Up-to-date: /home/gaga/sad_ws/install/sad_pkg/share/sad_pkg/config/install/COLCON_IGNORE
[26.295s] -- Up-to-date: /home/gaga/sad_ws/install/sad_pkg/share/sad_pkg/config/install/_local_setup_util_sh.py
[26.295s] -- Up-to-date: /home/gaga/sad_ws/install/sad_pkg/share/sad_pkg/config/install/_local_setup_util_ps1.py
[26.295s] -- Up-to-date: /home/gaga/sad_ws/install/sad_pkg/share/sad_pkg/config/install/setup.bash
[26.295s] -- Up-to-date: /home/gaga/sad_ws/install/sad_pkg/share/sad_pkg/config/install/local_setup.sh
[26.295s] -- Up-to-date: /home/gaga/sad_ws/install/sad_pkg/share/sad_pkg/config/install/.colcon_install_layout
[26.295s] -- Up-to-date: /home/gaga/sad_ws/install/sad_pkg/share/sad_pkg/config/install/local_setup.ps1
[26.295s] -- Up-to-date: /home/gaga/sad_ws/install/sad_pkg/share/sad_pkg/config/install/local_setup.zsh
[26.295s] -- Up-to-date: /home/gaga/sad_ws/install/sad_pkg/share/sad_pkg/config/build
[26.295s] -- Up-to-date: /home/gaga/sad_ws/install/sad_pkg/share/sad_pkg/config/build/COLCON_IGNORE
[26.296s] -- Up-to-date: /home/gaga/sad_ws/install/sad_pkg/share/sad_pkg/config/build/.built_by
[26.296s] -- Up-to-date: /home/gaga/sad_ws/install/sad_pkg/share/sad_pkg/config/sad_controllers.yaml
[26.296s] -- Up-to-date: /home/gaga/sad_ws/install/sad_pkg/share/sad_pkg/config/log
[26.296s] -- Up-to-date: /home/gaga/sad_ws/install/sad_pkg/share/sad_pkg/config/log/latest_build
[26.296s] -- Up-to-date: /home/gaga/sad_ws/install/sad_pkg/share/sad_pkg/config/log/latest
[26.296s] -- Up-to-date: /home/gaga/sad_ws/install/sad_pkg/share/sad_pkg/config/log/build_2025-04-02_10-07-56
[26.296s] -- Up-to-date: /home/gaga/sad_ws/install/sad_pkg/share/sad_pkg/config/log/build_2025-04-02_10-07-56/logger_all.log
[26.296s] -- Up-to-date: /home/gaga/sad_ws/install/sad_pkg/share/sad_pkg/config/log/build_2025-04-02_10-07-56/events.log
[26.296s] -- Up-to-date: /home/gaga/sad_ws/install/sad_pkg/share/sad_pkg/config/log/COLCON_IGNORE
[26.296s] -- Up-to-date: /home/gaga/sad_ws/install/sad_pkg/lib/sad_pkg/forward_node
[26.296s] -- Up-to-date: /home/gaga/sad_ws/install/sad_pkg/lib/sad_pkg/rrt_node
[26.296s] -- Up-to-date: /home/gaga/sad_ws/install/sad_pkg/lib/sad_pkg/obstacle_node
[26.296s] -- Up-to-date: /home/gaga/sad_ws/install/sad_pkg/lib/sad_pkg/spline_node
[26.296s] -- Up-to-date: /home/gaga/sad_ws/install/sad_pkg/lib/sad_pkg/map_node
[26.296s] -- Installing: /home/gaga/sad_ws/install/sad_pkg/lib/sad_pkg/path_node
[26.301s] -- Set runtime path of "/home/gaga/sad_ws/install/sad_pkg/lib/sad_pkg/path_node" to ""
[26.301s] -- Installing: /home/gaga/sad_ws/install/sad_pkg/lib/sad_pkg/Inverse_node
[26.316s] -- Set runtime path of "/home/gaga/sad_ws/install/sad_pkg/lib/sad_pkg/Inverse_node" to ""
[26.316s] -- Up-to-date: /home/gaga/sad_ws/install/sad_pkg/share/ament_index/resource_index/package_run_dependencies/sad_pkg
[26.316s] -- Up-to-date: /home/gaga/sad_ws/install/sad_pkg/share/ament_index/resource_index/parent_prefix_path/sad_pkg
[26.316s] -- Up-to-date: /home/gaga/sad_ws/install/sad_pkg/share/sad_pkg/environment/ament_prefix_path.sh
[26.316s] -- Up-to-date: /home/gaga/sad_ws/install/sad_pkg/share/sad_pkg/environment/ament_prefix_path.dsv
[26.316s] -- Up-to-date: /home/gaga/sad_ws/install/sad_pkg/share/sad_pkg/environment/path.sh
[26.316s] -- Up-to-date: /home/gaga/sad_ws/install/sad_pkg/share/sad_pkg/environment/path.dsv
[26.317s] -- Up-to-date: /home/gaga/sad_ws/install/sad_pkg/share/sad_pkg/local_setup.bash
[26.317s] -- Up-to-date: /home/gaga/sad_ws/install/sad_pkg/share/sad_pkg/local_setup.sh
[26.317s] -- Up-to-date: /home/gaga/sad_ws/install/sad_pkg/share/sad_pkg/local_setup.zsh
[26.317s] -- Up-to-date: /home/gaga/sad_ws/install/sad_pkg/share/sad_pkg/local_setup.dsv
[26.317s] -- Installing: /home/gaga/sad_ws/install/sad_pkg/share/sad_pkg/package.dsv
[26.317s] -- Up-to-date: /home/gaga/sad_ws/install/sad_pkg/share/ament_index/resource_index/packages/sad_pkg
[26.317s] -- Up-to-date: /home/gaga/sad_ws/install/sad_pkg/share/sad_pkg/cmake/sad_pkgConfig.cmake
[26.317s] -- Up-to-date: /home/gaga/sad_ws/install/sad_pkg/share/sad_pkg/cmake/sad_pkgConfig-version.cmake
[26.317s] -- Up-to-date: /home/gaga/sad_ws/install/sad_pkg/share/sad_pkg/package.xml
[26.322s] Invoked command in '/home/gaga/sad_ws/build/sad_pkg' returned '0': CMAKE_PREFIX_PATH=/home/gaga/sad_ws/install/my_vision_msgs:/home/gaga/sad_ws/install:/home/gaga/sad_ws/install/sad_pkg:/home/gaga/sad_ws/install/mani_urdf:/home/gaga/turtlebot3_ws/install/turtlebot3:/home/gaga/turtlebot3_ws/install/turtlebot3_simulations:/home/gaga/turtlebot3_ws/install/turtlebot3_bringup:/home/gaga/turtlebot3_ws/install/turtlebot3_node:/home/gaga/turtlebot3_ws/install/turtlebot3_navigation2:/home/gaga/turtlebot3_ws/install/turtlebot3_fake_node:/home/gaga/turtlebot3_ws/install/robot_master:/home/gaga/turtlebot3_ws/install/turtlebot3_msgs:/home/gaga/turtlebot3_ws/install/turtlebot3_gazebo:/home/gaga/turtlebot3_ws/install/turtlebot3_description:/home/gaga/turtlebot3_ws/install/turtlebot3_cartographer:/home/gaga/turtlebot3_ws/install/robot_vision:/home/gaga/turtlebot3_ws/install/robot_navigation:/home/gaga/turtlebot3_ws/install/robot_msgs:/home/gaga/turtlebot3_ws/install/dynamixel_sdk_examples:/home/gaga/turtlebot3_ws/install/dynamixel_sdk_custom_interfaces:/home/gaga/turtlebot3_ws/install/dynamixel_sdk:/home/gaga/ssibal_ws/install/robot_msgs:/home/gaga/sad_ws/src/install/sad_pkg:/home/gaga/sad_ws/src/install/vision_msgs:/home/gaga/sad_ws/src/install/my_vision_msgs:/home/gaga/sad_ws/src/install/mani_urdf:/home/gaga/robotprograming_ws/install/rp_pkg:/home/gaga/sad_ws/src/sad_pkg/install/sad_pkg:/home/gaga/turtlebot3_ws/install/turtlebot3_teleop:/home/gaga/turtlebot3_ws/install/turtlebot3_example:/opt/ros/humble /usr/bin/cmake --install /home/gaga/sad_ws/build/sad_pkg
