[0.013s] Invoking command in '/home/gaga/sad_ws/build/sad_pkg': CMAKE_PREFIX_PATH=/home/gaga/sad_ws/install/my_vision_msgs:/home/gaga/sad_ws/install:/home/gaga/sad_ws/install/sad_pkg:/home/gaga/sad_ws/install/mani_urdf:/home/gaga/turtlebot3_ws/install/turtlebot3:/home/gaga/turtlebot3_ws/install/turtlebot3_simulations:/home/gaga/turtlebot3_ws/install/turtlebot3_bringup:/home/gaga/turtlebot3_ws/install/turtlebot3_node:/home/gaga/turtlebot3_ws/install/turtlebot3_navigation2:/home/gaga/turtlebot3_ws/install/turtlebot3_fake_node:/home/gaga/turtlebot3_ws/install/robot_master:/home/gaga/turtlebot3_ws/install/turtlebot3_msgs:/home/gaga/turtlebot3_ws/install/turtlebot3_gazebo:/home/gaga/turtlebot3_ws/install/turtlebot3_description:/home/gaga/turtlebot3_ws/install/turtlebot3_cartographer:/home/gaga/turtlebot3_ws/install/robot_vision:/home/gaga/turtlebot3_ws/install/robot_navigation:/home/gaga/turtlebot3_ws/install/robot_msgs:/home/gaga/turtlebot3_ws/install/dynamixel_sdk_examples:/home/gaga/turtlebot3_ws/install/dynamixel_sdk_custom_interfaces:/home/gaga/turtlebot3_ws/install/dynamixel_sdk:/home/gaga/ssibal_ws/install/robot_msgs:/home/gaga/sad_ws/src/install/sad_pkg:/home/gaga/sad_ws/src/install/vision_msgs:/home/gaga/sad_ws/src/install/my_vision_msgs:/home/gaga/sad_ws/src/install/mani_urdf:/home/gaga/robotprograming_ws/install/rp_pkg:/home/gaga/sad_ws/src/sad_pkg/install/sad_pkg:/home/gaga/turtlebot3_ws/install/turtlebot3_teleop:/home/gaga/turtlebot3_ws/install/turtlebot3_example:/opt/ros/humble /usr/bin/cmake --build /home/gaga/sad_ws/build/sad_pkg -- -j20 -l20
[0.079s] [35m[1mConsolidate compiler generated dependencies of target path_node[0m
[0.097s] [ 85%] Built target spline_node
[0.097s] [ 85%] Built target rrt_node
[0.097s] [ 85%] Built target Inverse_node
[0.097s] [ 85%] Built target map_node
[0.097s] [ 85%] Built target forward_node
[0.097s] [ 85%] Built target obstacle_node
[0.104s] [ 92%] [32mBuilding CXX object CMakeFiles/path_node.dir/src/path_node.cpp.o[0m
[3.243s] [01m[K/home/gaga/sad_ws/src/sad_pkg/src/path_node.cpp:[m[K In member function ‘[01m[KEigen::Vector3d RSNode::interpolateOrientation(double)[m[K’:
[3.243s] [01m[K/home/gaga/sad_ws/src/sad_pkg/src/path_node.cpp:395:16:[m[K [01;35m[Kwarning: [m[Kunused variable ‘[01m[Kt0[m[K’ [[01;35m[K]8;;https://gcc.gnu.org/onlinedocs/gcc/Warning-Options.html#index-Wunused-variable-Wunused-variable]8;;[m[K]
[3.243s]   395 |         double [01;35m[Kt0[m[K = knots_[splineDegree_];
[3.243s]       |                [01;35m[K^~[m[K
[3.243s] [01m[K/home/gaga/sad_ws/src/sad_pkg/src/path_node.cpp:396:16:[m[K [01;35m[Kwarning: [m[Kunused variable ‘[01m[Kt1[m[K’ [[01;35m[K]8;;https://gcc.gnu.org/onlinedocs/gcc/Warning-Options.html#index-Wunused-variable-Wunused-variable]8;;[m[K]
[3.243s]   396 |         double [01;35m[Kt1[m[K = knots_[orientationCP_.size()];
[3.243s]       |                [01;35m[K^~[m[K
[10.633s] [100%] [32m[1mLinking CXX executable path_node[0m
[11.216s] [100%] Built target path_node
[11.234s] Invoked command in '/home/gaga/sad_ws/build/sad_pkg' returned '0': CMAKE_PREFIX_PATH=/home/gaga/sad_ws/install/my_vision_msgs:/home/gaga/sad_ws/install:/home/gaga/sad_ws/install/sad_pkg:/home/gaga/sad_ws/install/mani_urdf:/home/gaga/turtlebot3_ws/install/turtlebot3:/home/gaga/turtlebot3_ws/install/turtlebot3_simulations:/home/gaga/turtlebot3_ws/install/turtlebot3_bringup:/home/gaga/turtlebot3_ws/install/turtlebot3_node:/home/gaga/turtlebot3_ws/install/turtlebot3_navigation2:/home/gaga/turtlebot3_ws/install/turtlebot3_fake_node:/home/gaga/turtlebot3_ws/install/robot_master:/home/gaga/turtlebot3_ws/install/turtlebot3_msgs:/home/gaga/turtlebot3_ws/install/turtlebot3_gazebo:/home/gaga/turtlebot3_ws/install/turtlebot3_description:/home/gaga/turtlebot3_ws/install/turtlebot3_cartographer:/home/gaga/turtlebot3_ws/install/robot_vision:/home/gaga/turtlebot3_ws/install/robot_navigation:/home/gaga/turtlebot3_ws/install/robot_msgs:/home/gaga/turtlebot3_ws/install/dynamixel_sdk_examples:/home/gaga/turtlebot3_ws/install/dynamixel_sdk_custom_interfaces:/home/gaga/turtlebot3_ws/install/dynamixel_sdk:/home/gaga/ssibal_ws/install/robot_msgs:/home/gaga/sad_ws/src/install/sad_pkg:/home/gaga/sad_ws/src/install/vision_msgs:/home/gaga/sad_ws/src/install/my_vision_msgs:/home/gaga/sad_ws/src/install/mani_urdf:/home/gaga/robotprograming_ws/install/rp_pkg:/home/gaga/sad_ws/src/sad_pkg/install/sad_pkg:/home/gaga/turtlebot3_ws/install/turtlebot3_teleop:/home/gaga/turtlebot3_ws/install/turtlebot3_example:/opt/ros/humble /usr/bin/cmake --build /home/gaga/sad_ws/build/sad_pkg -- -j20 -l20
[11.237s] Invoking command in '/home/gaga/sad_ws/build/sad_pkg': CMAKE_PREFIX_PATH=/home/gaga/sad_ws/install/my_vision_msgs:/home/gaga/sad_ws/install:/home/gaga/sad_ws/install/sad_pkg:/home/gaga/sad_ws/install/mani_urdf:/home/gaga/turtlebot3_ws/install/turtlebot3:/home/gaga/turtlebot3_ws/install/turtlebot3_simulations:/home/gaga/turtlebot3_ws/install/turtlebot3_bringup:/home/gaga/turtlebot3_ws/install/turtlebot3_node:/home/gaga/turtlebot3_ws/install/turtlebot3_navigation2:/home/gaga/turtlebot3_ws/install/turtlebot3_fake_node:/home/gaga/turtlebot3_ws/install/robot_master:/home/gaga/turtlebot3_ws/install/turtlebot3_msgs:/home/gaga/turtlebot3_ws/install/turtlebot3_gazebo:/home/gaga/turtlebot3_ws/install/turtlebot3_description:/home/gaga/turtlebot3_ws/install/turtlebot3_cartographer:/home/gaga/turtlebot3_ws/install/robot_vision:/home/gaga/turtlebot3_ws/install/robot_navigation:/home/gaga/turtlebot3_ws/install/robot_msgs:/home/gaga/turtlebot3_ws/install/dynamixel_sdk_examples:/home/gaga/turtlebot3_ws/install/dynamixel_sdk_custom_interfaces:/home/gaga/turtlebot3_ws/install/dynamixel_sdk:/home/gaga/ssibal_ws/install/robot_msgs:/home/gaga/sad_ws/src/install/sad_pkg:/home/gaga/sad_ws/src/install/vision_msgs:/home/gaga/sad_ws/src/install/my_vision_msgs:/home/gaga/sad_ws/src/install/mani_urdf:/home/gaga/robotprograming_ws/install/rp_pkg:/home/gaga/sad_ws/src/sad_pkg/install/sad_pkg:/home/gaga/turtlebot3_ws/install/turtlebot3_teleop:/home/gaga/turtlebot3_ws/install/turtlebot3_example:/opt/ros/humble /usr/bin/cmake --install /home/gaga/sad_ws/build/sad_pkg
[11.246s] -- Install configuration: ""
[11.246s] -- Up-to-date: /home/gaga/sad_ws/install/sad_pkg/share/sad_pkg/launch
[11.246s] -- Up-to-date: /home/gaga/sad_ws/install/sad_pkg/share/sad_pkg/launch/rviz.launch.py
[11.246s] -- Up-to-date: /home/gaga/sad_ws/install/sad_pkg/share/sad_pkg/launch/sad.launch.py
[11.246s] -- Up-to-date: /home/gaga/sad_ws/install/sad_pkg/share/sad_pkg/launch/all.launch.py
[11.246s] -- Up-to-date: /home/gaga/sad_ws/install/sad_pkg/share/sad_pkg/urdf
[11.246s] -- Up-to-date: /home/gaga/sad_ws/install/sad_pkg/share/sad_pkg/urdf/description
[11.246s] -- Up-to-date: /home/gaga/sad_ws/install/sad_pkg/share/sad_pkg/urdf/description/test.xacro
[11.247s] -- Up-to-date: /home/gaga/sad_ws/install/sad_pkg/share/sad_pkg/urdf/description/sad.xacro
[11.247s] -- Up-to-date: /home/gaga/sad_ws/install/sad_pkg/share/sad_pkg/urdf/description/all.xacro
[11.247s] -- Up-to-date: /home/gaga/sad_ws/install/sad_pkg/share/sad_pkg/meshes
[11.247s] -- Up-to-date: /home/gaga/sad_ws/install/sad_pkg/share/sad_pkg/meshes/next.stl
[11.247s] -- Up-to-date: /home/gaga/sad_ws/install/sad_pkg/share/sad_pkg/meshes/link3.stl
[11.247s] -- Up-to-date: /home/gaga/sad_ws/install/sad_pkg/share/sad_pkg/meshes/link1.stl
[11.247s] -- Up-to-date: /home/gaga/sad_ws/install/sad_pkg/share/sad_pkg/meshes/link5.stl
[11.247s] -- Up-to-date: /home/gaga/sad_ws/install/sad_pkg/share/sad_pkg/meshes/link6.stl
[11.247s] -- Up-to-date: /home/gaga/sad_ws/install/sad_pkg/share/sad_pkg/meshes/link7.stl
[11.247s] -- Up-to-date: /home/gaga/sad_ws/install/sad_pkg/share/sad_pkg/meshes/link2.stl
[11.247s] -- Up-to-date: /home/gaga/sad_ws/install/sad_pkg/share/sad_pkg/meshes/mani.stl
[11.247s] -- Up-to-date: /home/gaga/sad_ws/install/sad_pkg/share/sad_pkg/meshes/link4.stl
[11.247s] -- Up-to-date: /home/gaga/sad_ws/install/sad_pkg/share/sad_pkg/meshes/endeffector.stl
[11.247s] -- Up-to-date: /home/gaga/sad_ws/install/sad_pkg/share/sad_pkg/config
[11.247s] -- Up-to-date: /home/gaga/sad_ws/install/sad_pkg/share/sad_pkg/config/install
[11.247s] -- Up-to-date: /home/gaga/sad_ws/install/sad_pkg/share/sad_pkg/config/install/setup.zsh
[11.248s] -- Up-to-date: /home/gaga/sad_ws/install/sad_pkg/share/sad_pkg/config/install/local_setup.bash
[11.248s] -- Up-to-date: /home/gaga/sad_ws/install/sad_pkg/share/sad_pkg/config/install/setup.ps1
[11.248s] -- Up-to-date: /home/gaga/sad_ws/install/sad_pkg/share/sad_pkg/config/install/setup.sh
[11.248s] -- Up-to-date: /home/gaga/sad_ws/install/sad_pkg/share/sad_pkg/config/install/COLCON_IGNORE
[11.248s] -- Up-to-date: /home/gaga/sad_ws/install/sad_pkg/share/sad_pkg/config/install/_local_setup_util_sh.py
[11.248s] -- Up-to-date: /home/gaga/sad_ws/install/sad_pkg/share/sad_pkg/config/install/_local_setup_util_ps1.py
[11.248s] -- Up-to-date: /home/gaga/sad_ws/install/sad_pkg/share/sad_pkg/config/install/setup.bash
[11.248s] -- Up-to-date: /home/gaga/sad_ws/install/sad_pkg/share/sad_pkg/config/install/local_setup.sh
[11.248s] -- Up-to-date: /home/gaga/sad_ws/install/sad_pkg/share/sad_pkg/config/install/.colcon_install_layout
[11.248s] -- Up-to-date: /home/gaga/sad_ws/install/sad_pkg/share/sad_pkg/config/install/local_setup.ps1
[11.248s] -- Up-to-date: /home/gaga/sad_ws/install/sad_pkg/share/sad_pkg/config/install/local_setup.zsh
[11.248s] -- Up-to-date: /home/gaga/sad_ws/install/sad_pkg/share/sad_pkg/config/build
[11.248s] -- Up-to-date: /home/gaga/sad_ws/install/sad_pkg/share/sad_pkg/config/build/COLCON_IGNORE
[11.248s] -- Up-to-date: /home/gaga/sad_ws/install/sad_pkg/share/sad_pkg/config/build/.built_by
[11.248s] -- Up-to-date: /home/gaga/sad_ws/install/sad_pkg/share/sad_pkg/config/sad_controllers.yaml
[11.248s] -- Up-to-date: /home/gaga/sad_ws/install/sad_pkg/share/sad_pkg/config/log
[11.249s] -- Up-to-date: /home/gaga/sad_ws/install/sad_pkg/share/sad_pkg/config/log/latest_build
[11.249s] -- Up-to-date: /home/gaga/sad_ws/install/sad_pkg/share/sad_pkg/config/log/latest
[11.249s] -- Up-to-date: /home/gaga/sad_ws/install/sad_pkg/share/sad_pkg/config/log/build_2025-04-02_10-07-56
[11.249s] -- Up-to-date: /home/gaga/sad_ws/install/sad_pkg/share/sad_pkg/config/log/build_2025-04-02_10-07-56/logger_all.log
[11.249s] -- Up-to-date: /home/gaga/sad_ws/install/sad_pkg/share/sad_pkg/config/log/build_2025-04-02_10-07-56/events.log
[11.249s] -- Up-to-date: /home/gaga/sad_ws/install/sad_pkg/share/sad_pkg/config/log/COLCON_IGNORE
[11.249s] -- Up-to-date: /home/gaga/sad_ws/install/sad_pkg/lib/sad_pkg/forward_node
[11.249s] -- Up-to-date: /home/gaga/sad_ws/install/sad_pkg/lib/sad_pkg/rrt_node
[11.249s] -- Up-to-date: /home/gaga/sad_ws/install/sad_pkg/lib/sad_pkg/obstacle_node
[11.249s] -- Up-to-date: /home/gaga/sad_ws/install/sad_pkg/lib/sad_pkg/spline_node
[11.249s] -- Up-to-date: /home/gaga/sad_ws/install/sad_pkg/lib/sad_pkg/map_node
[11.249s] -- Installing: /home/gaga/sad_ws/install/sad_pkg/lib/sad_pkg/path_node
[11.256s] -- Set runtime path of "/home/gaga/sad_ws/install/sad_pkg/lib/sad_pkg/path_node" to ""
[11.256s] -- Up-to-date: /home/gaga/sad_ws/install/sad_pkg/lib/sad_pkg/Inverse_node
[11.256s] -- Up-to-date: /home/gaga/sad_ws/install/sad_pkg/share/ament_index/resource_index/package_run_dependencies/sad_pkg
[11.256s] -- Up-to-date: /home/gaga/sad_ws/install/sad_pkg/share/ament_index/resource_index/parent_prefix_path/sad_pkg
[11.256s] -- Up-to-date: /home/gaga/sad_ws/install/sad_pkg/share/sad_pkg/environment/ament_prefix_path.sh
[11.256s] -- Up-to-date: /home/gaga/sad_ws/install/sad_pkg/share/sad_pkg/environment/ament_prefix_path.dsv
[11.256s] -- Up-to-date: /home/gaga/sad_ws/install/sad_pkg/share/sad_pkg/environment/path.sh
[11.256s] -- Up-to-date: /home/gaga/sad_ws/install/sad_pkg/share/sad_pkg/environment/path.dsv
[11.256s] -- Up-to-date: /home/gaga/sad_ws/install/sad_pkg/share/sad_pkg/local_setup.bash
[11.256s] -- Up-to-date: /home/gaga/sad_ws/install/sad_pkg/share/sad_pkg/local_setup.sh
[11.257s] -- Up-to-date: /home/gaga/sad_ws/install/sad_pkg/share/sad_pkg/local_setup.zsh
[11.257s] -- Up-to-date: /home/gaga/sad_ws/install/sad_pkg/share/sad_pkg/local_setup.dsv
[11.257s] -- Installing: /home/gaga/sad_ws/install/sad_pkg/share/sad_pkg/package.dsv
[11.257s] -- Up-to-date: /home/gaga/sad_ws/install/sad_pkg/share/ament_index/resource_index/packages/sad_pkg
[11.257s] -- Up-to-date: /home/gaga/sad_ws/install/sad_pkg/share/sad_pkg/cmake/sad_pkgConfig.cmake
[11.257s] -- Up-to-date: /home/gaga/sad_ws/install/sad_pkg/share/sad_pkg/cmake/sad_pkgConfig-version.cmake
[11.257s] -- Up-to-date: /home/gaga/sad_ws/install/sad_pkg/share/sad_pkg/package.xml
[11.259s] Invoked command in '/home/gaga/sad_ws/build/sad_pkg' returned '0': CMAKE_PREFIX_PATH=/home/gaga/sad_ws/install/my_vision_msgs:/home/gaga/sad_ws/install:/home/gaga/sad_ws/install/sad_pkg:/home/gaga/sad_ws/install/mani_urdf:/home/gaga/turtlebot3_ws/install/turtlebot3:/home/gaga/turtlebot3_ws/install/turtlebot3_simulations:/home/gaga/turtlebot3_ws/install/turtlebot3_bringup:/home/gaga/turtlebot3_ws/install/turtlebot3_node:/home/gaga/turtlebot3_ws/install/turtlebot3_navigation2:/home/gaga/turtlebot3_ws/install/turtlebot3_fake_node:/home/gaga/turtlebot3_ws/install/robot_master:/home/gaga/turtlebot3_ws/install/turtlebot3_msgs:/home/gaga/turtlebot3_ws/install/turtlebot3_gazebo:/home/gaga/turtlebot3_ws/install/turtlebot3_description:/home/gaga/turtlebot3_ws/install/turtlebot3_cartographer:/home/gaga/turtlebot3_ws/install/robot_vision:/home/gaga/turtlebot3_ws/install/robot_navigation:/home/gaga/turtlebot3_ws/install/robot_msgs:/home/gaga/turtlebot3_ws/install/dynamixel_sdk_examples:/home/gaga/turtlebot3_ws/install/dynamixel_sdk_custom_interfaces:/home/gaga/turtlebot3_ws/install/dynamixel_sdk:/home/gaga/ssibal_ws/install/robot_msgs:/home/gaga/sad_ws/src/install/sad_pkg:/home/gaga/sad_ws/src/install/vision_msgs:/home/gaga/sad_ws/src/install/my_vision_msgs:/home/gaga/sad_ws/src/install/mani_urdf:/home/gaga/robotprograming_ws/install/rp_pkg:/home/gaga/sad_ws/src/sad_pkg/install/sad_pkg:/home/gaga/turtlebot3_ws/install/turtlebot3_teleop:/home/gaga/turtlebot3_ws/install/turtlebot3_example:/opt/ros/humble /usr/bin/cmake --install /home/gaga/sad_ws/build/sad_pkg
