-- Found ament_cmake: 1.3.11 (/opt/ros/humble/share/ament_cmake/cmake)
-- Found rclcpp: 16.0.12 (/opt/ros/humble/share/rclcpp/cmake)
-- Found rosidl_generator_c: 3.1.6 (/opt/ros/humble/share/rosidl_generator_c/cmake)
-- Found rosidl_adapter: 3.1.6 (/opt/ros/humble/share/rosidl_adapter/cmake)
-- Found rosidl_generator_cpp: 3.1.6 (/opt/ros/humble/share/rosidl_generator_cpp/cmake)
-- Using all available rosidl_typesupport_c: rosidl_typesupport_fastrtps_c;rosidl_typesupport_introspection_c
-- Using all available rosidl_typesupport_cpp: rosidl_typesupport_fastrtps_cpp;rosidl_typesupport_introspection_cpp
-- Found rmw_implementation_cmake: 6.1.2 (/opt/ros/humble/share/rmw_implementation_cmake/cmake)
-- Found rmw_fastrtps_cpp: 6.2.7 (/opt/ros/humble/share/rmw_fastrtps_cpp/cmake)
-- Using RMW implementation 'rmw_fastrtps_cpp' as default
-- Found visualization_msgs: 4.8.0 (/opt/ros/humble/share/visualization_msgs/cmake)
-- Found trajectory_msgs: 4.8.0 (/opt/ros/humble/share/trajectory_msgs/cmake)
-- Found xacro: 2.0.13 (/opt/ros/humble/share/xacro/cmake)
-- Found ros2_control: 2.50.0 (/opt/ros/humble/share/ros2_control/cmake)
-- Found gazebo_ros2_control: 0.4.10 (/opt/ros/humble/share/gazebo_ros2_control/cmake)
-- Found DART: /usr/include (Required is at least version "6.6") found components: dart 
-- Found Protobuf: /usr/lib/x86_64-linux-gnu/libprotobuf.so (found version "3.12.4") 
-- Looking for ignition-math6 -- found version 6.15.1
-- Searching for dependencies of ignition-math6
-- Looking for OGRE...
-- Found Ogre Ghadamon (1.9.0)
-- Found OGRE: optimized;/usr/lib/x86_64-linux-gnu/libOgreMain.so;debug;/usr/lib/x86_64-linux-gnu/libOgreMain.so
-- Looking for OGRE_Paging...
-- Found OGRE_Paging: optimized;/usr/lib/x86_64-linux-gnu/libOgrePaging.so;debug;/usr/lib/x86_64-linux-gnu/libOgrePaging.so
-- Looking for OGRE_Terrain...
-- Found OGRE_Terrain: optimized;/usr/lib/x86_64-linux-gnu/libOgreTerrain.so;debug;/usr/lib/x86_64-linux-gnu/libOgreTerrain.so
-- Looking for OGRE_Property...
-- Found OGRE_Property: optimized;/usr/lib/x86_64-linux-gnu/libOgreProperty.so;debug;/usr/lib/x86_64-linux-gnu/libOgreProperty.so
-- Looking for OGRE_RTShaderSystem...
-- Found OGRE_RTShaderSystem: optimized;/usr/lib/x86_64-linux-gnu/libOgreRTShaderSystem.so;debug;/usr/lib/x86_64-linux-gnu/libOgreRTShaderSystem.so
-- Looking for OGRE_Volume...
-- Found OGRE_Volume: optimized;/usr/lib/x86_64-linux-gnu/libOgreVolume.so;debug;/usr/lib/x86_64-linux-gnu/libOgreVolume.so
-- Looking for OGRE_Overlay...
-- Found OGRE_Overlay: optimized;/usr/lib/x86_64-linux-gnu/libOgreOverlay.so;debug;/usr/lib/x86_64-linux-gnu/libOgreOverlay.so
-- Looking for ignition-math6 -- found version 6.15.1
-- Looking for ignition-transport8 -- found version 8.2.1
-- Searching for dependencies of ignition-transport8
-- Found Protobuf: /usr/lib/x86_64-linux-gnu/libprotobuf.so (found suitable version "3.12.4", minimum required is "3") 
-- Config-file not installed for ZeroMQ -- checking for pkg-config
-- Checking for module 'libzmq >= 4'
--   Found libzmq , version 4.3.4
-- Checking for module 'uuid'
--   Found uuid, version 2.37.2
-- Looking for ignition-msgs5 -- found version 5.8.1
-- Searching for dependencies of ignition-msgs5
-- Looking for ignition-math6 -- found version 6.15.1
-- Looking for ignition-msgs5 -- found version 5.8.1
-- Looking for ignition-common3 -- found version 3.14.0
-- Searching for dependencies of ignition-common3
-- Looking for dlfcn.h - found
-- Looking for libdl - found
-- Searching for <ignition-common3> component [graphics]
-- Looking for ignition-common3-graphics -- found version 3.14.0
-- Searching for dependencies of ignition-common3-graphics
-- Looking for ignition-math6 -- found version 6.15.1
-- Looking for ignition-fuel_tools4 -- found version 4.4.0
-- Searching for dependencies of ignition-fuel_tools4
-- Checking for module 'jsoncpp'
--   Found jsoncpp, version 1.9.5
-- Checking for module 'libzip'
--   Found libzip, version 1.7.3
-- Looking for ignition-common3 -- found version 3.14.0
-- Looking for ignition-math6 -- found version 6.15.1
-- Looking for ignition-msgs5 -- found version 5.8.1
-- Gazebo version: 11.10
-- Found my_vision_msgs: 0.1.0 (/home/gaga/sad_ws/install/my_vision_msgs/share/my_vision_msgs/cmake)
-- Found ament_lint_auto: 0.12.12 (/opt/ros/humble/share/ament_lint_auto/cmake)
-- Added test 'cppcheck' to perform static code analysis on C / C++ code
-- Configured cppcheck include dirs: 
-- Configured cppcheck exclude dirs and/or files: 
-- Added test 'flake8' to check Python code syntax and style conventions
-- Added test 'lint_cmake' to check CMake code style
-- Added test 'pep257' to check Python code against some of the docstring style conventions in PEP 257
-- Added test 'uncrustify' to check C / C++ code style
-- Configured uncrustify additional arguments: 
-- Added test 'xmllint' to check XML markup files
-- Configuring done
-- Generating done
-- Build files have been written to: /home/gaga/sad_ws/build/sad_pkg
[35m[1mConsolidate compiler generated dependencies of target obstacle_node[0m
[35m[1mConsolidate compiler generated dependencies of target rrt_node[0m
[35m[1mConsolidate compiler generated dependencies of target map_node[0m
[35m[1mConsolidate compiler generated dependencies of target forward_node[0m
[35m[1mConsolidate compiler generated dependencies of target spline_node[0m
[35m[1mConsolidate compiler generated dependencies of target Inverse_node[0m
[35m[1mConsolidate compiler generated dependencies of target path_node[0m
[ 21%] Built target map_node
[ 28%] Built target rrt_node
[ 42%] Built target forward_node
[ 57%] Built target obstacle_node
[ 71%] Built target spline_node
[ 78%] [32mBuilding CXX object CMakeFiles/Inverse_node.dir/src/Inverse_node.cpp.o[0m
[ 92%] Built target path_node
[100%] [32m[1mLinking CXX executable Inverse_node[0m
[100%] Built target Inverse_node
-- Install configuration: ""
-- Installing: /home/gaga/sad_ws/install/sad_pkg/share/sad_pkg/launch
-- Installing: /home/gaga/sad_ws/install/sad_pkg/share/sad_pkg/launch/rviz.launch.py
-- Installing: /home/gaga/sad_ws/install/sad_pkg/share/sad_pkg/launch/sad.launch.py
-- Installing: /home/gaga/sad_ws/install/sad_pkg/share/sad_pkg/urdf
-- Installing: /home/gaga/sad_ws/install/sad_pkg/share/sad_pkg/urdf/description
-- Installing: /home/gaga/sad_ws/install/sad_pkg/share/sad_pkg/urdf/description/test.xacro
-- Installing: /home/gaga/sad_ws/install/sad_pkg/share/sad_pkg/urdf/description/sad.xacro
-- Installing: /home/gaga/sad_ws/install/sad_pkg/share/sad_pkg/urdf/description/all.xacro
-- Installing: /home/gaga/sad_ws/install/sad_pkg/share/sad_pkg/meshes
-- Installing: /home/gaga/sad_ws/install/sad_pkg/share/sad_pkg/meshes/next.stl
-- Installing: /home/gaga/sad_ws/install/sad_pkg/share/sad_pkg/meshes/link3.stl
-- Installing: /home/gaga/sad_ws/install/sad_pkg/share/sad_pkg/meshes/link1.stl
-- Installing: /home/gaga/sad_ws/install/sad_pkg/share/sad_pkg/meshes/link5.stl
-- Installing: /home/gaga/sad_ws/install/sad_pkg/share/sad_pkg/meshes/link6.stl
-- Installing: /home/gaga/sad_ws/install/sad_pkg/share/sad_pkg/meshes/link7.stl
-- Installing: /home/gaga/sad_ws/install/sad_pkg/share/sad_pkg/meshes/link2.stl
-- Installing: /home/gaga/sad_ws/install/sad_pkg/share/sad_pkg/meshes/mani.stl
-- Installing: /home/gaga/sad_ws/install/sad_pkg/share/sad_pkg/meshes/link4.stl
-- Installing: /home/gaga/sad_ws/install/sad_pkg/share/sad_pkg/meshes/endeffector.stl
-- Installing: /home/gaga/sad_ws/install/sad_pkg/share/sad_pkg/config
-- Installing: /home/gaga/sad_ws/install/sad_pkg/share/sad_pkg/config/install
-- Installing: /home/gaga/sad_ws/install/sad_pkg/share/sad_pkg/config/install/setup.zsh
-- Installing: /home/gaga/sad_ws/install/sad_pkg/share/sad_pkg/config/install/local_setup.bash
-- Installing: /home/gaga/sad_ws/install/sad_pkg/share/sad_pkg/config/install/setup.ps1
-- Installing: /home/gaga/sad_ws/install/sad_pkg/share/sad_pkg/config/install/setup.sh
-- Installing: /home/gaga/sad_ws/install/sad_pkg/share/sad_pkg/config/install/COLCON_IGNORE
-- Installing: /home/gaga/sad_ws/install/sad_pkg/share/sad_pkg/config/install/_local_setup_util_sh.py
-- Installing: /home/gaga/sad_ws/install/sad_pkg/share/sad_pkg/config/install/_local_setup_util_ps1.py
-- Installing: /home/gaga/sad_ws/install/sad_pkg/share/sad_pkg/config/install/setup.bash
-- Installing: /home/gaga/sad_ws/install/sad_pkg/share/sad_pkg/config/install/local_setup.sh
-- Installing: /home/gaga/sad_ws/install/sad_pkg/share/sad_pkg/config/install/.colcon_install_layout
-- Installing: /home/gaga/sad_ws/install/sad_pkg/share/sad_pkg/config/install/local_setup.ps1
-- Installing: /home/gaga/sad_ws/install/sad_pkg/share/sad_pkg/config/install/local_setup.zsh
-- Installing: /home/gaga/sad_ws/install/sad_pkg/share/sad_pkg/config/build
-- Installing: /home/gaga/sad_ws/install/sad_pkg/share/sad_pkg/config/build/COLCON_IGNORE
-- Installing: /home/gaga/sad_ws/install/sad_pkg/share/sad_pkg/config/build/.built_by
-- Installing: /home/gaga/sad_ws/install/sad_pkg/share/sad_pkg/config/sad_controllers.yaml
-- Installing: /home/gaga/sad_ws/install/sad_pkg/share/sad_pkg/config/log
-- Installing: /home/gaga/sad_ws/install/sad_pkg/share/sad_pkg/config/log/latest_build
-- Installing: /home/gaga/sad_ws/install/sad_pkg/share/sad_pkg/config/log/latest
-- Installing: /home/gaga/sad_ws/install/sad_pkg/share/sad_pkg/config/log/build_2025-04-02_10-07-56
-- Installing: /home/gaga/sad_ws/install/sad_pkg/share/sad_pkg/config/log/build_2025-04-02_10-07-56/logger_all.log
-- Installing: /home/gaga/sad_ws/install/sad_pkg/share/sad_pkg/config/log/build_2025-04-02_10-07-56/events.log
-- Installing: /home/gaga/sad_ws/install/sad_pkg/share/sad_pkg/config/log/COLCON_IGNORE
-- Installing: /home/gaga/sad_ws/install/sad_pkg/lib/sad_pkg/forward_node
-- Set runtime path of "/home/gaga/sad_ws/install/sad_pkg/lib/sad_pkg/forward_node" to ""
-- Installing: /home/gaga/sad_ws/install/sad_pkg/lib/sad_pkg/rrt_node
-- Set runtime path of "/home/gaga/sad_ws/install/sad_pkg/lib/sad_pkg/rrt_node" to ""
-- Installing: /home/gaga/sad_ws/install/sad_pkg/lib/sad_pkg/obstacle_node
-- Set runtime path of "/home/gaga/sad_ws/install/sad_pkg/lib/sad_pkg/obstacle_node" to ""
-- Installing: /home/gaga/sad_ws/install/sad_pkg/lib/sad_pkg/spline_node
-- Set runtime path of "/home/gaga/sad_ws/install/sad_pkg/lib/sad_pkg/spline_node" to ""
-- Installing: /home/gaga/sad_ws/install/sad_pkg/lib/sad_pkg/map_node
-- Set runtime path of "/home/gaga/sad_ws/install/sad_pkg/lib/sad_pkg/map_node" to ""
-- Installing: /home/gaga/sad_ws/install/sad_pkg/lib/sad_pkg/path_node
-- Set runtime path of "/home/gaga/sad_ws/install/sad_pkg/lib/sad_pkg/path_node" to ""
-- Installing: /home/gaga/sad_ws/install/sad_pkg/lib/sad_pkg/Inverse_node
-- Set runtime path of "/home/gaga/sad_ws/install/sad_pkg/lib/sad_pkg/Inverse_node" to ""
-- Installing: /home/gaga/sad_ws/install/sad_pkg/share/ament_index/resource_index/package_run_dependencies/sad_pkg
-- Installing: /home/gaga/sad_ws/install/sad_pkg/share/ament_index/resource_index/parent_prefix_path/sad_pkg
-- Installing: /home/gaga/sad_ws/install/sad_pkg/share/sad_pkg/environment/ament_prefix_path.sh
-- Installing: /home/gaga/sad_ws/install/sad_pkg/share/sad_pkg/environment/ament_prefix_path.dsv
-- Installing: /home/gaga/sad_ws/install/sad_pkg/share/sad_pkg/environment/path.sh
-- Installing: /home/gaga/sad_ws/install/sad_pkg/share/sad_pkg/environment/path.dsv
-- Installing: /home/gaga/sad_ws/install/sad_pkg/share/sad_pkg/local_setup.bash
-- Installing: /home/gaga/sad_ws/install/sad_pkg/share/sad_pkg/local_setup.sh
-- Installing: /home/gaga/sad_ws/install/sad_pkg/share/sad_pkg/local_setup.zsh
-- Installing: /home/gaga/sad_ws/install/sad_pkg/share/sad_pkg/local_setup.dsv
-- Installing: /home/gaga/sad_ws/install/sad_pkg/share/sad_pkg/package.dsv
-- Installing: /home/gaga/sad_ws/install/sad_pkg/share/ament_index/resource_index/packages/sad_pkg
-- Installing: /home/gaga/sad_ws/install/sad_pkg/share/sad_pkg/cmake/sad_pkgConfig.cmake
-- Installing: /home/gaga/sad_ws/install/sad_pkg/share/sad_pkg/cmake/sad_pkgConfig-version.cmake
-- Installing: /home/gaga/sad_ws/install/sad_pkg/share/sad_pkg/package.xml
