[0.009s] Invoking command in '/home/gaga/sad_ws/build/sad_pkg': CMAKE_PREFIX_PATH=/home/gaga/sad_ws/install/my_vision_msgs:/home/gaga/sad_ws/install:/home/gaga/sad_ws/install/sad_pkg:/home/gaga/sad_ws/install/mani_urdf:/home/gaga/robotprograming_ws/install/rp_pkg:/home/gaga/turtlebot3_ws/install/turtlebot3:/home/gaga/turtlebot3_ws/install/turtlebot3_simulations:/home/gaga/turtlebot3_ws/install/turtlebot3_bringup:/home/gaga/turtlebot3_ws/install/turtlebot3_node:/home/gaga/turtlebot3_ws/install/turtlebot3_navigation2:/home/gaga/turtlebot3_ws/install/turtlebot3_fake_node:/home/gaga/turtlebot3_ws/install/robot_master:/home/gaga/turtlebot3_ws/install/turtlebot3_msgs:/home/gaga/turtlebot3_ws/install/turtlebot3_gazebo:/home/gaga/turtlebot3_ws/install/turtlebot3_description:/home/gaga/turtlebot3_ws/install/turtlebot3_cartographer:/home/gaga/turtlebot3_ws/install/robot_vision:/home/gaga/turtlebot3_ws/install/robot_navigation:/home/gaga/turtlebot3_ws/install/robot_msgs:/home/gaga/turtlebot3_ws/install/dynamixel_sdk_examples:/home/gaga/turtlebot3_ws/install/dynamixel_sdk_custom_interfaces:/home/gaga/turtlebot3_ws/install/dynamixel_sdk:/home/gaga/ssibal_ws/install/robot_msgs:/home/gaga/sad_ws/src/install/sad_pkg:/home/gaga/sad_ws/src/install/vision_msgs:/home/gaga/sad_ws/src/install/my_vision_msgs:/home/gaga/sad_ws/src/install/mani_urdf:/home/gaga/turtlebot3_ws/install/turtlebot3_teleop:/home/gaga/turtlebot3_ws/install/turtlebot3_example:/opt/ros/humble /usr/bin/cmake --build /home/gaga/sad_ws/build/sad_pkg -- -j20 -l20
[0.034s] -- Found ament_cmake: 1.3.11 (/opt/ros/humble/share/ament_cmake/cmake)
[0.124s] -- Found rclcpp: 16.0.12 (/opt/ros/humble/share/rclcpp/cmake)
[0.141s] -- Found rosidl_generator_c: 3.1.6 (/opt/ros/humble/share/rosidl_generator_c/cmake)
[0.142s] -- Found rosidl_adapter: 3.1.6 (/opt/ros/humble/share/rosidl_adapter/cmake)
[0.146s] -- Found rosidl_generator_cpp: 3.1.6 (/opt/ros/humble/share/rosidl_generator_cpp/cmake)
[0.151s] -- Using all available rosidl_typesupport_c: rosidl_typesupport_fastrtps_c;rosidl_typesupport_introspection_c
[0.158s] -- Using all available rosidl_typesupport_cpp: rosidl_typesupport_fastrtps_cpp;rosidl_typesupport_introspection_cpp
[0.177s] -- Found rmw_implementation_cmake: 6.1.2 (/opt/ros/humble/share/rmw_implementation_cmake/cmake)
[0.178s] -- Found rmw_fastrtps_cpp: 6.2.7 (/opt/ros/humble/share/rmw_fastrtps_cpp/cmake)
[0.255s] -- Using RMW implementation 'rmw_fastrtps_cpp' as default
[0.282s] -- Found visualization_msgs: 4.8.0 (/opt/ros/humble/share/visualization_msgs/cmake)
[0.308s] -- Found trajectory_msgs: 4.8.0 (/opt/ros/humble/share/trajectory_msgs/cmake)
[0.317s] -- Found xacro: 2.0.13 (/opt/ros/humble/share/xacro/cmake)
[0.317s] -- Found ros2_control: 2.50.0 (/opt/ros/humble/share/ros2_control/cmake)
[0.317s] -- Found gazebo_ros2_control: 0.4.10 (/opt/ros/humble/share/gazebo_ros2_control/cmake)
[0.407s] -- Found DART: /usr/include (Required is at least version "6.6") found components: dart 
[0.424s] -- Found Protobuf: /usr/lib/x86_64-linux-gnu/libprotobuf.so (found version "3.12.4") 
[0.425s] -- Looking for ignition-math6 -- found version 6.15.1
[0.429s] -- Searching for dependencies of ignition-math6
[0.430s] -- Looking for OGRE...
[0.435s] -- Found Ogre Ghadamon (1.9.0)
[0.435s] -- Found OGRE: optimized;/usr/lib/x86_64-linux-gnu/libOgreMain.so;debug;/usr/lib/x86_64-linux-gnu/libOgreMain.so
[0.443s] -- Looking for OGRE_Paging...
[0.443s] -- Found OGRE_Paging: optimized;/usr/lib/x86_64-linux-gnu/libOgrePaging.so;debug;/usr/lib/x86_64-linux-gnu/libOgrePaging.so
[0.443s] -- Looking for OGRE_Terrain...
[0.443s] -- Found OGRE_Terrain: optimized;/usr/lib/x86_64-linux-gnu/libOgreTerrain.so;debug;/usr/lib/x86_64-linux-gnu/libOgreTerrain.so
[0.443s] -- Looking for OGRE_Property...
[0.443s] -- Found OGRE_Property: optimized;/usr/lib/x86_64-linux-gnu/libOgreProperty.so;debug;/usr/lib/x86_64-linux-gnu/libOgreProperty.so
[0.443s] -- Looking for OGRE_RTShaderSystem...
[0.443s] -- Found OGRE_RTShaderSystem: optimized;/usr/lib/x86_64-linux-gnu/libOgreRTShaderSystem.so;debug;/usr/lib/x86_64-linux-gnu/libOgreRTShaderSystem.so
[0.443s] -- Looking for OGRE_Volume...
[0.443s] -- Found OGRE_Volume: optimized;/usr/lib/x86_64-linux-gnu/libOgreVolume.so;debug;/usr/lib/x86_64-linux-gnu/libOgreVolume.so
[0.443s] -- Looking for OGRE_Overlay...
[0.443s] -- Found OGRE_Overlay: optimized;/usr/lib/x86_64-linux-gnu/libOgreOverlay.so;debug;/usr/lib/x86_64-linux-gnu/libOgreOverlay.so
[0.529s] -- Looking for ignition-math6 -- found version 6.15.1
[0.529s] -- Looking for ignition-transport8 -- found version 8.2.1
[0.529s] -- Searching for dependencies of ignition-transport8
[0.543s] -- Found Protobuf: /usr/lib/x86_64-linux-gnu/libprotobuf.so (found suitable version "3.12.4", minimum required is "3") 
[0.552s] -- Config-file not installed for ZeroMQ -- checking for pkg-config
[0.557s] -- Checking for module 'libzmq >= 4'
[0.569s] --   Found libzmq , version 4.3.4
[0.601s] -- Checking for module 'uuid'
[0.612s] --   Found uuid, version 2.37.2
[0.638s] -- Looking for ignition-msgs5 -- found version 5.8.1
[0.638s] -- Searching for dependencies of ignition-msgs5
[0.654s] -- Looking for ignition-math6 -- found version 6.15.1
[0.660s] -- Looking for ignition-msgs5 -- found version 5.8.1
[0.660s] -- Looking for ignition-common3 -- found version 3.14.0
[0.660s] -- Searching for dependencies of ignition-common3
[0.660s] -- Looking for dlfcn.h - found
[0.660s] -- Looking for libdl - found
[0.670s] -- Searching for <ignition-common3> component [graphics]
[0.670s] -- Looking for ignition-common3-graphics -- found version 3.14.0
[0.670s] -- Searching for dependencies of ignition-common3-graphics
[0.670s] -- Looking for ignition-math6 -- found version 6.15.1
[0.671s] -- Looking for ignition-fuel_tools4 -- found version 4.4.0
[0.671s] -- Searching for dependencies of ignition-fuel_tools4
[0.701s] -- Checking for module 'jsoncpp'
[0.713s] --   Found jsoncpp, version 1.9.5
[0.745s] -- Checking for module 'libzip'
[0.757s] --   Found libzip, version 1.7.3
[0.784s] -- Looking for ignition-common3 -- found version 3.14.0
[0.784s] -- Looking for ignition-math6 -- found version 6.15.1
[0.784s] -- Looking for ignition-msgs5 -- found version 5.8.1
[0.785s] -- Gazebo version: 11.10
[0.792s] -- Found my_vision_msgs: 0.1.0 (/home/gaga/sad_ws/install/my_vision_msgs/share/my_vision_msgs/cmake)
[0.820s] -- Found ament_lint_auto: 0.12.12 (/opt/ros/humble/share/ament_lint_auto/cmake)
[0.875s] -- Added test 'cppcheck' to perform static code analysis on C / C++ code
[0.878s] -- Configured cppcheck include dirs: 
[0.878s] -- Configured cppcheck exclude dirs and/or files: 
[0.880s] -- Added test 'flake8' to check Python code syntax and style conventions
[0.882s] -- Added test 'lint_cmake' to check CMake code style
[0.884s] -- Added test 'pep257' to check Python code against some of the docstring style conventions in PEP 257
[0.894s] -- Added test 'uncrustify' to check C / C++ code style
[0.894s] -- Configured uncrustify additional arguments: 
[0.895s] -- Added test 'xmllint' to check XML markup files
[0.896s] -- Configuring done
[0.914s] -- Generating done
[0.922s] -- Build files have been written to: /home/gaga/sad_ws/build/sad_pkg
[0.947s] [35m[1mConsolidate compiler generated dependencies of target obstacle_node[0m
[0.947s] [35m[1mConsolidate compiler generated dependencies of target rrt_node[0m
[0.947s] [35m[1mConsolidate compiler generated dependencies of target map_node[0m
[0.947s] [35m[1mConsolidate compiler generated dependencies of target forward_node[0m
[0.947s] [35m[1mConsolidate compiler generated dependencies of target spline_node[0m
[0.947s] [35m[1mConsolidate compiler generated dependencies of target Inverse_node[0m
[0.947s] [35m[1mConsolidate compiler generated dependencies of target path_node[0m
[0.959s] [ 21%] Built target map_node
[0.959s] [ 28%] Built target rrt_node
[0.959s] [ 42%] Built target forward_node
[0.961s] [ 57%] Built target obstacle_node
[0.961s] [ 71%] Built target spline_node
[0.961s] [ 78%] [32mBuilding CXX object CMakeFiles/Inverse_node.dir/src/Inverse_node.cpp.o[0m
[0.965s] [ 92%] Built target path_node
[7.882s] [100%] [32m[1mLinking CXX executable Inverse_node[0m
[8.132s] [100%] Built target Inverse_node
[8.140s] Invoked command in '/home/gaga/sad_ws/build/sad_pkg' returned '0': CMAKE_PREFIX_PATH=/home/gaga/sad_ws/install/my_vision_msgs:/home/gaga/sad_ws/install:/home/gaga/sad_ws/install/sad_pkg:/home/gaga/sad_ws/install/mani_urdf:/home/gaga/robotprograming_ws/install/rp_pkg:/home/gaga/turtlebot3_ws/install/turtlebot3:/home/gaga/turtlebot3_ws/install/turtlebot3_simulations:/home/gaga/turtlebot3_ws/install/turtlebot3_bringup:/home/gaga/turtlebot3_ws/install/turtlebot3_node:/home/gaga/turtlebot3_ws/install/turtlebot3_navigation2:/home/gaga/turtlebot3_ws/install/turtlebot3_fake_node:/home/gaga/turtlebot3_ws/install/robot_master:/home/gaga/turtlebot3_ws/install/turtlebot3_msgs:/home/gaga/turtlebot3_ws/install/turtlebot3_gazebo:/home/gaga/turtlebot3_ws/install/turtlebot3_description:/home/gaga/turtlebot3_ws/install/turtlebot3_cartographer:/home/gaga/turtlebot3_ws/install/robot_vision:/home/gaga/turtlebot3_ws/install/robot_navigation:/home/gaga/turtlebot3_ws/install/robot_msgs:/home/gaga/turtlebot3_ws/install/dynamixel_sdk_examples:/home/gaga/turtlebot3_ws/install/dynamixel_sdk_custom_interfaces:/home/gaga/turtlebot3_ws/install/dynamixel_sdk:/home/gaga/ssibal_ws/install/robot_msgs:/home/gaga/sad_ws/src/install/sad_pkg:/home/gaga/sad_ws/src/install/vision_msgs:/home/gaga/sad_ws/src/install/my_vision_msgs:/home/gaga/sad_ws/src/install/mani_urdf:/home/gaga/turtlebot3_ws/install/turtlebot3_teleop:/home/gaga/turtlebot3_ws/install/turtlebot3_example:/opt/ros/humble /usr/bin/cmake --build /home/gaga/sad_ws/build/sad_pkg -- -j20 -l20
[8.141s] Invoking command in '/home/gaga/sad_ws/build/sad_pkg': CMAKE_PREFIX_PATH=/home/gaga/sad_ws/install/my_vision_msgs:/home/gaga/sad_ws/install:/home/gaga/sad_ws/install/sad_pkg:/home/gaga/sad_ws/install/mani_urdf:/home/gaga/robotprograming_ws/install/rp_pkg:/home/gaga/turtlebot3_ws/install/turtlebot3:/home/gaga/turtlebot3_ws/install/turtlebot3_simulations:/home/gaga/turtlebot3_ws/install/turtlebot3_bringup:/home/gaga/turtlebot3_ws/install/turtlebot3_node:/home/gaga/turtlebot3_ws/install/turtlebot3_navigation2:/home/gaga/turtlebot3_ws/install/turtlebot3_fake_node:/home/gaga/turtlebot3_ws/install/robot_master:/home/gaga/turtlebot3_ws/install/turtlebot3_msgs:/home/gaga/turtlebot3_ws/install/turtlebot3_gazebo:/home/gaga/turtlebot3_ws/install/turtlebot3_description:/home/gaga/turtlebot3_ws/install/turtlebot3_cartographer:/home/gaga/turtlebot3_ws/install/robot_vision:/home/gaga/turtlebot3_ws/install/robot_navigation:/home/gaga/turtlebot3_ws/install/robot_msgs:/home/gaga/turtlebot3_ws/install/dynamixel_sdk_examples:/home/gaga/turtlebot3_ws/install/dynamixel_sdk_custom_interfaces:/home/gaga/turtlebot3_ws/install/dynamixel_sdk:/home/gaga/ssibal_ws/install/robot_msgs:/home/gaga/sad_ws/src/install/sad_pkg:/home/gaga/sad_ws/src/install/vision_msgs:/home/gaga/sad_ws/src/install/my_vision_msgs:/home/gaga/sad_ws/src/install/mani_urdf:/home/gaga/turtlebot3_ws/install/turtlebot3_teleop:/home/gaga/turtlebot3_ws/install/turtlebot3_example:/opt/ros/humble /usr/bin/cmake --install /home/gaga/sad_ws/build/sad_pkg
[8.146s] -- Install configuration: ""
[8.146s] -- Installing: /home/gaga/sad_ws/install/sad_pkg/share/sad_pkg/launch
[8.146s] -- Installing: /home/gaga/sad_ws/install/sad_pkg/share/sad_pkg/launch/rviz.launch.py
[8.146s] -- Installing: /home/gaga/sad_ws/install/sad_pkg/share/sad_pkg/launch/sad.launch.py
[8.146s] -- Installing: /home/gaga/sad_ws/install/sad_pkg/share/sad_pkg/urdf
[8.146s] -- Installing: /home/gaga/sad_ws/install/sad_pkg/share/sad_pkg/urdf/description
[8.147s] -- Installing: /home/gaga/sad_ws/install/sad_pkg/share/sad_pkg/urdf/description/test.xacro
[8.147s] -- Installing: /home/gaga/sad_ws/install/sad_pkg/share/sad_pkg/urdf/description/sad.xacro
[8.147s] -- Installing: /home/gaga/sad_ws/install/sad_pkg/share/sad_pkg/urdf/description/all.xacro
[8.147s] -- Installing: /home/gaga/sad_ws/install/sad_pkg/share/sad_pkg/meshes
[8.147s] -- Installing: /home/gaga/sad_ws/install/sad_pkg/share/sad_pkg/meshes/next.stl
[8.155s] -- Installing: /home/gaga/sad_ws/install/sad_pkg/share/sad_pkg/meshes/link3.stl
[8.156s] -- Installing: /home/gaga/sad_ws/install/sad_pkg/share/sad_pkg/meshes/link1.stl
[8.157s] -- Installing: /home/gaga/sad_ws/install/sad_pkg/share/sad_pkg/meshes/link5.stl
[8.157s] -- Installing: /home/gaga/sad_ws/install/sad_pkg/share/sad_pkg/meshes/link6.stl
[8.158s] -- Installing: /home/gaga/sad_ws/install/sad_pkg/share/sad_pkg/meshes/link7.stl
[8.162s] -- Installing: /home/gaga/sad_ws/install/sad_pkg/share/sad_pkg/meshes/link2.stl
[8.163s] -- Installing: /home/gaga/sad_ws/install/sad_pkg/share/sad_pkg/meshes/mani.stl
[8.172s] -- Installing: /home/gaga/sad_ws/install/sad_pkg/share/sad_pkg/meshes/link4.stl
[8.174s] -- Installing: /home/gaga/sad_ws/install/sad_pkg/share/sad_pkg/meshes/endeffector.stl
[8.175s] -- Installing: /home/gaga/sad_ws/install/sad_pkg/share/sad_pkg/config
[8.175s] -- Installing: /home/gaga/sad_ws/install/sad_pkg/share/sad_pkg/config/install
[8.175s] -- Installing: /home/gaga/sad_ws/install/sad_pkg/share/sad_pkg/config/install/setup.zsh
[8.175s] -- Installing: /home/gaga/sad_ws/install/sad_pkg/share/sad_pkg/config/install/local_setup.bash
[8.175s] -- Installing: /home/gaga/sad_ws/install/sad_pkg/share/sad_pkg/config/install/setup.ps1
[8.175s] -- Installing: /home/gaga/sad_ws/install/sad_pkg/share/sad_pkg/config/install/setup.sh
[8.175s] -- Installing: /home/gaga/sad_ws/install/sad_pkg/share/sad_pkg/config/install/COLCON_IGNORE
[8.175s] -- Installing: /home/gaga/sad_ws/install/sad_pkg/share/sad_pkg/config/install/_local_setup_util_sh.py
[8.175s] -- Installing: /home/gaga/sad_ws/install/sad_pkg/share/sad_pkg/config/install/_local_setup_util_ps1.py
[8.175s] -- Installing: /home/gaga/sad_ws/install/sad_pkg/share/sad_pkg/config/install/setup.bash
[8.176s] -- Installing: /home/gaga/sad_ws/install/sad_pkg/share/sad_pkg/config/install/local_setup.sh
[8.176s] -- Installing: /home/gaga/sad_ws/install/sad_pkg/share/sad_pkg/config/install/.colcon_install_layout
[8.176s] -- Installing: /home/gaga/sad_ws/install/sad_pkg/share/sad_pkg/config/install/local_setup.ps1
[8.176s] -- Installing: /home/gaga/sad_ws/install/sad_pkg/share/sad_pkg/config/install/local_setup.zsh
[8.176s] -- Installing: /home/gaga/sad_ws/install/sad_pkg/share/sad_pkg/config/build
[8.176s] -- Installing: /home/gaga/sad_ws/install/sad_pkg/share/sad_pkg/config/build/COLCON_IGNORE
[8.176s] -- Installing: /home/gaga/sad_ws/install/sad_pkg/share/sad_pkg/config/build/.built_by
[8.176s] -- Installing: /home/gaga/sad_ws/install/sad_pkg/share/sad_pkg/config/sad_controllers.yaml
[8.176s] -- Installing: /home/gaga/sad_ws/install/sad_pkg/share/sad_pkg/config/log
[8.176s] -- Installing: /home/gaga/sad_ws/install/sad_pkg/share/sad_pkg/config/log/latest_build
[8.176s] -- Installing: /home/gaga/sad_ws/install/sad_pkg/share/sad_pkg/config/log/latest
[8.176s] -- Installing: /home/gaga/sad_ws/install/sad_pkg/share/sad_pkg/config/log/build_2025-04-02_10-07-56
[8.176s] -- Installing: /home/gaga/sad_ws/install/sad_pkg/share/sad_pkg/config/log/build_2025-04-02_10-07-56/logger_all.log
[8.176s] -- Installing: /home/gaga/sad_ws/install/sad_pkg/share/sad_pkg/config/log/build_2025-04-02_10-07-56/events.log
[8.176s] -- Installing: /home/gaga/sad_ws/install/sad_pkg/share/sad_pkg/config/log/COLCON_IGNORE
[8.177s] -- Installing: /home/gaga/sad_ws/install/sad_pkg/lib/sad_pkg/forward_node
[8.177s] -- Set runtime path of "/home/gaga/sad_ws/install/sad_pkg/lib/sad_pkg/forward_node" to ""
[8.177s] -- Installing: /home/gaga/sad_ws/install/sad_pkg/lib/sad_pkg/rrt_node
[8.179s] -- Set runtime path of "/home/gaga/sad_ws/install/sad_pkg/lib/sad_pkg/rrt_node" to ""
[8.179s] -- Installing: /home/gaga/sad_ws/install/sad_pkg/lib/sad_pkg/obstacle_node
[8.180s] -- Set runtime path of "/home/gaga/sad_ws/install/sad_pkg/lib/sad_pkg/obstacle_node" to ""
[8.180s] -- Installing: /home/gaga/sad_ws/install/sad_pkg/lib/sad_pkg/spline_node
[8.180s] -- Set runtime path of "/home/gaga/sad_ws/install/sad_pkg/lib/sad_pkg/spline_node" to ""
[8.180s] -- Installing: /home/gaga/sad_ws/install/sad_pkg/lib/sad_pkg/map_node
[8.182s] -- Set runtime path of "/home/gaga/sad_ws/install/sad_pkg/lib/sad_pkg/map_node" to ""
[8.182s] -- Installing: /home/gaga/sad_ws/install/sad_pkg/lib/sad_pkg/path_node
[8.184s] -- Set runtime path of "/home/gaga/sad_ws/install/sad_pkg/lib/sad_pkg/path_node" to ""
[8.184s] -- Installing: /home/gaga/sad_ws/install/sad_pkg/lib/sad_pkg/Inverse_node
[8.186s] -- Set runtime path of "/home/gaga/sad_ws/install/sad_pkg/lib/sad_pkg/Inverse_node" to ""
[8.186s] -- Installing: /home/gaga/sad_ws/install/sad_pkg/share/ament_index/resource_index/package_run_dependencies/sad_pkg
[8.186s] -- Installing: /home/gaga/sad_ws/install/sad_pkg/share/ament_index/resource_index/parent_prefix_path/sad_pkg
[8.187s] -- Installing: /home/gaga/sad_ws/install/sad_pkg/share/sad_pkg/environment/ament_prefix_path.sh
[8.187s] -- Installing: /home/gaga/sad_ws/install/sad_pkg/share/sad_pkg/environment/ament_prefix_path.dsv
[8.187s] -- Installing: /home/gaga/sad_ws/install/sad_pkg/share/sad_pkg/environment/path.sh
[8.187s] -- Installing: /home/gaga/sad_ws/install/sad_pkg/share/sad_pkg/environment/path.dsv
[8.187s] -- Installing: /home/gaga/sad_ws/install/sad_pkg/share/sad_pkg/local_setup.bash
[8.187s] -- Installing: /home/gaga/sad_ws/install/sad_pkg/share/sad_pkg/local_setup.sh
[8.187s] -- Installing: /home/gaga/sad_ws/install/sad_pkg/share/sad_pkg/local_setup.zsh
[8.187s] -- Installing: /home/gaga/sad_ws/install/sad_pkg/share/sad_pkg/local_setup.dsv
[8.187s] -- Installing: /home/gaga/sad_ws/install/sad_pkg/share/sad_pkg/package.dsv
[8.187s] -- Installing: /home/gaga/sad_ws/install/sad_pkg/share/ament_index/resource_index/packages/sad_pkg
[8.187s] -- Installing: /home/gaga/sad_ws/install/sad_pkg/share/sad_pkg/cmake/sad_pkgConfig.cmake
[8.187s] -- Installing: /home/gaga/sad_ws/install/sad_pkg/share/sad_pkg/cmake/sad_pkgConfig-version.cmake
[8.187s] -- Installing: /home/gaga/sad_ws/install/sad_pkg/share/sad_pkg/package.xml
[8.189s] Invoked command in '/home/gaga/sad_ws/build/sad_pkg' returned '0': CMAKE_PREFIX_PATH=/home/gaga/sad_ws/install/my_vision_msgs:/home/gaga/sad_ws/install:/home/gaga/sad_ws/install/sad_pkg:/home/gaga/sad_ws/install/mani_urdf:/home/gaga/robotprograming_ws/install/rp_pkg:/home/gaga/turtlebot3_ws/install/turtlebot3:/home/gaga/turtlebot3_ws/install/turtlebot3_simulations:/home/gaga/turtlebot3_ws/install/turtlebot3_bringup:/home/gaga/turtlebot3_ws/install/turtlebot3_node:/home/gaga/turtlebot3_ws/install/turtlebot3_navigation2:/home/gaga/turtlebot3_ws/install/turtlebot3_fake_node:/home/gaga/turtlebot3_ws/install/robot_master:/home/gaga/turtlebot3_ws/install/turtlebot3_msgs:/home/gaga/turtlebot3_ws/install/turtlebot3_gazebo:/home/gaga/turtlebot3_ws/install/turtlebot3_description:/home/gaga/turtlebot3_ws/install/turtlebot3_cartographer:/home/gaga/turtlebot3_ws/install/robot_vision:/home/gaga/turtlebot3_ws/install/robot_navigation:/home/gaga/turtlebot3_ws/install/robot_msgs:/home/gaga/turtlebot3_ws/install/dynamixel_sdk_examples:/home/gaga/turtlebot3_ws/install/dynamixel_sdk_custom_interfaces:/home/gaga/turtlebot3_ws/install/dynamixel_sdk:/home/gaga/ssibal_ws/install/robot_msgs:/home/gaga/sad_ws/src/install/sad_pkg:/home/gaga/sad_ws/src/install/vision_msgs:/home/gaga/sad_ws/src/install/my_vision_msgs:/home/gaga/sad_ws/src/install/mani_urdf:/home/gaga/turtlebot3_ws/install/turtlebot3_teleop:/home/gaga/turtlebot3_ws/install/turtlebot3_example:/opt/ros/humble /usr/bin/cmake --install /home/gaga/sad_ws/build/sad_pkg
