[0.013s] Invoking command in '/home/gaga/sad_ws/src/build/serial': /usr/bin/cmake --build /home/gaga/sad_ws/src/build/serial -- -j20 -l20
[0.056s] [ 14%] [32mBuilding CXX object gtest/CMakeFiles/gtest.dir/src/gtest-all.cc.o[0m
[0.056s] [ 14%] [32mBuilding CXX object gtest/CMakeFiles/gtest_main.dir/src/gtest_main.cc.o[0m
[0.059s] [ 21%] [32mBuilding CXX object CMakeFiles/serial.dir/src/serial.cc.o[0m
[0.059s] [ 28%] [32mBuilding CXX object CMakeFiles/serial.dir/src/impl/unix.cc.o[0m
[0.059s] [ 35%] [32mBuilding CXX object CMakeFiles/serial.dir/src/impl/list_ports/list_ports_linux.cc.o[0m
[0.409s] [ 42%] [32m[1mLinking CXX shared library libserial.so[0m
[0.475s] [ 42%] Built target serial
[0.495s] [ 50%] [32mBuilding CXX object CMakeFiles/serial_example.dir/examples/serial_example.cc.o[0m
[0.619s] [ 57%] [32m[1mLinking CXX static library libgtest_main.a[0m
[0.675s] [ 57%] Built target gtest_main
[0.697s] [ 64%] [32m[1mLinking CXX executable serial_example[0m
[0.756s] [ 64%] Built target serial_example
[1.891s] [ 71%] [32m[1mLinking CXX static library libgtest.a[0m
[1.950s] [ 71%] Built target gtest
[1.966s] [ 78%] [32mBuilding CXX object tests/CMakeFiles/serial-test.dir/unix_serial_tests.cc.o[0m
[1.966s] [ 85%] [32mBuilding CXX object tests/CMakeFiles/serial-test-timer.dir/unit/unix_timer_tests.cc.o[0m
[2.440s] In file included from [01m[K/usr/include/boost/bind.hpp:30[m[K,
[2.440s]                  from [01m[K/home/gaga/sad_ws/src/serial/tests/unix_serial_tests.cc:23[m[K:
[2.440s] [01m[K/usr/include/boost/bind.hpp:36:1:[m[K [01;36m[Knote: [m[K‘[01m[K#pragma message: The practice of declaring the Bind placeholders (_1, _2, ...) in the global namespace is deprecated. Please use <boost/bind/bind.hpp> + using namespace boost::placeholders, or define BOOST_BIND_GLOBAL_PLACEHOLDERS to retain the current behavior.[m[K’
[2.440s]    36 | [01;36m[KBOOST_PRAGMA_MESSAGE[m[K(
[2.440s]       | [01;36m[K^~~~~~~~~~~~~~~~~~~~[m[K
[2.498s] [ 92%] [32m[1mLinking CXX executable serial-test-timer[0m
[2.576s] [100%] [32m[1mLinking CXX executable serial-test[0m
[2.585s] [100%] Built target serial-test-timer
[2.659s] [100%] Built target serial-test
[2.667s] Invoked command in '/home/gaga/sad_ws/src/build/serial' returned '0': /usr/bin/cmake --build /home/gaga/sad_ws/src/build/serial -- -j20 -l20
[2.668s] Invoking command in '/home/gaga/sad_ws/src/build/serial': /usr/bin/cmake --install /home/gaga/sad_ws/src/build/serial
[2.673s] -- Install configuration: ""
[2.673s] -- Installing: /home/gaga/sad_ws/src/install/serial/lib/libserial.so
[2.673s] -- Installing: /home/gaga/sad_ws/src/install/serial/include
[2.673s] -- Installing: /home/gaga/sad_ws/src/install/serial/include/serial
[2.673s] -- Installing: /home/gaga/sad_ws/src/install/serial/include/serial/serial.h
[2.674s] -- Installing: /home/gaga/sad_ws/src/install/serial/include/serial/impl
[2.674s] -- Installing: /home/gaga/sad_ws/src/install/serial/include/serial/impl/win.h
[2.674s] -- Installing: /home/gaga/sad_ws/src/install/serial/include/serial/impl/unix.h
[2.674s] -- Installing: /home/gaga/sad_ws/src/install/serial/include/serial/v8stdint.h
[2.674s] -- Installing: /home/gaga/sad_ws/src/install/serial/lib/serial/serial_example
[2.674s] -- Set runtime path of "/home/gaga/sad_ws/src/install/serial/lib/serial/serial_example" to ""
[2.674s] -- Installing: /home/gaga/sad_ws/src/install/serial/share/serial/environment/library_path.sh
[2.674s] -- Installing: /home/gaga/sad_ws/src/install/serial/share/serial/environment/library_path.dsv
[2.674s] -- Installing: /home/gaga/sad_ws/src/install/serial/share/ament_index/resource_index/package_run_dependencies/serial
[2.674s] -- Installing: /home/gaga/sad_ws/src/install/serial/share/ament_index/resource_index/parent_prefix_path/serial
[2.674s] -- Installing: /home/gaga/sad_ws/src/install/serial/share/serial/environment/ament_prefix_path.sh
[2.674s] -- Installing: /home/gaga/sad_ws/src/install/serial/share/serial/environment/ament_prefix_path.dsv
[2.674s] -- Installing: /home/gaga/sad_ws/src/install/serial/share/serial/environment/path.sh
[2.674s] -- Installing: /home/gaga/sad_ws/src/install/serial/share/serial/environment/path.dsv
[2.674s] -- Installing: /home/gaga/sad_ws/src/install/serial/share/serial/local_setup.bash
[2.674s] -- Installing: /home/gaga/sad_ws/src/install/serial/share/serial/local_setup.sh
[2.674s] -- Installing: /home/gaga/sad_ws/src/install/serial/share/serial/local_setup.zsh
[2.674s] -- Installing: /home/gaga/sad_ws/src/install/serial/share/serial/local_setup.dsv
[2.674s] -- Installing: /home/gaga/sad_ws/src/install/serial/share/serial/package.dsv
[2.674s] -- Installing: /home/gaga/sad_ws/src/install/serial/share/ament_index/resource_index/packages/serial
[2.674s] -- Installing: /home/gaga/sad_ws/src/install/serial/share/serial/cmake/ament_cmake_export_include_directories-extras.cmake
[2.675s] -- Installing: /home/gaga/sad_ws/src/install/serial/share/serial/cmake/ament_cmake_export_libraries-extras.cmake
[2.675s] -- Installing: /home/gaga/sad_ws/src/install/serial/share/serial/cmake/serialConfig.cmake
[2.675s] -- Installing: /home/gaga/sad_ws/src/install/serial/share/serial/cmake/serialConfig-version.cmake
[2.675s] -- Installing: /home/gaga/sad_ws/src/install/serial/share/serial/package.xml
[2.676s] Invoked command in '/home/gaga/sad_ws/src/build/serial' returned '0': /usr/bin/cmake --install /home/gaga/sad_ws/src/build/serial
