[0.013s] Invoking command in '/home/gaga/sad_ws/build/serial': /usr/bin/cmake /home/gaga/sad_ws/src/serial -DCATKIN_INSTALL_INTO_PREFIX_ROOT=0 -DCMAKE_INSTALL_PREFIX=/home/gaga/sad_ws/install/serial
[0.060s] -- The C compiler identification is GNU 11.4.0
[0.098s] -- The CXX compiler identification is GNU 11.4.0
[0.104s] -- Detecting C compiler ABI info
[0.161s] -- Detecting C compiler ABI info - done
[0.166s] -- Check for working C compiler: /usr/bin/cc - skipped
[0.166s] -- Detecting C compile features
[0.166s] -- Detecting C compile features - done
[0.168s] -- Detecting CXX compiler ABI info
[0.224s] -- Detecting CXX compiler ABI info - done
[0.229s] -- Check for working CXX compiler: /usr/bin/c++ - skipped
[0.229s] -- Detecting CXX compile features
[0.230s] -- Detecting CXX compile features - done
[0.233s] -- Found ament_cmake: 1.3.11 (/opt/ros/humble/share/ament_cmake/cmake)
[0.340s] -- Found Python3: /usr/bin/python3 (found version "3.10.12") found components: Interpreter 
[0.409s] -- Found ament_cmake_gtest: 1.3.11 (/opt/ros/humble/share/ament_cmake_gtest/cmake)
[0.416s] -- Found Boost: /usr/lib/x86_64-linux-gnu/cmake/Boost-1.74.0/BoostConfig.cmake (found version "1.74.0")  
[0.418s] -- Found gtest sources under '/opt/ros/humble/src/gtest_vendor': C++ tests using 'Google Test' will be built
[0.419s] -- Looking for pthread.h
[0.478s] -- Looking for pthread.h - found
[0.478s] -- Performing Test CMAKE_HAVE_LIBC_PTHREAD
[0.531s] -- Performing Test CMAKE_HAVE_LIBC_PTHREAD - Success
[0.531s] -- Found Threads: TRUE  
[0.576s] -- Configuring done
[0.581s] -- Generating done
[0.582s] [33mCMake Warning:
[0.582s]   Manually-specified variables were not used by the project:
[0.582s] 
[0.582s]     CATKIN_INSTALL_INTO_PREFIX_ROOT
[0.582s] 
[0.582s] [0m
[0.583s] -- Build files have been written to: /home/gaga/sad_ws/build/serial
[0.586s] Invoked command in '/home/gaga/sad_ws/build/serial' returned '0': /usr/bin/cmake /home/gaga/sad_ws/src/serial -DCATKIN_INSTALL_INTO_PREFIX_ROOT=0 -DCMAKE_INSTALL_PREFIX=/home/gaga/sad_ws/install/serial
[0.587s] Invoking command in '/home/gaga/sad_ws/build/serial': /usr/bin/cmake --build /home/gaga/sad_ws/build/serial -- -j20 -l20
[0.625s] [ 21%] [32mBuilding CXX object CMakeFiles/serial.dir/src/impl/unix.cc.o[0m
[0.625s] [ 21%] [32mBuilding CXX object CMakeFiles/serial.dir/src/serial.cc.o[0m
[0.625s] [ 21%] [32mBuilding CXX object CMakeFiles/serial.dir/src/impl/list_ports/list_ports_linux.cc.o[0m
[0.625s] [ 28%] [32mBuilding CXX object gtest/CMakeFiles/gtest_main.dir/src/gtest_main.cc.o[0m
[0.625s] [ 35%] [32mBuilding CXX object gtest/CMakeFiles/gtest.dir/src/gtest-all.cc.o[0m
[0.949s] [ 42%] [32m[1mLinking CXX shared library libserial.so[0m
[1.005s] [ 42%] Built target serial
[1.024s] [ 50%] [32mBuilding CXX object CMakeFiles/serial_example.dir/examples/serial_example.cc.o[0m
[1.144s] [ 57%] [32m[1mLinking CXX static library libgtest_main.a[0m
[1.193s] [ 57%] Built target gtest_main
[1.215s] [ 64%] [32m[1mLinking CXX executable serial_example[0m
[1.267s] [ 64%] Built target serial_example
[2.405s] [ 71%] [32m[1mLinking CXX static library libgtest.a[0m
[2.467s] [ 71%] Built target gtest
[2.483s] [ 78%] [32mBuilding CXX object tests/CMakeFiles/serial-test-timer.dir/unit/unix_timer_tests.cc.o[0m
[2.484s] [ 85%] [32mBuilding CXX object tests/CMakeFiles/serial-test.dir/unix_serial_tests.cc.o[0m
[2.942s] In file included from [01m[K/usr/include/boost/bind.hpp:30[m[K,
[2.942s]                  from [01m[K/home/gaga/sad_ws/src/serial/tests/unix_serial_tests.cc:23[m[K:
[2.943s] [01m[K/usr/include/boost/bind.hpp:36:1:[m[K [01;36m[Knote: [m[K‘[01m[K#pragma message: The practice of declaring the Bind placeholders (_1, _2, ...) in the global namespace is deprecated. Please use <boost/bind/bind.hpp> + using namespace boost::placeholders, or define BOOST_BIND_GLOBAL_PLACEHOLDERS to retain the current behavior.[m[K’
[2.943s]    36 | [01;36m[KBOOST_PRAGMA_MESSAGE[m[K(
[2.943s]       | [01;36m[K^~~~~~~~~~~~~~~~~~~~[m[K
[2.998s] [ 92%] [32m[1mLinking CXX executable serial-test-timer[0m
[3.074s] [100%] [32m[1mLinking CXX executable serial-test[0m
[3.083s] [100%] Built target serial-test-timer
[3.155s] [100%] Built target serial-test
[3.163s] Invoked command in '/home/gaga/sad_ws/build/serial' returned '0': /usr/bin/cmake --build /home/gaga/sad_ws/build/serial -- -j20 -l20
[3.164s] Invoking command in '/home/gaga/sad_ws/build/serial': /usr/bin/cmake --install /home/gaga/sad_ws/build/serial
[3.170s] -- Install configuration: ""
[3.170s] -- Installing: /home/gaga/sad_ws/install/serial/lib/libserial.so
[3.171s] -- Installing: /home/gaga/sad_ws/install/serial/include
[3.171s] -- Installing: /home/gaga/sad_ws/install/serial/include/serial
[3.171s] -- Installing: /home/gaga/sad_ws/install/serial/include/serial/serial.h
[3.171s] -- Installing: /home/gaga/sad_ws/install/serial/include/serial/impl
[3.171s] -- Installing: /home/gaga/sad_ws/install/serial/include/serial/impl/win.h
[3.171s] -- Installing: /home/gaga/sad_ws/install/serial/include/serial/impl/unix.h
[3.171s] -- Installing: /home/gaga/sad_ws/install/serial/include/serial/v8stdint.h
[3.171s] -- Installing: /home/gaga/sad_ws/install/serial/lib/serial/serial_example
[3.171s] -- Set runtime path of "/home/gaga/sad_ws/install/serial/lib/serial/serial_example" to ""
[3.171s] -- Installing: /home/gaga/sad_ws/install/serial/share/serial/environment/library_path.sh
[3.172s] -- Installing: /home/gaga/sad_ws/install/serial/share/serial/environment/library_path.dsv
[3.172s] -- Installing: /home/gaga/sad_ws/install/serial/share/ament_index/resource_index/package_run_dependencies/serial
[3.172s] -- Installing: /home/gaga/sad_ws/install/serial/share/ament_index/resource_index/parent_prefix_path/serial
[3.172s] -- Installing: /home/gaga/sad_ws/install/serial/share/serial/environment/ament_prefix_path.sh
[3.172s] -- Installing: /home/gaga/sad_ws/install/serial/share/serial/environment/ament_prefix_path.dsv
[3.172s] -- Installing: /home/gaga/sad_ws/install/serial/share/serial/environment/path.sh
[3.172s] -- Installing: /home/gaga/sad_ws/install/serial/share/serial/environment/path.dsv
[3.172s] -- Installing: /home/gaga/sad_ws/install/serial/share/serial/local_setup.bash
[3.172s] -- Installing: /home/gaga/sad_ws/install/serial/share/serial/local_setup.sh
[3.172s] -- Installing: /home/gaga/sad_ws/install/serial/share/serial/local_setup.zsh
[3.172s] -- Installing: /home/gaga/sad_ws/install/serial/share/serial/local_setup.dsv
[3.172s] -- Installing: /home/gaga/sad_ws/install/serial/share/serial/package.dsv
[3.172s] -- Installing: /home/gaga/sad_ws/install/serial/share/ament_index/resource_index/packages/serial
[3.172s] -- Installing: /home/gaga/sad_ws/install/serial/share/serial/cmake/ament_cmake_export_include_directories-extras.cmake
[3.172s] -- Installing: /home/gaga/sad_ws/install/serial/share/serial/cmake/ament_cmake_export_libraries-extras.cmake
[3.172s] -- Installing: /home/gaga/sad_ws/install/serial/share/serial/cmake/serialConfig.cmake
[3.173s] -- Installing: /home/gaga/sad_ws/install/serial/share/serial/cmake/serialConfig-version.cmake
[3.173s] -- Installing: /home/gaga/sad_ws/install/serial/share/serial/package.xml
[3.173s] Invoked command in '/home/gaga/sad_ws/build/serial' returned '0': /usr/bin/cmake --install /home/gaga/sad_ws/build/serial
