[0.044s] Invoking command in '/home/gaga/sad_ws/build/my_vision_msgs': CMAKE_PREFIX_PATH=${CMAKE_PREFIX_PATH}:/home/gaga/turtlebot3_ws/install/turtlebot3_teleop:/home/gaga/turtlebot3_ws/install/turtlebot3_example:/opt/ros/humble /usr/bin/cmake --build /home/gaga/sad_ws/build/my_vision_msgs -- -j20 -l20
[0.192s] [  1%] Built target my_vision_msgs__cpp
[0.198s] [ 12%] Built target my_vision_msgs__rosidl_generator_c
[0.227s] [ 12%] Built target ament_cmake_python_copy_my_vision_msgs
[0.269s] [ 60%] Built target my_vision_msgs__rosidl_typesupport_introspection_c
[0.269s] [ 60%] Built target my_vision_msgs__rosidl_typesupport_c
[0.269s] [ 60%] Built target my_vision_msgs__rosidl_typesupport_cpp
[0.269s] [ 63%] Built target my_vision_msgs__rosidl_typesupport_introspection_cpp
[0.269s] [ 67%] Built target my_vision_msgs__rosidl_typesupport_fastrtps_cpp
[0.286s] [ 78%] Built target my_vision_msgs__rosidl_typesupport_fastrtps_c
[0.367s] [ 78%] Built target my_vision_msgs
[0.434s] [ 80%] Built target my_vision_msgs__py
[0.509s] [ 89%] Built target my_vision_msgs__rosidl_generator_py
[0.571s] [100%] Built target my_vision_msgs__rosidl_typesupport_introspection_c__pyext
[0.572s] [100%] Built target my_vision_msgs__rosidl_typesupport_fastrtps_c__pyext
[0.572s] [100%] Built target my_vision_msgs__rosidl_typesupport_c__pyext
[0.718s] running egg_info
[0.720s] writing my_vision_msgs.egg-info/PKG-INFO
[0.720s] writing dependency_links to my_vision_msgs.egg-info/dependency_links.txt
[0.721s] writing top-level names to my_vision_msgs.egg-info/top_level.txt
[0.729s] reading manifest file 'my_vision_msgs.egg-info/SOURCES.txt'
[0.729s] writing manifest file 'my_vision_msgs.egg-info/SOURCES.txt'
[0.911s] [100%] Built target ament_cmake_python_build_my_vision_msgs_egg
[0.958s] Invoked command in '/home/gaga/sad_ws/build/my_vision_msgs' returned '0': CMAKE_PREFIX_PATH=${CMAKE_PREFIX_PATH}:/home/gaga/turtlebot3_ws/install/turtlebot3_teleop:/home/gaga/turtlebot3_ws/install/turtlebot3_example:/opt/ros/humble /usr/bin/cmake --build /home/gaga/sad_ws/build/my_vision_msgs -- -j20 -l20
[0.964s] Invoking command in '/home/gaga/sad_ws/build/my_vision_msgs': CMAKE_PREFIX_PATH=${CMAKE_PREFIX_PATH}:/home/gaga/turtlebot3_ws/install/turtlebot3_teleop:/home/gaga/turtlebot3_ws/install/turtlebot3_example:/opt/ros/humble /usr/bin/cmake --install /home/gaga/sad_ws/build/my_vision_msgs
[0.993s] -- Install configuration: ""
[0.993s] -- Up-to-date: /home/gaga/sad_ws/install/my_vision_msgs/share/ament_index/resource_index/rosidl_interfaces/my_vision_msgs
[0.993s] -- Up-to-date: /home/gaga/sad_ws/install/my_vision_msgs/include/my_vision_msgs/my_vision_msgs
[0.994s] -- Up-to-date: /home/gaga/sad_ws/install/my_vision_msgs/include/my_vision_msgs/my_vision_msgs/msg
[0.994s] -- Up-to-date: /home/gaga/sad_ws/install/my_vision_msgs/include/my_vision_msgs/my_vision_msgs/msg/detected_crop.h
[0.994s] -- Up-to-date: /home/gaga/sad_ws/install/my_vision_msgs/include/my_vision_msgs/my_vision_msgs/msg/rosidl_generator_c__visibility_control.h
[0.994s] -- Up-to-date: /home/gaga/sad_ws/install/my_vision_msgs/include/my_vision_msgs/my_vision_msgs/msg/crop_pose.h
[0.995s] -- Up-to-date: /home/gaga/sad_ws/install/my_vision_msgs/include/my_vision_msgs/my_vision_msgs/msg/harvest_ordering.h
[0.995s] -- Up-to-date: /home/gaga/sad_ws/install/my_vision_msgs/include/my_vision_msgs/my_vision_msgs/msg/detail
[0.995s] -- Up-to-date: /home/gaga/sad_ws/install/my_vision_msgs/include/my_vision_msgs/my_vision_msgs/msg/detail/detected_crop__functions.c
[0.996s] -- Up-to-date: /home/gaga/sad_ws/install/my_vision_msgs/include/my_vision_msgs/my_vision_msgs/msg/detail/detected_crop_array__struct.h
[0.996s] -- Up-to-date: /home/gaga/sad_ws/install/my_vision_msgs/include/my_vision_msgs/my_vision_msgs/msg/detail/detected_crop_array__functions.c
[0.996s] -- Up-to-date: /home/gaga/sad_ws/install/my_vision_msgs/include/my_vision_msgs/my_vision_msgs/msg/detail/crop_pose__struct.h
[0.996s] -- Up-to-date: /home/gaga/sad_ws/install/my_vision_msgs/include/my_vision_msgs/my_vision_msgs/msg/detail/harvest_ordering__functions.c
[0.996s] -- Up-to-date: /home/gaga/sad_ws/install/my_vision_msgs/include/my_vision_msgs/my_vision_msgs/msg/detail/detected_crop__struct.h
[0.996s] -- Up-to-date: /home/gaga/sad_ws/install/my_vision_msgs/include/my_vision_msgs/my_vision_msgs/msg/detail/harvest_ordering__struct.h
[0.996s] -- Up-to-date: /home/gaga/sad_ws/install/my_vision_msgs/include/my_vision_msgs/my_vision_msgs/msg/detail/harvest_ordering__functions.h
[0.996s] -- Up-to-date: /home/gaga/sad_ws/install/my_vision_msgs/include/my_vision_msgs/my_vision_msgs/msg/detail/harvest_ordering__type_support.h
[0.996s] -- Up-to-date: /home/gaga/sad_ws/install/my_vision_msgs/include/my_vision_msgs/my_vision_msgs/msg/detail/detected_crop__functions.h
[0.996s] -- Up-to-date: /home/gaga/sad_ws/install/my_vision_msgs/include/my_vision_msgs/my_vision_msgs/msg/detail/detected_crop__type_support.h
[0.996s] -- Up-to-date: /home/gaga/sad_ws/install/my_vision_msgs/include/my_vision_msgs/my_vision_msgs/msg/detail/crop_pose__functions.c
[0.997s] -- Up-to-date: /home/gaga/sad_ws/install/my_vision_msgs/include/my_vision_msgs/my_vision_msgs/msg/detail/crop_pose__type_support.h
[0.997s] -- Up-to-date: /home/gaga/sad_ws/install/my_vision_msgs/include/my_vision_msgs/my_vision_msgs/msg/detail/detected_crop_array__functions.h
[0.997s] -- Up-to-date: /home/gaga/sad_ws/install/my_vision_msgs/include/my_vision_msgs/my_vision_msgs/msg/detail/crop_pose__functions.h
[0.997s] -- Up-to-date: /home/gaga/sad_ws/install/my_vision_msgs/include/my_vision_msgs/my_vision_msgs/msg/detail/detected_crop_array__type_support.h
[0.997s] -- Up-to-date: /home/gaga/sad_ws/install/my_vision_msgs/include/my_vision_msgs/my_vision_msgs/msg/detected_crop_array.h
[0.997s] -- Up-to-date: /home/gaga/sad_ws/install/my_vision_msgs/share/my_vision_msgs/environment/library_path.sh
[0.997s] -- Up-to-date: /home/gaga/sad_ws/install/my_vision_msgs/share/my_vision_msgs/environment/library_path.dsv
[0.997s] -- Up-to-date: /home/gaga/sad_ws/install/my_vision_msgs/lib/libmy_vision_msgs__rosidl_generator_c.so
[0.997s] -- Up-to-date: /home/gaga/sad_ws/install/my_vision_msgs/include/my_vision_msgs/my_vision_msgs
[0.997s] -- Up-to-date: /home/gaga/sad_ws/install/my_vision_msgs/include/my_vision_msgs/my_vision_msgs/msg
[0.997s] -- Up-to-date: /home/gaga/sad_ws/install/my_vision_msgs/include/my_vision_msgs/my_vision_msgs/msg/rosidl_typesupport_fastrtps_c__visibility_control.h
[0.997s] -- Up-to-date: /home/gaga/sad_ws/install/my_vision_msgs/include/my_vision_msgs/my_vision_msgs/msg/detail
[0.998s] -- Up-to-date: /home/gaga/sad_ws/install/my_vision_msgs/include/my_vision_msgs/my_vision_msgs/msg/detail/crop_pose__rosidl_typesupport_fastrtps_c.h
[0.998s] -- Up-to-date: /home/gaga/sad_ws/install/my_vision_msgs/include/my_vision_msgs/my_vision_msgs/msg/detail/detected_crop_array__rosidl_typesupport_fastrtps_c.h
[0.998s] -- Up-to-date: /home/gaga/sad_ws/install/my_vision_msgs/include/my_vision_msgs/my_vision_msgs/msg/detail/harvest_ordering__rosidl_typesupport_fastrtps_c.h
[0.998s] -- Up-to-date: /home/gaga/sad_ws/install/my_vision_msgs/include/my_vision_msgs/my_vision_msgs/msg/detail/detected_crop__rosidl_typesupport_fastrtps_c.h
[0.998s] -- Up-to-date: /home/gaga/sad_ws/install/my_vision_msgs/lib/libmy_vision_msgs__rosidl_typesupport_fastrtps_c.so
[0.998s] -- Up-to-date: /home/gaga/sad_ws/install/my_vision_msgs/include/my_vision_msgs/my_vision_msgs
[0.998s] -- Up-to-date: /home/gaga/sad_ws/install/my_vision_msgs/include/my_vision_msgs/my_vision_msgs/msg
[0.999s] -- Up-to-date: /home/gaga/sad_ws/install/my_vision_msgs/include/my_vision_msgs/my_vision_msgs/msg/rosidl_generator_cpp__visibility_control.hpp
[0.999s] -- Up-to-date: /home/gaga/sad_ws/install/my_vision_msgs/include/my_vision_msgs/my_vision_msgs/msg/detected_crop.hpp
[0.999s] -- Up-to-date: /home/gaga/sad_ws/install/my_vision_msgs/include/my_vision_msgs/my_vision_msgs/msg/harvest_ordering.hpp
[0.999s] -- Up-to-date: /home/gaga/sad_ws/install/my_vision_msgs/include/my_vision_msgs/my_vision_msgs/msg/detected_crop_array.hpp
[0.999s] -- Up-to-date: /home/gaga/sad_ws/install/my_vision_msgs/include/my_vision_msgs/my_vision_msgs/msg/detail
[0.999s] -- Up-to-date: /home/gaga/sad_ws/install/my_vision_msgs/include/my_vision_msgs/my_vision_msgs/msg/detail/detected_crop__builder.hpp
[0.999s] -- Up-to-date: /home/gaga/sad_ws/install/my_vision_msgs/include/my_vision_msgs/my_vision_msgs/msg/detail/detected_crop__traits.hpp
[1.000s] -- Up-to-date: /home/gaga/sad_ws/install/my_vision_msgs/include/my_vision_msgs/my_vision_msgs/msg/detail/detected_crop_array__builder.hpp
[1.000s] -- Up-to-date: /home/gaga/sad_ws/install/my_vision_msgs/include/my_vision_msgs/my_vision_msgs/msg/detail/crop_pose__struct.hpp
[1.000s] -- Up-to-date: /home/gaga/sad_ws/install/my_vision_msgs/include/my_vision_msgs/my_vision_msgs/msg/detail/harvest_ordering__struct.hpp
[1.000s] -- Up-to-date: /home/gaga/sad_ws/install/my_vision_msgs/include/my_vision_msgs/my_vision_msgs/msg/detail/harvest_ordering__type_support.hpp
[1.000s] -- Up-to-date: /home/gaga/sad_ws/install/my_vision_msgs/include/my_vision_msgs/my_vision_msgs/msg/detail/harvest_ordering__builder.hpp
[1.000s] -- Up-to-date: /home/gaga/sad_ws/install/my_vision_msgs/include/my_vision_msgs/my_vision_msgs/msg/detail/detected_crop_array__type_support.hpp
[1.000s] -- Up-to-date: /home/gaga/sad_ws/install/my_vision_msgs/include/my_vision_msgs/my_vision_msgs/msg/detail/crop_pose__builder.hpp
[1.000s] -- Up-to-date: /home/gaga/sad_ws/install/my_vision_msgs/include/my_vision_msgs/my_vision_msgs/msg/detail/detected_crop_array__struct.hpp
[1.000s] -- Up-to-date: /home/gaga/sad_ws/install/my_vision_msgs/include/my_vision_msgs/my_vision_msgs/msg/detail/detected_crop__struct.hpp
[1.000s] -- Up-to-date: /home/gaga/sad_ws/install/my_vision_msgs/include/my_vision_msgs/my_vision_msgs/msg/detail/detected_crop__type_support.hpp
[1.000s] -- Up-to-date: /home/gaga/sad_ws/install/my_vision_msgs/include/my_vision_msgs/my_vision_msgs/msg/detail/crop_pose__traits.hpp
[1.000s] -- Up-to-date: /home/gaga/sad_ws/install/my_vision_msgs/include/my_vision_msgs/my_vision_msgs/msg/detail/harvest_ordering__traits.hpp
[1.000s] -- Up-to-date: /home/gaga/sad_ws/install/my_vision_msgs/include/my_vision_msgs/my_vision_msgs/msg/detail/crop_pose__type_support.hpp
[1.000s] -- Up-to-date: /home/gaga/sad_ws/install/my_vision_msgs/include/my_vision_msgs/my_vision_msgs/msg/detail/detected_crop_array__traits.hpp
[1.000s] -- Up-to-date: /home/gaga/sad_ws/install/my_vision_msgs/include/my_vision_msgs/my_vision_msgs/msg/crop_pose.hpp
[1.000s] -- Up-to-date: /home/gaga/sad_ws/install/my_vision_msgs/include/my_vision_msgs/my_vision_msgs
[1.001s] -- Up-to-date: /home/gaga/sad_ws/install/my_vision_msgs/include/my_vision_msgs/my_vision_msgs/msg
[1.001s] -- Up-to-date: /home/gaga/sad_ws/install/my_vision_msgs/include/my_vision_msgs/my_vision_msgs/msg/rosidl_typesupport_fastrtps_cpp__visibility_control.h
[1.001s] -- Up-to-date: /home/gaga/sad_ws/install/my_vision_msgs/include/my_vision_msgs/my_vision_msgs/msg/detail
[1.001s] -- Up-to-date: /home/gaga/sad_ws/install/my_vision_msgs/include/my_vision_msgs/my_vision_msgs/msg/detail/harvest_ordering__rosidl_typesupport_fastrtps_cpp.hpp
[1.001s] -- Up-to-date: /home/gaga/sad_ws/install/my_vision_msgs/include/my_vision_msgs/my_vision_msgs/msg/detail/dds_fastrtps
[1.001s] -- Up-to-date: /home/gaga/sad_ws/install/my_vision_msgs/include/my_vision_msgs/my_vision_msgs/msg/detail/crop_pose__rosidl_typesupport_fastrtps_cpp.hpp
[1.001s] -- Up-to-date: /home/gaga/sad_ws/install/my_vision_msgs/include/my_vision_msgs/my_vision_msgs/msg/detail/detected_crop__rosidl_typesupport_fastrtps_cpp.hpp
[1.001s] -- Up-to-date: /home/gaga/sad_ws/install/my_vision_msgs/include/my_vision_msgs/my_vision_msgs/msg/detail/detected_crop_array__rosidl_typesupport_fastrtps_cpp.hpp
[1.001s] -- Up-to-date: /home/gaga/sad_ws/install/my_vision_msgs/lib/libmy_vision_msgs__rosidl_typesupport_fastrtps_cpp.so
[1.001s] -- Up-to-date: /home/gaga/sad_ws/install/my_vision_msgs/include/my_vision_msgs/my_vision_msgs
[1.001s] -- Up-to-date: /home/gaga/sad_ws/install/my_vision_msgs/include/my_vision_msgs/my_vision_msgs/msg
[1.001s] -- Up-to-date: /home/gaga/sad_ws/install/my_vision_msgs/include/my_vision_msgs/my_vision_msgs/msg/rosidl_typesupport_introspection_c__visibility_control.h
[1.001s] -- Up-to-date: /home/gaga/sad_ws/install/my_vision_msgs/include/my_vision_msgs/my_vision_msgs/msg/detail
[1.001s] -- Up-to-date: /home/gaga/sad_ws/install/my_vision_msgs/include/my_vision_msgs/my_vision_msgs/msg/detail/harvest_ordering__type_support.c
[1.001s] -- Up-to-date: /home/gaga/sad_ws/install/my_vision_msgs/include/my_vision_msgs/my_vision_msgs/msg/detail/crop_pose__type_support.c
[1.001s] -- Up-to-date: /home/gaga/sad_ws/install/my_vision_msgs/include/my_vision_msgs/my_vision_msgs/msg/detail/detected_crop__type_support.c
[1.001s] -- Up-to-date: /home/gaga/sad_ws/install/my_vision_msgs/include/my_vision_msgs/my_vision_msgs/msg/detail/detected_crop_array__rosidl_typesupport_introspection_c.h
[1.001s] -- Up-to-date: /home/gaga/sad_ws/install/my_vision_msgs/include/my_vision_msgs/my_vision_msgs/msg/detail/detected_crop__rosidl_typesupport_introspection_c.h
[1.001s] -- Up-to-date: /home/gaga/sad_ws/install/my_vision_msgs/include/my_vision_msgs/my_vision_msgs/msg/detail/detected_crop_array__type_support.c
[1.002s] -- Up-to-date: /home/gaga/sad_ws/install/my_vision_msgs/include/my_vision_msgs/my_vision_msgs/msg/detail/crop_pose__rosidl_typesupport_introspection_c.h
[1.002s] -- Up-to-date: /home/gaga/sad_ws/install/my_vision_msgs/include/my_vision_msgs/my_vision_msgs/msg/detail/harvest_ordering__rosidl_typesupport_introspection_c.h
[1.002s] -- Up-to-date: /home/gaga/sad_ws/install/my_vision_msgs/lib/libmy_vision_msgs__rosidl_typesupport_introspection_c.so
[1.002s] -- Up-to-date: /home/gaga/sad_ws/install/my_vision_msgs/lib/libmy_vision_msgs__rosidl_typesupport_c.so
[1.002s] -- Up-to-date: /home/gaga/sad_ws/install/my_vision_msgs/include/my_vision_msgs/my_vision_msgs
[1.002s] -- Up-to-date: /home/gaga/sad_ws/install/my_vision_msgs/include/my_vision_msgs/my_vision_msgs/msg
[1.002s] -- Up-to-date: /home/gaga/sad_ws/install/my_vision_msgs/include/my_vision_msgs/my_vision_msgs/msg/detail
[1.002s] -- Up-to-date: /home/gaga/sad_ws/install/my_vision_msgs/include/my_vision_msgs/my_vision_msgs/msg/detail/detected_crop_array__type_support.cpp
[1.002s] -- Up-to-date: /home/gaga/sad_ws/install/my_vision_msgs/include/my_vision_msgs/my_vision_msgs/msg/detail/detected_crop_array__rosidl_typesupport_introspection_cpp.hpp
[1.002s] -- Up-to-date: /home/gaga/sad_ws/install/my_vision_msgs/include/my_vision_msgs/my_vision_msgs/msg/detail/harvest_ordering__rosidl_typesupport_introspection_cpp.hpp
[1.002s] -- Up-to-date: /home/gaga/sad_ws/install/my_vision_msgs/include/my_vision_msgs/my_vision_msgs/msg/detail/detected_crop__type_support.cpp
[1.002s] -- Up-to-date: /home/gaga/sad_ws/install/my_vision_msgs/include/my_vision_msgs/my_vision_msgs/msg/detail/detected_crop__rosidl_typesupport_introspection_cpp.hpp
[1.002s] -- Up-to-date: /home/gaga/sad_ws/install/my_vision_msgs/include/my_vision_msgs/my_vision_msgs/msg/detail/crop_pose__type_support.cpp
[1.002s] -- Up-to-date: /home/gaga/sad_ws/install/my_vision_msgs/include/my_vision_msgs/my_vision_msgs/msg/detail/harvest_ordering__type_support.cpp
[1.002s] -- Up-to-date: /home/gaga/sad_ws/install/my_vision_msgs/include/my_vision_msgs/my_vision_msgs/msg/detail/crop_pose__rosidl_typesupport_introspection_cpp.hpp
[1.002s] -- Up-to-date: /home/gaga/sad_ws/install/my_vision_msgs/lib/libmy_vision_msgs__rosidl_typesupport_introspection_cpp.so
[1.002s] -- Up-to-date: /home/gaga/sad_ws/install/my_vision_msgs/lib/libmy_vision_msgs__rosidl_typesupport_cpp.so
[1.002s] -- Up-to-date: /home/gaga/sad_ws/install/my_vision_msgs/share/my_vision_msgs/environment/pythonpath.sh
[1.002s] -- Up-to-date: /home/gaga/sad_ws/install/my_vision_msgs/share/my_vision_msgs/environment/pythonpath.dsv
[1.002s] -- Up-to-date: /home/gaga/sad_ws/install/my_vision_msgs/local/lib/python3.10/dist-packages/my_vision_msgs-0.1.0-py3.10.egg-info
[1.002s] -- Installing: /home/gaga/sad_ws/install/my_vision_msgs/local/lib/python3.10/dist-packages/my_vision_msgs-0.1.0-py3.10.egg-info/SOURCES.txt
[1.002s] -- Installing: /home/gaga/sad_ws/install/my_vision_msgs/local/lib/python3.10/dist-packages/my_vision_msgs-0.1.0-py3.10.egg-info/PKG-INFO
[1.003s] -- Installing: /home/gaga/sad_ws/install/my_vision_msgs/local/lib/python3.10/dist-packages/my_vision_msgs-0.1.0-py3.10.egg-info/top_level.txt
[1.003s] -- Installing: /home/gaga/sad_ws/install/my_vision_msgs/local/lib/python3.10/dist-packages/my_vision_msgs-0.1.0-py3.10.egg-info/dependency_links.txt
[1.003s] -- Up-to-date: /home/gaga/sad_ws/install/my_vision_msgs/local/lib/python3.10/dist-packages/my_vision_msgs
[1.003s] -- Up-to-date: /home/gaga/sad_ws/install/my_vision_msgs/local/lib/python3.10/dist-packages/my_vision_msgs/_my_vision_msgs_s.ep.rosidl_typesupport_introspection_c.c
[1.003s] -- Up-to-date: /home/gaga/sad_ws/install/my_vision_msgs/local/lib/python3.10/dist-packages/my_vision_msgs/libmy_vision_msgs__rosidl_generator_py.so
[1.003s] -- Up-to-date: /home/gaga/sad_ws/install/my_vision_msgs/local/lib/python3.10/dist-packages/my_vision_msgs/__init__.py
[1.003s] -- Up-to-date: /home/gaga/sad_ws/install/my_vision_msgs/local/lib/python3.10/dist-packages/my_vision_msgs/msg
[1.003s] -- Up-to-date: /home/gaga/sad_ws/install/my_vision_msgs/local/lib/python3.10/dist-packages/my_vision_msgs/msg/_harvest_ordering_s.c
[1.003s] -- Up-to-date: /home/gaga/sad_ws/install/my_vision_msgs/local/lib/python3.10/dist-packages/my_vision_msgs/msg/__init__.py
[1.003s] -- Up-to-date: /home/gaga/sad_ws/install/my_vision_msgs/local/lib/python3.10/dist-packages/my_vision_msgs/msg/_detected_crop_s.c
[1.003s] -- Up-to-date: /home/gaga/sad_ws/install/my_vision_msgs/local/lib/python3.10/dist-packages/my_vision_msgs/msg/_crop_pose.py
[1.003s] -- Up-to-date: /home/gaga/sad_ws/install/my_vision_msgs/local/lib/python3.10/dist-packages/my_vision_msgs/msg/_detected_crop_array_s.c
[1.003s] -- Up-to-date: /home/gaga/sad_ws/install/my_vision_msgs/local/lib/python3.10/dist-packages/my_vision_msgs/msg/_detected_crop_array.py
[1.004s] -- Up-to-date: /home/gaga/sad_ws/install/my_vision_msgs/local/lib/python3.10/dist-packages/my_vision_msgs/msg/_crop_pose_s.c
[1.004s] -- Up-to-date: /home/gaga/sad_ws/install/my_vision_msgs/local/lib/python3.10/dist-packages/my_vision_msgs/msg/_harvest_ordering.py
[1.004s] -- Up-to-date: /home/gaga/sad_ws/install/my_vision_msgs/local/lib/python3.10/dist-packages/my_vision_msgs/msg/_detected_crop.py
[1.004s] -- Up-to-date: /home/gaga/sad_ws/install/my_vision_msgs/local/lib/python3.10/dist-packages/my_vision_msgs/my_vision_msgs_s__rosidl_typesupport_introspection_c.cpython-310-x86_64-linux-gnu.so
[1.004s] -- Up-to-date: /home/gaga/sad_ws/install/my_vision_msgs/local/lib/python3.10/dist-packages/my_vision_msgs/_my_vision_msgs_s.ep.rosidl_typesupport_fastrtps_c.c
[1.004s] -- Up-to-date: /home/gaga/sad_ws/install/my_vision_msgs/local/lib/python3.10/dist-packages/my_vision_msgs/my_vision_msgs_s__rosidl_typesupport_c.cpython-310-x86_64-linux-gnu.so
[1.004s] -- Up-to-date: /home/gaga/sad_ws/install/my_vision_msgs/local/lib/python3.10/dist-packages/my_vision_msgs/my_vision_msgs_s__rosidl_typesupport_fastrtps_c.cpython-310-x86_64-linux-gnu.so
[1.004s] -- Up-to-date: /home/gaga/sad_ws/install/my_vision_msgs/local/lib/python3.10/dist-packages/my_vision_msgs/_my_vision_msgs_s.ep.rosidl_typesupport_c.c
[1.079s] Listing '/home/gaga/sad_ws/install/my_vision_msgs/local/lib/python3.10/dist-packages/my_vision_msgs'...
[1.080s] Listing '/home/gaga/sad_ws/install/my_vision_msgs/local/lib/python3.10/dist-packages/my_vision_msgs/msg'...
[1.097s] -- Up-to-date: /home/gaga/sad_ws/install/my_vision_msgs/local/lib/python3.10/dist-packages/my_vision_msgs/my_vision_msgs_s__rosidl_typesupport_fastrtps_c.cpython-310-x86_64-linux-gnu.so
[1.098s] -- Up-to-date: /home/gaga/sad_ws/install/my_vision_msgs/local/lib/python3.10/dist-packages/my_vision_msgs/my_vision_msgs_s__rosidl_typesupport_introspection_c.cpython-310-x86_64-linux-gnu.so
[1.098s] -- Up-to-date: /home/gaga/sad_ws/install/my_vision_msgs/local/lib/python3.10/dist-packages/my_vision_msgs/my_vision_msgs_s__rosidl_typesupport_c.cpython-310-x86_64-linux-gnu.so
[1.098s] -- Up-to-date: /home/gaga/sad_ws/install/my_vision_msgs/lib/libmy_vision_msgs__rosidl_generator_py.so
[1.098s] -- Up-to-date: /home/gaga/sad_ws/install/my_vision_msgs/share/my_vision_msgs/msg/CropPose.idl
[1.098s] -- Up-to-date: /home/gaga/sad_ws/install/my_vision_msgs/share/my_vision_msgs/msg/DetectedCrop.idl
[1.098s] -- Up-to-date: /home/gaga/sad_ws/install/my_vision_msgs/share/my_vision_msgs/msg/DetectedCropArray.idl
[1.098s] -- Up-to-date: /home/gaga/sad_ws/install/my_vision_msgs/share/my_vision_msgs/msg/HarvestOrdering.idl
[1.098s] -- Up-to-date: /home/gaga/sad_ws/install/my_vision_msgs/share/my_vision_msgs/msg/CropPose.msg
[1.098s] -- Up-to-date: /home/gaga/sad_ws/install/my_vision_msgs/share/my_vision_msgs/msg/DetectedCrop.msg
[1.098s] -- Up-to-date: /home/gaga/sad_ws/install/my_vision_msgs/share/my_vision_msgs/msg/DetectedCropArray.msg
[1.098s] -- Up-to-date: /home/gaga/sad_ws/install/my_vision_msgs/share/my_vision_msgs/msg/HarvestOrdering.msg
[1.098s] -- Up-to-date: /home/gaga/sad_ws/install/my_vision_msgs/share/ament_index/resource_index/package_run_dependencies/my_vision_msgs
[1.098s] -- Up-to-date: /home/gaga/sad_ws/install/my_vision_msgs/share/ament_index/resource_index/parent_prefix_path/my_vision_msgs
[1.098s] -- Up-to-date: /home/gaga/sad_ws/install/my_vision_msgs/share/my_vision_msgs/environment/ament_prefix_path.sh
[1.098s] -- Up-to-date: /home/gaga/sad_ws/install/my_vision_msgs/share/my_vision_msgs/environment/ament_prefix_path.dsv
[1.098s] -- Up-to-date: /home/gaga/sad_ws/install/my_vision_msgs/share/my_vision_msgs/environment/path.sh
[1.099s] -- Up-to-date: /home/gaga/sad_ws/install/my_vision_msgs/share/my_vision_msgs/environment/path.dsv
[1.099s] -- Up-to-date: /home/gaga/sad_ws/install/my_vision_msgs/share/my_vision_msgs/local_setup.bash
[1.099s] -- Up-to-date: /home/gaga/sad_ws/install/my_vision_msgs/share/my_vision_msgs/local_setup.sh
[1.099s] -- Up-to-date: /home/gaga/sad_ws/install/my_vision_msgs/share/my_vision_msgs/local_setup.zsh
[1.099s] -- Up-to-date: /home/gaga/sad_ws/install/my_vision_msgs/share/my_vision_msgs/local_setup.dsv
[1.099s] -- Installing: /home/gaga/sad_ws/install/my_vision_msgs/share/my_vision_msgs/package.dsv
[1.099s] -- Up-to-date: /home/gaga/sad_ws/install/my_vision_msgs/share/ament_index/resource_index/packages/my_vision_msgs
[1.099s] -- Up-to-date: /home/gaga/sad_ws/install/my_vision_msgs/share/my_vision_msgs/cmake/export_my_vision_msgs__rosidl_generator_cExport.cmake
[1.099s] -- Up-to-date: /home/gaga/sad_ws/install/my_vision_msgs/share/my_vision_msgs/cmake/export_my_vision_msgs__rosidl_generator_cExport-noconfig.cmake
[1.099s] -- Up-to-date: /home/gaga/sad_ws/install/my_vision_msgs/share/my_vision_msgs/cmake/export_my_vision_msgs__rosidl_typesupport_fastrtps_cExport.cmake
[1.099s] -- Up-to-date: /home/gaga/sad_ws/install/my_vision_msgs/share/my_vision_msgs/cmake/export_my_vision_msgs__rosidl_typesupport_fastrtps_cExport-noconfig.cmake
[1.099s] -- Up-to-date: /home/gaga/sad_ws/install/my_vision_msgs/share/my_vision_msgs/cmake/export_my_vision_msgs__rosidl_generator_cppExport.cmake
[1.099s] -- Up-to-date: /home/gaga/sad_ws/install/my_vision_msgs/share/my_vision_msgs/cmake/export_my_vision_msgs__rosidl_typesupport_fastrtps_cppExport.cmake
[1.099s] -- Up-to-date: /home/gaga/sad_ws/install/my_vision_msgs/share/my_vision_msgs/cmake/export_my_vision_msgs__rosidl_typesupport_fastrtps_cppExport-noconfig.cmake
[1.099s] -- Up-to-date: /home/gaga/sad_ws/install/my_vision_msgs/share/my_vision_msgs/cmake/my_vision_msgs__rosidl_typesupport_introspection_cExport.cmake
[1.100s] -- Up-to-date: /home/gaga/sad_ws/install/my_vision_msgs/share/my_vision_msgs/cmake/my_vision_msgs__rosidl_typesupport_introspection_cExport-noconfig.cmake
[1.100s] -- Up-to-date: /home/gaga/sad_ws/install/my_vision_msgs/share/my_vision_msgs/cmake/my_vision_msgs__rosidl_typesupport_cExport.cmake
[1.100s] -- Up-to-date: /home/gaga/sad_ws/install/my_vision_msgs/share/my_vision_msgs/cmake/my_vision_msgs__rosidl_typesupport_cExport-noconfig.cmake
[1.100s] -- Up-to-date: /home/gaga/sad_ws/install/my_vision_msgs/share/my_vision_msgs/cmake/my_vision_msgs__rosidl_typesupport_introspection_cppExport.cmake
[1.101s] -- Up-to-date: /home/gaga/sad_ws/install/my_vision_msgs/share/my_vision_msgs/cmake/my_vision_msgs__rosidl_typesupport_introspection_cppExport-noconfig.cmake
[1.101s] -- Up-to-date: /home/gaga/sad_ws/install/my_vision_msgs/share/my_vision_msgs/cmake/my_vision_msgs__rosidl_typesupport_cppExport.cmake
[1.101s] -- Up-to-date: /home/gaga/sad_ws/install/my_vision_msgs/share/my_vision_msgs/cmake/my_vision_msgs__rosidl_typesupport_cppExport-noconfig.cmake
[1.101s] -- Up-to-date: /home/gaga/sad_ws/install/my_vision_msgs/share/my_vision_msgs/cmake/export_my_vision_msgs__rosidl_generator_pyExport.cmake
[1.101s] -- Up-to-date: /home/gaga/sad_ws/install/my_vision_msgs/share/my_vision_msgs/cmake/export_my_vision_msgs__rosidl_generator_pyExport-noconfig.cmake
[1.101s] -- Up-to-date: /home/gaga/sad_ws/install/my_vision_msgs/share/my_vision_msgs/cmake/rosidl_cmake-extras.cmake
[1.101s] -- Up-to-date: /home/gaga/sad_ws/install/my_vision_msgs/share/my_vision_msgs/cmake/ament_cmake_export_dependencies-extras.cmake
[1.101s] -- Up-to-date: /home/gaga/sad_ws/install/my_vision_msgs/share/my_vision_msgs/cmake/ament_cmake_export_include_directories-extras.cmake
[1.101s] -- Up-to-date: /home/gaga/sad_ws/install/my_vision_msgs/share/my_vision_msgs/cmake/ament_cmake_export_libraries-extras.cmake
[1.102s] -- Up-to-date: /home/gaga/sad_ws/install/my_vision_msgs/share/my_vision_msgs/cmake/ament_cmake_export_targets-extras.cmake
[1.102s] -- Up-to-date: /home/gaga/sad_ws/install/my_vision_msgs/share/my_vision_msgs/cmake/rosidl_cmake_export_typesupport_targets-extras.cmake
[1.102s] -- Up-to-date: /home/gaga/sad_ws/install/my_vision_msgs/share/my_vision_msgs/cmake/rosidl_cmake_export_typesupport_libraries-extras.cmake
[1.102s] -- Up-to-date: /home/gaga/sad_ws/install/my_vision_msgs/share/my_vision_msgs/cmake/my_vision_msgsConfig.cmake
[1.102s] -- Up-to-date: /home/gaga/sad_ws/install/my_vision_msgs/share/my_vision_msgs/cmake/my_vision_msgsConfig-version.cmake
[1.102s] -- Up-to-date: /home/gaga/sad_ws/install/my_vision_msgs/share/my_vision_msgs/package.xml
[1.110s] Invoked command in '/home/gaga/sad_ws/build/my_vision_msgs' returned '0': CMAKE_PREFIX_PATH=${CMAKE_PREFIX_PATH}:/home/gaga/turtlebot3_ws/install/turtlebot3_teleop:/home/gaga/turtlebot3_ws/install/turtlebot3_example:/opt/ros/humble /usr/bin/cmake --install /home/gaga/sad_ws/build/my_vision_msgs
