-- Found ament_cmake: 1.3.11 (/opt/ros/humble/share/ament_cmake/cmake)
-- Found std_msgs: 4.8.0 (/opt/ros/humble/share/std_msgs/cmake)
-- Found rosidl_generator_c: 3.1.6 (/opt/ros/humble/share/rosidl_generator_c/cmake)
-- Found rosidl_adapter: 3.1.6 (/opt/ros/humble/share/rosidl_adapter/cmake)
-- Found rosidl_generator_cpp: 3.1.6 (/opt/ros/humble/share/rosidl_generator_cpp/cmake)
-- Using all available rosidl_typesupport_c: rosidl_typesupport_fastrtps_c;rosidl_typesupport_introspection_c
-- Using all available rosidl_typesupport_cpp: rosidl_typesupport_fastrtps_cpp;rosidl_typesupport_introspection_cpp
-- Found rclcpp: 16.0.12 (/opt/ros/humble/share/rclcpp/cmake)
-- Found rmw_implementation_cmake: 6.1.2 (/opt/ros/humble/share/rmw_implementation_cmake/cmake)
-- Found rmw_fastrtps_cpp: 6.2.7 (/opt/ros/humble/share/rmw_fastrtps_cpp/cmake)
-- Using RMW implementation 'rmw_fastrtps_cpp' as default
-- Found geometry_msgs: 4.8.0 (/opt/ros/humble/share/geometry_msgs/cmake)
-- Found rosidl_default_generators: 1.2.0 (/opt/ros/humble/share/rosidl_default_generators/cmake)
-- Found ament_cmake_ros: 0.10.0 (/opt/ros/humble/share/ament_cmake_ros/cmake)
-- Using all available rosidl_typesupport_c: rosidl_typesupport_fastrtps_c;rosidl_typesupport_introspection_c
-- Using all available rosidl_typesupport_cpp: rosidl_typesupport_fastrtps_cpp;rosidl_typesupport_introspection_cpp
-- Found python_cmake_module: 0.10.0 (/opt/ros/humble/share/python_cmake_module/cmake)
-- Using PYTHON_EXECUTABLE: /usr/bin/python3
-- Using PYTHON_INCLUDE_DIRS: /usr/include/python3.10
-- Using PYTHON_LIBRARIES: /usr/lib/x86_64-linux-gnu/libpython3.10.so
-- Configuring done
-- Generating done
-- Build files have been written to: /home/gaga/sad_ws/src/build/my_vision_msgs
[35m[1mConsolidate compiler generated dependencies of target my_vision_msgs__rosidl_generator_c[0m
[  1%] Built target my_vision_msgs__cpp
[ 12%] Built target my_vision_msgs__rosidl_generator_c
[ 12%] Built target ament_cmake_python_copy_my_vision_msgs
[35m[1mConsolidate compiler generated dependencies of target my_vision_msgs__rosidl_typesupport_introspection_cpp[0m
[35m[1mConsolidate compiler generated dependencies of target my_vision_msgs__rosidl_typesupport_cpp[0m
[35m[1mConsolidate compiler generated dependencies of target my_vision_msgs__rosidl_typesupport_fastrtps_cpp[0m
[35m[1mConsolidate compiler generated dependencies of target my_vision_msgs__rosidl_typesupport_c[0m
[35m[1mConsolidate compiler generated dependencies of target my_vision_msgs__rosidl_typesupport_introspection_c[0m
[35m[1mConsolidate compiler generated dependencies of target my_vision_msgs__rosidl_typesupport_fastrtps_c[0m
[ 25%] Built target my_vision_msgs__rosidl_typesupport_introspection_cpp
[ 34%] Built target my_vision_msgs__rosidl_typesupport_cpp
[ 45%] Built target my_vision_msgs__rosidl_typesupport_fastrtps_cpp
[ 56%] Built target my_vision_msgs__rosidl_typesupport_c
[ 67%] Built target my_vision_msgs__rosidl_typesupport_introspection_c
[ 78%] Built target my_vision_msgs__rosidl_typesupport_fastrtps_c
[ 78%] Built target my_vision_msgs
[ 80%] Built target my_vision_msgs__py
[35m[1mConsolidate compiler generated dependencies of target my_vision_msgs__rosidl_generator_py[0m
[ 89%] Built target my_vision_msgs__rosidl_generator_py
[35m[1mConsolidate compiler generated dependencies of target my_vision_msgs__rosidl_typesupport_fastrtps_c__pyext[0m
[35m[1mConsolidate compiler generated dependencies of target my_vision_msgs__rosidl_typesupport_introspection_c__pyext[0m
[35m[1mConsolidate compiler generated dependencies of target my_vision_msgs__rosidl_typesupport_c__pyext[0m
[ 92%] Built target my_vision_msgs__rosidl_typesupport_c__pyext
[ 96%] Built target my_vision_msgs__rosidl_typesupport_fastrtps_c__pyext
[100%] Built target my_vision_msgs__rosidl_typesupport_introspection_c__pyext
running egg_info
writing my_vision_msgs.egg-info/PKG-INFO
writing dependency_links to my_vision_msgs.egg-info/dependency_links.txt
writing top-level names to my_vision_msgs.egg-info/top_level.txt
reading manifest file 'my_vision_msgs.egg-info/SOURCES.txt'
writing manifest file 'my_vision_msgs.egg-info/SOURCES.txt'
[100%] Built target ament_cmake_python_build_my_vision_msgs_egg
