[0.012s] Invoking command in '/home/gaga/sad_ws/src/build/my_vision_msgs': CMAKE_PREFIX_PATH=${CMAKE_PREFIX_PATH}:/home/gaga/turtlebot3_ws/install/turtlebot3_teleop:/home/gaga/turtlebot3_ws/install/turtlebot3_example:/opt/ros/humble /usr/bin/cmake --build /home/gaga/sad_ws/src/build/my_vision_msgs -- -j20 -l20
[0.034s] -- Found ament_cmake: 1.3.11 (/opt/ros/humble/share/ament_cmake/cmake)
[0.137s] -- Found std_msgs: 4.8.0 (/opt/ros/humble/share/std_msgs/cmake)
[0.153s] -- Found rosidl_generator_c: 3.1.6 (/opt/ros/humble/share/rosidl_generator_c/cmake)
[0.154s] -- Found rosidl_adapter: 3.1.6 (/opt/ros/humble/share/rosidl_adapter/cmake)
[0.157s] -- Found rosidl_generator_cpp: 3.1.6 (/opt/ros/humble/share/rosidl_generator_cpp/cmake)
[0.163s] -- Using all available rosidl_typesupport_c: rosidl_typesupport_fastrtps_c;rosidl_typesupport_introspection_c
[0.170s] -- Using all available rosidl_typesupport_cpp: rosidl_typesupport_fastrtps_cpp;rosidl_typesupport_introspection_cpp
[0.183s] -- Found rclcpp: 16.0.12 (/opt/ros/humble/share/rclcpp/cmake)
[0.198s] -- Found rmw_implementation_cmake: 6.1.2 (/opt/ros/humble/share/rmw_implementation_cmake/cmake)
[0.199s] -- Found rmw_fastrtps_cpp: 6.2.7 (/opt/ros/humble/share/rmw_fastrtps_cpp/cmake)
[0.270s] -- Using RMW implementation 'rmw_fastrtps_cpp' as default
[0.289s] -- Found geometry_msgs: 4.8.0 (/opt/ros/humble/share/geometry_msgs/cmake)
[0.296s] -- Found rosidl_default_generators: 1.2.0 (/opt/ros/humble/share/rosidl_default_generators/cmake)
[0.502s] -- Found ament_cmake_ros: 0.10.0 (/opt/ros/humble/share/ament_cmake_ros/cmake)
[0.764s] -- Using all available rosidl_typesupport_c: rosidl_typesupport_fastrtps_c;rosidl_typesupport_introspection_c
[0.861s] -- Using all available rosidl_typesupport_cpp: rosidl_typesupport_fastrtps_cpp;rosidl_typesupport_introspection_cpp
[0.875s] -- Found python_cmake_module: 0.10.0 (/opt/ros/humble/share/python_cmake_module/cmake)
[0.891s] -- Using PYTHON_EXECUTABLE: /usr/bin/python3
[0.891s] -- Using PYTHON_INCLUDE_DIRS: /usr/include/python3.10
[0.891s] -- Using PYTHON_LIBRARIES: /usr/lib/x86_64-linux-gnu/libpython3.10.so
[0.927s] -- Configuring done
[0.949s] -- Generating done
[0.957s] -- Build files have been written to: /home/gaga/sad_ws/src/build/my_vision_msgs
[0.981s] [35m[1mConsolidate compiler generated dependencies of target my_vision_msgs__rosidl_generator_c[0m
[0.988s] [  1%] Built target my_vision_msgs__cpp
[0.991s] [ 12%] Built target my_vision_msgs__rosidl_generator_c
[0.995s] [ 12%] Built target ament_cmake_python_copy_my_vision_msgs
[0.997s] [35m[1mConsolidate compiler generated dependencies of target my_vision_msgs__rosidl_typesupport_introspection_cpp[0m
[1.000s] [35m[1mConsolidate compiler generated dependencies of target my_vision_msgs__rosidl_typesupport_cpp[0m
[1.001s] [35m[1mConsolidate compiler generated dependencies of target my_vision_msgs__rosidl_typesupport_fastrtps_cpp[0m
[1.001s] [35m[1mConsolidate compiler generated dependencies of target my_vision_msgs__rosidl_typesupport_c[0m
[1.005s] [35m[1mConsolidate compiler generated dependencies of target my_vision_msgs__rosidl_typesupport_introspection_c[0m
[1.005s] [35m[1mConsolidate compiler generated dependencies of target my_vision_msgs__rosidl_typesupport_fastrtps_c[0m
[1.011s] [ 25%] Built target my_vision_msgs__rosidl_typesupport_introspection_cpp
[1.011s] [ 34%] Built target my_vision_msgs__rosidl_typesupport_cpp
[1.011s] [ 45%] Built target my_vision_msgs__rosidl_typesupport_fastrtps_cpp
[1.012s] [ 56%] Built target my_vision_msgs__rosidl_typesupport_c
[1.015s] [ 67%] Built target my_vision_msgs__rosidl_typesupport_introspection_c
[1.018s] [ 78%] Built target my_vision_msgs__rosidl_typesupport_fastrtps_c
[1.035s] [ 78%] Built target my_vision_msgs
[1.052s] [ 80%] Built target my_vision_msgs__py
[1.061s] [35m[1mConsolidate compiler generated dependencies of target my_vision_msgs__rosidl_generator_py[0m
[1.072s] [ 89%] Built target my_vision_msgs__rosidl_generator_py
[1.082s] [35m[1mConsolidate compiler generated dependencies of target my_vision_msgs__rosidl_typesupport_fastrtps_c__pyext[0m
[1.082s] [35m[1mConsolidate compiler generated dependencies of target my_vision_msgs__rosidl_typesupport_introspection_c__pyext[0m
[1.082s] [35m[1mConsolidate compiler generated dependencies of target my_vision_msgs__rosidl_typesupport_c__pyext[0m
[1.094s] [ 92%] Built target my_vision_msgs__rosidl_typesupport_c__pyext
[1.094s] [ 96%] Built target my_vision_msgs__rosidl_typesupport_fastrtps_c__pyext
[1.095s] [100%] Built target my_vision_msgs__rosidl_typesupport_introspection_c__pyext
[1.146s] running egg_info
[1.146s] writing my_vision_msgs.egg-info/PKG-INFO
[1.147s] writing dependency_links to my_vision_msgs.egg-info/dependency_links.txt
[1.147s] writing top-level names to my_vision_msgs.egg-info/top_level.txt
[1.148s] reading manifest file 'my_vision_msgs.egg-info/SOURCES.txt'
[1.148s] writing manifest file 'my_vision_msgs.egg-info/SOURCES.txt'
[1.168s] [100%] Built target ament_cmake_python_build_my_vision_msgs_egg
