[0.006s] Invoking command in '/home/ga/sad_ws/src/sad_pkg/build/sad_pkg': CMAKE_PREFIX_PATH=${CMAKE_PREFIX_PATH}:/opt/ros/humble /usr/bin/cmake /home/ga/sad_ws/src/sad_pkg -DCMAKE_INSTALL_PREFIX=/home/ga/sad_ws/src/sad_pkg/install/sad_pkg
[0.049s] -- The C compiler identification is GNU 11.4.0
[0.097s] -- The CXX compiler identification is GNU 11.4.0
[0.102s] -- Detecting C compiler ABI info
[0.160s] -- Detecting C compiler ABI info - done
[0.165s] -- Check for working C compiler: /usr/bin/cc - skipped
[0.165s] -- Detecting C compile features
[0.165s] -- Detecting C compile features - done
[0.166s] -- Detecting CXX compiler ABI info
[0.222s] -- Detecting CXX compiler ABI info - done
[0.226s] -- Check for working CXX compiler: /usr/bin/c++ - skipped
[0.227s] -- Detecting CXX compile features
[0.227s] -- Detecting CXX compile features - done
[0.228s] -- Found ament_cmake: 1.3.11 (/opt/ros/humble/share/ament_cmake/cmake)
[0.431s] -- Found Python3: /usr/bin/python3 (found version "3.10.12") found components: Interpreter 
[0.491s] -- Found rclcpp: 16.0.11 (/opt/ros/humble/share/rclcpp/cmake)
[0.520s] -- Found rosidl_generator_c: 3.1.6 (/opt/ros/humble/share/rosidl_generator_c/cmake)
[0.523s] -- Found rosidl_adapter: 3.1.6 (/opt/ros/humble/share/rosidl_adapter/cmake)
[0.528s] -- Found rosidl_generator_cpp: 3.1.6 (/opt/ros/humble/share/rosidl_generator_cpp/cmake)
[0.535s] -- Using all available rosidl_typesupport_c: rosidl_typesupport_fastrtps_c;rosidl_typesupport_introspection_c
[0.544s] -- Using all available rosidl_typesupport_cpp: rosidl_typesupport_fastrtps_cpp;rosidl_typesupport_introspection_cpp
[0.569s] -- Found rmw_implementation_cmake: 6.1.2 (/opt/ros/humble/share/rmw_implementation_cmake/cmake)
[0.570s] -- Found rmw_fastrtps_cpp: 6.2.7 (/opt/ros/humble/share/rmw_fastrtps_cpp/cmake)
[0.644s] -- Found OpenSSL: /usr/lib/x86_64-linux-gnu/libcrypto.so (found version "3.0.2")  
[0.668s] -- Found FastRTPS: /opt/ros/humble/include  
[0.699s] -- Using RMW implementation 'rmw_fastrtps_cpp' as default
[0.704s] -- Looking for pthread.h
[0.765s] -- Looking for pthread.h - found
[0.765s] -- Performing Test CMAKE_HAVE_LIBC_PTHREAD
[0.818s] -- Performing Test CMAKE_HAVE_LIBC_PTHREAD - Success
[0.820s] -- Found Threads: TRUE  
[0.852s] -- Found xacro: 2.0.8 (/opt/ros/humble/share/xacro/cmake)
[0.853s] -- Found gazebo_ros: 3.9.0 (/opt/ros/humble/share/gazebo_ros/cmake)
[0.860s] -- Found PkgConfig: /usr/bin/pkg-config (found version "0.29.2") 
[0.861s] -- Checking for module 'bullet>=2.82'
[0.871s] --   Found bullet, version 3.05
[0.996s] -- Found fcl: /usr/include (found suitable version "0.7.0", minimum required is "0.5.0") 
[1.072s] -- Found assimp: /usr/include (found version "5.2.0") 
[1.088s] -- Found DART: /usr/include (Required is at least version "6.6") found components: dart 
[1.107s] -- Found Boost: /usr/lib/x86_64-linux-gnu/cmake/Boost-1.74.0/BoostConfig.cmake (found suitable version "1.74.0", minimum required is "1.40.0") found components: thread system filesystem program_options regex iostreams date_time 
[1.116s] -- Found Protobuf: /usr/lib/x86_64-linux-gnu/libprotobuf.so (found version "3.12.4") 
[1.119s] -- Looking for ignition-math6 -- found version 6.15.1
[1.123s] -- Searching for dependencies of ignition-math6
[1.124s] -- Looking for OGRE...
[1.124s] -- OGRE_PREFIX_WATCH changed.
[1.128s] -- Checking for module 'OGRE'
[1.138s] --   Found OGRE, version 1.9.0
[1.177s] -- Found Ogre Ghadamon (1.9.0)
[1.186s] -- Found OGRE: optimized;/usr/lib/x86_64-linux-gnu/libOgreMain.so;debug;/usr/lib/x86_64-linux-gnu/libOgreMain.so
[1.194s] -- Looking for OGRE_Paging...
[1.198s] -- Found OGRE_Paging: optimized;/usr/lib/x86_64-linux-gnu/libOgrePaging.so;debug;/usr/lib/x86_64-linux-gnu/libOgrePaging.so
[1.198s] -- Looking for OGRE_Terrain...
[1.201s] -- Found OGRE_Terrain: optimized;/usr/lib/x86_64-linux-gnu/libOgreTerrain.so;debug;/usr/lib/x86_64-linux-gnu/libOgreTerrain.so
[1.201s] -- Looking for OGRE_Property...
[1.204s] -- Found OGRE_Property: optimized;/usr/lib/x86_64-linux-gnu/libOgreProperty.so;debug;/usr/lib/x86_64-linux-gnu/libOgreProperty.so
[1.204s] -- Looking for OGRE_RTShaderSystem...
[1.207s] -- Found OGRE_RTShaderSystem: optimized;/usr/lib/x86_64-linux-gnu/libOgreRTShaderSystem.so;debug;/usr/lib/x86_64-linux-gnu/libOgreRTShaderSystem.so
[1.207s] -- Looking for OGRE_Volume...
[1.210s] -- Found OGRE_Volume: optimized;/usr/lib/x86_64-linux-gnu/libOgreVolume.so;debug;/usr/lib/x86_64-linux-gnu/libOgreVolume.so
[1.210s] -- Looking for OGRE_Overlay...
[1.213s] -- Found OGRE_Overlay: optimized;/usr/lib/x86_64-linux-gnu/libOgreOverlay.so;debug;/usr/lib/x86_64-linux-gnu/libOgreOverlay.so
[1.275s] -- Looking for ignition-math6 -- found version 6.15.1
[1.276s] -- Looking for ignition-transport8 -- found version 8.2.1
[1.276s] -- Searching for dependencies of ignition-transport8
[1.287s] -- Found Protobuf: /usr/lib/x86_64-linux-gnu/libprotobuf.so (found suitable version "3.12.4", minimum required is "3") 
[1.294s] -- Config-file not installed for ZeroMQ -- checking for pkg-config
[1.298s] -- Checking for module 'libzmq >= 4'
[1.309s] --   Found libzmq , version 4.3.4
[1.355s] -- Found ZeroMQ: TRUE (Required is at least version "4") 
[1.363s] -- Checking for module 'uuid'
[1.382s] --   Found uuid, version 2.37.2
[1.431s] -- Found UUID: TRUE  
[1.434s] -- Looking for ignition-msgs5 -- found version 5.8.1
[1.434s] -- Searching for dependencies of ignition-msgs5
[1.450s] -- Looking for ignition-math6 -- found version 6.15.1
[1.458s] -- Checking for module 'tinyxml2'
[1.476s] --   Found tinyxml2, version 9.0.0
[1.525s] -- Looking for ignition-msgs5 -- found version 5.8.1
[1.527s] -- Looking for ignition-common3 -- found version 3.14.0
[1.527s] -- Searching for dependencies of ignition-common3
[1.527s] -- Looking for dlfcn.h - found
[1.527s] -- Looking for libdl - found
[1.529s] -- Found DL: TRUE  
[1.536s] -- Found tinyobjloader: /usr/lib/x86_64-linux-gnu/cmake/tinyobjloader/tinyobjloader-config.cmake (found version "2.0.0") 
[1.537s] -- Searching for <ignition-common3> component [graphics]
[1.539s] -- Looking for ignition-common3-graphics -- found version 3.14.0
[1.539s] -- Searching for dependencies of ignition-common3-graphics
[1.539s] -- Looking for ignition-math6 -- found version 6.15.1
[1.541s] -- Looking for ignition-fuel_tools4 -- found version 4.4.0
[1.541s] -- Searching for dependencies of ignition-fuel_tools4
[1.619s] -- Found CURL: /usr/lib/x86_64-linux-gnu/libcurl.so (found version "7.81.0")  
[1.629s] -- Checking for module 'jsoncpp'
[1.649s] --   Found jsoncpp, version 1.9.5
[1.702s] -- Found JSONCPP: TRUE  
[1.708s] -- Checking for module 'libzip'
[1.726s] --   Found libzip, version 1.7.3
[1.780s] -- Found ZIP: TRUE  
[1.781s] -- Looking for ignition-common3 -- found version 3.14.0
[1.781s] -- Looking for ignition-math6 -- found version 6.15.1
[1.782s] -- Looking for ignition-msgs5 -- found version 5.8.1
[1.787s] -- Gazebo version: 11.10
[1.787s] -- Checking for module 'tbb'
[1.798s] --   Found tbb, version 2021.5.0
[1.841s] -- Found rclpy: 3.3.15 (/opt/ros/humble/share/rclpy/cmake)
[1.842s] -- Found ament_lint_auto: 0.12.11 (/opt/ros/humble/share/ament_lint_auto/cmake)
[1.907s] -- Added test 'cppcheck' to perform static code analysis on C / C++ code
[1.907s] -- Configured cppcheck include dirs: 
[1.907s] -- Configured cppcheck exclude dirs and/or files: 
[1.907s] -- Added test 'flake8' to check Python code syntax and style conventions
[1.908s] -- Added test 'lint_cmake' to check CMake code style
[1.908s] -- Added test 'pep257' to check Python code against some of the docstring style conventions in PEP 257
[1.910s] -- Added test 'uncrustify' to check C / C++ code style
[1.911s] -- Configured uncrustify additional arguments: 
[1.911s] -- Added test 'xmllint' to check XML markup files
[1.911s] -- Configuring done
[1.914s] -- Generating done
[1.916s] -- Build files have been written to: /home/ga/sad_ws/src/sad_pkg/build/sad_pkg
[1.925s] Invoked command in '/home/ga/sad_ws/src/sad_pkg/build/sad_pkg' returned '0': CMAKE_PREFIX_PATH=${CMAKE_PREFIX_PATH}:/opt/ros/humble /usr/bin/cmake /home/ga/sad_ws/src/sad_pkg -DCMAKE_INSTALL_PREFIX=/home/ga/sad_ws/src/sad_pkg/install/sad_pkg
[1.926s] Invoking command in '/home/ga/sad_ws/src/sad_pkg/build/sad_pkg': CMAKE_PREFIX_PATH=${CMAKE_PREFIX_PATH}:/opt/ros/humble /usr/bin/cmake --build /home/ga/sad_ws/src/sad_pkg/build/sad_pkg -- -j20 -l20
[1.961s] Invoked command in '/home/ga/sad_ws/src/sad_pkg/build/sad_pkg' returned '0': CMAKE_PREFIX_PATH=${CMAKE_PREFIX_PATH}:/opt/ros/humble /usr/bin/cmake --build /home/ga/sad_ws/src/sad_pkg/build/sad_pkg -- -j20 -l20
[1.972s] Invoking command in '/home/ga/sad_ws/src/sad_pkg/build/sad_pkg': CMAKE_PREFIX_PATH=${CMAKE_PREFIX_PATH}:/opt/ros/humble /usr/bin/cmake --install /home/ga/sad_ws/src/sad_pkg/build/sad_pkg
[1.978s] -- Install configuration: ""
[1.978s] -- Installing: /home/ga/sad_ws/src/sad_pkg/install/sad_pkg/share/sad_pkg/launch
[1.978s] -- Installing: /home/ga/sad_ws/src/sad_pkg/install/sad_pkg/share/sad_pkg/launch/sad.launch.py
[1.979s] -- Installing: /home/ga/sad_ws/src/sad_pkg/install/sad_pkg/share/sad_pkg/urdf
[1.979s] -- Installing: /home/ga/sad_ws/src/sad_pkg/install/sad_pkg/share/sad_pkg/urdf/description
[1.979s] -- Installing: /home/ga/sad_ws/src/sad_pkg/install/sad_pkg/share/sad_pkg/urdf/description/sad.xacro
[1.979s] -- Installing: /home/ga/sad_ws/src/sad_pkg/install/sad_pkg/share/sad_pkg/urdf/description/test.xacro
[1.979s] -- Installing: /home/ga/sad_ws/src/sad_pkg/install/sad_pkg/share/sad_pkg/urdf/description/all.xacro
[1.979s] -- Installing: /home/ga/sad_ws/src/sad_pkg/install/sad_pkg/share/sad_pkg/meshes
[1.979s] -- Installing: /home/ga/sad_ws/src/sad_pkg/install/sad_pkg/share/sad_pkg/meshes/mani.stl
[1.985s] -- Installing: /home/ga/sad_ws/src/sad_pkg/install/sad_pkg/share/sad_pkg/meshes/next.stl
[1.991s] -- Installing: /home/ga/sad_ws/src/sad_pkg/install/sad_pkg/share/sad_pkg/meshes/link2.stl
[1.991s] -- Installing: /home/ga/sad_ws/src/sad_pkg/install/sad_pkg/share/sad_pkg/meshes/link3.stl
[1.991s] -- Installing: /home/ga/sad_ws/src/sad_pkg/install/sad_pkg/share/sad_pkg/meshes/link4.stl
[1.992s] -- Installing: /home/ga/sad_ws/src/sad_pkg/install/sad_pkg/share/sad_pkg/meshes/endeffector.stl
[1.993s] -- Installing: /home/ga/sad_ws/src/sad_pkg/install/sad_pkg/share/sad_pkg/meshes/link6.stl
[1.993s] -- Installing: /home/ga/sad_ws/src/sad_pkg/install/sad_pkg/share/sad_pkg/meshes/link7.stl
[1.995s] -- Installing: /home/ga/sad_ws/src/sad_pkg/install/sad_pkg/share/sad_pkg/meshes/link1.stl
[1.995s] -- Installing: /home/ga/sad_ws/src/sad_pkg/install/sad_pkg/share/sad_pkg/meshes/link5.stl
[1.995s] -- Installing: /home/ga/sad_ws/src/sad_pkg/install/sad_pkg/share/ament_index/resource_index/package_run_dependencies/sad_pkg
[1.996s] -- Installing: /home/ga/sad_ws/src/sad_pkg/install/sad_pkg/share/ament_index/resource_index/parent_prefix_path/sad_pkg
[1.996s] -- Installing: /home/ga/sad_ws/src/sad_pkg/install/sad_pkg/share/sad_pkg/environment/ament_prefix_path.sh
[1.996s] -- Installing: /home/ga/sad_ws/src/sad_pkg/install/sad_pkg/share/sad_pkg/environment/ament_prefix_path.dsv
[1.996s] -- Installing: /home/ga/sad_ws/src/sad_pkg/install/sad_pkg/share/sad_pkg/environment/path.sh
[1.996s] -- Installing: /home/ga/sad_ws/src/sad_pkg/install/sad_pkg/share/sad_pkg/environment/path.dsv
[1.996s] -- Installing: /home/ga/sad_ws/src/sad_pkg/install/sad_pkg/share/sad_pkg/local_setup.bash
[1.996s] -- Installing: /home/ga/sad_ws/src/sad_pkg/install/sad_pkg/share/sad_pkg/local_setup.sh
[1.996s] -- Installing: /home/ga/sad_ws/src/sad_pkg/install/sad_pkg/share/sad_pkg/local_setup.zsh
[1.996s] -- Installing: /home/ga/sad_ws/src/sad_pkg/install/sad_pkg/share/sad_pkg/local_setup.dsv
[1.996s] -- Installing: /home/ga/sad_ws/src/sad_pkg/install/sad_pkg/share/sad_pkg/package.dsv
[1.996s] -- Installing: /home/ga/sad_ws/src/sad_pkg/install/sad_pkg/share/ament_index/resource_index/packages/sad_pkg
[1.996s] -- Installing: /home/ga/sad_ws/src/sad_pkg/install/sad_pkg/share/sad_pkg/cmake/sad_pkgConfig.cmake
[1.996s] -- Installing: /home/ga/sad_ws/src/sad_pkg/install/sad_pkg/share/sad_pkg/cmake/sad_pkgConfig-version.cmake
[1.996s] -- Installing: /home/ga/sad_ws/src/sad_pkg/install/sad_pkg/share/sad_pkg/package.xml
[1.997s] Invoked command in '/home/ga/sad_ws/src/sad_pkg/build/sad_pkg' returned '0': CMAKE_PREFIX_PATH=${CMAKE_PREFIX_PATH}:/opt/ros/humble /usr/bin/cmake --install /home/ga/sad_ws/src/sad_pkg/build/sad_pkg
