[0.027s] Invoking command in '/home/gaga/sad_ws/build/mani_urdf': CMAKE_PREFIX_PATH=${CMAKE_PREFIX_PATH}:/home/gaga/turtlebot3_ws/install/turtlebot3_teleop:/home/gaga/turtlebot3_ws/install/turtlebot3_example:/opt/ros/humble /usr/bin/cmake --build /home/gaga/sad_ws/build/mani_urdf -- -j20 -l20
[0.115s] Invoked command in '/home/gaga/sad_ws/build/mani_urdf' returned '0': CMAKE_PREFIX_PATH=${CMAKE_PREFIX_PATH}:/home/gaga/turtlebot3_ws/install/turtlebot3_teleop:/home/gaga/turtlebot3_ws/install/turtlebot3_example:/opt/ros/humble /usr/bin/cmake --build /home/gaga/sad_ws/build/mani_urdf -- -j20 -l20
[0.137s] Invoking command in '/home/gaga/sad_ws/build/mani_urdf': CMAKE_PREFIX_PATH=${CMAKE_PREFIX_PATH}:/home/gaga/turtlebot3_ws/install/turtlebot3_teleop:/home/gaga/turtlebot3_ws/install/turtlebot3_example:/opt/ros/humble /usr/bin/cmake --install /home/gaga/sad_ws/build/mani_urdf
[0.154s] -- Install configuration: ""
[0.155s] -- Up-to-date: /home/gaga/sad_ws/install/mani_urdf/share/mani_urdf/description
[0.155s] -- Up-to-date: /home/gaga/sad_ws/install/mani_urdf/share/mani_urdf/description/example_robot.urdf.xacro
[0.155s] -- Up-to-date: /home/gaga/sad_ws/install/mani_urdf/share/mani_urdf/description/mesh
[0.155s] -- Up-to-date: /home/gaga/sad_ws/install/mani_urdf/share/mani_urdf/description/mesh/before.zip
[0.155s] -- Up-to-date: /home/gaga/sad_ws/install/mani_urdf/share/mani_urdf/description/mesh/link3.stl
[0.155s] -- Up-to-date: /home/gaga/sad_ws/install/mani_urdf/share/mani_urdf/description/mesh/link1.stl
[0.155s] -- Up-to-date: /home/gaga/sad_ws/install/mani_urdf/share/mani_urdf/description/mesh/link5.stl
[0.155s] -- Up-to-date: /home/gaga/sad_ws/install/mani_urdf/share/mani_urdf/description/mesh/link6.stl
[0.155s] -- Up-to-date: /home/gaga/sad_ws/install/mani_urdf/share/mani_urdf/description/mesh/link7.stl
[0.155s] -- Up-to-date: /home/gaga/sad_ws/install/mani_urdf/share/mani_urdf/description/mesh/link2.stl
[0.155s] -- Up-to-date: /home/gaga/sad_ws/install/mani_urdf/share/mani_urdf/description/mesh/link4.stl
[0.156s] -- Up-to-date: /home/gaga/sad_ws/install/mani_urdf/share/mani_urdf/description/mesh/endeffector.stl
[0.156s] -- Up-to-date: /home/gaga/sad_ws/install/mani_urdf/share/mani_urdf/description/mesh/link5_1.stl
[0.156s] -- Up-to-date: /home/gaga/sad_ws/install/mani_urdf/share/mani_urdf/description/example_gazebo.xacro
[0.156s] -- Up-to-date: /home/gaga/sad_ws/install/mani_urdf/share/mani_urdf/description/example_include.xacro
[0.156s] -- Up-to-date: /home/gaga/sad_ws/install/mani_urdf/share/mani_urdf/launch
[0.156s] -- Up-to-date: /home/gaga/sad_ws/install/mani_urdf/share/mani_urdf/launch/rsp.launch.py
[0.156s] -- Up-to-date: /home/gaga/sad_ws/install/mani_urdf/share/mani_urdf/launch/rsp_sim.launch.py
[0.156s] -- Up-to-date: /home/gaga/sad_ws/install/mani_urdf/share/mani_urdf/worlds
[0.156s] -- Up-to-date: /home/gaga/sad_ws/install/mani_urdf/share/mani_urdf/worlds/test_world.world
[0.156s] -- Up-to-date: /home/gaga/sad_ws/install/mani_urdf/share/mani_urdf/config
[0.156s] -- Up-to-date: /home/gaga/sad_ws/install/mani_urdf/share/mani_urdf/config/gazebo_controll.yaml
[0.156s] -- Up-to-date: /home/gaga/sad_ws/install/mani_urdf/share/ament_index/resource_index/package_run_dependencies/mani_urdf
[0.157s] -- Up-to-date: /home/gaga/sad_ws/install/mani_urdf/share/ament_index/resource_index/parent_prefix_path/mani_urdf
[0.157s] -- Up-to-date: /home/gaga/sad_ws/install/mani_urdf/share/mani_urdf/environment/ament_prefix_path.sh
[0.157s] -- Up-to-date: /home/gaga/sad_ws/install/mani_urdf/share/mani_urdf/environment/ament_prefix_path.dsv
[0.157s] -- Up-to-date: /home/gaga/sad_ws/install/mani_urdf/share/mani_urdf/environment/path.sh
[0.157s] -- Up-to-date: /home/gaga/sad_ws/install/mani_urdf/share/mani_urdf/environment/path.dsv
[0.157s] -- Up-to-date: /home/gaga/sad_ws/install/mani_urdf/share/mani_urdf/local_setup.bash
[0.157s] -- Up-to-date: /home/gaga/sad_ws/install/mani_urdf/share/mani_urdf/local_setup.sh
[0.157s] -- Up-to-date: /home/gaga/sad_ws/install/mani_urdf/share/mani_urdf/local_setup.zsh
[0.157s] -- Up-to-date: /home/gaga/sad_ws/install/mani_urdf/share/mani_urdf/local_setup.dsv
[0.157s] -- Installing: /home/gaga/sad_ws/install/mani_urdf/share/mani_urdf/package.dsv
[0.157s] -- Up-to-date: /home/gaga/sad_ws/install/mani_urdf/share/ament_index/resource_index/packages/mani_urdf
[0.157s] -- Up-to-date: /home/gaga/sad_ws/install/mani_urdf/share/mani_urdf/cmake/mani_urdfConfig.cmake
[0.158s] -- Up-to-date: /home/gaga/sad_ws/install/mani_urdf/share/mani_urdf/cmake/mani_urdfConfig-version.cmake
[0.158s] -- Up-to-date: /home/gaga/sad_ws/install/mani_urdf/share/mani_urdf/package.xml
[0.164s] Invoked command in '/home/gaga/sad_ws/build/mani_urdf' returned '0': CMAKE_PREFIX_PATH=${CMAKE_PREFIX_PATH}:/home/gaga/turtlebot3_ws/install/turtlebot3_teleop:/home/gaga/turtlebot3_ws/install/turtlebot3_example:/opt/ros/humble /usr/bin/cmake --install /home/gaga/sad_ws/build/mani_urdf
