In file included from [01m[K/opt/ros/humble/include/rclcpp/rclcpp/logging.hpp:24[m[K,
                 from [01m[K/opt/ros/humble/include/rclcpp/rclcpp/client.hpp:40[m[K,
                 from [01m[K/opt/ros/humble/include/rclcpp/rclcpp/callback_group.hpp:24[m[K,
                 from [01m[K/opt/ros/humble/include/rclcpp/rclcpp/any_executable.hpp:20[m[K,
                 from [01m[K/opt/ros/humble/include/rclcpp/rclcpp/memory_strategy.hpp:25[m[K,
                 from [01m[K/opt/ros/humble/include/rclcpp/rclcpp/memory_strategies.hpp:18[m[K,
                 from [01m[K/opt/ros/humble/include/rclcpp/rclcpp/executor_options.hpp:20[m[K,
                 from [01m[K/opt/ros/humble/include/rclcpp/rclcpp/executor.hpp:37[m[K,
                 from [01m[K/opt/ros/humble/include/rclcpp/rclcpp/executors/multi_threaded_executor.hpp:25[m[K,
                 from [01m[K/opt/ros/humble/include/rclcpp/rclcpp/executors.hpp:21[m[K,
                 from [01m[K/opt/ros/humble/include/rclcpp/rclcpp/rclcpp.hpp:155[m[K,
                 from [01m[K/home/gaga/sad_ws/src/sad_pkg/src/path_node.cpp:3[m[K:
[01m[K/home/gaga/sad_ws/src/sad_pkg/src/path_node.cpp:[m[K In member function ‘[01m[Kvoid RSNode::publishPoseAndOrientation()[m[K’:
[01m[K/home/gaga/sad_ws/src/sad_pkg/src/path_node.cpp:119:13:[m[K [01;35m[Kwarning: [m[Kformat ‘[01m[K%zu[m[K’ expects argument of type ‘[01m[Ksize_t[m[K’, but argument 5 has type ‘[01m[Kint[m[K’ [[01;35m[K]8;;https://gcc.gnu.org/onlinedocs/gcc/Warning-Options.html#index-Wformat=-Wformat=]8;;[m[K]
  119 |             [01;35m[K"[RSNode] 스플라인 %zu개 샘플 퍼블리시 (t범위: %.3f ~ %.3f)"[m[K,
      |             [01;35m[K^~~~~~~~~~~~~~~~~~~~~~~~~~~~~~~~~~~~~~~~~~~~~~~~~~~~~~~~~~~~[m[K
  120 |             [32m[K(int)( (t1 - t0) / dt ) + 1[m[K, t0, t1
      |             [32m[K~~~~~~~~~~~~~~~~~~~~~~~~~~~[m[K
      |                                     [32m[K|[m[K
      |                                     [32m[Kint[m[K
[01m[K/home/gaga/sad_ws/src/sad_pkg/src/path_node.cpp:119:34:[m[K [01;36m[Knote: [m[Kformat string is defined here
  119 |             "[RSNode] 스플라인 [01;36m[K%zu[m[K개 샘플 퍼블리시 (t범위: %.3f ~ %.3f)",
      |                                [01;36m[K~~^[m[K
      |                                  [01;36m[K|[m[K
      |                                  [01;36m[Klong unsigned int[m[K
      |                                [32m[K%u[m[K
