[35m[1mConsolidate compiler generated dependencies of target Inverse_node[0m
[ 64%] Built target obstacle_node
[ 85%] Built target map_node
[ 85%] Built target spline_node
[ 85%] Built target rrt_node
[ 85%] Built target forward_node
[ 85%] Built target path_node
[ 92%] [32mBuilding CXX object CMakeFiles/Inverse_node.dir/src/Inverse_node.cpp.o[0m
[01m[K/home/gaga/sad_ws/src/sad_pkg/src/Inverse_node.cpp:[m[K In member function ‘[01m[KEigen::VectorXd ManipulatorNode::computeFeedbackVelocity(Eigen::Vector3d, Eigen::Vector3d, const Vector3d&, const Vector3d&)[m[K’:
[01m[K/home/gaga/sad_ws/src/sad_pkg/src/Inverse_node.cpp:207:18:[m[K [01;31m[Kerror: [m[Kdeclaration of ‘[01m[KEigen::Vector3d current_position[m[K’ shadows a parameter
  207 |         Vector3d [01;31m[Kcurrent_position[m[K = T6.block<3, 1>(0, 3); // 현재 위치값
      |                  [01;31m[K^~~~~~~~~~~~~~~~[m[K
[01m[K/home/gaga/sad_ws/src/sad_pkg/src/Inverse_node.cpp:202:121:[m[K [01;36m[Knote: [m[K‘[01m[Kconst Vector3d& current_position[m[K’ previously declared here
  202 |     VectorXd computeFeedbackVelocity(const Vector3d target_position, const Vector3d target_orientation, [01;36m[Kconst Vector3d& current_position[m[K, const Vector3d& current_orientaion)
      |                                                                                                         [01;36m[K~~~~~~~~~~~~~~~~^~~~~~~~~~~~~~~~[m[K
[01m[K/home/gaga/sad_ws/src/sad_pkg/src/Inverse_node.cpp:202:121:[m[K [01;35m[Kwarning: [m[Kunused parameter ‘[01m[Kcurrent_position[m[K’ [[01;35m[K]8;;https://gcc.gnu.org/onlinedocs/gcc/Warning-Options.html#index-Wunused-parameter-Wunused-parameter]8;;[m[K]
[01m[K/home/gaga/sad_ws/src/sad_pkg/src/Inverse_node.cpp:202:155:[m[K [01;35m[Kwarning: [m[Kunused parameter ‘[01m[Kcurrent_orientaion[m[K’ [[01;35m[K]8;;https://gcc.gnu.org/onlinedocs/gcc/Warning-Options.html#index-Wunused-parameter-Wunused-parameter]8;;[m[K]
  202 |     VectorXd computeFeedbackVelocity(const Vector3d target_position, const Vector3d target_orientation, const Vector3d& current_position, [01;35m[Kconst Vector3d& current_orientaion[m[K)
      |                                                                                                                                           [01;35m[K~~~~~~~~~~~~~~~~^~~~~~~~~~~~~~~~~~[m[K
In file included from [01m[K/usr/include/x86_64-linux-gnu/c++/11/bits/c++allocator.h:33[m[K,
                 from [01m[K/usr/include/c++/11/bits/allocator.h:46[m[K,
                 from [01m[K/usr/include/c++/11/string:41[m[K,
                 from [01m[K/usr/include/c++/11/bits/locale_classes.h:40[m[K,
                 from [01m[K/usr/include/c++/11/bits/ios_base.h:41[m[K,
                 from [01m[K/usr/include/c++/11/ios:42[m[K,
                 from [01m[K/usr/include/c++/11/ostream:38[m[K,
                 from [01m[K/usr/include/c++/11/iostream:39[m[K,
                 from [01m[K/home/gaga/sad_ws/src/sad_pkg/src/Inverse_node.cpp:1[m[K:
/usr/include/c++/11/ext/new_allocator.h: In instantiation of ‘[01m[Kvoid __gnu_cxx::new_allocator<_Tp>::construct(_Up*, _Args&& ...) [with _Up = ManipulatorNode; _Args = {}; _Tp = ManipulatorNode][m[K’:
[01m[K/usr/include/c++/11/bits/alloc_traits.h:516:17:[m[K   required from ‘[01m[Kstatic void std::allocator_traits<std::allocator<_CharT> >::construct(std::allocator_traits<std::allocator<_CharT> >::allocator_type&, _Up*, _Args&& ...) [with _Up = ManipulatorNode; _Args = {}; _Tp = ManipulatorNode; std::allocator_traits<std::allocator<_CharT> >::allocator_type = std::allocator<ManipulatorNode>][m[K’
[01m[K/usr/include/c++/11/bits/shared_ptr_base.h:519:39:[m[K   required from ‘[01m[Kstd::_Sp_counted_ptr_inplace<_Tp, _Alloc, _Lp>::_Sp_counted_ptr_inplace(_Alloc, _Args&& ...) [with _Args = {}; _Tp = ManipulatorNode; _Alloc = std::allocator<ManipulatorNode>; __gnu_cxx::_Lock_policy _Lp = __gnu_cxx::_S_atomic][m[K’
[01m[K/usr/include/c++/11/bits/shared_ptr_base.h:650:16:[m[K   required from ‘[01m[Kstd::__shared_count<_Lp>::__shared_count(_Tp*&, std::_Sp_alloc_shared_tag<_Alloc>, _Args&& ...) [with _Tp = ManipulatorNode; _Alloc = std::allocator<ManipulatorNode>; _Args = {}; __gnu_cxx::_Lock_policy _Lp = __gnu_cxx::_S_atomic][m[K’
[01m[K/usr/include/c++/11/bits/shared_ptr_base.h:1342:14:[m[K   required from ‘[01m[Kstd::__shared_ptr<_Tp, _Lp>::__shared_ptr(std::_Sp_alloc_shared_tag<_Tp>, _Args&& ...) [with _Alloc = std::allocator<ManipulatorNode>; _Args = {}; _Tp = ManipulatorNode; __gnu_cxx::_Lock_policy _Lp = __gnu_cxx::_S_atomic][m[K’
[01m[K/usr/include/c++/11/bits/shared_ptr.h:409:59:[m[K   required from ‘[01m[Kstd::shared_ptr<_Tp>::shared_ptr(std::_Sp_alloc_shared_tag<_Tp>, _Args&& ...) [with _Alloc = std::allocator<ManipulatorNode>; _Args = {}; _Tp = ManipulatorNode][m[K’
[01m[K/usr/include/c++/11/bits/shared_ptr.h:862:14:[m[K   required from ‘[01m[Kstd::shared_ptr<_Tp> std::allocate_shared(const _Alloc&, _Args&& ...) [with _Tp = ManipulatorNode; _Alloc = std::allocator<ManipulatorNode>; _Args = {}][m[K’
[01m[K/usr/include/c++/11/bits/shared_ptr.h:878:39:[m[K   required from ‘[01m[Kstd::shared_ptr<_Tp> std::make_shared(_Args&& ...) [with _Tp = ManipulatorNode; _Args = {}][m[K’
[01m[K/home/gaga/sad_ws/src/sad_pkg/src/Inverse_node.cpp:301:50:[m[K   required from here
[01m[K/usr/include/c++/11/ext/new_allocator.h:162:11:[m[K [01;31m[Kerror: [m[Kno matching function for call to ‘[01m[KManipulatorNode::ManipulatorNode()[m[K’
  162 |         { [01;31m[K::new((void *)__p) _Up(std::forward<_Args>(__args)...)[m[K; }
      |           [01;31m[K^~~~~~~~~~~~~~~~~~~~~~~~~~~~~~~~~~~~~~~~~~~~~~~~~~~~~~[m[K
[01m[K/home/gaga/sad_ws/src/sad_pkg/src/Inverse_node.cpp:67:5:[m[K [01;36m[Knote: [m[Kcandidate: ‘[01m[KManipulatorNode::ManipulatorNode(const Vector3d&, const Vector3d&)[m[K’
   67 |     [01;36m[KManipulatorNode[m[K(const Vector3d& target_position, const Vector3d& target_orientation)
      |     [01;36m[K^~~~~~~~~~~~~~~[m[K
[01m[K/home/gaga/sad_ws/src/sad_pkg/src/Inverse_node.cpp:67:5:[m[K [01;36m[Knote: [m[K  candidate expects 2 arguments, 0 provided
gmake[2]: *** [CMakeFiles/Inverse_node.dir/build.make:76: CMakeFiles/Inverse_node.dir/src/Inverse_node.cpp.o] Error 1
gmake[1]: *** [CMakeFiles/Makefile2:305: CMakeFiles/Inverse_node.dir/all] Error 2
gmake: *** [Makefile:146: all] Error 2
