[0.106s] DEBUG:colcon:Command line arguments: ['/usr/bin/colcon', 'build']
[0.106s] DEBUG:colcon:Parsed command line arguments: Namespace(log_base=None, log_level=None, verb_name='build', build_base='build', install_base='install', merge_install=False, symlink_install=False, test_result_base=None, continue_on_error=False, executor='parallel', parallel_workers=20, event_handlers=None, ignore_user_meta=False, metas=['./colcon.meta'], base_paths=['.'], packages_ignore=None, packages_ignore_regex=None, paths=None, packages_up_to=None, packages_up_to_regex=None, packages_above=None, packages_above_and_dependencies=None, packages_above_depth=None, packages_select_by_dep=None, packages_skip_by_dep=None, packages_skip_up_to=None, packages_select_build_failed=False, packages_skip_build_finished=False, packages_select_test_failures=False, packages_skip_test_passed=False, packages_select=None, packages_skip=None, packages_select_regex=None, packages_skip_regex=None, packages_start=None, packages_end=None, allow_overriding=[], cmake_args=None, cmake_target=None, cmake_target_skip_unavailable=False, cmake_clean_cache=False, cmake_clean_first=False, cmake_force_configure=False, ament_cmake_args=None, catkin_cmake_args=None, catkin_skip_building_tests=False, mixin_files=None, mixin=None, verb_parser=<colcon_mixin.mixin.mixin_argument.MixinArgumentDecorator object at 0x7b7703954f10>, verb_extension=<colcon_core.verb.build.BuildVerb object at 0x7b7703954940>, main=<bound method BuildVerb.main of <colcon_core.verb.build.BuildVerb object at 0x7b7703954940>>, mixin_verb=('build',))
[0.259s] Level 1:colcon.colcon_core.package_discovery:discover_packages(colcon_meta) check parameters
[0.259s] Level 1:colcon.colcon_core.package_discovery:discover_packages(recursive) check parameters
[0.259s] Level 1:colcon.colcon_core.package_discovery:discover_packages(ignore) check parameters
[0.259s] Level 1:colcon.colcon_core.package_discovery:discover_packages(path) check parameters
[0.259s] Level 1:colcon.colcon_core.package_discovery:discover_packages(colcon_meta) discover
[0.259s] Level 1:colcon.colcon_core.package_discovery:discover_packages(recursive) discover
[0.259s] INFO:colcon.colcon_core.package_discovery:Crawling recursively for packages in '/home/gaga/sad_ws'
[0.259s] Level 1:colcon.colcon_core.package_identification:_identify(.) by extensions ['ignore', 'ignore_ament_install']
[0.260s] Level 1:colcon.colcon_core.package_identification:_identify(.) by extension 'ignore'
[0.260s] Level 1:colcon.colcon_core.package_identification:_identify(.) by extension 'ignore_ament_install'
[0.260s] Level 1:colcon.colcon_core.package_identification:_identify(.) by extensions ['colcon_pkg']
[0.260s] Level 1:colcon.colcon_core.package_identification:_identify(.) by extension 'colcon_pkg'
[0.260s] Level 1:colcon.colcon_core.package_identification:_identify(.) by extensions ['colcon_meta']
[0.260s] Level 1:colcon.colcon_core.package_identification:_identify(.) by extension 'colcon_meta'
[0.260s] Level 1:colcon.colcon_core.package_identification:_identify(.) by extensions ['ros']
[0.260s] Level 1:colcon.colcon_core.package_identification:_identify(.) by extension 'ros'
[0.270s] Level 1:colcon.colcon_core.package_identification:_identify(.) by extensions ['cmake', 'python']
[0.271s] Level 1:colcon.colcon_core.package_identification:_identify(.) by extension 'cmake'
[0.271s] Level 1:colcon.colcon_core.package_identification:_identify(.) by extension 'python'
[0.271s] Level 1:colcon.colcon_core.package_identification:_identify(.) by extensions ['python_setup_py']
[0.271s] Level 1:colcon.colcon_core.package_identification:_identify(.) by extension 'python_setup_py'
[0.271s] Level 1:colcon.colcon_core.package_identification:_identify(build) by extensions ['ignore', 'ignore_ament_install']
[0.271s] Level 1:colcon.colcon_core.package_identification:_identify(build) by extension 'ignore'
[0.271s] Level 1:colcon.colcon_core.package_identification:_identify(build) ignored
[0.271s] Level 1:colcon.colcon_core.package_identification:_identify(install) by extensions ['ignore', 'ignore_ament_install']
[0.271s] Level 1:colcon.colcon_core.package_identification:_identify(install) by extension 'ignore'
[0.271s] Level 1:colcon.colcon_core.package_identification:_identify(install) ignored
[0.272s] Level 1:colcon.colcon_core.package_identification:_identify(log) by extensions ['ignore', 'ignore_ament_install']
[0.272s] Level 1:colcon.colcon_core.package_identification:_identify(log) by extension 'ignore'
[0.272s] Level 1:colcon.colcon_core.package_identification:_identify(log) ignored
[0.272s] Level 1:colcon.colcon_core.package_identification:_identify(src) by extensions ['ignore', 'ignore_ament_install']
[0.272s] Level 1:colcon.colcon_core.package_identification:_identify(src) by extension 'ignore'
[0.272s] Level 1:colcon.colcon_core.package_identification:_identify(src) by extension 'ignore_ament_install'
[0.272s] Level 1:colcon.colcon_core.package_identification:_identify(src) by extensions ['colcon_pkg']
[0.272s] Level 1:colcon.colcon_core.package_identification:_identify(src) by extension 'colcon_pkg'
[0.272s] Level 1:colcon.colcon_core.package_identification:_identify(src) by extensions ['colcon_meta']
[0.272s] Level 1:colcon.colcon_core.package_identification:_identify(src) by extension 'colcon_meta'
[0.272s] Level 1:colcon.colcon_core.package_identification:_identify(src) by extensions ['ros']
[0.272s] Level 1:colcon.colcon_core.package_identification:_identify(src) by extension 'ros'
[0.272s] Level 1:colcon.colcon_core.package_identification:_identify(src) by extensions ['cmake', 'python']
[0.272s] Level 1:colcon.colcon_core.package_identification:_identify(src) by extension 'cmake'
[0.272s] Level 1:colcon.colcon_core.package_identification:_identify(src) by extension 'python'
[0.272s] Level 1:colcon.colcon_core.package_identification:_identify(src) by extensions ['python_setup_py']
[0.272s] Level 1:colcon.colcon_core.package_identification:_identify(src) by extension 'python_setup_py'
[0.272s] Level 1:colcon.colcon_core.package_identification:_identify(src/build) by extensions ['ignore', 'ignore_ament_install']
[0.272s] Level 1:colcon.colcon_core.package_identification:_identify(src/build) by extension 'ignore'
[0.272s] Level 1:colcon.colcon_core.package_identification:_identify(src/build) ignored
[0.272s] Level 1:colcon.colcon_core.package_identification:_identify(src/install) by extensions ['ignore', 'ignore_ament_install']
[0.272s] Level 1:colcon.colcon_core.package_identification:_identify(src/install) by extension 'ignore'
[0.272s] Level 1:colcon.colcon_core.package_identification:_identify(src/install) ignored
[0.272s] Level 1:colcon.colcon_core.package_identification:_identify(src/log) by extensions ['ignore', 'ignore_ament_install']
[0.272s] Level 1:colcon.colcon_core.package_identification:_identify(src/log) by extension 'ignore'
[0.272s] Level 1:colcon.colcon_core.package_identification:_identify(src/log) ignored
[0.272s] Level 1:colcon.colcon_core.package_identification:_identify(src/mani_urdf) by extensions ['ignore', 'ignore_ament_install']
[0.272s] Level 1:colcon.colcon_core.package_identification:_identify(src/mani_urdf) by extension 'ignore'
[0.272s] Level 1:colcon.colcon_core.package_identification:_identify(src/mani_urdf) by extension 'ignore_ament_install'
[0.272s] Level 1:colcon.colcon_core.package_identification:_identify(src/mani_urdf) by extensions ['colcon_pkg']
[0.272s] Level 1:colcon.colcon_core.package_identification:_identify(src/mani_urdf) by extension 'colcon_pkg'
[0.272s] Level 1:colcon.colcon_core.package_identification:_identify(src/mani_urdf) by extensions ['colcon_meta']
[0.272s] Level 1:colcon.colcon_core.package_identification:_identify(src/mani_urdf) by extension 'colcon_meta'
[0.272s] Level 1:colcon.colcon_core.package_identification:_identify(src/mani_urdf) by extensions ['ros']
[0.273s] Level 1:colcon.colcon_core.package_identification:_identify(src/mani_urdf) by extension 'ros'
[0.275s] DEBUG:colcon.colcon_core.package_identification:Package 'src/mani_urdf' with type 'ros.ament_cmake' and name 'mani_urdf'
[0.275s] Level 1:colcon.colcon_core.package_identification:_identify(src/my_vision_msgs) by extensions ['ignore', 'ignore_ament_install']
[0.275s] Level 1:colcon.colcon_core.package_identification:_identify(src/my_vision_msgs) by extension 'ignore'
[0.276s] Level 1:colcon.colcon_core.package_identification:_identify(src/my_vision_msgs) by extension 'ignore_ament_install'
[0.276s] Level 1:colcon.colcon_core.package_identification:_identify(src/my_vision_msgs) by extensions ['colcon_pkg']
[0.276s] Level 1:colcon.colcon_core.package_identification:_identify(src/my_vision_msgs) by extension 'colcon_pkg'
[0.276s] Level 1:colcon.colcon_core.package_identification:_identify(src/my_vision_msgs) by extensions ['colcon_meta']
[0.276s] Level 1:colcon.colcon_core.package_identification:_identify(src/my_vision_msgs) by extension 'colcon_meta'
[0.276s] Level 1:colcon.colcon_core.package_identification:_identify(src/my_vision_msgs) by extensions ['ros']
[0.276s] Level 1:colcon.colcon_core.package_identification:_identify(src/my_vision_msgs) by extension 'ros'
[0.276s] DEBUG:colcon.colcon_core.package_identification:Package 'src/my_vision_msgs' with type 'ros.ament_cmake' and name 'my_vision_msgs'
[0.276s] Level 1:colcon.colcon_core.package_identification:_identify(src/sad_pkg) by extensions ['ignore', 'ignore_ament_install']
[0.276s] Level 1:colcon.colcon_core.package_identification:_identify(src/sad_pkg) by extension 'ignore'
[0.276s] Level 1:colcon.colcon_core.package_identification:_identify(src/sad_pkg) by extension 'ignore_ament_install'
[0.277s] Level 1:colcon.colcon_core.package_identification:_identify(src/sad_pkg) by extensions ['colcon_pkg']
[0.277s] Level 1:colcon.colcon_core.package_identification:_identify(src/sad_pkg) by extension 'colcon_pkg'
[0.277s] Level 1:colcon.colcon_core.package_identification:_identify(src/sad_pkg) by extensions ['colcon_meta']
[0.277s] Level 1:colcon.colcon_core.package_identification:_identify(src/sad_pkg) by extension 'colcon_meta'
[0.277s] Level 1:colcon.colcon_core.package_identification:_identify(src/sad_pkg) by extensions ['ros']
[0.277s] Level 1:colcon.colcon_core.package_identification:_identify(src/sad_pkg) by extension 'ros'
[0.281s] DEBUG:colcon.colcon_core.package_identification:Package 'src/sad_pkg' with type 'ros.ament_cmake' and name 'sad_pkg'
[0.281s] Level 1:colcon.colcon_core.package_discovery:discover_packages(recursive) using defaults
[0.281s] Level 1:colcon.colcon_core.package_discovery:discover_packages(ignore) discover
[0.281s] Level 1:colcon.colcon_core.package_discovery:discover_packages(ignore) using defaults
[0.281s] Level 1:colcon.colcon_core.package_discovery:discover_packages(path) discover
[0.281s] Level 1:colcon.colcon_core.package_discovery:discover_packages(path) using defaults
[0.327s] Level 1:colcon.colcon_core.package_discovery:discover_packages(prefix_path) check parameters
[0.327s] Level 1:colcon.colcon_core.package_discovery:discover_packages(prefix_path) discover
[0.329s] DEBUG:colcon.colcon_installed_package_information.package_discovery:Found 3 installed packages in /home/gaga/sad_ws/install
[0.330s] DEBUG:colcon.colcon_installed_package_information.package_discovery:Found 19 installed packages in /home/gaga/turtlebot3_ws/install
[0.330s] DEBUG:colcon.colcon_installed_package_information.package_discovery:Found 3 installed packages in /home/gaga/ssibal_ws/install
[0.331s] DEBUG:colcon.colcon_installed_package_information.package_discovery:Found 4 installed packages in /home/gaga/sad_ws/src/install
[0.331s] DEBUG:colcon.colcon_installed_package_information.package_discovery:Found 1 installed packages in /home/gaga/robotprograming_ws/install
[0.331s] DEBUG:colcon.colcon_installed_package_information.package_discovery:Found 5 installed packages in /home/gaga/rrt_ws/install
[0.332s] DEBUG:colcon.colcon_installed_package_information.package_discovery:Found 425 installed packages in /opt/ros/humble
[0.334s] Level 1:colcon.colcon_core.package_discovery:discover_packages(prefix_path) using defaults
[0.382s] Level 5:colcon.colcon_core.verb:set package 'mani_urdf' build argument 'cmake_args' from command line to 'None'
[0.382s] Level 5:colcon.colcon_core.verb:set package 'mani_urdf' build argument 'cmake_target' from command line to 'None'
[0.382s] Level 5:colcon.colcon_core.verb:set package 'mani_urdf' build argument 'cmake_target_skip_unavailable' from command line to 'False'
[0.382s] Level 5:colcon.colcon_core.verb:set package 'mani_urdf' build argument 'cmake_clean_cache' from command line to 'False'
[0.382s] Level 5:colcon.colcon_core.verb:set package 'mani_urdf' build argument 'cmake_clean_first' from command line to 'False'
[0.382s] Level 5:colcon.colcon_core.verb:set package 'mani_urdf' build argument 'cmake_force_configure' from command line to 'False'
[0.382s] Level 5:colcon.colcon_core.verb:set package 'mani_urdf' build argument 'ament_cmake_args' from command line to 'None'
[0.382s] Level 5:colcon.colcon_core.verb:set package 'mani_urdf' build argument 'catkin_cmake_args' from command line to 'None'
[0.382s] Level 5:colcon.colcon_core.verb:set package 'mani_urdf' build argument 'catkin_skip_building_tests' from command line to 'False'
[0.382s] DEBUG:colcon.colcon_core.verb:Building package 'mani_urdf' with the following arguments: {'ament_cmake_args': None, 'build_base': '/home/gaga/sad_ws/build/mani_urdf', 'catkin_cmake_args': None, 'catkin_skip_building_tests': False, 'cmake_args': None, 'cmake_clean_cache': False, 'cmake_clean_first': False, 'cmake_force_configure': False, 'cmake_target': None, 'cmake_target_skip_unavailable': False, 'install_base': '/home/gaga/sad_ws/install/mani_urdf', 'merge_install': False, 'path': '/home/gaga/sad_ws/src/mani_urdf', 'symlink_install': False, 'test_result_base': None}
[0.383s] Level 5:colcon.colcon_core.verb:set package 'my_vision_msgs' build argument 'cmake_args' from command line to 'None'
[0.383s] Level 5:colcon.colcon_core.verb:set package 'my_vision_msgs' build argument 'cmake_target' from command line to 'None'
[0.383s] Level 5:colcon.colcon_core.verb:set package 'my_vision_msgs' build argument 'cmake_target_skip_unavailable' from command line to 'False'
[0.383s] Level 5:colcon.colcon_core.verb:set package 'my_vision_msgs' build argument 'cmake_clean_cache' from command line to 'False'
[0.383s] Level 5:colcon.colcon_core.verb:set package 'my_vision_msgs' build argument 'cmake_clean_first' from command line to 'False'
[0.383s] Level 5:colcon.colcon_core.verb:set package 'my_vision_msgs' build argument 'cmake_force_configure' from command line to 'False'
[0.383s] Level 5:colcon.colcon_core.verb:set package 'my_vision_msgs' build argument 'ament_cmake_args' from command line to 'None'
[0.383s] Level 5:colcon.colcon_core.verb:set package 'my_vision_msgs' build argument 'catkin_cmake_args' from command line to 'None'
[0.383s] Level 5:colcon.colcon_core.verb:set package 'my_vision_msgs' build argument 'catkin_skip_building_tests' from command line to 'False'
[0.383s] DEBUG:colcon.colcon_core.verb:Building package 'my_vision_msgs' with the following arguments: {'ament_cmake_args': None, 'build_base': '/home/gaga/sad_ws/build/my_vision_msgs', 'catkin_cmake_args': None, 'catkin_skip_building_tests': False, 'cmake_args': None, 'cmake_clean_cache': False, 'cmake_clean_first': False, 'cmake_force_configure': False, 'cmake_target': None, 'cmake_target_skip_unavailable': False, 'install_base': '/home/gaga/sad_ws/install/my_vision_msgs', 'merge_install': False, 'path': '/home/gaga/sad_ws/src/my_vision_msgs', 'symlink_install': False, 'test_result_base': None}
[0.383s] Level 5:colcon.colcon_core.verb:set package 'sad_pkg' build argument 'cmake_args' from command line to 'None'
[0.383s] Level 5:colcon.colcon_core.verb:set package 'sad_pkg' build argument 'cmake_target' from command line to 'None'
[0.383s] Level 5:colcon.colcon_core.verb:set package 'sad_pkg' build argument 'cmake_target_skip_unavailable' from command line to 'False'
[0.383s] Level 5:colcon.colcon_core.verb:set package 'sad_pkg' build argument 'cmake_clean_cache' from command line to 'False'
[0.383s] Level 5:colcon.colcon_core.verb:set package 'sad_pkg' build argument 'cmake_clean_first' from command line to 'False'
[0.383s] Level 5:colcon.colcon_core.verb:set package 'sad_pkg' build argument 'cmake_force_configure' from command line to 'False'
[0.383s] Level 5:colcon.colcon_core.verb:set package 'sad_pkg' build argument 'ament_cmake_args' from command line to 'None'
[0.383s] Level 5:colcon.colcon_core.verb:set package 'sad_pkg' build argument 'catkin_cmake_args' from command line to 'None'
[0.383s] Level 5:colcon.colcon_core.verb:set package 'sad_pkg' build argument 'catkin_skip_building_tests' from command line to 'False'
[0.383s] DEBUG:colcon.colcon_core.verb:Building package 'sad_pkg' with the following arguments: {'ament_cmake_args': None, 'build_base': '/home/gaga/sad_ws/build/sad_pkg', 'catkin_cmake_args': None, 'catkin_skip_building_tests': False, 'cmake_args': None, 'cmake_clean_cache': False, 'cmake_clean_first': False, 'cmake_force_configure': False, 'cmake_target': None, 'cmake_target_skip_unavailable': False, 'install_base': '/home/gaga/sad_ws/install/sad_pkg', 'merge_install': False, 'path': '/home/gaga/sad_ws/src/sad_pkg', 'symlink_install': False, 'test_result_base': None}
[0.383s] INFO:colcon.colcon_core.executor:Executing jobs using 'parallel' executor
[0.387s] DEBUG:colcon.colcon_parallel_executor.executor.parallel:run_until_complete
[0.387s] INFO:colcon.colcon_ros.task.ament_cmake.build:Building ROS package in '/home/gaga/sad_ws/src/my_vision_msgs' with build type 'ament_cmake'
[0.387s] INFO:colcon.colcon_cmake.task.cmake.build:Building CMake package in '/home/gaga/sad_ws/src/my_vision_msgs'
[0.390s] INFO:colcon.colcon_core.plugin_system:Skipping extension 'colcon_core.shell.bat': Not used on non-Windows systems
[0.390s] INFO:colcon.colcon_core.shell:Skip shell extension 'powershell' for command environment: Not usable outside of PowerShell
[0.390s] DEBUG:colcon.colcon_core.shell:Skip shell extension 'dsv' for command environment
[0.413s] INFO:colcon.colcon_ros.task.ament_cmake.build:Building ROS package in '/home/gaga/sad_ws/src/mani_urdf' with build type 'ament_cmake'
[0.413s] INFO:colcon.colcon_cmake.task.cmake.build:Building CMake package in '/home/gaga/sad_ws/src/mani_urdf'
[0.413s] INFO:colcon.colcon_core.shell:Skip shell extension 'powershell' for command environment: Not usable outside of PowerShell
[0.414s] DEBUG:colcon.colcon_core.shell:Skip shell extension 'dsv' for command environment
[0.435s] DEBUG:colcon.colcon_core.event_handler.log_command:Invoking command in '/home/gaga/sad_ws/build/my_vision_msgs': CMAKE_PREFIX_PATH=${CMAKE_PREFIX_PATH}:/home/gaga/turtlebot3_ws/install/turtlebot3_teleop:/home/gaga/turtlebot3_ws/install/turtlebot3_example:/opt/ros/humble /usr/bin/cmake --build /home/gaga/sad_ws/build/my_vision_msgs -- -j20 -l20
[0.441s] DEBUG:colcon.colcon_core.event_handler.log_command:Invoking command in '/home/gaga/sad_ws/build/mani_urdf': CMAKE_PREFIX_PATH=${CMAKE_PREFIX_PATH}:/home/gaga/turtlebot3_ws/install/turtlebot3_teleop:/home/gaga/turtlebot3_ws/install/turtlebot3_example:/opt/ros/humble /usr/bin/cmake --build /home/gaga/sad_ws/build/mani_urdf -- -j20 -l20
[0.507s] DEBUG:colcon.colcon_core.event_handler.log_command:Invoked command in '/home/gaga/sad_ws/build/mani_urdf' returned '0': CMAKE_PREFIX_PATH=${CMAKE_PREFIX_PATH}:/home/gaga/turtlebot3_ws/install/turtlebot3_teleop:/home/gaga/turtlebot3_ws/install/turtlebot3_example:/opt/ros/humble /usr/bin/cmake --build /home/gaga/sad_ws/build/mani_urdf -- -j20 -l20
[0.524s] DEBUG:colcon.colcon_core.event_handler.log_command:Invoking command in '/home/gaga/sad_ws/build/mani_urdf': CMAKE_PREFIX_PATH=${CMAKE_PREFIX_PATH}:/home/gaga/turtlebot3_ws/install/turtlebot3_teleop:/home/gaga/turtlebot3_ws/install/turtlebot3_example:/opt/ros/humble /usr/bin/cmake --install /home/gaga/sad_ws/build/mani_urdf
[0.547s] Level 1:colcon.colcon_core.environment:create_environment_scripts_only(mani_urdf)
[0.549s] DEBUG:colcon.colcon_core.event_handler.log_command:Invoked command in '/home/gaga/sad_ws/build/mani_urdf' returned '0': CMAKE_PREFIX_PATH=${CMAKE_PREFIX_PATH}:/home/gaga/turtlebot3_ws/install/turtlebot3_teleop:/home/gaga/turtlebot3_ws/install/turtlebot3_example:/opt/ros/humble /usr/bin/cmake --install /home/gaga/sad_ws/build/mani_urdf
[0.554s] Level 1:colcon.colcon_core.environment:checking '/home/gaga/sad_ws/install/mani_urdf' for CMake module files
[0.554s] Level 1:colcon.colcon_core.environment:checking '/home/gaga/sad_ws/install/mani_urdf' for CMake config files
[0.555s] Level 1:colcon.colcon_core.shell:create_environment_hook('mani_urdf', 'cmake_prefix_path')
[0.555s] INFO:colcon.colcon_core.shell:Creating environment hook '/home/gaga/sad_ws/install/mani_urdf/share/mani_urdf/hook/cmake_prefix_path.ps1'
[0.556s] INFO:colcon.colcon_core.shell:Creating environment descriptor '/home/gaga/sad_ws/install/mani_urdf/share/mani_urdf/hook/cmake_prefix_path.dsv'
[0.557s] INFO:colcon.colcon_core.shell:Creating environment hook '/home/gaga/sad_ws/install/mani_urdf/share/mani_urdf/hook/cmake_prefix_path.sh'
[0.561s] Level 1:colcon.colcon_core.environment:checking '/home/gaga/sad_ws/install/mani_urdf/bin'
[0.561s] Level 1:colcon.colcon_core.environment:checking '/home/gaga/sad_ws/install/mani_urdf/lib/pkgconfig/mani_urdf.pc'
[0.562s] Level 1:colcon.colcon_core.environment:checking '/home/gaga/sad_ws/install/mani_urdf/lib/python3.10/site-packages'
[0.562s] Level 1:colcon.colcon_core.environment:checking '/home/gaga/sad_ws/install/mani_urdf/bin'
[0.563s] INFO:colcon.colcon_core.shell:Creating package script '/home/gaga/sad_ws/install/mani_urdf/share/mani_urdf/package.ps1'
[0.564s] INFO:colcon.colcon_core.shell:Creating package descriptor '/home/gaga/sad_ws/install/mani_urdf/share/mani_urdf/package.dsv'
[0.564s] INFO:colcon.colcon_core.shell:Creating package script '/home/gaga/sad_ws/install/mani_urdf/share/mani_urdf/package.sh'
[0.565s] INFO:colcon.colcon_core.shell:Creating package script '/home/gaga/sad_ws/install/mani_urdf/share/mani_urdf/package.bash'
[0.566s] INFO:colcon.colcon_core.shell:Creating package script '/home/gaga/sad_ws/install/mani_urdf/share/mani_urdf/package.zsh'
[0.567s] Level 1:colcon.colcon_core.environment:create_file_with_runtime_dependencies(/home/gaga/sad_ws/install/mani_urdf/share/colcon-core/packages/mani_urdf)
[0.568s] Level 1:colcon.colcon_core.environment:create_environment_scripts_only(mani_urdf)
[0.569s] Level 1:colcon.colcon_core.environment:checking '/home/gaga/sad_ws/install/mani_urdf' for CMake module files
[0.569s] Level 1:colcon.colcon_core.environment:checking '/home/gaga/sad_ws/install/mani_urdf' for CMake config files
[0.569s] Level 1:colcon.colcon_core.shell:create_environment_hook('mani_urdf', 'cmake_prefix_path')
[0.570s] INFO:colcon.colcon_core.shell:Creating environment hook '/home/gaga/sad_ws/install/mani_urdf/share/mani_urdf/hook/cmake_prefix_path.ps1'
[0.570s] INFO:colcon.colcon_core.shell:Creating environment descriptor '/home/gaga/sad_ws/install/mani_urdf/share/mani_urdf/hook/cmake_prefix_path.dsv'
[0.570s] INFO:colcon.colcon_core.shell:Creating environment hook '/home/gaga/sad_ws/install/mani_urdf/share/mani_urdf/hook/cmake_prefix_path.sh'
[0.572s] Level 1:colcon.colcon_core.environment:checking '/home/gaga/sad_ws/install/mani_urdf/bin'
[0.572s] Level 1:colcon.colcon_core.environment:checking '/home/gaga/sad_ws/install/mani_urdf/lib/pkgconfig/mani_urdf.pc'
[0.572s] Level 1:colcon.colcon_core.environment:checking '/home/gaga/sad_ws/install/mani_urdf/lib/python3.10/site-packages'
[0.572s] Level 1:colcon.colcon_core.environment:checking '/home/gaga/sad_ws/install/mani_urdf/bin'
[0.573s] INFO:colcon.colcon_core.shell:Creating package script '/home/gaga/sad_ws/install/mani_urdf/share/mani_urdf/package.ps1'
[0.573s] INFO:colcon.colcon_core.shell:Creating package descriptor '/home/gaga/sad_ws/install/mani_urdf/share/mani_urdf/package.dsv'
[0.574s] INFO:colcon.colcon_core.shell:Creating package script '/home/gaga/sad_ws/install/mani_urdf/share/mani_urdf/package.sh'
[0.574s] INFO:colcon.colcon_core.shell:Creating package script '/home/gaga/sad_ws/install/mani_urdf/share/mani_urdf/package.bash'
[0.574s] INFO:colcon.colcon_core.shell:Creating package script '/home/gaga/sad_ws/install/mani_urdf/share/mani_urdf/package.zsh'
[0.575s] Level 1:colcon.colcon_core.environment:create_file_with_runtime_dependencies(/home/gaga/sad_ws/install/mani_urdf/share/colcon-core/packages/mani_urdf)
[0.969s] DEBUG:colcon.colcon_core.event_handler.log_command:Invoked command in '/home/gaga/sad_ws/build/my_vision_msgs' returned '0': CMAKE_PREFIX_PATH=${CMAKE_PREFIX_PATH}:/home/gaga/turtlebot3_ws/install/turtlebot3_teleop:/home/gaga/turtlebot3_ws/install/turtlebot3_example:/opt/ros/humble /usr/bin/cmake --build /home/gaga/sad_ws/build/my_vision_msgs -- -j20 -l20
[0.972s] DEBUG:colcon.colcon_core.event_handler.log_command:Invoking command in '/home/gaga/sad_ws/build/my_vision_msgs': CMAKE_PREFIX_PATH=${CMAKE_PREFIX_PATH}:/home/gaga/turtlebot3_ws/install/turtlebot3_teleop:/home/gaga/turtlebot3_ws/install/turtlebot3_example:/opt/ros/humble /usr/bin/cmake --install /home/gaga/sad_ws/build/my_vision_msgs
[1.046s] Level 1:colcon.colcon_core.environment:create_environment_scripts_only(my_vision_msgs)
[1.046s] Level 1:colcon.colcon_core.environment:checking '/home/gaga/sad_ws/install/my_vision_msgs' for CMake module files
[1.047s] DEBUG:colcon.colcon_core.event_handler.log_command:Invoked command in '/home/gaga/sad_ws/build/my_vision_msgs' returned '0': CMAKE_PREFIX_PATH=${CMAKE_PREFIX_PATH}:/home/gaga/turtlebot3_ws/install/turtlebot3_teleop:/home/gaga/turtlebot3_ws/install/turtlebot3_example:/opt/ros/humble /usr/bin/cmake --install /home/gaga/sad_ws/build/my_vision_msgs
[1.047s] Level 1:colcon.colcon_core.environment:checking '/home/gaga/sad_ws/install/my_vision_msgs' for CMake config files
[1.047s] Level 1:colcon.colcon_core.shell:create_environment_hook('my_vision_msgs', 'cmake_prefix_path')
[1.048s] INFO:colcon.colcon_core.shell:Creating environment hook '/home/gaga/sad_ws/install/my_vision_msgs/share/my_vision_msgs/hook/cmake_prefix_path.ps1'
[1.048s] INFO:colcon.colcon_core.shell:Creating environment descriptor '/home/gaga/sad_ws/install/my_vision_msgs/share/my_vision_msgs/hook/cmake_prefix_path.dsv'
[1.048s] INFO:colcon.colcon_core.shell:Creating environment hook '/home/gaga/sad_ws/install/my_vision_msgs/share/my_vision_msgs/hook/cmake_prefix_path.sh'
[1.049s] Level 1:colcon.colcon_core.environment:checking '/home/gaga/sad_ws/install/my_vision_msgs/lib'
[1.049s] Level 1:colcon.colcon_core.shell:create_environment_hook('my_vision_msgs', 'ld_library_path_lib')
[1.049s] INFO:colcon.colcon_core.shell:Creating environment hook '/home/gaga/sad_ws/install/my_vision_msgs/share/my_vision_msgs/hook/ld_library_path_lib.ps1'
[1.050s] INFO:colcon.colcon_core.shell:Creating environment descriptor '/home/gaga/sad_ws/install/my_vision_msgs/share/my_vision_msgs/hook/ld_library_path_lib.dsv'
[1.050s] INFO:colcon.colcon_core.shell:Creating environment hook '/home/gaga/sad_ws/install/my_vision_msgs/share/my_vision_msgs/hook/ld_library_path_lib.sh'
[1.050s] Level 1:colcon.colcon_core.environment:checking '/home/gaga/sad_ws/install/my_vision_msgs/bin'
[1.050s] Level 1:colcon.colcon_core.environment:checking '/home/gaga/sad_ws/install/my_vision_msgs/lib/pkgconfig/my_vision_msgs.pc'
[1.051s] Level 1:colcon.colcon_core.environment:checking '/home/gaga/sad_ws/install/my_vision_msgs/lib/python3.10/site-packages'
[1.051s] Level 1:colcon.colcon_core.environment:checking '/home/gaga/sad_ws/install/my_vision_msgs/bin'
[1.051s] INFO:colcon.colcon_core.shell:Creating package script '/home/gaga/sad_ws/install/my_vision_msgs/share/my_vision_msgs/package.ps1'
[1.052s] INFO:colcon.colcon_core.shell:Creating package descriptor '/home/gaga/sad_ws/install/my_vision_msgs/share/my_vision_msgs/package.dsv'
[1.052s] INFO:colcon.colcon_core.shell:Creating package script '/home/gaga/sad_ws/install/my_vision_msgs/share/my_vision_msgs/package.sh'
[1.053s] INFO:colcon.colcon_core.shell:Creating package script '/home/gaga/sad_ws/install/my_vision_msgs/share/my_vision_msgs/package.bash'
[1.053s] INFO:colcon.colcon_core.shell:Creating package script '/home/gaga/sad_ws/install/my_vision_msgs/share/my_vision_msgs/package.zsh'
[1.053s] Level 1:colcon.colcon_core.environment:create_file_with_runtime_dependencies(/home/gaga/sad_ws/install/my_vision_msgs/share/colcon-core/packages/my_vision_msgs)
[1.054s] Level 1:colcon.colcon_core.environment:create_environment_scripts_only(my_vision_msgs)
[1.054s] Level 1:colcon.colcon_core.environment:checking '/home/gaga/sad_ws/install/my_vision_msgs' for CMake module files
[1.055s] Level 1:colcon.colcon_core.environment:checking '/home/gaga/sad_ws/install/my_vision_msgs' for CMake config files
[1.055s] Level 1:colcon.colcon_core.shell:create_environment_hook('my_vision_msgs', 'cmake_prefix_path')
[1.055s] INFO:colcon.colcon_core.shell:Creating environment hook '/home/gaga/sad_ws/install/my_vision_msgs/share/my_vision_msgs/hook/cmake_prefix_path.ps1'
[1.056s] INFO:colcon.colcon_core.shell:Creating environment descriptor '/home/gaga/sad_ws/install/my_vision_msgs/share/my_vision_msgs/hook/cmake_prefix_path.dsv'
[1.056s] INFO:colcon.colcon_core.shell:Creating environment hook '/home/gaga/sad_ws/install/my_vision_msgs/share/my_vision_msgs/hook/cmake_prefix_path.sh'
[1.057s] Level 1:colcon.colcon_core.environment:checking '/home/gaga/sad_ws/install/my_vision_msgs/lib'
[1.057s] Level 1:colcon.colcon_core.shell:create_environment_hook('my_vision_msgs', 'ld_library_path_lib')
[1.057s] INFO:colcon.colcon_core.shell:Creating environment hook '/home/gaga/sad_ws/install/my_vision_msgs/share/my_vision_msgs/hook/ld_library_path_lib.ps1'
[1.057s] INFO:colcon.colcon_core.shell:Creating environment descriptor '/home/gaga/sad_ws/install/my_vision_msgs/share/my_vision_msgs/hook/ld_library_path_lib.dsv'
[1.057s] INFO:colcon.colcon_core.shell:Creating environment hook '/home/gaga/sad_ws/install/my_vision_msgs/share/my_vision_msgs/hook/ld_library_path_lib.sh'
[1.058s] Level 1:colcon.colcon_core.environment:checking '/home/gaga/sad_ws/install/my_vision_msgs/bin'
[1.058s] Level 1:colcon.colcon_core.environment:checking '/home/gaga/sad_ws/install/my_vision_msgs/lib/pkgconfig/my_vision_msgs.pc'
[1.058s] Level 1:colcon.colcon_core.environment:checking '/home/gaga/sad_ws/install/my_vision_msgs/lib/python3.10/site-packages'
[1.058s] Level 1:colcon.colcon_core.environment:checking '/home/gaga/sad_ws/install/my_vision_msgs/bin'
[1.058s] INFO:colcon.colcon_core.shell:Creating package script '/home/gaga/sad_ws/install/my_vision_msgs/share/my_vision_msgs/package.ps1'
[1.058s] INFO:colcon.colcon_core.shell:Creating package descriptor '/home/gaga/sad_ws/install/my_vision_msgs/share/my_vision_msgs/package.dsv'
[1.059s] INFO:colcon.colcon_core.shell:Creating package script '/home/gaga/sad_ws/install/my_vision_msgs/share/my_vision_msgs/package.sh'
[1.059s] INFO:colcon.colcon_core.shell:Creating package script '/home/gaga/sad_ws/install/my_vision_msgs/share/my_vision_msgs/package.bash'
[1.060s] INFO:colcon.colcon_core.shell:Creating package script '/home/gaga/sad_ws/install/my_vision_msgs/share/my_vision_msgs/package.zsh'
[1.060s] Level 1:colcon.colcon_core.environment:create_file_with_runtime_dependencies(/home/gaga/sad_ws/install/my_vision_msgs/share/colcon-core/packages/my_vision_msgs)
[1.060s] INFO:colcon.colcon_ros.task.ament_cmake.build:Building ROS package in '/home/gaga/sad_ws/src/sad_pkg' with build type 'ament_cmake'
[1.060s] INFO:colcon.colcon_cmake.task.cmake.build:Building CMake package in '/home/gaga/sad_ws/src/sad_pkg'
[1.060s] INFO:colcon.colcon_core.shell:Skip shell extension 'powershell' for command environment: Not usable outside of PowerShell
[1.060s] DEBUG:colcon.colcon_core.shell:Skip shell extension 'dsv' for command environment
[1.076s] DEBUG:colcon.colcon_core.event_handler.log_command:Invoking command in '/home/gaga/sad_ws/build/sad_pkg': CMAKE_PREFIX_PATH=/home/gaga/sad_ws/install/my_vision_msgs:/home/gaga/sad_ws/install:/home/gaga/sad_ws/install/sad_pkg:/home/gaga/sad_ws/install/mani_urdf:/home/gaga/turtlebot3_ws/install/turtlebot3:/home/gaga/turtlebot3_ws/install/turtlebot3_simulations:/home/gaga/turtlebot3_ws/install/turtlebot3_bringup:/home/gaga/turtlebot3_ws/install/turtlebot3_node:/home/gaga/turtlebot3_ws/install/turtlebot3_navigation2:/home/gaga/turtlebot3_ws/install/turtlebot3_fake_node:/home/gaga/turtlebot3_ws/install/robot_master:/home/gaga/turtlebot3_ws/install/turtlebot3_msgs:/home/gaga/turtlebot3_ws/install/turtlebot3_gazebo:/home/gaga/turtlebot3_ws/install/turtlebot3_description:/home/gaga/turtlebot3_ws/install/turtlebot3_cartographer:/home/gaga/turtlebot3_ws/install/robot_vision:/home/gaga/turtlebot3_ws/install/robot_navigation:/home/gaga/turtlebot3_ws/install/robot_msgs:/home/gaga/turtlebot3_ws/install/dynamixel_sdk_examples:/home/gaga/turtlebot3_ws/install/dynamixel_sdk_custom_interfaces:/home/gaga/turtlebot3_ws/install/dynamixel_sdk:/home/gaga/ssibal_ws/install/robot_msgs:/home/gaga/sad_ws/src/install/sad_pkg:/home/gaga/sad_ws/src/install/vision_msgs:/home/gaga/sad_ws/src/install/my_vision_msgs:/home/gaga/sad_ws/src/install/mani_urdf:/home/gaga/robotprograming_ws/install/rp_pkg:/home/gaga/rrt_ws/install/spline_interpolation:/home/gaga/rrt_ws/install/rrt_visualization:/home/gaga/rrt_ws/install/rrt_spline_pkg:/home/gaga/rrt_ws/install/my_rrt_pkg:/home/gaga/rrt_ws/install/mani_pkg:/home/gaga/turtlebot3_ws/install/turtlebot3_teleop:/home/gaga/turtlebot3_ws/install/turtlebot3_example:/opt/ros/humble /usr/bin/cmake --build /home/gaga/sad_ws/build/sad_pkg -- -j20 -l20
[16.652s] DEBUG:colcon.colcon_core.event_handler.log_command:Invoked command in '/home/gaga/sad_ws/build/sad_pkg' returned '0': CMAKE_PREFIX_PATH=/home/gaga/sad_ws/install/my_vision_msgs:/home/gaga/sad_ws/install:/home/gaga/sad_ws/install/sad_pkg:/home/gaga/sad_ws/install/mani_urdf:/home/gaga/turtlebot3_ws/install/turtlebot3:/home/gaga/turtlebot3_ws/install/turtlebot3_simulations:/home/gaga/turtlebot3_ws/install/turtlebot3_bringup:/home/gaga/turtlebot3_ws/install/turtlebot3_node:/home/gaga/turtlebot3_ws/install/turtlebot3_navigation2:/home/gaga/turtlebot3_ws/install/turtlebot3_fake_node:/home/gaga/turtlebot3_ws/install/robot_master:/home/gaga/turtlebot3_ws/install/turtlebot3_msgs:/home/gaga/turtlebot3_ws/install/turtlebot3_gazebo:/home/gaga/turtlebot3_ws/install/turtlebot3_description:/home/gaga/turtlebot3_ws/install/turtlebot3_cartographer:/home/gaga/turtlebot3_ws/install/robot_vision:/home/gaga/turtlebot3_ws/install/robot_navigation:/home/gaga/turtlebot3_ws/install/robot_msgs:/home/gaga/turtlebot3_ws/install/dynamixel_sdk_examples:/home/gaga/turtlebot3_ws/install/dynamixel_sdk_custom_interfaces:/home/gaga/turtlebot3_ws/install/dynamixel_sdk:/home/gaga/ssibal_ws/install/robot_msgs:/home/gaga/sad_ws/src/install/sad_pkg:/home/gaga/sad_ws/src/install/vision_msgs:/home/gaga/sad_ws/src/install/my_vision_msgs:/home/gaga/sad_ws/src/install/mani_urdf:/home/gaga/robotprograming_ws/install/rp_pkg:/home/gaga/rrt_ws/install/spline_interpolation:/home/gaga/rrt_ws/install/rrt_visualization:/home/gaga/rrt_ws/install/rrt_spline_pkg:/home/gaga/rrt_ws/install/my_rrt_pkg:/home/gaga/rrt_ws/install/mani_pkg:/home/gaga/turtlebot3_ws/install/turtlebot3_teleop:/home/gaga/turtlebot3_ws/install/turtlebot3_example:/opt/ros/humble /usr/bin/cmake --build /home/gaga/sad_ws/build/sad_pkg -- -j20 -l20
[16.656s] DEBUG:colcon.colcon_core.event_handler.log_command:Invoking command in '/home/gaga/sad_ws/build/sad_pkg': CMAKE_PREFIX_PATH=/home/gaga/sad_ws/install/my_vision_msgs:/home/gaga/sad_ws/install:/home/gaga/sad_ws/install/sad_pkg:/home/gaga/sad_ws/install/mani_urdf:/home/gaga/turtlebot3_ws/install/turtlebot3:/home/gaga/turtlebot3_ws/install/turtlebot3_simulations:/home/gaga/turtlebot3_ws/install/turtlebot3_bringup:/home/gaga/turtlebot3_ws/install/turtlebot3_node:/home/gaga/turtlebot3_ws/install/turtlebot3_navigation2:/home/gaga/turtlebot3_ws/install/turtlebot3_fake_node:/home/gaga/turtlebot3_ws/install/robot_master:/home/gaga/turtlebot3_ws/install/turtlebot3_msgs:/home/gaga/turtlebot3_ws/install/turtlebot3_gazebo:/home/gaga/turtlebot3_ws/install/turtlebot3_description:/home/gaga/turtlebot3_ws/install/turtlebot3_cartographer:/home/gaga/turtlebot3_ws/install/robot_vision:/home/gaga/turtlebot3_ws/install/robot_navigation:/home/gaga/turtlebot3_ws/install/robot_msgs:/home/gaga/turtlebot3_ws/install/dynamixel_sdk_examples:/home/gaga/turtlebot3_ws/install/dynamixel_sdk_custom_interfaces:/home/gaga/turtlebot3_ws/install/dynamixel_sdk:/home/gaga/ssibal_ws/install/robot_msgs:/home/gaga/sad_ws/src/install/sad_pkg:/home/gaga/sad_ws/src/install/vision_msgs:/home/gaga/sad_ws/src/install/my_vision_msgs:/home/gaga/sad_ws/src/install/mani_urdf:/home/gaga/robotprograming_ws/install/rp_pkg:/home/gaga/rrt_ws/install/spline_interpolation:/home/gaga/rrt_ws/install/rrt_visualization:/home/gaga/rrt_ws/install/rrt_spline_pkg:/home/gaga/rrt_ws/install/my_rrt_pkg:/home/gaga/rrt_ws/install/mani_pkg:/home/gaga/turtlebot3_ws/install/turtlebot3_teleop:/home/gaga/turtlebot3_ws/install/turtlebot3_example:/opt/ros/humble /usr/bin/cmake --install /home/gaga/sad_ws/build/sad_pkg
[16.696s] Level 1:colcon.colcon_core.environment:create_environment_scripts_only(sad_pkg)
[16.697s] Level 1:colcon.colcon_core.environment:checking '/home/gaga/sad_ws/install/sad_pkg' for CMake module files
[16.697s] DEBUG:colcon.colcon_core.event_handler.log_command:Invoked command in '/home/gaga/sad_ws/build/sad_pkg' returned '0': CMAKE_PREFIX_PATH=/home/gaga/sad_ws/install/my_vision_msgs:/home/gaga/sad_ws/install:/home/gaga/sad_ws/install/sad_pkg:/home/gaga/sad_ws/install/mani_urdf:/home/gaga/turtlebot3_ws/install/turtlebot3:/home/gaga/turtlebot3_ws/install/turtlebot3_simulations:/home/gaga/turtlebot3_ws/install/turtlebot3_bringup:/home/gaga/turtlebot3_ws/install/turtlebot3_node:/home/gaga/turtlebot3_ws/install/turtlebot3_navigation2:/home/gaga/turtlebot3_ws/install/turtlebot3_fake_node:/home/gaga/turtlebot3_ws/install/robot_master:/home/gaga/turtlebot3_ws/install/turtlebot3_msgs:/home/gaga/turtlebot3_ws/install/turtlebot3_gazebo:/home/gaga/turtlebot3_ws/install/turtlebot3_description:/home/gaga/turtlebot3_ws/install/turtlebot3_cartographer:/home/gaga/turtlebot3_ws/install/robot_vision:/home/gaga/turtlebot3_ws/install/robot_navigation:/home/gaga/turtlebot3_ws/install/robot_msgs:/home/gaga/turtlebot3_ws/install/dynamixel_sdk_examples:/home/gaga/turtlebot3_ws/install/dynamixel_sdk_custom_interfaces:/home/gaga/turtlebot3_ws/install/dynamixel_sdk:/home/gaga/ssibal_ws/install/robot_msgs:/home/gaga/sad_ws/src/install/sad_pkg:/home/gaga/sad_ws/src/install/vision_msgs:/home/gaga/sad_ws/src/install/my_vision_msgs:/home/gaga/sad_ws/src/install/mani_urdf:/home/gaga/robotprograming_ws/install/rp_pkg:/home/gaga/rrt_ws/install/spline_interpolation:/home/gaga/rrt_ws/install/rrt_visualization:/home/gaga/rrt_ws/install/rrt_spline_pkg:/home/gaga/rrt_ws/install/my_rrt_pkg:/home/gaga/rrt_ws/install/mani_pkg:/home/gaga/turtlebot3_ws/install/turtlebot3_teleop:/home/gaga/turtlebot3_ws/install/turtlebot3_example:/opt/ros/humble /usr/bin/cmake --install /home/gaga/sad_ws/build/sad_pkg
[16.698s] Level 1:colcon.colcon_core.environment:checking '/home/gaga/sad_ws/install/sad_pkg' for CMake config files
[16.698s] Level 1:colcon.colcon_core.shell:create_environment_hook('sad_pkg', 'cmake_prefix_path')
[16.698s] INFO:colcon.colcon_core.shell:Creating environment hook '/home/gaga/sad_ws/install/sad_pkg/share/sad_pkg/hook/cmake_prefix_path.ps1'
[16.699s] INFO:colcon.colcon_core.shell:Creating environment descriptor '/home/gaga/sad_ws/install/sad_pkg/share/sad_pkg/hook/cmake_prefix_path.dsv'
[16.700s] INFO:colcon.colcon_core.shell:Creating environment hook '/home/gaga/sad_ws/install/sad_pkg/share/sad_pkg/hook/cmake_prefix_path.sh'
[16.701s] Level 1:colcon.colcon_core.environment:checking '/home/gaga/sad_ws/install/sad_pkg/lib'
[16.701s] Level 1:colcon.colcon_core.environment:checking '/home/gaga/sad_ws/install/sad_pkg/bin'
[16.701s] Level 1:colcon.colcon_core.environment:checking '/home/gaga/sad_ws/install/sad_pkg/lib/pkgconfig/sad_pkg.pc'
[16.702s] Level 1:colcon.colcon_core.environment:checking '/home/gaga/sad_ws/install/sad_pkg/lib/python3.10/site-packages'
[16.702s] Level 1:colcon.colcon_core.environment:checking '/home/gaga/sad_ws/install/sad_pkg/bin'
[16.702s] INFO:colcon.colcon_core.shell:Creating package script '/home/gaga/sad_ws/install/sad_pkg/share/sad_pkg/package.ps1'
[16.703s] INFO:colcon.colcon_core.shell:Creating package descriptor '/home/gaga/sad_ws/install/sad_pkg/share/sad_pkg/package.dsv'
[16.703s] INFO:colcon.colcon_core.shell:Creating package script '/home/gaga/sad_ws/install/sad_pkg/share/sad_pkg/package.sh'
[16.703s] INFO:colcon.colcon_core.shell:Creating package script '/home/gaga/sad_ws/install/sad_pkg/share/sad_pkg/package.bash'
[16.704s] INFO:colcon.colcon_core.shell:Creating package script '/home/gaga/sad_ws/install/sad_pkg/share/sad_pkg/package.zsh'
[16.704s] Level 1:colcon.colcon_core.environment:create_file_with_runtime_dependencies(/home/gaga/sad_ws/install/sad_pkg/share/colcon-core/packages/sad_pkg)
[16.705s] Level 1:colcon.colcon_core.environment:create_environment_scripts_only(sad_pkg)
[16.705s] Level 1:colcon.colcon_core.environment:checking '/home/gaga/sad_ws/install/sad_pkg' for CMake module files
[16.705s] Level 1:colcon.colcon_core.environment:checking '/home/gaga/sad_ws/install/sad_pkg' for CMake config files
[16.706s] Level 1:colcon.colcon_core.shell:create_environment_hook('sad_pkg', 'cmake_prefix_path')
[16.706s] INFO:colcon.colcon_core.shell:Creating environment hook '/home/gaga/sad_ws/install/sad_pkg/share/sad_pkg/hook/cmake_prefix_path.ps1'
[16.706s] INFO:colcon.colcon_core.shell:Creating environment descriptor '/home/gaga/sad_ws/install/sad_pkg/share/sad_pkg/hook/cmake_prefix_path.dsv'
[16.706s] INFO:colcon.colcon_core.shell:Creating environment hook '/home/gaga/sad_ws/install/sad_pkg/share/sad_pkg/hook/cmake_prefix_path.sh'
[16.707s] Level 1:colcon.colcon_core.environment:checking '/home/gaga/sad_ws/install/sad_pkg/lib'
[16.707s] Level 1:colcon.colcon_core.environment:checking '/home/gaga/sad_ws/install/sad_pkg/bin'
[16.707s] Level 1:colcon.colcon_core.environment:checking '/home/gaga/sad_ws/install/sad_pkg/lib/pkgconfig/sad_pkg.pc'
[16.707s] Level 1:colcon.colcon_core.environment:checking '/home/gaga/sad_ws/install/sad_pkg/lib/python3.10/site-packages'
[16.707s] Level 1:colcon.colcon_core.environment:checking '/home/gaga/sad_ws/install/sad_pkg/bin'
[16.707s] INFO:colcon.colcon_core.shell:Creating package script '/home/gaga/sad_ws/install/sad_pkg/share/sad_pkg/package.ps1'
[16.708s] INFO:colcon.colcon_core.shell:Creating package descriptor '/home/gaga/sad_ws/install/sad_pkg/share/sad_pkg/package.dsv'
[16.708s] INFO:colcon.colcon_core.shell:Creating package script '/home/gaga/sad_ws/install/sad_pkg/share/sad_pkg/package.sh'
[16.708s] INFO:colcon.colcon_core.shell:Creating package script '/home/gaga/sad_ws/install/sad_pkg/share/sad_pkg/package.bash'
[16.708s] INFO:colcon.colcon_core.shell:Creating package script '/home/gaga/sad_ws/install/sad_pkg/share/sad_pkg/package.zsh'
[16.709s] Level 1:colcon.colcon_core.environment:create_file_with_runtime_dependencies(/home/gaga/sad_ws/install/sad_pkg/share/colcon-core/packages/sad_pkg)
[16.709s] DEBUG:colcon.colcon_parallel_executor.executor.parallel:closing loop
[16.709s] DEBUG:colcon.colcon_parallel_executor.executor.parallel:loop closed
[16.709s] DEBUG:colcon.colcon_parallel_executor.executor.parallel:run_until_complete finished with '0'
[16.709s] DEBUG:colcon.colcon_core.event_reactor:joining thread
[16.716s] INFO:colcon.colcon_core.plugin_system:Skipping extension 'colcon_notification.desktop_notification.terminal_notifier': Not used on non-Darwin systems
[16.716s] INFO:colcon.colcon_core.plugin_system:Skipping extension 'colcon_notification.desktop_notification.win32': Not used on non-Windows systems
[16.716s] INFO:colcon.colcon_notification.desktop_notification:Sending desktop notification using 'notify2'
[16.730s] DEBUG:colcon.colcon_core.event_reactor:joined thread
[16.731s] INFO:colcon.colcon_core.shell:Creating prefix script '/home/gaga/sad_ws/install/local_setup.ps1'
[16.732s] INFO:colcon.colcon_core.shell:Creating prefix util module '/home/gaga/sad_ws/install/_local_setup_util_ps1.py'
[16.734s] INFO:colcon.colcon_core.shell:Creating prefix chain script '/home/gaga/sad_ws/install/setup.ps1'
[16.735s] INFO:colcon.colcon_core.shell:Creating prefix script '/home/gaga/sad_ws/install/local_setup.sh'
[16.736s] INFO:colcon.colcon_core.shell:Creating prefix util module '/home/gaga/sad_ws/install/_local_setup_util_sh.py'
[16.736s] INFO:colcon.colcon_core.shell:Creating prefix chain script '/home/gaga/sad_ws/install/setup.sh'
[16.738s] INFO:colcon.colcon_core.shell:Creating prefix script '/home/gaga/sad_ws/install/local_setup.bash'
[16.739s] INFO:colcon.colcon_core.shell:Creating prefix chain script '/home/gaga/sad_ws/install/setup.bash'
[16.740s] INFO:colcon.colcon_core.shell:Creating prefix script '/home/gaga/sad_ws/install/local_setup.zsh'
[16.740s] INFO:colcon.colcon_core.shell:Creating prefix chain script '/home/gaga/sad_ws/install/setup.zsh'
