[0.059s] DEBUG:colcon:Command line arguments: ['/usr/bin/colcon', 'build']
[0.059s] DEBUG:colcon:Parsed command line arguments: Namespace(log_base=None, log_level=None, verb_name='build', build_base='build', install_base='install', merge_install=False, symlink_install=False, test_result_base=None, continue_on_error=False, executor='parallel', parallel_workers=20, event_handlers=None, ignore_user_meta=False, metas=['./colcon.meta'], base_paths=['.'], packages_ignore=None, packages_ignore_regex=None, paths=None, packages_up_to=None, packages_up_to_regex=None, packages_above=None, packages_above_and_dependencies=None, packages_above_depth=None, packages_select_by_dep=None, packages_skip_by_dep=None, packages_skip_up_to=None, packages_select_build_failed=False, packages_skip_build_finished=False, packages_select_test_failures=False, packages_skip_test_passed=False, packages_select=None, packages_skip=None, packages_select_regex=None, packages_skip_regex=None, packages_start=None, packages_end=None, allow_overriding=[], cmake_args=None, cmake_target=None, cmake_target_skip_unavailable=False, cmake_clean_cache=False, cmake_clean_first=False, cmake_force_configure=False, ament_cmake_args=None, catkin_cmake_args=None, catkin_skip_building_tests=False, mixin_files=None, mixin=None, verb_parser=<colcon_mixin.mixin.mixin_argument.MixinArgumentDecorator object at 0x774b6f145030>, verb_extension=<colcon_core.verb.build.BuildVerb object at 0x774b6f144a60>, main=<bound method BuildVerb.main of <colcon_core.verb.build.BuildVerb object at 0x774b6f144a60>>, mixin_verb=('build',))
[0.146s] Level 1:colcon.colcon_core.package_discovery:discover_packages(colcon_meta) check parameters
[0.146s] Level 1:colcon.colcon_core.package_discovery:discover_packages(recursive) check parameters
[0.146s] Level 1:colcon.colcon_core.package_discovery:discover_packages(ignore) check parameters
[0.146s] Level 1:colcon.colcon_core.package_discovery:discover_packages(path) check parameters
[0.146s] Level 1:colcon.colcon_core.package_discovery:discover_packages(colcon_meta) discover
[0.146s] Level 1:colcon.colcon_core.package_discovery:discover_packages(recursive) discover
[0.146s] INFO:colcon.colcon_core.package_discovery:Crawling recursively for packages in '/home/gaga/sad_ws'
[0.146s] Level 1:colcon.colcon_core.package_identification:_identify(.) by extensions ['ignore', 'ignore_ament_install']
[0.146s] Level 1:colcon.colcon_core.package_identification:_identify(.) by extension 'ignore'
[0.146s] Level 1:colcon.colcon_core.package_identification:_identify(.) by extension 'ignore_ament_install'
[0.146s] Level 1:colcon.colcon_core.package_identification:_identify(.) by extensions ['colcon_pkg']
[0.146s] Level 1:colcon.colcon_core.package_identification:_identify(.) by extension 'colcon_pkg'
[0.146s] Level 1:colcon.colcon_core.package_identification:_identify(.) by extensions ['colcon_meta']
[0.146s] Level 1:colcon.colcon_core.package_identification:_identify(.) by extension 'colcon_meta'
[0.146s] Level 1:colcon.colcon_core.package_identification:_identify(.) by extensions ['ros']
[0.146s] Level 1:colcon.colcon_core.package_identification:_identify(.) by extension 'ros'
[0.152s] Level 1:colcon.colcon_core.package_identification:_identify(.) by extensions ['cmake', 'python']
[0.152s] Level 1:colcon.colcon_core.package_identification:_identify(.) by extension 'cmake'
[0.152s] Level 1:colcon.colcon_core.package_identification:_identify(.) by extension 'python'
[0.152s] Level 1:colcon.colcon_core.package_identification:_identify(.) by extensions ['python_setup_py']
[0.152s] Level 1:colcon.colcon_core.package_identification:_identify(.) by extension 'python_setup_py'
[0.152s] Level 1:colcon.colcon_core.package_identification:_identify(build) by extensions ['ignore', 'ignore_ament_install']
[0.152s] Level 1:colcon.colcon_core.package_identification:_identify(build) by extension 'ignore'
[0.152s] Level 1:colcon.colcon_core.package_identification:_identify(build) ignored
[0.152s] Level 1:colcon.colcon_core.package_identification:_identify(install) by extensions ['ignore', 'ignore_ament_install']
[0.152s] Level 1:colcon.colcon_core.package_identification:_identify(install) by extension 'ignore'
[0.152s] Level 1:colcon.colcon_core.package_identification:_identify(install) ignored
[0.153s] Level 1:colcon.colcon_core.package_identification:_identify(log) by extensions ['ignore', 'ignore_ament_install']
[0.153s] Level 1:colcon.colcon_core.package_identification:_identify(log) by extension 'ignore'
[0.153s] Level 1:colcon.colcon_core.package_identification:_identify(log) ignored
[0.153s] Level 1:colcon.colcon_core.package_identification:_identify(src) by extensions ['ignore', 'ignore_ament_install']
[0.153s] Level 1:colcon.colcon_core.package_identification:_identify(src) by extension 'ignore'
[0.153s] Level 1:colcon.colcon_core.package_identification:_identify(src) by extension 'ignore_ament_install'
[0.153s] Level 1:colcon.colcon_core.package_identification:_identify(src) by extensions ['colcon_pkg']
[0.153s] Level 1:colcon.colcon_core.package_identification:_identify(src) by extension 'colcon_pkg'
[0.153s] Level 1:colcon.colcon_core.package_identification:_identify(src) by extensions ['colcon_meta']
[0.153s] Level 1:colcon.colcon_core.package_identification:_identify(src) by extension 'colcon_meta'
[0.153s] Level 1:colcon.colcon_core.package_identification:_identify(src) by extensions ['ros']
[0.153s] Level 1:colcon.colcon_core.package_identification:_identify(src) by extension 'ros'
[0.153s] Level 1:colcon.colcon_core.package_identification:_identify(src) by extensions ['cmake', 'python']
[0.153s] Level 1:colcon.colcon_core.package_identification:_identify(src) by extension 'cmake'
[0.153s] Level 1:colcon.colcon_core.package_identification:_identify(src) by extension 'python'
[0.153s] Level 1:colcon.colcon_core.package_identification:_identify(src) by extensions ['python_setup_py']
[0.153s] Level 1:colcon.colcon_core.package_identification:_identify(src) by extension 'python_setup_py'
[0.153s] Level 1:colcon.colcon_core.package_identification:_identify(src/build) by extensions ['ignore', 'ignore_ament_install']
[0.153s] Level 1:colcon.colcon_core.package_identification:_identify(src/build) by extension 'ignore'
[0.153s] Level 1:colcon.colcon_core.package_identification:_identify(src/build) ignored
[0.153s] Level 1:colcon.colcon_core.package_identification:_identify(src/install) by extensions ['ignore', 'ignore_ament_install']
[0.153s] Level 1:colcon.colcon_core.package_identification:_identify(src/install) by extension 'ignore'
[0.153s] Level 1:colcon.colcon_core.package_identification:_identify(src/install) ignored
[0.154s] Level 1:colcon.colcon_core.package_identification:_identify(src/log) by extensions ['ignore', 'ignore_ament_install']
[0.154s] Level 1:colcon.colcon_core.package_identification:_identify(src/log) by extension 'ignore'
[0.154s] Level 1:colcon.colcon_core.package_identification:_identify(src/log) ignored
[0.154s] Level 1:colcon.colcon_core.package_identification:_identify(src/mani_urdf) by extensions ['ignore', 'ignore_ament_install']
[0.154s] Level 1:colcon.colcon_core.package_identification:_identify(src/mani_urdf) by extension 'ignore'
[0.154s] Level 1:colcon.colcon_core.package_identification:_identify(src/mani_urdf) by extension 'ignore_ament_install'
[0.154s] Level 1:colcon.colcon_core.package_identification:_identify(src/mani_urdf) by extensions ['colcon_pkg']
[0.154s] Level 1:colcon.colcon_core.package_identification:_identify(src/mani_urdf) by extension 'colcon_pkg'
[0.154s] Level 1:colcon.colcon_core.package_identification:_identify(src/mani_urdf) by extensions ['colcon_meta']
[0.154s] Level 1:colcon.colcon_core.package_identification:_identify(src/mani_urdf) by extension 'colcon_meta'
[0.154s] Level 1:colcon.colcon_core.package_identification:_identify(src/mani_urdf) by extensions ['ros']
[0.154s] Level 1:colcon.colcon_core.package_identification:_identify(src/mani_urdf) by extension 'ros'
[0.155s] DEBUG:colcon.colcon_core.package_identification:Package 'src/mani_urdf' with type 'ros.ament_cmake' and name 'mani_urdf'
[0.155s] Level 1:colcon.colcon_core.package_identification:_identify(src/my_vision_msgs) by extensions ['ignore', 'ignore_ament_install']
[0.155s] Level 1:colcon.colcon_core.package_identification:_identify(src/my_vision_msgs) by extension 'ignore'
[0.155s] Level 1:colcon.colcon_core.package_identification:_identify(src/my_vision_msgs) by extension 'ignore_ament_install'
[0.155s] Level 1:colcon.colcon_core.package_identification:_identify(src/my_vision_msgs) by extensions ['colcon_pkg']
[0.155s] Level 1:colcon.colcon_core.package_identification:_identify(src/my_vision_msgs) by extension 'colcon_pkg'
[0.155s] Level 1:colcon.colcon_core.package_identification:_identify(src/my_vision_msgs) by extensions ['colcon_meta']
[0.155s] Level 1:colcon.colcon_core.package_identification:_identify(src/my_vision_msgs) by extension 'colcon_meta'
[0.155s] Level 1:colcon.colcon_core.package_identification:_identify(src/my_vision_msgs) by extensions ['ros']
[0.155s] Level 1:colcon.colcon_core.package_identification:_identify(src/my_vision_msgs) by extension 'ros'
[0.155s] DEBUG:colcon.colcon_core.package_identification:Package 'src/my_vision_msgs' with type 'ros.ament_cmake' and name 'my_vision_msgs'
[0.156s] Level 1:colcon.colcon_core.package_identification:_identify(src/sad_pkg) by extensions ['ignore', 'ignore_ament_install']
[0.156s] Level 1:colcon.colcon_core.package_identification:_identify(src/sad_pkg) by extension 'ignore'
[0.156s] Level 1:colcon.colcon_core.package_identification:_identify(src/sad_pkg) by extension 'ignore_ament_install'
[0.156s] Level 1:colcon.colcon_core.package_identification:_identify(src/sad_pkg) by extensions ['colcon_pkg']
[0.156s] Level 1:colcon.colcon_core.package_identification:_identify(src/sad_pkg) by extension 'colcon_pkg'
[0.156s] Level 1:colcon.colcon_core.package_identification:_identify(src/sad_pkg) by extensions ['colcon_meta']
[0.156s] Level 1:colcon.colcon_core.package_identification:_identify(src/sad_pkg) by extension 'colcon_meta'
[0.156s] Level 1:colcon.colcon_core.package_identification:_identify(src/sad_pkg) by extensions ['ros']
[0.156s] Level 1:colcon.colcon_core.package_identification:_identify(src/sad_pkg) by extension 'ros'
[0.157s] DEBUG:colcon.colcon_core.package_identification:Package 'src/sad_pkg' with type 'ros.ament_cmake' and name 'sad_pkg'
[0.157s] Level 1:colcon.colcon_core.package_identification:_identify(src/serial) by extensions ['ignore', 'ignore_ament_install']
[0.157s] Level 1:colcon.colcon_core.package_identification:_identify(src/serial) by extension 'ignore'
[0.157s] Level 1:colcon.colcon_core.package_identification:_identify(src/serial) by extension 'ignore_ament_install'
[0.157s] Level 1:colcon.colcon_core.package_identification:_identify(src/serial) by extensions ['colcon_pkg']
[0.157s] Level 1:colcon.colcon_core.package_identification:_identify(src/serial) by extension 'colcon_pkg'
[0.157s] Level 1:colcon.colcon_core.package_identification:_identify(src/serial) by extensions ['colcon_meta']
[0.157s] Level 1:colcon.colcon_core.package_identification:_identify(src/serial) by extension 'colcon_meta'
[0.157s] Level 1:colcon.colcon_core.package_identification:_identify(src/serial) by extensions ['ros']
[0.157s] Level 1:colcon.colcon_core.package_identification:_identify(src/serial) by extension 'ros'
[0.157s] DEBUG:colcon.colcon_core.package_identification:Package 'src/serial' with type 'ros.catkin' and name 'serial'
[0.158s] Level 1:colcon.colcon_core.package_discovery:discover_packages(recursive) using defaults
[0.158s] Level 1:colcon.colcon_core.package_discovery:discover_packages(ignore) discover
[0.158s] Level 1:colcon.colcon_core.package_discovery:discover_packages(ignore) using defaults
[0.158s] Level 1:colcon.colcon_core.package_discovery:discover_packages(path) discover
[0.158s] Level 1:colcon.colcon_core.package_discovery:discover_packages(path) using defaults
[0.173s] Level 1:colcon.colcon_core.package_discovery:discover_packages(prefix_path) check parameters
[0.173s] Level 1:colcon.colcon_core.package_discovery:discover_packages(prefix_path) discover
[0.175s] DEBUG:colcon.colcon_installed_package_information.package_discovery:Found 4 installed packages in /home/gaga/sad_ws/install
[0.175s] DEBUG:colcon.colcon_installed_package_information.package_discovery:Found 19 installed packages in /home/gaga/turtlebot3_ws/install
[0.175s] DEBUG:colcon.colcon_installed_package_information.package_discovery:Found 3 installed packages in /home/gaga/ssibal_ws/install
[0.176s] DEBUG:colcon.colcon_installed_package_information.package_discovery:Found 5 installed packages in /home/gaga/sad_ws/src/install
[0.176s] DEBUG:colcon.colcon_installed_package_information.package_discovery:Found 1 installed packages in /home/gaga/robotprograming_ws/install
[0.176s] DEBUG:colcon.colcon_installed_package_information.package_discovery:Found 1 installed packages in /home/gaga/sad_ws/src/sad_pkg/install
[0.177s] DEBUG:colcon.colcon_installed_package_information.package_discovery:Found 425 installed packages in /opt/ros/humble
[0.178s] Level 1:colcon.colcon_core.package_discovery:discover_packages(prefix_path) using defaults
[0.203s] Level 5:colcon.colcon_core.verb:set package 'mani_urdf' build argument 'cmake_args' from command line to 'None'
[0.203s] Level 5:colcon.colcon_core.verb:set package 'mani_urdf' build argument 'cmake_target' from command line to 'None'
[0.203s] Level 5:colcon.colcon_core.verb:set package 'mani_urdf' build argument 'cmake_target_skip_unavailable' from command line to 'False'
[0.203s] Level 5:colcon.colcon_core.verb:set package 'mani_urdf' build argument 'cmake_clean_cache' from command line to 'False'
[0.203s] Level 5:colcon.colcon_core.verb:set package 'mani_urdf' build argument 'cmake_clean_first' from command line to 'False'
[0.203s] Level 5:colcon.colcon_core.verb:set package 'mani_urdf' build argument 'cmake_force_configure' from command line to 'False'
[0.203s] Level 5:colcon.colcon_core.verb:set package 'mani_urdf' build argument 'ament_cmake_args' from command line to 'None'
[0.203s] Level 5:colcon.colcon_core.verb:set package 'mani_urdf' build argument 'catkin_cmake_args' from command line to 'None'
[0.203s] Level 5:colcon.colcon_core.verb:set package 'mani_urdf' build argument 'catkin_skip_building_tests' from command line to 'False'
[0.203s] DEBUG:colcon.colcon_core.verb:Building package 'mani_urdf' with the following arguments: {'ament_cmake_args': None, 'build_base': '/home/gaga/sad_ws/build/mani_urdf', 'catkin_cmake_args': None, 'catkin_skip_building_tests': False, 'cmake_args': None, 'cmake_clean_cache': False, 'cmake_clean_first': False, 'cmake_force_configure': False, 'cmake_target': None, 'cmake_target_skip_unavailable': False, 'install_base': '/home/gaga/sad_ws/install/mani_urdf', 'merge_install': False, 'path': '/home/gaga/sad_ws/src/mani_urdf', 'symlink_install': False, 'test_result_base': None}
[0.203s] Level 5:colcon.colcon_core.verb:set package 'my_vision_msgs' build argument 'cmake_args' from command line to 'None'
[0.203s] Level 5:colcon.colcon_core.verb:set package 'my_vision_msgs' build argument 'cmake_target' from command line to 'None'
[0.203s] Level 5:colcon.colcon_core.verb:set package 'my_vision_msgs' build argument 'cmake_target_skip_unavailable' from command line to 'False'
[0.203s] Level 5:colcon.colcon_core.verb:set package 'my_vision_msgs' build argument 'cmake_clean_cache' from command line to 'False'
[0.203s] Level 5:colcon.colcon_core.verb:set package 'my_vision_msgs' build argument 'cmake_clean_first' from command line to 'False'
[0.203s] Level 5:colcon.colcon_core.verb:set package 'my_vision_msgs' build argument 'cmake_force_configure' from command line to 'False'
[0.203s] Level 5:colcon.colcon_core.verb:set package 'my_vision_msgs' build argument 'ament_cmake_args' from command line to 'None'
[0.203s] Level 5:colcon.colcon_core.verb:set package 'my_vision_msgs' build argument 'catkin_cmake_args' from command line to 'None'
[0.203s] Level 5:colcon.colcon_core.verb:set package 'my_vision_msgs' build argument 'catkin_skip_building_tests' from command line to 'False'
[0.203s] DEBUG:colcon.colcon_core.verb:Building package 'my_vision_msgs' with the following arguments: {'ament_cmake_args': None, 'build_base': '/home/gaga/sad_ws/build/my_vision_msgs', 'catkin_cmake_args': None, 'catkin_skip_building_tests': False, 'cmake_args': None, 'cmake_clean_cache': False, 'cmake_clean_first': False, 'cmake_force_configure': False, 'cmake_target': None, 'cmake_target_skip_unavailable': False, 'install_base': '/home/gaga/sad_ws/install/my_vision_msgs', 'merge_install': False, 'path': '/home/gaga/sad_ws/src/my_vision_msgs', 'symlink_install': False, 'test_result_base': None}
[0.203s] Level 5:colcon.colcon_core.verb:set package 'serial' build argument 'cmake_args' from command line to 'None'
[0.203s] Level 5:colcon.colcon_core.verb:set package 'serial' build argument 'cmake_target' from command line to 'None'
[0.203s] Level 5:colcon.colcon_core.verb:set package 'serial' build argument 'cmake_target_skip_unavailable' from command line to 'False'
[0.203s] Level 5:colcon.colcon_core.verb:set package 'serial' build argument 'cmake_clean_cache' from command line to 'False'
[0.203s] Level 5:colcon.colcon_core.verb:set package 'serial' build argument 'cmake_clean_first' from command line to 'False'
[0.203s] Level 5:colcon.colcon_core.verb:set package 'serial' build argument 'cmake_force_configure' from command line to 'False'
[0.203s] Level 5:colcon.colcon_core.verb:set package 'serial' build argument 'ament_cmake_args' from command line to 'None'
[0.203s] Level 5:colcon.colcon_core.verb:set package 'serial' build argument 'catkin_cmake_args' from command line to 'None'
[0.203s] Level 5:colcon.colcon_core.verb:set package 'serial' build argument 'catkin_skip_building_tests' from command line to 'False'
[0.203s] DEBUG:colcon.colcon_core.verb:Building package 'serial' with the following arguments: {'ament_cmake_args': None, 'build_base': '/home/gaga/sad_ws/build/serial', 'catkin_cmake_args': None, 'catkin_skip_building_tests': False, 'cmake_args': None, 'cmake_clean_cache': False, 'cmake_clean_first': False, 'cmake_force_configure': False, 'cmake_target': None, 'cmake_target_skip_unavailable': False, 'install_base': '/home/gaga/sad_ws/install/serial', 'merge_install': False, 'path': '/home/gaga/sad_ws/src/serial', 'symlink_install': False, 'test_result_base': None}
[0.204s] Level 5:colcon.colcon_core.verb:set package 'sad_pkg' build argument 'cmake_args' from command line to 'None'
[0.204s] Level 5:colcon.colcon_core.verb:set package 'sad_pkg' build argument 'cmake_target' from command line to 'None'
[0.204s] Level 5:colcon.colcon_core.verb:set package 'sad_pkg' build argument 'cmake_target_skip_unavailable' from command line to 'False'
[0.204s] Level 5:colcon.colcon_core.verb:set package 'sad_pkg' build argument 'cmake_clean_cache' from command line to 'False'
[0.204s] Level 5:colcon.colcon_core.verb:set package 'sad_pkg' build argument 'cmake_clean_first' from command line to 'False'
[0.204s] Level 5:colcon.colcon_core.verb:set package 'sad_pkg' build argument 'cmake_force_configure' from command line to 'False'
[0.204s] Level 5:colcon.colcon_core.verb:set package 'sad_pkg' build argument 'ament_cmake_args' from command line to 'None'
[0.204s] Level 5:colcon.colcon_core.verb:set package 'sad_pkg' build argument 'catkin_cmake_args' from command line to 'None'
[0.204s] Level 5:colcon.colcon_core.verb:set package 'sad_pkg' build argument 'catkin_skip_building_tests' from command line to 'False'
[0.204s] DEBUG:colcon.colcon_core.verb:Building package 'sad_pkg' with the following arguments: {'ament_cmake_args': None, 'build_base': '/home/gaga/sad_ws/build/sad_pkg', 'catkin_cmake_args': None, 'catkin_skip_building_tests': False, 'cmake_args': None, 'cmake_clean_cache': False, 'cmake_clean_first': False, 'cmake_force_configure': False, 'cmake_target': None, 'cmake_target_skip_unavailable': False, 'install_base': '/home/gaga/sad_ws/install/sad_pkg', 'merge_install': False, 'path': '/home/gaga/sad_ws/src/sad_pkg', 'symlink_install': False, 'test_result_base': None}
[0.204s] INFO:colcon.colcon_core.executor:Executing jobs using 'parallel' executor
[0.204s] DEBUG:colcon.colcon_parallel_executor.executor.parallel:run_until_complete
[0.204s] INFO:colcon.colcon_ros.task.ament_cmake.build:Building ROS package in '/home/gaga/sad_ws/src/my_vision_msgs' with build type 'ament_cmake'
[0.205s] INFO:colcon.colcon_cmake.task.cmake.build:Building CMake package in '/home/gaga/sad_ws/src/my_vision_msgs'
[0.206s] INFO:colcon.colcon_core.plugin_system:Skipping extension 'colcon_core.shell.bat': Not used on non-Windows systems
[0.206s] INFO:colcon.colcon_core.shell:Skip shell extension 'powershell' for command environment: Not usable outside of PowerShell
[0.206s] DEBUG:colcon.colcon_core.shell:Skip shell extension 'dsv' for command environment
[0.209s] INFO:colcon.colcon_ros.task.catkin.build:Building ROS package in '/home/gaga/sad_ws/src/serial' with build type 'catkin'
[0.209s] INFO:colcon.colcon_cmake.task.cmake.build:Building CMake package in '/home/gaga/sad_ws/src/serial'
[0.210s] INFO:colcon.colcon_core.shell:Skip shell extension 'powershell' for command environment: Not usable outside of PowerShell
[0.210s] DEBUG:colcon.colcon_core.shell:Skip shell extension 'dsv' for command environment
[0.213s] INFO:colcon.colcon_ros.task.ament_cmake.build:Building ROS package in '/home/gaga/sad_ws/src/mani_urdf' with build type 'ament_cmake'
[0.213s] INFO:colcon.colcon_cmake.task.cmake.build:Building CMake package in '/home/gaga/sad_ws/src/mani_urdf'
[0.213s] INFO:colcon.colcon_core.shell:Skip shell extension 'powershell' for command environment: Not usable outside of PowerShell
[0.213s] DEBUG:colcon.colcon_core.shell:Skip shell extension 'dsv' for command environment
[0.219s] DEBUG:colcon.colcon_core.event_handler.log_command:Invoking command in '/home/gaga/sad_ws/build/my_vision_msgs': CMAKE_PREFIX_PATH=/home/gaga/sad_ws/install:/home/gaga/sad_ws/install/sad_pkg:/home/gaga/turtlebot3_ws/install/turtlebot3_teleop:/home/gaga/turtlebot3_ws/install/turtlebot3_example:/opt/ros/humble:/home/gaga/sad_ws/install/serial:/home/gaga/sad_ws/install/my_vision_msgs:/home/gaga/sad_ws/install/mani_urdf:/home/gaga/turtlebot3_ws/install/turtlebot3:/home/gaga/turtlebot3_ws/install/turtlebot3_simulations:/home/gaga/turtlebot3_ws/install/turtlebot3_bringup:/home/gaga/turtlebot3_ws/install/turtlebot3_node:/home/gaga/turtlebot3_ws/install/turtlebot3_navigation2:/home/gaga/turtlebot3_ws/install/turtlebot3_fake_node:/home/gaga/turtlebot3_ws/install/robot_master:/home/gaga/turtlebot3_ws/install/turtlebot3_msgs:/home/gaga/turtlebot3_ws/install/turtlebot3_gazebo:/home/gaga/turtlebot3_ws/install/turtlebot3_description:/home/gaga/turtlebot3_ws/install/turtlebot3_cartographer:/home/gaga/turtlebot3_ws/install/robot_vision:/home/gaga/turtlebot3_ws/install/robot_navigation:/home/gaga/turtlebot3_ws/install/robot_msgs:/home/gaga/turtlebot3_ws/install/dynamixel_sdk_examples:/home/gaga/turtlebot3_ws/install/dynamixel_sdk_custom_interfaces:/home/gaga/turtlebot3_ws/install/dynamixel_sdk:/home/gaga/ssibal_ws/install/robot_msgs:/home/gaga/sad_ws/src/install/vision_msgs:/home/gaga/sad_ws/src/install/sad_pkg:/home/gaga/sad_ws/src/install/serial:/home/gaga/sad_ws/src/install/my_vision_msgs:/home/gaga/sad_ws/src/install/mani_urdf:/home/gaga/robotprograming_ws/install/rp_pkg:/home/gaga/sad_ws/src/sad_pkg/install/sad_pkg /usr/bin/cmake --build /home/gaga/sad_ws/build/my_vision_msgs -- -j20 -l20
[0.221s] DEBUG:colcon.colcon_core.event_handler.log_command:Invoking command in '/home/gaga/sad_ws/build/serial': /usr/bin/cmake --build /home/gaga/sad_ws/build/serial -- -j20 -l20
[0.223s] DEBUG:colcon.colcon_core.event_handler.log_command:Invoking command in '/home/gaga/sad_ws/build/mani_urdf': CMAKE_PREFIX_PATH=/home/gaga/sad_ws/install:/home/gaga/sad_ws/install/sad_pkg:/home/gaga/turtlebot3_ws/install/turtlebot3_teleop:/home/gaga/turtlebot3_ws/install/turtlebot3_example:/opt/ros/humble:/home/gaga/sad_ws/install/serial:/home/gaga/sad_ws/install/my_vision_msgs:/home/gaga/sad_ws/install/mani_urdf:/home/gaga/turtlebot3_ws/install/turtlebot3:/home/gaga/turtlebot3_ws/install/turtlebot3_simulations:/home/gaga/turtlebot3_ws/install/turtlebot3_bringup:/home/gaga/turtlebot3_ws/install/turtlebot3_node:/home/gaga/turtlebot3_ws/install/turtlebot3_navigation2:/home/gaga/turtlebot3_ws/install/turtlebot3_fake_node:/home/gaga/turtlebot3_ws/install/robot_master:/home/gaga/turtlebot3_ws/install/turtlebot3_msgs:/home/gaga/turtlebot3_ws/install/turtlebot3_gazebo:/home/gaga/turtlebot3_ws/install/turtlebot3_description:/home/gaga/turtlebot3_ws/install/turtlebot3_cartographer:/home/gaga/turtlebot3_ws/install/robot_vision:/home/gaga/turtlebot3_ws/install/robot_navigation:/home/gaga/turtlebot3_ws/install/robot_msgs:/home/gaga/turtlebot3_ws/install/dynamixel_sdk_examples:/home/gaga/turtlebot3_ws/install/dynamixel_sdk_custom_interfaces:/home/gaga/turtlebot3_ws/install/dynamixel_sdk:/home/gaga/ssibal_ws/install/robot_msgs:/home/gaga/sad_ws/src/install/vision_msgs:/home/gaga/sad_ws/src/install/sad_pkg:/home/gaga/sad_ws/src/install/serial:/home/gaga/sad_ws/src/install/my_vision_msgs:/home/gaga/sad_ws/src/install/mani_urdf:/home/gaga/robotprograming_ws/install/rp_pkg:/home/gaga/sad_ws/src/sad_pkg/install/sad_pkg /usr/bin/cmake --build /home/gaga/sad_ws/build/mani_urdf -- -j20 -l20
[0.257s] DEBUG:colcon.colcon_core.event_handler.log_command:Invoked command in '/home/gaga/sad_ws/build/mani_urdf' returned '0': CMAKE_PREFIX_PATH=/home/gaga/sad_ws/install:/home/gaga/sad_ws/install/sad_pkg:/home/gaga/turtlebot3_ws/install/turtlebot3_teleop:/home/gaga/turtlebot3_ws/install/turtlebot3_example:/opt/ros/humble:/home/gaga/sad_ws/install/serial:/home/gaga/sad_ws/install/my_vision_msgs:/home/gaga/sad_ws/install/mani_urdf:/home/gaga/turtlebot3_ws/install/turtlebot3:/home/gaga/turtlebot3_ws/install/turtlebot3_simulations:/home/gaga/turtlebot3_ws/install/turtlebot3_bringup:/home/gaga/turtlebot3_ws/install/turtlebot3_node:/home/gaga/turtlebot3_ws/install/turtlebot3_navigation2:/home/gaga/turtlebot3_ws/install/turtlebot3_fake_node:/home/gaga/turtlebot3_ws/install/robot_master:/home/gaga/turtlebot3_ws/install/turtlebot3_msgs:/home/gaga/turtlebot3_ws/install/turtlebot3_gazebo:/home/gaga/turtlebot3_ws/install/turtlebot3_description:/home/gaga/turtlebot3_ws/install/turtlebot3_cartographer:/home/gaga/turtlebot3_ws/install/robot_vision:/home/gaga/turtlebot3_ws/install/robot_navigation:/home/gaga/turtlebot3_ws/install/robot_msgs:/home/gaga/turtlebot3_ws/install/dynamixel_sdk_examples:/home/gaga/turtlebot3_ws/install/dynamixel_sdk_custom_interfaces:/home/gaga/turtlebot3_ws/install/dynamixel_sdk:/home/gaga/ssibal_ws/install/robot_msgs:/home/gaga/sad_ws/src/install/vision_msgs:/home/gaga/sad_ws/src/install/sad_pkg:/home/gaga/sad_ws/src/install/serial:/home/gaga/sad_ws/src/install/my_vision_msgs:/home/gaga/sad_ws/src/install/mani_urdf:/home/gaga/robotprograming_ws/install/rp_pkg:/home/gaga/sad_ws/src/sad_pkg/install/sad_pkg /usr/bin/cmake --build /home/gaga/sad_ws/build/mani_urdf -- -j20 -l20
[0.268s] DEBUG:colcon.colcon_core.event_handler.log_command:Invoking command in '/home/gaga/sad_ws/build/mani_urdf': CMAKE_PREFIX_PATH=/home/gaga/sad_ws/install:/home/gaga/sad_ws/install/sad_pkg:/home/gaga/turtlebot3_ws/install/turtlebot3_teleop:/home/gaga/turtlebot3_ws/install/turtlebot3_example:/opt/ros/humble:/home/gaga/sad_ws/install/serial:/home/gaga/sad_ws/install/my_vision_msgs:/home/gaga/sad_ws/install/mani_urdf:/home/gaga/turtlebot3_ws/install/turtlebot3:/home/gaga/turtlebot3_ws/install/turtlebot3_simulations:/home/gaga/turtlebot3_ws/install/turtlebot3_bringup:/home/gaga/turtlebot3_ws/install/turtlebot3_node:/home/gaga/turtlebot3_ws/install/turtlebot3_navigation2:/home/gaga/turtlebot3_ws/install/turtlebot3_fake_node:/home/gaga/turtlebot3_ws/install/robot_master:/home/gaga/turtlebot3_ws/install/turtlebot3_msgs:/home/gaga/turtlebot3_ws/install/turtlebot3_gazebo:/home/gaga/turtlebot3_ws/install/turtlebot3_description:/home/gaga/turtlebot3_ws/install/turtlebot3_cartographer:/home/gaga/turtlebot3_ws/install/robot_vision:/home/gaga/turtlebot3_ws/install/robot_navigation:/home/gaga/turtlebot3_ws/install/robot_msgs:/home/gaga/turtlebot3_ws/install/dynamixel_sdk_examples:/home/gaga/turtlebot3_ws/install/dynamixel_sdk_custom_interfaces:/home/gaga/turtlebot3_ws/install/dynamixel_sdk:/home/gaga/ssibal_ws/install/robot_msgs:/home/gaga/sad_ws/src/install/vision_msgs:/home/gaga/sad_ws/src/install/sad_pkg:/home/gaga/sad_ws/src/install/serial:/home/gaga/sad_ws/src/install/my_vision_msgs:/home/gaga/sad_ws/src/install/mani_urdf:/home/gaga/robotprograming_ws/install/rp_pkg:/home/gaga/sad_ws/src/sad_pkg/install/sad_pkg /usr/bin/cmake --install /home/gaga/sad_ws/build/mani_urdf
[0.283s] Level 1:colcon.colcon_core.environment:create_environment_scripts_only(mani_urdf)
[0.287s] DEBUG:colcon.colcon_core.event_handler.log_command:Invoked command in '/home/gaga/sad_ws/build/mani_urdf' returned '0': CMAKE_PREFIX_PATH=/home/gaga/sad_ws/install:/home/gaga/sad_ws/install/sad_pkg:/home/gaga/turtlebot3_ws/install/turtlebot3_teleop:/home/gaga/turtlebot3_ws/install/turtlebot3_example:/opt/ros/humble:/home/gaga/sad_ws/install/serial:/home/gaga/sad_ws/install/my_vision_msgs:/home/gaga/sad_ws/install/mani_urdf:/home/gaga/turtlebot3_ws/install/turtlebot3:/home/gaga/turtlebot3_ws/install/turtlebot3_simulations:/home/gaga/turtlebot3_ws/install/turtlebot3_bringup:/home/gaga/turtlebot3_ws/install/turtlebot3_node:/home/gaga/turtlebot3_ws/install/turtlebot3_navigation2:/home/gaga/turtlebot3_ws/install/turtlebot3_fake_node:/home/gaga/turtlebot3_ws/install/robot_master:/home/gaga/turtlebot3_ws/install/turtlebot3_msgs:/home/gaga/turtlebot3_ws/install/turtlebot3_gazebo:/home/gaga/turtlebot3_ws/install/turtlebot3_description:/home/gaga/turtlebot3_ws/install/turtlebot3_cartographer:/home/gaga/turtlebot3_ws/install/robot_vision:/home/gaga/turtlebot3_ws/install/robot_navigation:/home/gaga/turtlebot3_ws/install/robot_msgs:/home/gaga/turtlebot3_ws/install/dynamixel_sdk_examples:/home/gaga/turtlebot3_ws/install/dynamixel_sdk_custom_interfaces:/home/gaga/turtlebot3_ws/install/dynamixel_sdk:/home/gaga/ssibal_ws/install/robot_msgs:/home/gaga/sad_ws/src/install/vision_msgs:/home/gaga/sad_ws/src/install/sad_pkg:/home/gaga/sad_ws/src/install/serial:/home/gaga/sad_ws/src/install/my_vision_msgs:/home/gaga/sad_ws/src/install/mani_urdf:/home/gaga/robotprograming_ws/install/rp_pkg:/home/gaga/sad_ws/src/sad_pkg/install/sad_pkg /usr/bin/cmake --install /home/gaga/sad_ws/build/mani_urdf
[0.289s] Level 1:colcon.colcon_core.environment:checking '/home/gaga/sad_ws/install/mani_urdf' for CMake module files
[0.290s] Level 1:colcon.colcon_core.environment:checking '/home/gaga/sad_ws/install/mani_urdf' for CMake config files
[0.290s] Level 1:colcon.colcon_core.shell:create_environment_hook('mani_urdf', 'cmake_prefix_path')
[0.290s] INFO:colcon.colcon_core.shell:Creating environment hook '/home/gaga/sad_ws/install/mani_urdf/share/mani_urdf/hook/cmake_prefix_path.ps1'
[0.291s] INFO:colcon.colcon_core.shell:Creating environment descriptor '/home/gaga/sad_ws/install/mani_urdf/share/mani_urdf/hook/cmake_prefix_path.dsv'
[0.292s] INFO:colcon.colcon_core.shell:Creating environment hook '/home/gaga/sad_ws/install/mani_urdf/share/mani_urdf/hook/cmake_prefix_path.sh'
[0.293s] Level 1:colcon.colcon_core.environment:checking '/home/gaga/sad_ws/install/mani_urdf/bin'
[0.293s] Level 1:colcon.colcon_core.environment:checking '/home/gaga/sad_ws/install/mani_urdf/lib/pkgconfig/mani_urdf.pc'
[0.293s] Level 1:colcon.colcon_core.environment:checking '/home/gaga/sad_ws/install/mani_urdf/lib/python3.10/site-packages'
[0.294s] Level 1:colcon.colcon_core.environment:checking '/home/gaga/sad_ws/install/mani_urdf/bin'
[0.294s] INFO:colcon.colcon_core.shell:Creating package script '/home/gaga/sad_ws/install/mani_urdf/share/mani_urdf/package.ps1'
[0.295s] INFO:colcon.colcon_core.shell:Creating package descriptor '/home/gaga/sad_ws/install/mani_urdf/share/mani_urdf/package.dsv'
[0.296s] INFO:colcon.colcon_core.shell:Creating package script '/home/gaga/sad_ws/install/mani_urdf/share/mani_urdf/package.sh'
[0.296s] INFO:colcon.colcon_core.shell:Creating package script '/home/gaga/sad_ws/install/mani_urdf/share/mani_urdf/package.bash'
[0.297s] INFO:colcon.colcon_core.shell:Creating package script '/home/gaga/sad_ws/install/mani_urdf/share/mani_urdf/package.zsh'
[0.297s] Level 1:colcon.colcon_core.environment:create_file_with_runtime_dependencies(/home/gaga/sad_ws/install/mani_urdf/share/colcon-core/packages/mani_urdf)
[0.297s] Level 1:colcon.colcon_core.environment:create_environment_scripts_only(mani_urdf)
[0.298s] Level 1:colcon.colcon_core.environment:checking '/home/gaga/sad_ws/install/mani_urdf' for CMake module files
[0.298s] Level 1:colcon.colcon_core.environment:checking '/home/gaga/sad_ws/install/mani_urdf' for CMake config files
[0.298s] Level 1:colcon.colcon_core.shell:create_environment_hook('mani_urdf', 'cmake_prefix_path')
[0.298s] INFO:colcon.colcon_core.shell:Creating environment hook '/home/gaga/sad_ws/install/mani_urdf/share/mani_urdf/hook/cmake_prefix_path.ps1'
[0.299s] INFO:colcon.colcon_core.shell:Creating environment descriptor '/home/gaga/sad_ws/install/mani_urdf/share/mani_urdf/hook/cmake_prefix_path.dsv'
[0.299s] INFO:colcon.colcon_core.shell:Creating environment hook '/home/gaga/sad_ws/install/mani_urdf/share/mani_urdf/hook/cmake_prefix_path.sh'
[0.299s] Level 1:colcon.colcon_core.environment:checking '/home/gaga/sad_ws/install/mani_urdf/bin'
[0.299s] Level 1:colcon.colcon_core.environment:checking '/home/gaga/sad_ws/install/mani_urdf/lib/pkgconfig/mani_urdf.pc'
[0.300s] Level 1:colcon.colcon_core.environment:checking '/home/gaga/sad_ws/install/mani_urdf/lib/python3.10/site-packages'
[0.300s] Level 1:colcon.colcon_core.environment:checking '/home/gaga/sad_ws/install/mani_urdf/bin'
[0.300s] INFO:colcon.colcon_core.shell:Creating package script '/home/gaga/sad_ws/install/mani_urdf/share/mani_urdf/package.ps1'
[0.300s] INFO:colcon.colcon_core.shell:Creating package descriptor '/home/gaga/sad_ws/install/mani_urdf/share/mani_urdf/package.dsv'
[0.301s] INFO:colcon.colcon_core.shell:Creating package script '/home/gaga/sad_ws/install/mani_urdf/share/mani_urdf/package.sh'
[0.301s] INFO:colcon.colcon_core.shell:Creating package script '/home/gaga/sad_ws/install/mani_urdf/share/mani_urdf/package.bash'
[0.302s] INFO:colcon.colcon_core.shell:Creating package script '/home/gaga/sad_ws/install/mani_urdf/share/mani_urdf/package.zsh'
[0.302s] Level 1:colcon.colcon_core.environment:create_file_with_runtime_dependencies(/home/gaga/sad_ws/install/mani_urdf/share/colcon-core/packages/mani_urdf)
[0.303s] DEBUG:colcon.colcon_core.event_handler.log_command:Invoked command in '/home/gaga/sad_ws/build/serial' returned '0': /usr/bin/cmake --build /home/gaga/sad_ws/build/serial -- -j20 -l20
[0.306s] DEBUG:colcon.colcon_core.event_handler.log_command:Invoking command in '/home/gaga/sad_ws/build/serial': /usr/bin/cmake --install /home/gaga/sad_ws/build/serial
[0.322s] DEBUG:colcon.colcon_core.event_handler.log_command:Invoked command in '/home/gaga/sad_ws/build/serial' returned '0': /usr/bin/cmake --install /home/gaga/sad_ws/build/serial
[0.323s] Level 1:colcon.colcon_core.shell:create_environment_hook('serial', 'ros_package_path')
[0.324s] INFO:colcon.colcon_core.shell:Creating environment hook '/home/gaga/sad_ws/install/serial/share/serial/hook/ros_package_path.ps1'
[0.325s] INFO:colcon.colcon_core.shell:Creating environment descriptor '/home/gaga/sad_ws/install/serial/share/serial/hook/ros_package_path.dsv'
[0.326s] INFO:colcon.colcon_core.shell:Creating environment hook '/home/gaga/sad_ws/install/serial/share/serial/hook/ros_package_path.sh'
[0.327s] Level 1:colcon.colcon_core.shell:create_environment_hook('serial', 'pkg_config_path')
[0.327s] INFO:colcon.colcon_core.shell:Creating environment hook '/home/gaga/sad_ws/install/serial/share/serial/hook/pkg_config_path.ps1'
[0.328s] INFO:colcon.colcon_core.shell:Creating environment descriptor '/home/gaga/sad_ws/install/serial/share/serial/hook/pkg_config_path.dsv'
[0.328s] INFO:colcon.colcon_core.shell:Creating environment hook '/home/gaga/sad_ws/install/serial/share/serial/hook/pkg_config_path.sh'
[0.332s] Level 1:colcon.colcon_core.shell:create_environment_hook('serial', 'pkg_config_path_multiarch')
[0.332s] INFO:colcon.colcon_core.shell:Creating environment hook '/home/gaga/sad_ws/install/serial/share/serial/hook/pkg_config_path_multiarch.ps1'
[0.334s] INFO:colcon.colcon_core.shell:Creating environment descriptor '/home/gaga/sad_ws/install/serial/share/serial/hook/pkg_config_path_multiarch.dsv'
[0.335s] INFO:colcon.colcon_core.shell:Creating environment hook '/home/gaga/sad_ws/install/serial/share/serial/hook/pkg_config_path_multiarch.sh'
[0.336s] Level 1:colcon.colcon_core.environment:create_environment_scripts_only(serial)
[0.337s] Level 1:colcon.colcon_core.environment:checking '/home/gaga/sad_ws/install/serial' for CMake module files
[0.337s] Level 1:colcon.colcon_core.environment:checking '/home/gaga/sad_ws/install/serial' for CMake config files
[0.337s] Level 1:colcon.colcon_core.shell:create_environment_hook('serial', 'cmake_prefix_path')
[0.337s] INFO:colcon.colcon_core.shell:Creating environment hook '/home/gaga/sad_ws/install/serial/share/serial/hook/cmake_prefix_path.ps1'
[0.338s] INFO:colcon.colcon_core.shell:Creating environment descriptor '/home/gaga/sad_ws/install/serial/share/serial/hook/cmake_prefix_path.dsv'
[0.339s] INFO:colcon.colcon_core.shell:Creating environment hook '/home/gaga/sad_ws/install/serial/share/serial/hook/cmake_prefix_path.sh'
[0.339s] Level 1:colcon.colcon_core.environment:checking '/home/gaga/sad_ws/install/serial/lib'
[0.339s] Level 1:colcon.colcon_core.shell:create_environment_hook('serial', 'ld_library_path_lib')
[0.340s] INFO:colcon.colcon_core.shell:Creating environment hook '/home/gaga/sad_ws/install/serial/share/serial/hook/ld_library_path_lib.ps1'
[0.341s] INFO:colcon.colcon_core.shell:Creating environment descriptor '/home/gaga/sad_ws/install/serial/share/serial/hook/ld_library_path_lib.dsv'
[0.341s] INFO:colcon.colcon_core.shell:Creating environment hook '/home/gaga/sad_ws/install/serial/share/serial/hook/ld_library_path_lib.sh'
[0.341s] Level 1:colcon.colcon_core.environment:checking '/home/gaga/sad_ws/install/serial/bin'
[0.341s] Level 1:colcon.colcon_core.environment:checking '/home/gaga/sad_ws/install/serial/lib/pkgconfig/serial.pc'
[0.342s] Level 1:colcon.colcon_core.environment:checking '/home/gaga/sad_ws/install/serial/lib/python3.10/site-packages'
[0.342s] Level 1:colcon.colcon_core.environment:checking '/home/gaga/sad_ws/install/serial/bin'
[0.342s] INFO:colcon.colcon_core.shell:Creating package script '/home/gaga/sad_ws/install/serial/share/serial/package.ps1'
[0.343s] INFO:colcon.colcon_core.shell:Creating package descriptor '/home/gaga/sad_ws/install/serial/share/serial/package.dsv'
[0.343s] INFO:colcon.colcon_core.shell:Creating package script '/home/gaga/sad_ws/install/serial/share/serial/package.sh'
[0.344s] INFO:colcon.colcon_core.shell:Creating package script '/home/gaga/sad_ws/install/serial/share/serial/package.bash'
[0.344s] INFO:colcon.colcon_core.shell:Creating package script '/home/gaga/sad_ws/install/serial/share/serial/package.zsh'
[0.345s] Level 1:colcon.colcon_core.environment:create_file_with_runtime_dependencies(/home/gaga/sad_ws/install/serial/share/colcon-core/packages/serial)
[0.638s] DEBUG:colcon.colcon_core.event_handler.log_command:Invoked command in '/home/gaga/sad_ws/build/my_vision_msgs' returned '0': CMAKE_PREFIX_PATH=/home/gaga/sad_ws/install:/home/gaga/sad_ws/install/sad_pkg:/home/gaga/turtlebot3_ws/install/turtlebot3_teleop:/home/gaga/turtlebot3_ws/install/turtlebot3_example:/opt/ros/humble:/home/gaga/sad_ws/install/serial:/home/gaga/sad_ws/install/my_vision_msgs:/home/gaga/sad_ws/install/mani_urdf:/home/gaga/turtlebot3_ws/install/turtlebot3:/home/gaga/turtlebot3_ws/install/turtlebot3_simulations:/home/gaga/turtlebot3_ws/install/turtlebot3_bringup:/home/gaga/turtlebot3_ws/install/turtlebot3_node:/home/gaga/turtlebot3_ws/install/turtlebot3_navigation2:/home/gaga/turtlebot3_ws/install/turtlebot3_fake_node:/home/gaga/turtlebot3_ws/install/robot_master:/home/gaga/turtlebot3_ws/install/turtlebot3_msgs:/home/gaga/turtlebot3_ws/install/turtlebot3_gazebo:/home/gaga/turtlebot3_ws/install/turtlebot3_description:/home/gaga/turtlebot3_ws/install/turtlebot3_cartographer:/home/gaga/turtlebot3_ws/install/robot_vision:/home/gaga/turtlebot3_ws/install/robot_navigation:/home/gaga/turtlebot3_ws/install/robot_msgs:/home/gaga/turtlebot3_ws/install/dynamixel_sdk_examples:/home/gaga/turtlebot3_ws/install/dynamixel_sdk_custom_interfaces:/home/gaga/turtlebot3_ws/install/dynamixel_sdk:/home/gaga/ssibal_ws/install/robot_msgs:/home/gaga/sad_ws/src/install/vision_msgs:/home/gaga/sad_ws/src/install/sad_pkg:/home/gaga/sad_ws/src/install/serial:/home/gaga/sad_ws/src/install/my_vision_msgs:/home/gaga/sad_ws/src/install/mani_urdf:/home/gaga/robotprograming_ws/install/rp_pkg:/home/gaga/sad_ws/src/sad_pkg/install/sad_pkg /usr/bin/cmake --build /home/gaga/sad_ws/build/my_vision_msgs -- -j20 -l20
[0.642s] DEBUG:colcon.colcon_core.event_handler.log_command:Invoking command in '/home/gaga/sad_ws/build/my_vision_msgs': CMAKE_PREFIX_PATH=/home/gaga/sad_ws/install:/home/gaga/sad_ws/install/sad_pkg:/home/gaga/turtlebot3_ws/install/turtlebot3_teleop:/home/gaga/turtlebot3_ws/install/turtlebot3_example:/opt/ros/humble:/home/gaga/sad_ws/install/serial:/home/gaga/sad_ws/install/my_vision_msgs:/home/gaga/sad_ws/install/mani_urdf:/home/gaga/turtlebot3_ws/install/turtlebot3:/home/gaga/turtlebot3_ws/install/turtlebot3_simulations:/home/gaga/turtlebot3_ws/install/turtlebot3_bringup:/home/gaga/turtlebot3_ws/install/turtlebot3_node:/home/gaga/turtlebot3_ws/install/turtlebot3_navigation2:/home/gaga/turtlebot3_ws/install/turtlebot3_fake_node:/home/gaga/turtlebot3_ws/install/robot_master:/home/gaga/turtlebot3_ws/install/turtlebot3_msgs:/home/gaga/turtlebot3_ws/install/turtlebot3_gazebo:/home/gaga/turtlebot3_ws/install/turtlebot3_description:/home/gaga/turtlebot3_ws/install/turtlebot3_cartographer:/home/gaga/turtlebot3_ws/install/robot_vision:/home/gaga/turtlebot3_ws/install/robot_navigation:/home/gaga/turtlebot3_ws/install/robot_msgs:/home/gaga/turtlebot3_ws/install/dynamixel_sdk_examples:/home/gaga/turtlebot3_ws/install/dynamixel_sdk_custom_interfaces:/home/gaga/turtlebot3_ws/install/dynamixel_sdk:/home/gaga/ssibal_ws/install/robot_msgs:/home/gaga/sad_ws/src/install/vision_msgs:/home/gaga/sad_ws/src/install/sad_pkg:/home/gaga/sad_ws/src/install/serial:/home/gaga/sad_ws/src/install/my_vision_msgs:/home/gaga/sad_ws/src/install/mani_urdf:/home/gaga/robotprograming_ws/install/rp_pkg:/home/gaga/sad_ws/src/sad_pkg/install/sad_pkg /usr/bin/cmake --install /home/gaga/sad_ws/build/my_vision_msgs
[0.730s] Level 1:colcon.colcon_core.environment:create_environment_scripts_only(my_vision_msgs)
[0.731s] Level 1:colcon.colcon_core.environment:checking '/home/gaga/sad_ws/install/my_vision_msgs' for CMake module files
[0.731s] DEBUG:colcon.colcon_core.event_handler.log_command:Invoked command in '/home/gaga/sad_ws/build/my_vision_msgs' returned '0': CMAKE_PREFIX_PATH=/home/gaga/sad_ws/install:/home/gaga/sad_ws/install/sad_pkg:/home/gaga/turtlebot3_ws/install/turtlebot3_teleop:/home/gaga/turtlebot3_ws/install/turtlebot3_example:/opt/ros/humble:/home/gaga/sad_ws/install/serial:/home/gaga/sad_ws/install/my_vision_msgs:/home/gaga/sad_ws/install/mani_urdf:/home/gaga/turtlebot3_ws/install/turtlebot3:/home/gaga/turtlebot3_ws/install/turtlebot3_simulations:/home/gaga/turtlebot3_ws/install/turtlebot3_bringup:/home/gaga/turtlebot3_ws/install/turtlebot3_node:/home/gaga/turtlebot3_ws/install/turtlebot3_navigation2:/home/gaga/turtlebot3_ws/install/turtlebot3_fake_node:/home/gaga/turtlebot3_ws/install/robot_master:/home/gaga/turtlebot3_ws/install/turtlebot3_msgs:/home/gaga/turtlebot3_ws/install/turtlebot3_gazebo:/home/gaga/turtlebot3_ws/install/turtlebot3_description:/home/gaga/turtlebot3_ws/install/turtlebot3_cartographer:/home/gaga/turtlebot3_ws/install/robot_vision:/home/gaga/turtlebot3_ws/install/robot_navigation:/home/gaga/turtlebot3_ws/install/robot_msgs:/home/gaga/turtlebot3_ws/install/dynamixel_sdk_examples:/home/gaga/turtlebot3_ws/install/dynamixel_sdk_custom_interfaces:/home/gaga/turtlebot3_ws/install/dynamixel_sdk:/home/gaga/ssibal_ws/install/robot_msgs:/home/gaga/sad_ws/src/install/vision_msgs:/home/gaga/sad_ws/src/install/sad_pkg:/home/gaga/sad_ws/src/install/serial:/home/gaga/sad_ws/src/install/my_vision_msgs:/home/gaga/sad_ws/src/install/mani_urdf:/home/gaga/robotprograming_ws/install/rp_pkg:/home/gaga/sad_ws/src/sad_pkg/install/sad_pkg /usr/bin/cmake --install /home/gaga/sad_ws/build/my_vision_msgs
[0.732s] Level 1:colcon.colcon_core.environment:checking '/home/gaga/sad_ws/install/my_vision_msgs' for CMake config files
[0.733s] Level 1:colcon.colcon_core.shell:create_environment_hook('my_vision_msgs', 'cmake_prefix_path')
[0.733s] INFO:colcon.colcon_core.shell:Creating environment hook '/home/gaga/sad_ws/install/my_vision_msgs/share/my_vision_msgs/hook/cmake_prefix_path.ps1'
[0.734s] INFO:colcon.colcon_core.shell:Creating environment descriptor '/home/gaga/sad_ws/install/my_vision_msgs/share/my_vision_msgs/hook/cmake_prefix_path.dsv'
[0.734s] INFO:colcon.colcon_core.shell:Creating environment hook '/home/gaga/sad_ws/install/my_vision_msgs/share/my_vision_msgs/hook/cmake_prefix_path.sh'
[0.734s] Level 1:colcon.colcon_core.environment:checking '/home/gaga/sad_ws/install/my_vision_msgs/lib'
[0.734s] Level 1:colcon.colcon_core.shell:create_environment_hook('my_vision_msgs', 'ld_library_path_lib')
[0.734s] INFO:colcon.colcon_core.shell:Creating environment hook '/home/gaga/sad_ws/install/my_vision_msgs/share/my_vision_msgs/hook/ld_library_path_lib.ps1'
[0.735s] INFO:colcon.colcon_core.shell:Creating environment descriptor '/home/gaga/sad_ws/install/my_vision_msgs/share/my_vision_msgs/hook/ld_library_path_lib.dsv'
[0.735s] INFO:colcon.colcon_core.shell:Creating environment hook '/home/gaga/sad_ws/install/my_vision_msgs/share/my_vision_msgs/hook/ld_library_path_lib.sh'
[0.736s] Level 1:colcon.colcon_core.environment:checking '/home/gaga/sad_ws/install/my_vision_msgs/bin'
[0.736s] Level 1:colcon.colcon_core.environment:checking '/home/gaga/sad_ws/install/my_vision_msgs/lib/pkgconfig/my_vision_msgs.pc'
[0.736s] Level 1:colcon.colcon_core.environment:checking '/home/gaga/sad_ws/install/my_vision_msgs/lib/python3.10/site-packages'
[0.736s] Level 1:colcon.colcon_core.environment:checking '/home/gaga/sad_ws/install/my_vision_msgs/bin'
[0.737s] INFO:colcon.colcon_core.shell:Creating package script '/home/gaga/sad_ws/install/my_vision_msgs/share/my_vision_msgs/package.ps1'
[0.737s] INFO:colcon.colcon_core.shell:Creating package descriptor '/home/gaga/sad_ws/install/my_vision_msgs/share/my_vision_msgs/package.dsv'
[0.738s] INFO:colcon.colcon_core.shell:Creating package script '/home/gaga/sad_ws/install/my_vision_msgs/share/my_vision_msgs/package.sh'
[0.738s] INFO:colcon.colcon_core.shell:Creating package script '/home/gaga/sad_ws/install/my_vision_msgs/share/my_vision_msgs/package.bash'
[0.738s] INFO:colcon.colcon_core.shell:Creating package script '/home/gaga/sad_ws/install/my_vision_msgs/share/my_vision_msgs/package.zsh'
[0.738s] Level 1:colcon.colcon_core.environment:create_file_with_runtime_dependencies(/home/gaga/sad_ws/install/my_vision_msgs/share/colcon-core/packages/my_vision_msgs)
[0.739s] Level 1:colcon.colcon_core.environment:create_environment_scripts_only(my_vision_msgs)
[0.739s] Level 1:colcon.colcon_core.environment:checking '/home/gaga/sad_ws/install/my_vision_msgs' for CMake module files
[0.739s] Level 1:colcon.colcon_core.environment:checking '/home/gaga/sad_ws/install/my_vision_msgs' for CMake config files
[0.740s] Level 1:colcon.colcon_core.shell:create_environment_hook('my_vision_msgs', 'cmake_prefix_path')
[0.740s] INFO:colcon.colcon_core.shell:Creating environment hook '/home/gaga/sad_ws/install/my_vision_msgs/share/my_vision_msgs/hook/cmake_prefix_path.ps1'
[0.741s] INFO:colcon.colcon_core.shell:Creating environment descriptor '/home/gaga/sad_ws/install/my_vision_msgs/share/my_vision_msgs/hook/cmake_prefix_path.dsv'
[0.741s] INFO:colcon.colcon_core.shell:Creating environment hook '/home/gaga/sad_ws/install/my_vision_msgs/share/my_vision_msgs/hook/cmake_prefix_path.sh'
[0.742s] Level 1:colcon.colcon_core.environment:checking '/home/gaga/sad_ws/install/my_vision_msgs/lib'
[0.742s] Level 1:colcon.colcon_core.shell:create_environment_hook('my_vision_msgs', 'ld_library_path_lib')
[0.742s] INFO:colcon.colcon_core.shell:Creating environment hook '/home/gaga/sad_ws/install/my_vision_msgs/share/my_vision_msgs/hook/ld_library_path_lib.ps1'
[0.742s] INFO:colcon.colcon_core.shell:Creating environment descriptor '/home/gaga/sad_ws/install/my_vision_msgs/share/my_vision_msgs/hook/ld_library_path_lib.dsv'
[0.742s] INFO:colcon.colcon_core.shell:Creating environment hook '/home/gaga/sad_ws/install/my_vision_msgs/share/my_vision_msgs/hook/ld_library_path_lib.sh'
[0.743s] Level 1:colcon.colcon_core.environment:checking '/home/gaga/sad_ws/install/my_vision_msgs/bin'
[0.743s] Level 1:colcon.colcon_core.environment:checking '/home/gaga/sad_ws/install/my_vision_msgs/lib/pkgconfig/my_vision_msgs.pc'
[0.743s] Level 1:colcon.colcon_core.environment:checking '/home/gaga/sad_ws/install/my_vision_msgs/lib/python3.10/site-packages'
[0.743s] Level 1:colcon.colcon_core.environment:checking '/home/gaga/sad_ws/install/my_vision_msgs/bin'
[0.743s] INFO:colcon.colcon_core.shell:Creating package script '/home/gaga/sad_ws/install/my_vision_msgs/share/my_vision_msgs/package.ps1'
[0.744s] INFO:colcon.colcon_core.shell:Creating package descriptor '/home/gaga/sad_ws/install/my_vision_msgs/share/my_vision_msgs/package.dsv'
[0.744s] INFO:colcon.colcon_core.shell:Creating package script '/home/gaga/sad_ws/install/my_vision_msgs/share/my_vision_msgs/package.sh'
[0.744s] INFO:colcon.colcon_core.shell:Creating package script '/home/gaga/sad_ws/install/my_vision_msgs/share/my_vision_msgs/package.bash'
[0.745s] INFO:colcon.colcon_core.shell:Creating package script '/home/gaga/sad_ws/install/my_vision_msgs/share/my_vision_msgs/package.zsh'
[0.745s] Level 1:colcon.colcon_core.environment:create_file_with_runtime_dependencies(/home/gaga/sad_ws/install/my_vision_msgs/share/colcon-core/packages/my_vision_msgs)
[0.746s] INFO:colcon.colcon_ros.task.ament_cmake.build:Building ROS package in '/home/gaga/sad_ws/src/sad_pkg' with build type 'ament_cmake'
[0.746s] INFO:colcon.colcon_cmake.task.cmake.build:Building CMake package in '/home/gaga/sad_ws/src/sad_pkg'
[0.747s] INFO:colcon.colcon_core.shell:Skip shell extension 'powershell' for command environment: Not usable outside of PowerShell
[0.747s] DEBUG:colcon.colcon_core.shell:Skip shell extension 'dsv' for command environment
[0.771s] DEBUG:colcon.colcon_core.event_handler.log_command:Invoking command in '/home/gaga/sad_ws/build/sad_pkg': CMAKE_PREFIX_PATH=/home/gaga/turtlebot3_ws/install/turtlebot3_teleop:/home/gaga/turtlebot3_ws/install/turtlebot3_example:/opt/ros/humble:/home/gaga/sad_ws/install/serial:/home/gaga/sad_ws/install/my_vision_msgs:/home/gaga/sad_ws/install:/home/gaga/sad_ws/install/sad_pkg:/home/gaga/sad_ws/install/mani_urdf:/home/gaga/turtlebot3_ws/install/turtlebot3:/home/gaga/turtlebot3_ws/install/turtlebot3_simulations:/home/gaga/turtlebot3_ws/install/turtlebot3_bringup:/home/gaga/turtlebot3_ws/install/turtlebot3_node:/home/gaga/turtlebot3_ws/install/turtlebot3_navigation2:/home/gaga/turtlebot3_ws/install/turtlebot3_fake_node:/home/gaga/turtlebot3_ws/install/robot_master:/home/gaga/turtlebot3_ws/install/turtlebot3_msgs:/home/gaga/turtlebot3_ws/install/turtlebot3_gazebo:/home/gaga/turtlebot3_ws/install/turtlebot3_description:/home/gaga/turtlebot3_ws/install/turtlebot3_cartographer:/home/gaga/turtlebot3_ws/install/robot_vision:/home/gaga/turtlebot3_ws/install/robot_navigation:/home/gaga/turtlebot3_ws/install/robot_msgs:/home/gaga/turtlebot3_ws/install/dynamixel_sdk_examples:/home/gaga/turtlebot3_ws/install/dynamixel_sdk_custom_interfaces:/home/gaga/turtlebot3_ws/install/dynamixel_sdk:/home/gaga/ssibal_ws/install/robot_msgs:/home/gaga/sad_ws/src/install/vision_msgs:/home/gaga/sad_ws/src/install/sad_pkg:/home/gaga/sad_ws/src/install/serial:/home/gaga/sad_ws/src/install/my_vision_msgs:/home/gaga/sad_ws/src/install/mani_urdf:/home/gaga/robotprograming_ws/install/rp_pkg:/home/gaga/sad_ws/src/sad_pkg/install/sad_pkg /usr/bin/cmake --build /home/gaga/sad_ws/build/sad_pkg -- -j20 -l20
[0.914s] DEBUG:colcon.colcon_core.event_handler.log_command:Invoked command in '/home/gaga/sad_ws/build/sad_pkg' returned '0': CMAKE_PREFIX_PATH=/home/gaga/turtlebot3_ws/install/turtlebot3_teleop:/home/gaga/turtlebot3_ws/install/turtlebot3_example:/opt/ros/humble:/home/gaga/sad_ws/install/serial:/home/gaga/sad_ws/install/my_vision_msgs:/home/gaga/sad_ws/install:/home/gaga/sad_ws/install/sad_pkg:/home/gaga/sad_ws/install/mani_urdf:/home/gaga/turtlebot3_ws/install/turtlebot3:/home/gaga/turtlebot3_ws/install/turtlebot3_simulations:/home/gaga/turtlebot3_ws/install/turtlebot3_bringup:/home/gaga/turtlebot3_ws/install/turtlebot3_node:/home/gaga/turtlebot3_ws/install/turtlebot3_navigation2:/home/gaga/turtlebot3_ws/install/turtlebot3_fake_node:/home/gaga/turtlebot3_ws/install/robot_master:/home/gaga/turtlebot3_ws/install/turtlebot3_msgs:/home/gaga/turtlebot3_ws/install/turtlebot3_gazebo:/home/gaga/turtlebot3_ws/install/turtlebot3_description:/home/gaga/turtlebot3_ws/install/turtlebot3_cartographer:/home/gaga/turtlebot3_ws/install/robot_vision:/home/gaga/turtlebot3_ws/install/robot_navigation:/home/gaga/turtlebot3_ws/install/robot_msgs:/home/gaga/turtlebot3_ws/install/dynamixel_sdk_examples:/home/gaga/turtlebot3_ws/install/dynamixel_sdk_custom_interfaces:/home/gaga/turtlebot3_ws/install/dynamixel_sdk:/home/gaga/ssibal_ws/install/robot_msgs:/home/gaga/sad_ws/src/install/vision_msgs:/home/gaga/sad_ws/src/install/sad_pkg:/home/gaga/sad_ws/src/install/serial:/home/gaga/sad_ws/src/install/my_vision_msgs:/home/gaga/sad_ws/src/install/mani_urdf:/home/gaga/robotprograming_ws/install/rp_pkg:/home/gaga/sad_ws/src/sad_pkg/install/sad_pkg /usr/bin/cmake --build /home/gaga/sad_ws/build/sad_pkg -- -j20 -l20
[0.919s] DEBUG:colcon.colcon_core.event_handler.log_command:Invoking command in '/home/gaga/sad_ws/build/sad_pkg': CMAKE_PREFIX_PATH=/home/gaga/turtlebot3_ws/install/turtlebot3_teleop:/home/gaga/turtlebot3_ws/install/turtlebot3_example:/opt/ros/humble:/home/gaga/sad_ws/install/serial:/home/gaga/sad_ws/install/my_vision_msgs:/home/gaga/sad_ws/install:/home/gaga/sad_ws/install/sad_pkg:/home/gaga/sad_ws/install/mani_urdf:/home/gaga/turtlebot3_ws/install/turtlebot3:/home/gaga/turtlebot3_ws/install/turtlebot3_simulations:/home/gaga/turtlebot3_ws/install/turtlebot3_bringup:/home/gaga/turtlebot3_ws/install/turtlebot3_node:/home/gaga/turtlebot3_ws/install/turtlebot3_navigation2:/home/gaga/turtlebot3_ws/install/turtlebot3_fake_node:/home/gaga/turtlebot3_ws/install/robot_master:/home/gaga/turtlebot3_ws/install/turtlebot3_msgs:/home/gaga/turtlebot3_ws/install/turtlebot3_gazebo:/home/gaga/turtlebot3_ws/install/turtlebot3_description:/home/gaga/turtlebot3_ws/install/turtlebot3_cartographer:/home/gaga/turtlebot3_ws/install/robot_vision:/home/gaga/turtlebot3_ws/install/robot_navigation:/home/gaga/turtlebot3_ws/install/robot_msgs:/home/gaga/turtlebot3_ws/install/dynamixel_sdk_examples:/home/gaga/turtlebot3_ws/install/dynamixel_sdk_custom_interfaces:/home/gaga/turtlebot3_ws/install/dynamixel_sdk:/home/gaga/ssibal_ws/install/robot_msgs:/home/gaga/sad_ws/src/install/vision_msgs:/home/gaga/sad_ws/src/install/sad_pkg:/home/gaga/sad_ws/src/install/serial:/home/gaga/sad_ws/src/install/my_vision_msgs:/home/gaga/sad_ws/src/install/mani_urdf:/home/gaga/robotprograming_ws/install/rp_pkg:/home/gaga/sad_ws/src/sad_pkg/install/sad_pkg /usr/bin/cmake --install /home/gaga/sad_ws/build/sad_pkg
[0.945s] Level 1:colcon.colcon_core.environment:create_environment_scripts_only(sad_pkg)
[0.946s] Level 1:colcon.colcon_core.environment:checking '/home/gaga/sad_ws/install/sad_pkg' for CMake module files
[0.947s] DEBUG:colcon.colcon_core.event_handler.log_command:Invoked command in '/home/gaga/sad_ws/build/sad_pkg' returned '0': CMAKE_PREFIX_PATH=/home/gaga/turtlebot3_ws/install/turtlebot3_teleop:/home/gaga/turtlebot3_ws/install/turtlebot3_example:/opt/ros/humble:/home/gaga/sad_ws/install/serial:/home/gaga/sad_ws/install/my_vision_msgs:/home/gaga/sad_ws/install:/home/gaga/sad_ws/install/sad_pkg:/home/gaga/sad_ws/install/mani_urdf:/home/gaga/turtlebot3_ws/install/turtlebot3:/home/gaga/turtlebot3_ws/install/turtlebot3_simulations:/home/gaga/turtlebot3_ws/install/turtlebot3_bringup:/home/gaga/turtlebot3_ws/install/turtlebot3_node:/home/gaga/turtlebot3_ws/install/turtlebot3_navigation2:/home/gaga/turtlebot3_ws/install/turtlebot3_fake_node:/home/gaga/turtlebot3_ws/install/robot_master:/home/gaga/turtlebot3_ws/install/turtlebot3_msgs:/home/gaga/turtlebot3_ws/install/turtlebot3_gazebo:/home/gaga/turtlebot3_ws/install/turtlebot3_description:/home/gaga/turtlebot3_ws/install/turtlebot3_cartographer:/home/gaga/turtlebot3_ws/install/robot_vision:/home/gaga/turtlebot3_ws/install/robot_navigation:/home/gaga/turtlebot3_ws/install/robot_msgs:/home/gaga/turtlebot3_ws/install/dynamixel_sdk_examples:/home/gaga/turtlebot3_ws/install/dynamixel_sdk_custom_interfaces:/home/gaga/turtlebot3_ws/install/dynamixel_sdk:/home/gaga/ssibal_ws/install/robot_msgs:/home/gaga/sad_ws/src/install/vision_msgs:/home/gaga/sad_ws/src/install/sad_pkg:/home/gaga/sad_ws/src/install/serial:/home/gaga/sad_ws/src/install/my_vision_msgs:/home/gaga/sad_ws/src/install/mani_urdf:/home/gaga/robotprograming_ws/install/rp_pkg:/home/gaga/sad_ws/src/sad_pkg/install/sad_pkg /usr/bin/cmake --install /home/gaga/sad_ws/build/sad_pkg
[0.947s] Level 1:colcon.colcon_core.environment:checking '/home/gaga/sad_ws/install/sad_pkg' for CMake config files
[0.948s] Level 1:colcon.colcon_core.shell:create_environment_hook('sad_pkg', 'cmake_prefix_path')
[0.948s] INFO:colcon.colcon_core.shell:Creating environment hook '/home/gaga/sad_ws/install/sad_pkg/share/sad_pkg/hook/cmake_prefix_path.ps1'
[0.950s] INFO:colcon.colcon_core.shell:Creating environment descriptor '/home/gaga/sad_ws/install/sad_pkg/share/sad_pkg/hook/cmake_prefix_path.dsv'
[0.950s] INFO:colcon.colcon_core.shell:Creating environment hook '/home/gaga/sad_ws/install/sad_pkg/share/sad_pkg/hook/cmake_prefix_path.sh'
[0.951s] Level 1:colcon.colcon_core.environment:checking '/home/gaga/sad_ws/install/sad_pkg/lib'
[0.951s] Level 1:colcon.colcon_core.environment:checking '/home/gaga/sad_ws/install/sad_pkg/bin'
[0.951s] Level 1:colcon.colcon_core.environment:checking '/home/gaga/sad_ws/install/sad_pkg/lib/pkgconfig/sad_pkg.pc'
[0.952s] Level 1:colcon.colcon_core.environment:checking '/home/gaga/sad_ws/install/sad_pkg/lib/python3.10/site-packages'
[0.952s] Level 1:colcon.colcon_core.environment:checking '/home/gaga/sad_ws/install/sad_pkg/bin'
[0.952s] INFO:colcon.colcon_core.shell:Creating package script '/home/gaga/sad_ws/install/sad_pkg/share/sad_pkg/package.ps1'
[0.952s] INFO:colcon.colcon_core.shell:Creating package descriptor '/home/gaga/sad_ws/install/sad_pkg/share/sad_pkg/package.dsv'
[0.953s] INFO:colcon.colcon_core.shell:Creating package script '/home/gaga/sad_ws/install/sad_pkg/share/sad_pkg/package.sh'
[0.953s] INFO:colcon.colcon_core.shell:Creating package script '/home/gaga/sad_ws/install/sad_pkg/share/sad_pkg/package.bash'
[0.954s] INFO:colcon.colcon_core.shell:Creating package script '/home/gaga/sad_ws/install/sad_pkg/share/sad_pkg/package.zsh'
[0.954s] Level 1:colcon.colcon_core.environment:create_file_with_runtime_dependencies(/home/gaga/sad_ws/install/sad_pkg/share/colcon-core/packages/sad_pkg)
[0.954s] Level 1:colcon.colcon_core.environment:create_environment_scripts_only(sad_pkg)
[0.955s] Level 1:colcon.colcon_core.environment:checking '/home/gaga/sad_ws/install/sad_pkg' for CMake module files
[0.955s] Level 1:colcon.colcon_core.environment:checking '/home/gaga/sad_ws/install/sad_pkg' for CMake config files
[0.955s] Level 1:colcon.colcon_core.shell:create_environment_hook('sad_pkg', 'cmake_prefix_path')
[0.955s] INFO:colcon.colcon_core.shell:Creating environment hook '/home/gaga/sad_ws/install/sad_pkg/share/sad_pkg/hook/cmake_prefix_path.ps1'
[0.956s] INFO:colcon.colcon_core.shell:Creating environment descriptor '/home/gaga/sad_ws/install/sad_pkg/share/sad_pkg/hook/cmake_prefix_path.dsv'
[0.956s] INFO:colcon.colcon_core.shell:Creating environment hook '/home/gaga/sad_ws/install/sad_pkg/share/sad_pkg/hook/cmake_prefix_path.sh'
[0.957s] Level 1:colcon.colcon_core.environment:checking '/home/gaga/sad_ws/install/sad_pkg/lib'
[0.957s] Level 1:colcon.colcon_core.environment:checking '/home/gaga/sad_ws/install/sad_pkg/bin'
[0.957s] Level 1:colcon.colcon_core.environment:checking '/home/gaga/sad_ws/install/sad_pkg/lib/pkgconfig/sad_pkg.pc'
[0.957s] Level 1:colcon.colcon_core.environment:checking '/home/gaga/sad_ws/install/sad_pkg/lib/python3.10/site-packages'
[0.957s] Level 1:colcon.colcon_core.environment:checking '/home/gaga/sad_ws/install/sad_pkg/bin'
[0.958s] INFO:colcon.colcon_core.shell:Creating package script '/home/gaga/sad_ws/install/sad_pkg/share/sad_pkg/package.ps1'
[0.958s] INFO:colcon.colcon_core.shell:Creating package descriptor '/home/gaga/sad_ws/install/sad_pkg/share/sad_pkg/package.dsv'
[0.958s] INFO:colcon.colcon_core.shell:Creating package script '/home/gaga/sad_ws/install/sad_pkg/share/sad_pkg/package.sh'
[0.959s] INFO:colcon.colcon_core.shell:Creating package script '/home/gaga/sad_ws/install/sad_pkg/share/sad_pkg/package.bash'
[0.959s] INFO:colcon.colcon_core.shell:Creating package script '/home/gaga/sad_ws/install/sad_pkg/share/sad_pkg/package.zsh'
[0.960s] Level 1:colcon.colcon_core.environment:create_file_with_runtime_dependencies(/home/gaga/sad_ws/install/sad_pkg/share/colcon-core/packages/sad_pkg)
[0.961s] DEBUG:colcon.colcon_parallel_executor.executor.parallel:closing loop
[0.961s] DEBUG:colcon.colcon_parallel_executor.executor.parallel:loop closed
[0.961s] DEBUG:colcon.colcon_parallel_executor.executor.parallel:run_until_complete finished with '0'
[0.961s] DEBUG:colcon.colcon_core.event_reactor:joining thread
[0.976s] INFO:colcon.colcon_core.plugin_system:Skipping extension 'colcon_notification.desktop_notification.terminal_notifier': Not used on non-Darwin systems
[0.976s] INFO:colcon.colcon_core.plugin_system:Skipping extension 'colcon_notification.desktop_notification.win32': Not used on non-Windows systems
[0.976s] INFO:colcon.colcon_notification.desktop_notification:Sending desktop notification using 'notify2'
[1.012s] DEBUG:colcon.colcon_core.event_reactor:joined thread
[1.013s] INFO:colcon.colcon_core.shell:Creating prefix script '/home/gaga/sad_ws/install/local_setup.ps1'
[1.015s] INFO:colcon.colcon_core.shell:Creating prefix util module '/home/gaga/sad_ws/install/_local_setup_util_ps1.py'
[1.016s] INFO:colcon.colcon_core.shell:Creating prefix chain script '/home/gaga/sad_ws/install/setup.ps1'
[1.018s] INFO:colcon.colcon_core.shell:Creating prefix script '/home/gaga/sad_ws/install/local_setup.sh'
[1.019s] INFO:colcon.colcon_core.shell:Creating prefix util module '/home/gaga/sad_ws/install/_local_setup_util_sh.py'
[1.020s] INFO:colcon.colcon_core.shell:Creating prefix chain script '/home/gaga/sad_ws/install/setup.sh'
[1.021s] INFO:colcon.colcon_core.shell:Creating prefix script '/home/gaga/sad_ws/install/local_setup.bash'
[1.022s] INFO:colcon.colcon_core.shell:Creating prefix chain script '/home/gaga/sad_ws/install/setup.bash'
[1.024s] INFO:colcon.colcon_core.shell:Creating prefix script '/home/gaga/sad_ws/install/local_setup.zsh'
[1.024s] INFO:colcon.colcon_core.shell:Creating prefix chain script '/home/gaga/sad_ws/install/setup.zsh'
