[0.035s] Invoking command in '/home/gaga/sad_ws/build/serial': /usr/bin/cmake --build /home/gaga/sad_ws/build/serial -- -j20 -l20
[0.138s] [ 42%] Built target gtest
[0.139s] [ 50%] Built target gtest_main
[0.139s] [ 57%] Built target serial
[0.191s] [ 78%] Built target serial_example
[0.191s] [ 85%] Built target serial-test
[0.191s] [100%] Built target serial-test-timer
[0.238s] Invoked command in '/home/gaga/sad_ws/build/serial' returned '0': /usr/bin/cmake --build /home/gaga/sad_ws/build/serial -- -j20 -l20
[0.242s] Invoking command in '/home/gaga/sad_ws/build/serial': /usr/bin/cmake --install /home/gaga/sad_ws/build/serial
[0.266s] -- Install configuration: ""
[0.266s] -- Up-to-date: /home/gaga/sad_ws/install/serial/lib/libserial.so
[0.267s] -- Up-to-date: /home/gaga/sad_ws/install/serial/include
[0.267s] -- Up-to-date: /home/gaga/sad_ws/install/serial/include/serial
[0.267s] -- Up-to-date: /home/gaga/sad_ws/install/serial/include/serial/serial.h
[0.267s] -- Up-to-date: /home/gaga/sad_ws/install/serial/include/serial/impl
[0.267s] -- Up-to-date: /home/gaga/sad_ws/install/serial/include/serial/impl/win.h
[0.267s] -- Up-to-date: /home/gaga/sad_ws/install/serial/include/serial/impl/unix.h
[0.268s] -- Up-to-date: /home/gaga/sad_ws/install/serial/include/serial/v8stdint.h
[0.268s] -- Up-to-date: /home/gaga/sad_ws/install/serial/lib/serial/serial_example
[0.268s] -- Up-to-date: /home/gaga/sad_ws/install/serial/share/serial/environment/library_path.sh
[0.268s] -- Up-to-date: /home/gaga/sad_ws/install/serial/share/serial/environment/library_path.dsv
[0.268s] -- Up-to-date: /home/gaga/sad_ws/install/serial/share/ament_index/resource_index/package_run_dependencies/serial
[0.268s] -- Up-to-date: /home/gaga/sad_ws/install/serial/share/ament_index/resource_index/parent_prefix_path/serial
[0.268s] -- Up-to-date: /home/gaga/sad_ws/install/serial/share/serial/environment/ament_prefix_path.sh
[0.268s] -- Up-to-date: /home/gaga/sad_ws/install/serial/share/serial/environment/ament_prefix_path.dsv
[0.268s] -- Up-to-date: /home/gaga/sad_ws/install/serial/share/serial/environment/path.sh
[0.269s] -- Up-to-date: /home/gaga/sad_ws/install/serial/share/serial/environment/path.dsv
[0.269s] -- Up-to-date: /home/gaga/sad_ws/install/serial/share/serial/local_setup.bash
[0.269s] -- Up-to-date: /home/gaga/sad_ws/install/serial/share/serial/local_setup.sh
[0.269s] -- Up-to-date: /home/gaga/sad_ws/install/serial/share/serial/local_setup.zsh
[0.269s] -- Up-to-date: /home/gaga/sad_ws/install/serial/share/serial/local_setup.dsv
[0.269s] -- Installing: /home/gaga/sad_ws/install/serial/share/serial/package.dsv
[0.269s] -- Up-to-date: /home/gaga/sad_ws/install/serial/share/ament_index/resource_index/packages/serial
[0.270s] -- Up-to-date: /home/gaga/sad_ws/install/serial/share/serial/cmake/ament_cmake_export_include_directories-extras.cmake
[0.270s] -- Up-to-date: /home/gaga/sad_ws/install/serial/share/serial/cmake/ament_cmake_export_libraries-extras.cmake
[0.270s] -- Up-to-date: /home/gaga/sad_ws/install/serial/share/serial/cmake/serialConfig.cmake
[0.270s] -- Up-to-date: /home/gaga/sad_ws/install/serial/share/serial/cmake/serialConfig-version.cmake
[0.270s] -- Up-to-date: /home/gaga/sad_ws/install/serial/share/serial/package.xml
[0.273s] Invoked command in '/home/gaga/sad_ws/build/serial' returned '0': /usr/bin/cmake --install /home/gaga/sad_ws/build/serial
