[0.063s] DEBUG:colcon:Command line arguments: ['/usr/bin/colcon', 'build']
[0.063s] DEBUG:colcon:Parsed command line arguments: Namespace(log_base=None, log_level=None, verb_name='build', build_base='build', install_base='install', merge_install=False, symlink_install=False, test_result_base=None, continue_on_error=False, executor='parallel', parallel_workers=20, event_handlers=None, ignore_user_meta=False, metas=['./colcon.meta'], base_paths=['.'], packages_ignore=None, packages_ignore_regex=None, paths=None, packages_up_to=None, packages_up_to_regex=None, packages_above=None, packages_above_and_dependencies=None, packages_above_depth=None, packages_select_by_dep=None, packages_skip_by_dep=None, packages_skip_up_to=None, packages_select_build_failed=False, packages_skip_build_finished=False, packages_select_test_failures=False, packages_skip_test_passed=False, packages_select=None, packages_skip=None, packages_select_regex=None, packages_skip_regex=None, packages_start=None, packages_end=None, allow_overriding=[], cmake_args=None, cmake_target=None, cmake_target_skip_unavailable=False, cmake_clean_cache=False, cmake_clean_first=False, cmake_force_configure=False, ament_cmake_args=None, catkin_cmake_args=None, catkin_skip_building_tests=False, mixin_files=None, mixin=None, verb_parser=<colcon_mixin.mixin.mixin_argument.MixinArgumentDecorator object at 0x755881e90850>, verb_extension=<colcon_core.verb.build.BuildVerb object at 0x755881e90310>, main=<bound method BuildVerb.main of <colcon_core.verb.build.BuildVerb object at 0x755881e90310>>, mixin_verb=('build',))
[0.083s] Level 1:colcon.colcon_core.package_discovery:discover_packages(colcon_meta) check parameters
[0.083s] Level 1:colcon.colcon_core.package_discovery:discover_packages(recursive) check parameters
[0.083s] Level 1:colcon.colcon_core.package_discovery:discover_packages(ignore) check parameters
[0.083s] Level 1:colcon.colcon_core.package_discovery:discover_packages(path) check parameters
[0.083s] Level 1:colcon.colcon_core.package_discovery:discover_packages(colcon_meta) discover
[0.083s] Level 1:colcon.colcon_core.package_discovery:discover_packages(recursive) discover
[0.083s] INFO:colcon.colcon_core.package_discovery:Crawling recursively for packages in '/home/ga/sad_ws/src/sad_pkg'
[0.083s] Level 1:colcon.colcon_core.package_identification:_identify(.) by extensions ['ignore', 'ignore_ament_install']
[0.083s] Level 1:colcon.colcon_core.package_identification:_identify(.) by extension 'ignore'
[0.083s] Level 1:colcon.colcon_core.package_identification:_identify(.) by extension 'ignore_ament_install'
[0.083s] Level 1:colcon.colcon_core.package_identification:_identify(.) by extensions ['colcon_pkg']
[0.083s] Level 1:colcon.colcon_core.package_identification:_identify(.) by extension 'colcon_pkg'
[0.083s] Level 1:colcon.colcon_core.package_identification:_identify(.) by extensions ['colcon_meta']
[0.083s] Level 1:colcon.colcon_core.package_identification:_identify(.) by extension 'colcon_meta'
[0.083s] Level 1:colcon.colcon_core.package_identification:_identify(.) by extensions ['ros']
[0.083s] Level 1:colcon.colcon_core.package_identification:_identify(.) by extension 'ros'
[0.098s] DEBUG:colcon.colcon_core.package_identification:Package '.' with type 'ros.ament_cmake' and name 'sad_pkg'
[0.098s] Level 1:colcon.colcon_core.package_discovery:discover_packages(recursive) using defaults
[0.098s] Level 1:colcon.colcon_core.package_discovery:discover_packages(ignore) discover
[0.098s] Level 1:colcon.colcon_core.package_discovery:discover_packages(ignore) using defaults
[0.098s] Level 1:colcon.colcon_core.package_discovery:discover_packages(path) discover
[0.098s] Level 1:colcon.colcon_core.package_discovery:discover_packages(path) using defaults
[0.107s] Level 1:colcon.colcon_core.package_discovery:discover_packages(prefix_path) check parameters
[0.107s] Level 1:colcon.colcon_core.package_discovery:discover_packages(prefix_path) discover
[0.108s] DEBUG:colcon.colcon_installed_package_information.package_discovery:Found 2 installed packages in /home/ga/sad_ws/install
[0.109s] DEBUG:colcon.colcon_installed_package_information.package_discovery:Found 508 installed packages in /opt/ros/humble
[0.110s] Level 1:colcon.colcon_core.package_discovery:discover_packages(prefix_path) using defaults
[0.143s] Level 5:colcon.colcon_core.verb:set package 'sad_pkg' build argument 'cmake_args' from command line to 'None'
[0.143s] Level 5:colcon.colcon_core.verb:set package 'sad_pkg' build argument 'cmake_target' from command line to 'None'
[0.143s] Level 5:colcon.colcon_core.verb:set package 'sad_pkg' build argument 'cmake_target_skip_unavailable' from command line to 'False'
[0.143s] Level 5:colcon.colcon_core.verb:set package 'sad_pkg' build argument 'cmake_clean_cache' from command line to 'False'
[0.143s] Level 5:colcon.colcon_core.verb:set package 'sad_pkg' build argument 'cmake_clean_first' from command line to 'False'
[0.143s] Level 5:colcon.colcon_core.verb:set package 'sad_pkg' build argument 'cmake_force_configure' from command line to 'False'
[0.143s] Level 5:colcon.colcon_core.verb:set package 'sad_pkg' build argument 'ament_cmake_args' from command line to 'None'
[0.143s] Level 5:colcon.colcon_core.verb:set package 'sad_pkg' build argument 'catkin_cmake_args' from command line to 'None'
[0.143s] Level 5:colcon.colcon_core.verb:set package 'sad_pkg' build argument 'catkin_skip_building_tests' from command line to 'False'
[0.144s] DEBUG:colcon.colcon_core.verb:Building package 'sad_pkg' with the following arguments: {'ament_cmake_args': None, 'build_base': '/home/ga/sad_ws/src/sad_pkg/build/sad_pkg', 'catkin_cmake_args': None, 'catkin_skip_building_tests': False, 'cmake_args': None, 'cmake_clean_cache': False, 'cmake_clean_first': False, 'cmake_force_configure': False, 'cmake_target': None, 'cmake_target_skip_unavailable': False, 'install_base': '/home/ga/sad_ws/src/sad_pkg/install/sad_pkg', 'merge_install': False, 'path': '/home/ga/sad_ws/src/sad_pkg', 'symlink_install': False, 'test_result_base': None}
[0.144s] INFO:colcon.colcon_core.executor:Executing jobs using 'parallel' executor
[0.144s] DEBUG:colcon.colcon_parallel_executor.executor.parallel:run_until_complete
[0.145s] INFO:colcon.colcon_ros.task.ament_cmake.build:Building ROS package in '/home/ga/sad_ws/src/sad_pkg' with build type 'ament_cmake'
[0.145s] INFO:colcon.colcon_cmake.task.cmake.build:Building CMake package in '/home/ga/sad_ws/src/sad_pkg'
[0.146s] INFO:colcon.colcon_core.plugin_system:Skipping extension 'colcon_core.shell.bat': Not used on non-Windows systems
[0.146s] INFO:colcon.colcon_core.shell:Skip shell extension 'powershell' for command environment: Not usable outside of PowerShell
[0.146s] DEBUG:colcon.colcon_core.shell:Skip shell extension 'dsv' for command environment
[0.151s] DEBUG:colcon.colcon_core.event_handler.log_command:Invoking command in '/home/ga/sad_ws/src/sad_pkg/build/sad_pkg': CMAKE_PREFIX_PATH=${CMAKE_PREFIX_PATH}:/opt/ros/humble /usr/bin/cmake /home/ga/sad_ws/src/sad_pkg -DCMAKE_INSTALL_PREFIX=/home/ga/sad_ws/src/sad_pkg/install/sad_pkg
[2.070s] DEBUG:colcon.colcon_core.event_handler.log_command:Invoked command in '/home/ga/sad_ws/src/sad_pkg/build/sad_pkg' returned '0': CMAKE_PREFIX_PATH=${CMAKE_PREFIX_PATH}:/opt/ros/humble /usr/bin/cmake /home/ga/sad_ws/src/sad_pkg -DCMAKE_INSTALL_PREFIX=/home/ga/sad_ws/src/sad_pkg/install/sad_pkg
[2.070s] DEBUG:colcon.colcon_core.event_handler.log_command:Invoking command in '/home/ga/sad_ws/src/sad_pkg/build/sad_pkg': CMAKE_PREFIX_PATH=${CMAKE_PREFIX_PATH}:/opt/ros/humble /usr/bin/cmake --build /home/ga/sad_ws/src/sad_pkg/build/sad_pkg -- -j20 -l20
[2.106s] DEBUG:colcon.colcon_core.event_handler.log_command:Invoked command in '/home/ga/sad_ws/src/sad_pkg/build/sad_pkg' returned '0': CMAKE_PREFIX_PATH=${CMAKE_PREFIX_PATH}:/opt/ros/humble /usr/bin/cmake --build /home/ga/sad_ws/src/sad_pkg/build/sad_pkg -- -j20 -l20
[2.117s] DEBUG:colcon.colcon_core.event_handler.log_command:Invoking command in '/home/ga/sad_ws/src/sad_pkg/build/sad_pkg': CMAKE_PREFIX_PATH=${CMAKE_PREFIX_PATH}:/opt/ros/humble /usr/bin/cmake --install /home/ga/sad_ws/src/sad_pkg/build/sad_pkg
[2.142s] Level 1:colcon.colcon_core.environment:create_environment_scripts_only(sad_pkg)
[2.142s] DEBUG:colcon.colcon_core.event_handler.log_command:Invoked command in '/home/ga/sad_ws/src/sad_pkg/build/sad_pkg' returned '0': CMAKE_PREFIX_PATH=${CMAKE_PREFIX_PATH}:/opt/ros/humble /usr/bin/cmake --install /home/ga/sad_ws/src/sad_pkg/build/sad_pkg
[2.144s] Level 1:colcon.colcon_core.environment:checking '/home/ga/sad_ws/src/sad_pkg/install/sad_pkg' for CMake module files
[2.144s] Level 1:colcon.colcon_core.environment:checking '/home/ga/sad_ws/src/sad_pkg/install/sad_pkg' for CMake config files
[2.144s] Level 1:colcon.colcon_core.shell:create_environment_hook('sad_pkg', 'cmake_prefix_path')
[2.145s] INFO:colcon.colcon_core.shell:Creating environment hook '/home/ga/sad_ws/src/sad_pkg/install/sad_pkg/share/sad_pkg/hook/cmake_prefix_path.ps1'
[2.145s] INFO:colcon.colcon_core.shell:Creating environment descriptor '/home/ga/sad_ws/src/sad_pkg/install/sad_pkg/share/sad_pkg/hook/cmake_prefix_path.dsv'
[2.145s] INFO:colcon.colcon_core.shell:Creating environment hook '/home/ga/sad_ws/src/sad_pkg/install/sad_pkg/share/sad_pkg/hook/cmake_prefix_path.sh'
[2.145s] Level 1:colcon.colcon_core.environment:checking '/home/ga/sad_ws/src/sad_pkg/install/sad_pkg/bin'
[2.146s] Level 1:colcon.colcon_core.environment:checking '/home/ga/sad_ws/src/sad_pkg/install/sad_pkg/lib/pkgconfig/sad_pkg.pc'
[2.146s] Level 1:colcon.colcon_core.environment:checking '/home/ga/sad_ws/src/sad_pkg/install/sad_pkg/lib/python3.10/site-packages'
[2.146s] Level 1:colcon.colcon_core.environment:checking '/home/ga/sad_ws/src/sad_pkg/install/sad_pkg/bin'
[2.146s] INFO:colcon.colcon_core.shell:Creating package script '/home/ga/sad_ws/src/sad_pkg/install/sad_pkg/share/sad_pkg/package.ps1'
[2.146s] INFO:colcon.colcon_core.shell:Creating package descriptor '/home/ga/sad_ws/src/sad_pkg/install/sad_pkg/share/sad_pkg/package.dsv'
[2.146s] INFO:colcon.colcon_core.shell:Creating package script '/home/ga/sad_ws/src/sad_pkg/install/sad_pkg/share/sad_pkg/package.sh'
[2.147s] INFO:colcon.colcon_core.shell:Creating package script '/home/ga/sad_ws/src/sad_pkg/install/sad_pkg/share/sad_pkg/package.bash'
[2.147s] INFO:colcon.colcon_core.shell:Creating package script '/home/ga/sad_ws/src/sad_pkg/install/sad_pkg/share/sad_pkg/package.zsh'
[2.147s] Level 1:colcon.colcon_core.environment:create_file_with_runtime_dependencies(/home/ga/sad_ws/src/sad_pkg/install/sad_pkg/share/colcon-core/packages/sad_pkg)
[2.148s] Level 1:colcon.colcon_core.environment:create_environment_scripts_only(sad_pkg)
[2.148s] Level 1:colcon.colcon_core.environment:checking '/home/ga/sad_ws/src/sad_pkg/install/sad_pkg' for CMake module files
[2.148s] Level 1:colcon.colcon_core.environment:checking '/home/ga/sad_ws/src/sad_pkg/install/sad_pkg' for CMake config files
[2.148s] Level 1:colcon.colcon_core.shell:create_environment_hook('sad_pkg', 'cmake_prefix_path')
[2.148s] INFO:colcon.colcon_core.shell:Creating environment hook '/home/ga/sad_ws/src/sad_pkg/install/sad_pkg/share/sad_pkg/hook/cmake_prefix_path.ps1'
[2.149s] INFO:colcon.colcon_core.shell:Creating environment descriptor '/home/ga/sad_ws/src/sad_pkg/install/sad_pkg/share/sad_pkg/hook/cmake_prefix_path.dsv'
[2.149s] INFO:colcon.colcon_core.shell:Creating environment hook '/home/ga/sad_ws/src/sad_pkg/install/sad_pkg/share/sad_pkg/hook/cmake_prefix_path.sh'
[2.149s] Level 1:colcon.colcon_core.environment:checking '/home/ga/sad_ws/src/sad_pkg/install/sad_pkg/bin'
[2.149s] Level 1:colcon.colcon_core.environment:checking '/home/ga/sad_ws/src/sad_pkg/install/sad_pkg/lib/pkgconfig/sad_pkg.pc'
[2.149s] Level 1:colcon.colcon_core.environment:checking '/home/ga/sad_ws/src/sad_pkg/install/sad_pkg/lib/python3.10/site-packages'
[2.149s] Level 1:colcon.colcon_core.environment:checking '/home/ga/sad_ws/src/sad_pkg/install/sad_pkg/bin'
[2.149s] INFO:colcon.colcon_core.shell:Creating package script '/home/ga/sad_ws/src/sad_pkg/install/sad_pkg/share/sad_pkg/package.ps1'
[2.150s] INFO:colcon.colcon_core.shell:Creating package descriptor '/home/ga/sad_ws/src/sad_pkg/install/sad_pkg/share/sad_pkg/package.dsv'
[2.150s] INFO:colcon.colcon_core.shell:Creating package script '/home/ga/sad_ws/src/sad_pkg/install/sad_pkg/share/sad_pkg/package.sh'
[2.150s] INFO:colcon.colcon_core.shell:Creating package script '/home/ga/sad_ws/src/sad_pkg/install/sad_pkg/share/sad_pkg/package.bash'
[2.150s] INFO:colcon.colcon_core.shell:Creating package script '/home/ga/sad_ws/src/sad_pkg/install/sad_pkg/share/sad_pkg/package.zsh'
[2.151s] Level 1:colcon.colcon_core.environment:create_file_with_runtime_dependencies(/home/ga/sad_ws/src/sad_pkg/install/sad_pkg/share/colcon-core/packages/sad_pkg)
[2.151s] DEBUG:colcon.colcon_parallel_executor.executor.parallel:closing loop
[2.151s] DEBUG:colcon.colcon_parallel_executor.executor.parallel:loop closed
[2.151s] DEBUG:colcon.colcon_parallel_executor.executor.parallel:run_until_complete finished with '0'
[2.151s] DEBUG:colcon.colcon_core.event_reactor:joining thread
[2.154s] INFO:colcon.colcon_core.plugin_system:Skipping extension 'colcon_notification.desktop_notification.terminal_notifier': Not used on non-Darwin systems
[2.154s] INFO:colcon.colcon_core.plugin_system:Skipping extension 'colcon_notification.desktop_notification.win32': Not used on non-Windows systems
[2.154s] INFO:colcon.colcon_notification.desktop_notification:Sending desktop notification using 'notify2'
[2.161s] DEBUG:colcon.colcon_core.event_reactor:joined thread
[2.162s] INFO:colcon.colcon_core.shell:Creating prefix script '/home/ga/sad_ws/src/sad_pkg/install/local_setup.ps1'
[2.162s] INFO:colcon.colcon_core.shell:Creating prefix util module '/home/ga/sad_ws/src/sad_pkg/install/_local_setup_util_ps1.py'
[2.163s] INFO:colcon.colcon_core.shell:Creating prefix chain script '/home/ga/sad_ws/src/sad_pkg/install/setup.ps1'
[2.163s] INFO:colcon.colcon_core.shell:Creating prefix script '/home/ga/sad_ws/src/sad_pkg/install/local_setup.sh'
[2.164s] INFO:colcon.colcon_core.shell:Creating prefix util module '/home/ga/sad_ws/src/sad_pkg/install/_local_setup_util_sh.py'
[2.164s] INFO:colcon.colcon_core.shell:Creating prefix chain script '/home/ga/sad_ws/src/sad_pkg/install/setup.sh'
[2.165s] INFO:colcon.colcon_core.shell:Creating prefix script '/home/ga/sad_ws/src/sad_pkg/install/local_setup.bash'
[2.166s] INFO:colcon.colcon_core.shell:Creating prefix chain script '/home/ga/sad_ws/src/sad_pkg/install/setup.bash'
[2.166s] INFO:colcon.colcon_core.shell:Creating prefix script '/home/ga/sad_ws/src/sad_pkg/install/local_setup.zsh'
[2.166s] INFO:colcon.colcon_core.shell:Creating prefix chain script '/home/ga/sad_ws/src/sad_pkg/install/setup.zsh'
