[0.014s] Invoking command in '/home/gaga/sad_ws/src/build/my_vision_msgs': CMAKE_PREFIX_PATH=${CMAKE_PREFIX_PATH}:/home/gaga/turtlebot3_ws/install/turtlebot3_teleop:/home/gaga/turtlebot3_ws/install/turtlebot3_example:/opt/ros/humble /usr/bin/cmake --build /home/gaga/sad_ws/src/build/my_vision_msgs -- -j20 -l20
[0.052s] -- Found ament_cmake: 1.3.11 (/opt/ros/humble/share/ament_cmake/cmake)
[0.172s] -- Found rclcpp: 16.0.12 (/opt/ros/humble/share/rclcpp/cmake)
[0.199s] -- Found rosidl_generator_c: 3.1.6 (/opt/ros/humble/share/rosidl_generator_c/cmake)
[0.202s] -- Found rosidl_adapter: 3.1.6 (/opt/ros/humble/share/rosidl_adapter/cmake)
[0.209s] -- Found rosidl_generator_cpp: 3.1.6 (/opt/ros/humble/share/rosidl_generator_cpp/cmake)
[0.217s] -- Using all available rosidl_typesupport_c: rosidl_typesupport_fastrtps_c;rosidl_typesupport_introspection_c
[0.228s] -- Using all available rosidl_typesupport_cpp: rosidl_typesupport_fastrtps_cpp;rosidl_typesupport_introspection_cpp
[0.257s] -- Found rmw_implementation_cmake: 6.1.2 (/opt/ros/humble/share/rmw_implementation_cmake/cmake)
[0.259s] -- Found rmw_fastrtps_cpp: 6.2.7 (/opt/ros/humble/share/rmw_fastrtps_cpp/cmake)
[0.350s] -- Using RMW implementation 'rmw_fastrtps_cpp' as default
[0.395s] -- Found geometry_msgs: 4.8.0 (/opt/ros/humble/share/geometry_msgs/cmake)
[0.407s] -- Found rosidl_default_generators: 1.2.0 (/opt/ros/humble/share/rosidl_default_generators/cmake)
[0.653s] -- Found ament_cmake_ros: 0.10.0 (/opt/ros/humble/share/ament_cmake_ros/cmake)
[0.969s] -- Using all available rosidl_typesupport_c: rosidl_typesupport_fastrtps_c;rosidl_typesupport_introspection_c
[1.090s] -- Using all available rosidl_typesupport_cpp: rosidl_typesupport_fastrtps_cpp;rosidl_typesupport_introspection_cpp
[1.109s] -- Found python_cmake_module: 0.10.0 (/opt/ros/humble/share/python_cmake_module/cmake)
[1.129s] -- Using PYTHON_EXECUTABLE: /usr/bin/python3
[1.129s] -- Using PYTHON_INCLUDE_DIRS: /usr/include/python3.10
[1.129s] -- Using PYTHON_LIBRARIES: /usr/lib/x86_64-linux-gnu/libpython3.10.so
[1.166s] -- Configuring done
[1.190s] -- Generating done
[1.197s] -- Build files have been written to: /home/gaga/sad_ws/src/build/my_vision_msgs
[1.226s] [35m[1mConsolidate compiler generated dependencies of target my_vision_msgs__rosidl_generator_c[0m
[1.239s] [  5%] [32mBuilding C object CMakeFiles/my_vision_msgs__rosidl_generator_c.dir/rosidl_generator_c/my_vision_msgs/msg/detail/detected_crop_array__functions.c.o[0m
[1.239s] [  5%] [32mBuilding C object CMakeFiles/my_vision_msgs__rosidl_generator_c.dir/rosidl_generator_c/my_vision_msgs/msg/detail/detected_crop__functions.c.o[0m
[1.239s] [  5%] Built target my_vision_msgs__cpp
[1.240s] [  7%] [32mBuilding C object CMakeFiles/my_vision_msgs__rosidl_generator_c.dir/rosidl_generator_c/my_vision_msgs/msg/detail/harvest_ordering__functions.c.o[0m
[1.242s] [  9%] [32mBuilding C object CMakeFiles/my_vision_msgs__rosidl_generator_c.dir/rosidl_generator_c/my_vision_msgs/msg/detail/crop_pose__functions.c.o[0m
[1.252s] [  9%] Built target ament_cmake_python_copy_my_vision_msgs
[1.252s] [35m[1mConsolidate compiler generated dependencies of target my_vision_msgs__rosidl_typesupport_cpp[0m
[1.253s] [35m[1mConsolidate compiler generated dependencies of target my_vision_msgs__rosidl_typesupport_fastrtps_cpp[0m
[1.254s] [35m[1mConsolidate compiler generated dependencies of target my_vision_msgs__rosidl_typesupport_introspection_cpp[0m
[1.272s] [ 21%] [32mBuilding CXX object CMakeFiles/my_vision_msgs__rosidl_typesupport_fastrtps_cpp.dir/rosidl_typesupport_fastrtps_cpp/my_vision_msgs/msg/detail/dds_fastrtps/detected_crop__type_support.cpp.o[0m
[1.272s] [ 21%] [32mBuilding CXX object CMakeFiles/my_vision_msgs__rosidl_typesupport_cpp.dir/rosidl_typesupport_cpp/my_vision_msgs/msg/detected_crop__type_support.cpp.o[0m
[1.272s] [ 21%] [32mBuilding CXX object CMakeFiles/my_vision_msgs__rosidl_typesupport_fastrtps_cpp.dir/rosidl_typesupport_fastrtps_cpp/my_vision_msgs/msg/detail/dds_fastrtps/crop_pose__type_support.cpp.o[0m
[1.273s] [ 21%] [32mBuilding CXX object CMakeFiles/my_vision_msgs__rosidl_typesupport_cpp.dir/rosidl_typesupport_cpp/my_vision_msgs/msg/harvest_ordering__type_support.cpp.o[0m
[1.273s] [ 21%] [32mBuilding CXX object CMakeFiles/my_vision_msgs__rosidl_typesupport_cpp.dir/rosidl_typesupport_cpp/my_vision_msgs/msg/crop_pose__type_support.cpp.o[0m
[1.273s] [ 23%] [32mBuilding CXX object CMakeFiles/my_vision_msgs__rosidl_typesupport_fastrtps_cpp.dir/rosidl_typesupport_fastrtps_cpp/my_vision_msgs/msg/detail/dds_fastrtps/detected_crop_array__type_support.cpp.o[0m
[1.273s] [ 21%] [32mBuilding CXX object CMakeFiles/my_vision_msgs__rosidl_typesupport_fastrtps_cpp.dir/rosidl_typesupport_fastrtps_cpp/my_vision_msgs/msg/detail/dds_fastrtps/harvest_ordering__type_support.cpp.o[0m
[1.273s] [ 21%] [32mBuilding CXX object CMakeFiles/my_vision_msgs__rosidl_typesupport_cpp.dir/rosidl_typesupport_cpp/my_vision_msgs/msg/detected_crop_array__type_support.cpp.o[0m
[1.273s] [ 27%] [32mBuilding CXX object CMakeFiles/my_vision_msgs__rosidl_typesupport_introspection_cpp.dir/rosidl_typesupport_introspection_cpp/my_vision_msgs/msg/detail/detected_crop_array__type_support.cpp.o[0m
[1.273s] [ 27%] [32mBuilding CXX object CMakeFiles/my_vision_msgs__rosidl_typesupport_introspection_cpp.dir/rosidl_typesupport_introspection_cpp/my_vision_msgs/msg/detail/crop_pose__type_support.cpp.o[0m
[1.273s] [ 29%] [32mBuilding CXX object CMakeFiles/my_vision_msgs__rosidl_typesupport_introspection_cpp.dir/rosidl_typesupport_introspection_cpp/my_vision_msgs/msg/detail/harvest_ordering__type_support.cpp.o[0m
[1.273s] [ 30%] [32mBuilding CXX object CMakeFiles/my_vision_msgs__rosidl_typesupport_introspection_cpp.dir/rosidl_typesupport_introspection_cpp/my_vision_msgs/msg/detail/detected_crop__type_support.cpp.o[0m
[1.349s] [ 32%] [32m[1mLinking C shared library libmy_vision_msgs__rosidl_generator_c.so[0m
[1.466s] [ 34%] Built target my_vision_msgs__rosidl_generator_c
[1.495s] [35m[1mConsolidate compiler generated dependencies of target my_vision_msgs__rosidl_typesupport_fastrtps_c[0m
[1.495s] [35m[1mConsolidate compiler generated dependencies of target my_vision_msgs__rosidl_typesupport_introspection_c[0m
[1.501s] [35m[1mConsolidate compiler generated dependencies of target my_vision_msgs__rosidl_typesupport_c[0m
[1.530s] [ 36%] [32mBuilding CXX object CMakeFiles/my_vision_msgs__rosidl_typesupport_fastrtps_c.dir/rosidl_typesupport_fastrtps_c/my_vision_msgs/msg/detail/crop_pose__type_support_c.cpp.o[0m
[1.531s] [ 38%] [32mBuilding C object CMakeFiles/my_vision_msgs__rosidl_typesupport_introspection_c.dir/rosidl_typesupport_introspection_c/my_vision_msgs/msg/detail/detected_crop__type_support.c.o[0m
[1.540s] [ 41%] [32mBuilding CXX object CMakeFiles/my_vision_msgs__rosidl_typesupport_fastrtps_c.dir/rosidl_typesupport_fastrtps_c/my_vision_msgs/msg/detail/detected_crop_array__type_support_c.cpp.o[0m
[1.540s] [ 41%] [32mBuilding C object CMakeFiles/my_vision_msgs__rosidl_typesupport_introspection_c.dir/rosidl_typesupport_introspection_c/my_vision_msgs/msg/detail/crop_pose__type_support.c.o[0m
[1.541s] [ 43%] [32mBuilding CXX object CMakeFiles/my_vision_msgs__rosidl_typesupport_fastrtps_c.dir/rosidl_typesupport_fastrtps_c/my_vision_msgs/msg/detail/detected_crop__type_support_c.cpp.o[0m
[1.547s] [ 45%] [32mBuilding CXX object CMakeFiles/my_vision_msgs__rosidl_typesupport_c.dir/rosidl_typesupport_c/my_vision_msgs/msg/crop_pose__type_support.cpp.o[0m
[1.556s] [ 47%] [32mBuilding C object CMakeFiles/my_vision_msgs__rosidl_typesupport_introspection_c.dir/rosidl_typesupport_introspection_c/my_vision_msgs/msg/detail/detected_crop_array__type_support.c.o[0m
[1.632s] [ 49%] [32mBuilding CXX object CMakeFiles/my_vision_msgs__rosidl_typesupport_c.dir/rosidl_typesupport_c/my_vision_msgs/msg/detected_crop__type_support.cpp.o[0m
[1.658s] [ 50%] [32mBuilding CXX object CMakeFiles/my_vision_msgs__rosidl_typesupport_c.dir/rosidl_typesupport_c/my_vision_msgs/msg/detected_crop_array__type_support.cpp.o[0m
[1.706s] [ 52%] [32mBuilding C object CMakeFiles/my_vision_msgs__rosidl_typesupport_introspection_c.dir/rosidl_typesupport_introspection_c/my_vision_msgs/msg/detail/harvest_ordering__type_support.c.o[0m
[1.711s] [ 54%] [32mBuilding CXX object CMakeFiles/my_vision_msgs__rosidl_typesupport_c.dir/rosidl_typesupport_c/my_vision_msgs/msg/harvest_ordering__type_support.cpp.o[0m
[1.716s] running egg_info
[1.717s] [ 56%] [32mBuilding CXX object CMakeFiles/my_vision_msgs__rosidl_typesupport_fastrtps_c.dir/rosidl_typesupport_fastrtps_c/my_vision_msgs/msg/detail/harvest_ordering__type_support_c.cpp.o[0m
[1.720s] writing my_vision_msgs.egg-info/PKG-INFO
[1.722s] writing dependency_links to my_vision_msgs.egg-info/dependency_links.txt
[1.722s] writing top-level names to my_vision_msgs.egg-info/top_level.txt
[1.733s] reading manifest file 'my_vision_msgs.egg-info/SOURCES.txt'
[1.734s] writing manifest file 'my_vision_msgs.egg-info/SOURCES.txt'
[1.791s] [ 58%] [32m[1mLinking CXX shared library libmy_vision_msgs__rosidl_typesupport_cpp.so[0m
[1.792s] [ 60%] [32m[1mLinking C shared library libmy_vision_msgs__rosidl_typesupport_introspection_c.so[0m
[1.794s] [ 61%] [32m[1mLinking CXX shared library libmy_vision_msgs__rosidl_typesupport_c.so[0m
[1.884s] [ 63%] Built target my_vision_msgs__rosidl_typesupport_introspection_c
[1.904s] [ 67%] Built target my_vision_msgs__rosidl_typesupport_cpp
[1.906s] [ 67%] Built target my_vision_msgs__rosidl_typesupport_c
[1.934s] [ 67%] Built target ament_cmake_python_build_my_vision_msgs_egg
[2.073s] [ 69%] [32m[1mLinking CXX shared library libmy_vision_msgs__rosidl_typesupport_introspection_cpp.so[0m
[2.108s] [ 70%] [32m[1mLinking CXX shared library libmy_vision_msgs__rosidl_typesupport_fastrtps_cpp.so[0m
[2.183s] [ 72%] [32m[1mLinking CXX shared library libmy_vision_msgs__rosidl_typesupport_fastrtps_c.so[0m
[2.203s] [ 74%] Built target my_vision_msgs__rosidl_typesupport_introspection_cpp
[2.232s] [ 76%] Built target my_vision_msgs__rosidl_typesupport_fastrtps_cpp
[2.277s] [ 78%] Built target my_vision_msgs__rosidl_typesupport_fastrtps_c
[2.298s] [ 78%] Built target my_vision_msgs
[2.318s] [ 80%] Built target my_vision_msgs__py
[2.330s] [35m[1mConsolidate compiler generated dependencies of target my_vision_msgs__rosidl_generator_py[0m
[2.347s] [ 87%] [32mBuilding C object CMakeFiles/my_vision_msgs__rosidl_generator_py.dir/rosidl_generator_py/my_vision_msgs/msg/_detected_crop_array_s.c.o[0m
[2.347s] [ 87%] [32mBuilding C object CMakeFiles/my_vision_msgs__rosidl_generator_py.dir/rosidl_generator_py/my_vision_msgs/msg/_crop_pose_s.c.o[0m
[2.347s] [ 87%] [32mBuilding C object CMakeFiles/my_vision_msgs__rosidl_generator_py.dir/rosidl_generator_py/my_vision_msgs/msg/_detected_crop_s.c.o[0m
[2.347s] [ 87%] [32mBuilding C object CMakeFiles/my_vision_msgs__rosidl_generator_py.dir/rosidl_generator_py/my_vision_msgs/msg/_harvest_ordering_s.c.o[0m
[2.448s] [ 89%] [32m[1mLinking C shared library rosidl_generator_py/my_vision_msgs/libmy_vision_msgs__rosidl_generator_py.so[0m
[2.495s] [ 89%] Built target my_vision_msgs__rosidl_generator_py
[2.509s] [35m[1mConsolidate compiler generated dependencies of target my_vision_msgs__rosidl_typesupport_c__pyext[0m
[2.510s] [35m[1mConsolidate compiler generated dependencies of target my_vision_msgs__rosidl_typesupport_introspection_c__pyext[0m
[2.510s] [35m[1mConsolidate compiler generated dependencies of target my_vision_msgs__rosidl_typesupport_fastrtps_c__pyext[0m
[2.523s] [ 92%] [32mBuilding C object CMakeFiles/my_vision_msgs__rosidl_typesupport_fastrtps_c__pyext.dir/rosidl_generator_py/my_vision_msgs/_my_vision_msgs_s.ep.rosidl_typesupport_fastrtps_c.c.o[0m
[2.523s] [ 92%] [32mBuilding C object CMakeFiles/my_vision_msgs__rosidl_typesupport_c__pyext.dir/rosidl_generator_py/my_vision_msgs/_my_vision_msgs_s.ep.rosidl_typesupport_c.c.o[0m
[2.523s] [ 94%] [32mBuilding C object CMakeFiles/my_vision_msgs__rosidl_typesupport_introspection_c__pyext.dir/rosidl_generator_py/my_vision_msgs/_my_vision_msgs_s.ep.rosidl_typesupport_introspection_c.c.o[0m
[2.604s] [ 96%] [32m[1mLinking C shared library rosidl_generator_py/my_vision_msgs/my_vision_msgs_s__rosidl_typesupport_introspection_c.cpython-310-x86_64-linux-gnu.so[0m
[2.605s] [100%] [32m[1mLinking C shared library rosidl_generator_py/my_vision_msgs/my_vision_msgs_s__rosidl_typesupport_c.cpython-310-x86_64-linux-gnu.so[0m
[2.605s] [100%] [32m[1mLinking C shared library rosidl_generator_py/my_vision_msgs/my_vision_msgs_s__rosidl_typesupport_fastrtps_c.cpython-310-x86_64-linux-gnu.so[0m
[2.642s] [100%] Built target my_vision_msgs__rosidl_typesupport_introspection_c__pyext
[2.642s] [100%] Built target my_vision_msgs__rosidl_typesupport_fastrtps_c__pyext
[2.651s] [100%] Built target my_vision_msgs__rosidl_typesupport_c__pyext
[2.663s] Invoked command in '/home/gaga/sad_ws/src/build/my_vision_msgs' returned '0': CMAKE_PREFIX_PATH=${CMAKE_PREFIX_PATH}:/home/gaga/turtlebot3_ws/install/turtlebot3_teleop:/home/gaga/turtlebot3_ws/install/turtlebot3_example:/opt/ros/humble /usr/bin/cmake --build /home/gaga/sad_ws/src/build/my_vision_msgs -- -j20 -l20
[2.665s] Invoking command in '/home/gaga/sad_ws/src/build/my_vision_msgs': CMAKE_PREFIX_PATH=${CMAKE_PREFIX_PATH}:/home/gaga/turtlebot3_ws/install/turtlebot3_teleop:/home/gaga/turtlebot3_ws/install/turtlebot3_example:/opt/ros/humble /usr/bin/cmake --install /home/gaga/sad_ws/src/build/my_vision_msgs
[2.674s] -- Install configuration: ""
[2.674s] -- Up-to-date: /home/gaga/sad_ws/src/install/my_vision_msgs/share/ament_index/resource_index/rosidl_interfaces/my_vision_msgs
[2.674s] -- Up-to-date: /home/gaga/sad_ws/src/install/my_vision_msgs/include/my_vision_msgs/my_vision_msgs
[2.674s] -- Up-to-date: /home/gaga/sad_ws/src/install/my_vision_msgs/include/my_vision_msgs/my_vision_msgs/msg
[2.674s] -- Up-to-date: /home/gaga/sad_ws/src/install/my_vision_msgs/include/my_vision_msgs/my_vision_msgs/msg/detected_crop.h
[2.674s] -- Up-to-date: /home/gaga/sad_ws/src/install/my_vision_msgs/include/my_vision_msgs/my_vision_msgs/msg/rosidl_generator_c__visibility_control.h
[2.674s] -- Up-to-date: /home/gaga/sad_ws/src/install/my_vision_msgs/include/my_vision_msgs/my_vision_msgs/msg/crop_pose.h
[2.674s] -- Up-to-date: /home/gaga/sad_ws/src/install/my_vision_msgs/include/my_vision_msgs/my_vision_msgs/msg/harvest_ordering.h
[2.674s] -- Up-to-date: /home/gaga/sad_ws/src/install/my_vision_msgs/include/my_vision_msgs/my_vision_msgs/msg/detail
[2.674s] -- Up-to-date: /home/gaga/sad_ws/src/install/my_vision_msgs/include/my_vision_msgs/my_vision_msgs/msg/detail/detected_crop__functions.c
[2.674s] -- Up-to-date: /home/gaga/sad_ws/src/install/my_vision_msgs/include/my_vision_msgs/my_vision_msgs/msg/detail/detected_crop_array__struct.h
[2.674s] -- Up-to-date: /home/gaga/sad_ws/src/install/my_vision_msgs/include/my_vision_msgs/my_vision_msgs/msg/detail/detected_crop_array__functions.c
[2.674s] -- Up-to-date: /home/gaga/sad_ws/src/install/my_vision_msgs/include/my_vision_msgs/my_vision_msgs/msg/detail/crop_pose__struct.h
[2.674s] -- Up-to-date: /home/gaga/sad_ws/src/install/my_vision_msgs/include/my_vision_msgs/my_vision_msgs/msg/detail/harvest_ordering__functions.c
[2.674s] -- Up-to-date: /home/gaga/sad_ws/src/install/my_vision_msgs/include/my_vision_msgs/my_vision_msgs/msg/detail/detected_crop__struct.h
[2.674s] -- Up-to-date: /home/gaga/sad_ws/src/install/my_vision_msgs/include/my_vision_msgs/my_vision_msgs/msg/detail/harvest_ordering__struct.h
[2.674s] -- Up-to-date: /home/gaga/sad_ws/src/install/my_vision_msgs/include/my_vision_msgs/my_vision_msgs/msg/detail/harvest_ordering__functions.h
[2.675s] -- Up-to-date: /home/gaga/sad_ws/src/install/my_vision_msgs/include/my_vision_msgs/my_vision_msgs/msg/detail/harvest_ordering__type_support.h
[2.675s] -- Up-to-date: /home/gaga/sad_ws/src/install/my_vision_msgs/include/my_vision_msgs/my_vision_msgs/msg/detail/detected_crop__functions.h
[2.675s] -- Up-to-date: /home/gaga/sad_ws/src/install/my_vision_msgs/include/my_vision_msgs/my_vision_msgs/msg/detail/detected_crop__type_support.h
[2.675s] -- Up-to-date: /home/gaga/sad_ws/src/install/my_vision_msgs/include/my_vision_msgs/my_vision_msgs/msg/detail/crop_pose__functions.c
[2.675s] -- Up-to-date: /home/gaga/sad_ws/src/install/my_vision_msgs/include/my_vision_msgs/my_vision_msgs/msg/detail/crop_pose__type_support.h
[2.675s] -- Up-to-date: /home/gaga/sad_ws/src/install/my_vision_msgs/include/my_vision_msgs/my_vision_msgs/msg/detail/detected_crop_array__functions.h
[2.675s] -- Up-to-date: /home/gaga/sad_ws/src/install/my_vision_msgs/include/my_vision_msgs/my_vision_msgs/msg/detail/crop_pose__functions.h
[2.675s] -- Up-to-date: /home/gaga/sad_ws/src/install/my_vision_msgs/include/my_vision_msgs/my_vision_msgs/msg/detail/detected_crop_array__type_support.h
[2.675s] -- Up-to-date: /home/gaga/sad_ws/src/install/my_vision_msgs/include/my_vision_msgs/my_vision_msgs/msg/detected_crop_array.h
[2.675s] -- Up-to-date: /home/gaga/sad_ws/src/install/my_vision_msgs/share/my_vision_msgs/environment/library_path.sh
[2.675s] -- Installing: /home/gaga/sad_ws/src/install/my_vision_msgs/share/my_vision_msgs/environment/library_path.dsv
[2.675s] -- Installing: /home/gaga/sad_ws/src/install/my_vision_msgs/lib/libmy_vision_msgs__rosidl_generator_c.so
[2.675s] -- Set runtime path of "/home/gaga/sad_ws/src/install/my_vision_msgs/lib/libmy_vision_msgs__rosidl_generator_c.so" to ""
[2.675s] -- Up-to-date: /home/gaga/sad_ws/src/install/my_vision_msgs/include/my_vision_msgs/my_vision_msgs
[2.675s] -- Up-to-date: /home/gaga/sad_ws/src/install/my_vision_msgs/include/my_vision_msgs/my_vision_msgs/msg
[2.675s] -- Up-to-date: /home/gaga/sad_ws/src/install/my_vision_msgs/include/my_vision_msgs/my_vision_msgs/msg/rosidl_typesupport_fastrtps_c__visibility_control.h
[2.675s] -- Up-to-date: /home/gaga/sad_ws/src/install/my_vision_msgs/include/my_vision_msgs/my_vision_msgs/msg/detail
[2.675s] -- Up-to-date: /home/gaga/sad_ws/src/install/my_vision_msgs/include/my_vision_msgs/my_vision_msgs/msg/detail/crop_pose__rosidl_typesupport_fastrtps_c.h
[2.675s] -- Up-to-date: /home/gaga/sad_ws/src/install/my_vision_msgs/include/my_vision_msgs/my_vision_msgs/msg/detail/detected_crop_array__rosidl_typesupport_fastrtps_c.h
[2.675s] -- Up-to-date: /home/gaga/sad_ws/src/install/my_vision_msgs/include/my_vision_msgs/my_vision_msgs/msg/detail/harvest_ordering__rosidl_typesupport_fastrtps_c.h
[2.676s] -- Up-to-date: /home/gaga/sad_ws/src/install/my_vision_msgs/include/my_vision_msgs/my_vision_msgs/msg/detail/detected_crop__rosidl_typesupport_fastrtps_c.h
[2.676s] -- Installing: /home/gaga/sad_ws/src/install/my_vision_msgs/lib/libmy_vision_msgs__rosidl_typesupport_fastrtps_c.so
[2.676s] -- Set runtime path of "/home/gaga/sad_ws/src/install/my_vision_msgs/lib/libmy_vision_msgs__rosidl_typesupport_fastrtps_c.so" to ""
[2.676s] -- Up-to-date: /home/gaga/sad_ws/src/install/my_vision_msgs/include/my_vision_msgs/my_vision_msgs
[2.676s] -- Up-to-date: /home/gaga/sad_ws/src/install/my_vision_msgs/include/my_vision_msgs/my_vision_msgs/msg
[2.676s] -- Up-to-date: /home/gaga/sad_ws/src/install/my_vision_msgs/include/my_vision_msgs/my_vision_msgs/msg/rosidl_generator_cpp__visibility_control.hpp
[2.676s] -- Up-to-date: /home/gaga/sad_ws/src/install/my_vision_msgs/include/my_vision_msgs/my_vision_msgs/msg/detected_crop.hpp
[2.676s] -- Up-to-date: /home/gaga/sad_ws/src/install/my_vision_msgs/include/my_vision_msgs/my_vision_msgs/msg/harvest_ordering.hpp
[2.676s] -- Up-to-date: /home/gaga/sad_ws/src/install/my_vision_msgs/include/my_vision_msgs/my_vision_msgs/msg/detected_crop_array.hpp
[2.676s] -- Up-to-date: /home/gaga/sad_ws/src/install/my_vision_msgs/include/my_vision_msgs/my_vision_msgs/msg/detail
[2.676s] -- Up-to-date: /home/gaga/sad_ws/src/install/my_vision_msgs/include/my_vision_msgs/my_vision_msgs/msg/detail/detected_crop__builder.hpp
[2.676s] -- Up-to-date: /home/gaga/sad_ws/src/install/my_vision_msgs/include/my_vision_msgs/my_vision_msgs/msg/detail/detected_crop__traits.hpp
[2.676s] -- Up-to-date: /home/gaga/sad_ws/src/install/my_vision_msgs/include/my_vision_msgs/my_vision_msgs/msg/detail/detected_crop_array__builder.hpp
[2.676s] -- Up-to-date: /home/gaga/sad_ws/src/install/my_vision_msgs/include/my_vision_msgs/my_vision_msgs/msg/detail/crop_pose__struct.hpp
[2.676s] -- Up-to-date: /home/gaga/sad_ws/src/install/my_vision_msgs/include/my_vision_msgs/my_vision_msgs/msg/detail/harvest_ordering__struct.hpp
[2.676s] -- Up-to-date: /home/gaga/sad_ws/src/install/my_vision_msgs/include/my_vision_msgs/my_vision_msgs/msg/detail/harvest_ordering__type_support.hpp
[2.676s] -- Up-to-date: /home/gaga/sad_ws/src/install/my_vision_msgs/include/my_vision_msgs/my_vision_msgs/msg/detail/harvest_ordering__builder.hpp
[2.676s] -- Up-to-date: /home/gaga/sad_ws/src/install/my_vision_msgs/include/my_vision_msgs/my_vision_msgs/msg/detail/detected_crop_array__type_support.hpp
[2.676s] -- Up-to-date: /home/gaga/sad_ws/src/install/my_vision_msgs/include/my_vision_msgs/my_vision_msgs/msg/detail/crop_pose__builder.hpp
[2.676s] -- Up-to-date: /home/gaga/sad_ws/src/install/my_vision_msgs/include/my_vision_msgs/my_vision_msgs/msg/detail/detected_crop_array__struct.hpp
[2.676s] -- Up-to-date: /home/gaga/sad_ws/src/install/my_vision_msgs/include/my_vision_msgs/my_vision_msgs/msg/detail/detected_crop__struct.hpp
[2.676s] -- Up-to-date: /home/gaga/sad_ws/src/install/my_vision_msgs/include/my_vision_msgs/my_vision_msgs/msg/detail/detected_crop__type_support.hpp
[2.677s] -- Up-to-date: /home/gaga/sad_ws/src/install/my_vision_msgs/include/my_vision_msgs/my_vision_msgs/msg/detail/crop_pose__traits.hpp
[2.677s] -- Up-to-date: /home/gaga/sad_ws/src/install/my_vision_msgs/include/my_vision_msgs/my_vision_msgs/msg/detail/harvest_ordering__traits.hpp
[2.677s] -- Up-to-date: /home/gaga/sad_ws/src/install/my_vision_msgs/include/my_vision_msgs/my_vision_msgs/msg/detail/crop_pose__type_support.hpp
[2.677s] -- Up-to-date: /home/gaga/sad_ws/src/install/my_vision_msgs/include/my_vision_msgs/my_vision_msgs/msg/detail/detected_crop_array__traits.hpp
[2.677s] -- Up-to-date: /home/gaga/sad_ws/src/install/my_vision_msgs/include/my_vision_msgs/my_vision_msgs/msg/crop_pose.hpp
[2.677s] -- Up-to-date: /home/gaga/sad_ws/src/install/my_vision_msgs/include/my_vision_msgs/my_vision_msgs
[2.677s] -- Up-to-date: /home/gaga/sad_ws/src/install/my_vision_msgs/include/my_vision_msgs/my_vision_msgs/msg
[2.677s] -- Up-to-date: /home/gaga/sad_ws/src/install/my_vision_msgs/include/my_vision_msgs/my_vision_msgs/msg/rosidl_typesupport_fastrtps_cpp__visibility_control.h
[2.677s] -- Up-to-date: /home/gaga/sad_ws/src/install/my_vision_msgs/include/my_vision_msgs/my_vision_msgs/msg/detail
[2.677s] -- Up-to-date: /home/gaga/sad_ws/src/install/my_vision_msgs/include/my_vision_msgs/my_vision_msgs/msg/detail/harvest_ordering__rosidl_typesupport_fastrtps_cpp.hpp
[2.677s] -- Up-to-date: /home/gaga/sad_ws/src/install/my_vision_msgs/include/my_vision_msgs/my_vision_msgs/msg/detail/dds_fastrtps
[2.677s] -- Up-to-date: /home/gaga/sad_ws/src/install/my_vision_msgs/include/my_vision_msgs/my_vision_msgs/msg/detail/crop_pose__rosidl_typesupport_fastrtps_cpp.hpp
[2.677s] -- Up-to-date: /home/gaga/sad_ws/src/install/my_vision_msgs/include/my_vision_msgs/my_vision_msgs/msg/detail/detected_crop__rosidl_typesupport_fastrtps_cpp.hpp
[2.677s] -- Up-to-date: /home/gaga/sad_ws/src/install/my_vision_msgs/include/my_vision_msgs/my_vision_msgs/msg/detail/detected_crop_array__rosidl_typesupport_fastrtps_cpp.hpp
[2.677s] -- Installing: /home/gaga/sad_ws/src/install/my_vision_msgs/lib/libmy_vision_msgs__rosidl_typesupport_fastrtps_cpp.so
[2.677s] -- Set runtime path of "/home/gaga/sad_ws/src/install/my_vision_msgs/lib/libmy_vision_msgs__rosidl_typesupport_fastrtps_cpp.so" to ""
[2.677s] -- Up-to-date: /home/gaga/sad_ws/src/install/my_vision_msgs/include/my_vision_msgs/my_vision_msgs
[2.677s] -- Up-to-date: /home/gaga/sad_ws/src/install/my_vision_msgs/include/my_vision_msgs/my_vision_msgs/msg
[2.677s] -- Up-to-date: /home/gaga/sad_ws/src/install/my_vision_msgs/include/my_vision_msgs/my_vision_msgs/msg/rosidl_typesupport_introspection_c__visibility_control.h
[2.677s] -- Up-to-date: /home/gaga/sad_ws/src/install/my_vision_msgs/include/my_vision_msgs/my_vision_msgs/msg/detail
[2.677s] -- Up-to-date: /home/gaga/sad_ws/src/install/my_vision_msgs/include/my_vision_msgs/my_vision_msgs/msg/detail/harvest_ordering__type_support.c
[2.677s] -- Up-to-date: /home/gaga/sad_ws/src/install/my_vision_msgs/include/my_vision_msgs/my_vision_msgs/msg/detail/crop_pose__type_support.c
[2.677s] -- Up-to-date: /home/gaga/sad_ws/src/install/my_vision_msgs/include/my_vision_msgs/my_vision_msgs/msg/detail/detected_crop__type_support.c
[2.677s] -- Up-to-date: /home/gaga/sad_ws/src/install/my_vision_msgs/include/my_vision_msgs/my_vision_msgs/msg/detail/detected_crop_array__rosidl_typesupport_introspection_c.h
[2.677s] -- Up-to-date: /home/gaga/sad_ws/src/install/my_vision_msgs/include/my_vision_msgs/my_vision_msgs/msg/detail/detected_crop__rosidl_typesupport_introspection_c.h
[2.677s] -- Up-to-date: /home/gaga/sad_ws/src/install/my_vision_msgs/include/my_vision_msgs/my_vision_msgs/msg/detail/detected_crop_array__type_support.c
[2.677s] -- Up-to-date: /home/gaga/sad_ws/src/install/my_vision_msgs/include/my_vision_msgs/my_vision_msgs/msg/detail/crop_pose__rosidl_typesupport_introspection_c.h
[2.677s] -- Up-to-date: /home/gaga/sad_ws/src/install/my_vision_msgs/include/my_vision_msgs/my_vision_msgs/msg/detail/harvest_ordering__rosidl_typesupport_introspection_c.h
[2.677s] -- Installing: /home/gaga/sad_ws/src/install/my_vision_msgs/lib/libmy_vision_msgs__rosidl_typesupport_introspection_c.so
[2.677s] -- Set runtime path of "/home/gaga/sad_ws/src/install/my_vision_msgs/lib/libmy_vision_msgs__rosidl_typesupport_introspection_c.so" to ""
[2.677s] -- Installing: /home/gaga/sad_ws/src/install/my_vision_msgs/lib/libmy_vision_msgs__rosidl_typesupport_c.so
[2.677s] -- Set runtime path of "/home/gaga/sad_ws/src/install/my_vision_msgs/lib/libmy_vision_msgs__rosidl_typesupport_c.so" to ""
[2.678s] -- Up-to-date: /home/gaga/sad_ws/src/install/my_vision_msgs/include/my_vision_msgs/my_vision_msgs
[2.678s] -- Up-to-date: /home/gaga/sad_ws/src/install/my_vision_msgs/include/my_vision_msgs/my_vision_msgs/msg
[2.678s] -- Up-to-date: /home/gaga/sad_ws/src/install/my_vision_msgs/include/my_vision_msgs/my_vision_msgs/msg/detail
[2.678s] -- Up-to-date: /home/gaga/sad_ws/src/install/my_vision_msgs/include/my_vision_msgs/my_vision_msgs/msg/detail/detected_crop_array__type_support.cpp
[2.678s] -- Up-to-date: /home/gaga/sad_ws/src/install/my_vision_msgs/include/my_vision_msgs/my_vision_msgs/msg/detail/detected_crop_array__rosidl_typesupport_introspection_cpp.hpp
[2.678s] -- Up-to-date: /home/gaga/sad_ws/src/install/my_vision_msgs/include/my_vision_msgs/my_vision_msgs/msg/detail/harvest_ordering__rosidl_typesupport_introspection_cpp.hpp
[2.678s] -- Up-to-date: /home/gaga/sad_ws/src/install/my_vision_msgs/include/my_vision_msgs/my_vision_msgs/msg/detail/detected_crop__type_support.cpp
[2.678s] -- Up-to-date: /home/gaga/sad_ws/src/install/my_vision_msgs/include/my_vision_msgs/my_vision_msgs/msg/detail/detected_crop__rosidl_typesupport_introspection_cpp.hpp
[2.678s] -- Up-to-date: /home/gaga/sad_ws/src/install/my_vision_msgs/include/my_vision_msgs/my_vision_msgs/msg/detail/crop_pose__type_support.cpp
[2.678s] -- Up-to-date: /home/gaga/sad_ws/src/install/my_vision_msgs/include/my_vision_msgs/my_vision_msgs/msg/detail/harvest_ordering__type_support.cpp
[2.678s] -- Up-to-date: /home/gaga/sad_ws/src/install/my_vision_msgs/include/my_vision_msgs/my_vision_msgs/msg/detail/crop_pose__rosidl_typesupport_introspection_cpp.hpp
[2.678s] -- Installing: /home/gaga/sad_ws/src/install/my_vision_msgs/lib/libmy_vision_msgs__rosidl_typesupport_introspection_cpp.so
[2.678s] -- Set runtime path of "/home/gaga/sad_ws/src/install/my_vision_msgs/lib/libmy_vision_msgs__rosidl_typesupport_introspection_cpp.so" to ""
[2.678s] -- Installing: /home/gaga/sad_ws/src/install/my_vision_msgs/lib/libmy_vision_msgs__rosidl_typesupport_cpp.so
[2.678s] -- Set runtime path of "/home/gaga/sad_ws/src/install/my_vision_msgs/lib/libmy_vision_msgs__rosidl_typesupport_cpp.so" to ""
[2.678s] -- Up-to-date: /home/gaga/sad_ws/src/install/my_vision_msgs/share/my_vision_msgs/environment/pythonpath.sh
[2.678s] -- Installing: /home/gaga/sad_ws/src/install/my_vision_msgs/share/my_vision_msgs/environment/pythonpath.dsv
[2.678s] -- Up-to-date: /home/gaga/sad_ws/src/install/my_vision_msgs/local/lib/python3.10/dist-packages/my_vision_msgs-0.1.0-py3.10.egg-info
[2.678s] -- Installing: /home/gaga/sad_ws/src/install/my_vision_msgs/local/lib/python3.10/dist-packages/my_vision_msgs-0.1.0-py3.10.egg-info/SOURCES.txt
[2.678s] -- Installing: /home/gaga/sad_ws/src/install/my_vision_msgs/local/lib/python3.10/dist-packages/my_vision_msgs-0.1.0-py3.10.egg-info/PKG-INFO
[2.678s] -- Installing: /home/gaga/sad_ws/src/install/my_vision_msgs/local/lib/python3.10/dist-packages/my_vision_msgs-0.1.0-py3.10.egg-info/top_level.txt
[2.678s] -- Installing: /home/gaga/sad_ws/src/install/my_vision_msgs/local/lib/python3.10/dist-packages/my_vision_msgs-0.1.0-py3.10.egg-info/dependency_links.txt
[2.678s] -- Up-to-date: /home/gaga/sad_ws/src/install/my_vision_msgs/local/lib/python3.10/dist-packages/my_vision_msgs
[2.678s] -- Up-to-date: /home/gaga/sad_ws/src/install/my_vision_msgs/local/lib/python3.10/dist-packages/my_vision_msgs/_my_vision_msgs_s.ep.rosidl_typesupport_introspection_c.c
[2.678s] -- Installing: /home/gaga/sad_ws/src/install/my_vision_msgs/local/lib/python3.10/dist-packages/my_vision_msgs/libmy_vision_msgs__rosidl_generator_py.so
[2.678s] -- Installing: /home/gaga/sad_ws/src/install/my_vision_msgs/local/lib/python3.10/dist-packages/my_vision_msgs/__init__.py
[2.678s] -- Up-to-date: /home/gaga/sad_ws/src/install/my_vision_msgs/local/lib/python3.10/dist-packages/my_vision_msgs/msg
[2.678s] -- Up-to-date: /home/gaga/sad_ws/src/install/my_vision_msgs/local/lib/python3.10/dist-packages/my_vision_msgs/msg/_harvest_ordering_s.c
[2.678s] -- Up-to-date: /home/gaga/sad_ws/src/install/my_vision_msgs/local/lib/python3.10/dist-packages/my_vision_msgs/msg/__init__.py
[2.678s] -- Up-to-date: /home/gaga/sad_ws/src/install/my_vision_msgs/local/lib/python3.10/dist-packages/my_vision_msgs/msg/_detected_crop_s.c
[2.678s] -- Up-to-date: /home/gaga/sad_ws/src/install/my_vision_msgs/local/lib/python3.10/dist-packages/my_vision_msgs/msg/_crop_pose.py
[2.679s] -- Up-to-date: /home/gaga/sad_ws/src/install/my_vision_msgs/local/lib/python3.10/dist-packages/my_vision_msgs/msg/_detected_crop_array_s.c
[2.679s] -- Up-to-date: /home/gaga/sad_ws/src/install/my_vision_msgs/local/lib/python3.10/dist-packages/my_vision_msgs/msg/_detected_crop_array.py
[2.679s] -- Up-to-date: /home/gaga/sad_ws/src/install/my_vision_msgs/local/lib/python3.10/dist-packages/my_vision_msgs/msg/_crop_pose_s.c
[2.679s] -- Up-to-date: /home/gaga/sad_ws/src/install/my_vision_msgs/local/lib/python3.10/dist-packages/my_vision_msgs/msg/_harvest_ordering.py
[2.679s] -- Up-to-date: /home/gaga/sad_ws/src/install/my_vision_msgs/local/lib/python3.10/dist-packages/my_vision_msgs/msg/_detected_crop.py
[2.679s] -- Installing: /home/gaga/sad_ws/src/install/my_vision_msgs/local/lib/python3.10/dist-packages/my_vision_msgs/my_vision_msgs_s__rosidl_typesupport_introspection_c.cpython-310-x86_64-linux-gnu.so
[2.679s] -- Up-to-date: /home/gaga/sad_ws/src/install/my_vision_msgs/local/lib/python3.10/dist-packages/my_vision_msgs/_my_vision_msgs_s.ep.rosidl_typesupport_fastrtps_c.c
[2.679s] -- Installing: /home/gaga/sad_ws/src/install/my_vision_msgs/local/lib/python3.10/dist-packages/my_vision_msgs/my_vision_msgs_s__rosidl_typesupport_c.cpython-310-x86_64-linux-gnu.so
[2.679s] -- Installing: /home/gaga/sad_ws/src/install/my_vision_msgs/local/lib/python3.10/dist-packages/my_vision_msgs/my_vision_msgs_s__rosidl_typesupport_fastrtps_c.cpython-310-x86_64-linux-gnu.so
[2.679s] -- Up-to-date: /home/gaga/sad_ws/src/install/my_vision_msgs/local/lib/python3.10/dist-packages/my_vision_msgs/_my_vision_msgs_s.ep.rosidl_typesupport_c.c
[2.705s] Listing '/home/gaga/sad_ws/src/install/my_vision_msgs/local/lib/python3.10/dist-packages/my_vision_msgs'...
[2.705s] Compiling '/home/gaga/sad_ws/src/install/my_vision_msgs/local/lib/python3.10/dist-packages/my_vision_msgs/__init__.py'...
[2.705s] Listing '/home/gaga/sad_ws/src/install/my_vision_msgs/local/lib/python3.10/dist-packages/my_vision_msgs/msg'...
[2.709s] -- Installing: /home/gaga/sad_ws/src/install/my_vision_msgs/local/lib/python3.10/dist-packages/my_vision_msgs/my_vision_msgs_s__rosidl_typesupport_fastrtps_c.cpython-310-x86_64-linux-gnu.so
[2.709s] -- Set runtime path of "/home/gaga/sad_ws/src/install/my_vision_msgs/local/lib/python3.10/dist-packages/my_vision_msgs/my_vision_msgs_s__rosidl_typesupport_fastrtps_c.cpython-310-x86_64-linux-gnu.so" to ""
[2.709s] -- Installing: /home/gaga/sad_ws/src/install/my_vision_msgs/local/lib/python3.10/dist-packages/my_vision_msgs/my_vision_msgs_s__rosidl_typesupport_introspection_c.cpython-310-x86_64-linux-gnu.so
[2.709s] -- Set runtime path of "/home/gaga/sad_ws/src/install/my_vision_msgs/local/lib/python3.10/dist-packages/my_vision_msgs/my_vision_msgs_s__rosidl_typesupport_introspection_c.cpython-310-x86_64-linux-gnu.so" to ""
[2.709s] -- Installing: /home/gaga/sad_ws/src/install/my_vision_msgs/local/lib/python3.10/dist-packages/my_vision_msgs/my_vision_msgs_s__rosidl_typesupport_c.cpython-310-x86_64-linux-gnu.so
[2.709s] -- Set runtime path of "/home/gaga/sad_ws/src/install/my_vision_msgs/local/lib/python3.10/dist-packages/my_vision_msgs/my_vision_msgs_s__rosidl_typesupport_c.cpython-310-x86_64-linux-gnu.so" to ""
[2.709s] -- Installing: /home/gaga/sad_ws/src/install/my_vision_msgs/lib/libmy_vision_msgs__rosidl_generator_py.so
[2.710s] -- Set runtime path of "/home/gaga/sad_ws/src/install/my_vision_msgs/lib/libmy_vision_msgs__rosidl_generator_py.so" to ""
[2.710s] -- Up-to-date: /home/gaga/sad_ws/src/install/my_vision_msgs/share/my_vision_msgs/msg/CropPose.idl
[2.710s] -- Up-to-date: /home/gaga/sad_ws/src/install/my_vision_msgs/share/my_vision_msgs/msg/DetectedCrop.idl
[2.710s] -- Up-to-date: /home/gaga/sad_ws/src/install/my_vision_msgs/share/my_vision_msgs/msg/DetectedCropArray.idl
[2.710s] -- Up-to-date: /home/gaga/sad_ws/src/install/my_vision_msgs/share/my_vision_msgs/msg/HarvestOrdering.idl
[2.710s] -- Up-to-date: /home/gaga/sad_ws/src/install/my_vision_msgs/share/my_vision_msgs/msg/CropPose.msg
[2.710s] -- Up-to-date: /home/gaga/sad_ws/src/install/my_vision_msgs/share/my_vision_msgs/msg/DetectedCrop.msg
[2.710s] -- Up-to-date: /home/gaga/sad_ws/src/install/my_vision_msgs/share/my_vision_msgs/msg/DetectedCropArray.msg
[2.710s] -- Up-to-date: /home/gaga/sad_ws/src/install/my_vision_msgs/share/my_vision_msgs/msg/HarvestOrdering.msg
[2.710s] -- Installing: /home/gaga/sad_ws/src/install/my_vision_msgs/share/ament_index/resource_index/package_run_dependencies/my_vision_msgs
[2.710s] -- Installing: /home/gaga/sad_ws/src/install/my_vision_msgs/share/ament_index/resource_index/parent_prefix_path/my_vision_msgs
[2.710s] -- Up-to-date: /home/gaga/sad_ws/src/install/my_vision_msgs/share/my_vision_msgs/environment/ament_prefix_path.sh
[2.710s] -- Installing: /home/gaga/sad_ws/src/install/my_vision_msgs/share/my_vision_msgs/environment/ament_prefix_path.dsv
[2.711s] -- Up-to-date: /home/gaga/sad_ws/src/install/my_vision_msgs/share/my_vision_msgs/environment/path.sh
[2.711s] -- Installing: /home/gaga/sad_ws/src/install/my_vision_msgs/share/my_vision_msgs/environment/path.dsv
[2.711s] -- Up-to-date: /home/gaga/sad_ws/src/install/my_vision_msgs/share/my_vision_msgs/local_setup.bash
[2.711s] -- Up-to-date: /home/gaga/sad_ws/src/install/my_vision_msgs/share/my_vision_msgs/local_setup.sh
[2.711s] -- Up-to-date: /home/gaga/sad_ws/src/install/my_vision_msgs/share/my_vision_msgs/local_setup.zsh
[2.711s] -- Installing: /home/gaga/sad_ws/src/install/my_vision_msgs/share/my_vision_msgs/local_setup.dsv
[2.711s] -- Installing: /home/gaga/sad_ws/src/install/my_vision_msgs/share/my_vision_msgs/package.dsv
[2.711s] -- Up-to-date: /home/gaga/sad_ws/src/install/my_vision_msgs/share/ament_index/resource_index/packages/my_vision_msgs
[2.711s] -- Old export file "/home/gaga/sad_ws/src/install/my_vision_msgs/share/my_vision_msgs/cmake/export_my_vision_msgs__rosidl_generator_cExport.cmake" will be replaced.  Removing files [/home/gaga/sad_ws/src/install/my_vision_msgs/share/my_vision_msgs/cmake/export_my_vision_msgs__rosidl_generator_cExport-noconfig.cmake].
[2.711s] -- Installing: /home/gaga/sad_ws/src/install/my_vision_msgs/share/my_vision_msgs/cmake/export_my_vision_msgs__rosidl_generator_cExport.cmake
[2.711s] -- Installing: /home/gaga/sad_ws/src/install/my_vision_msgs/share/my_vision_msgs/cmake/export_my_vision_msgs__rosidl_generator_cExport-noconfig.cmake
[2.711s] -- Old export file "/home/gaga/sad_ws/src/install/my_vision_msgs/share/my_vision_msgs/cmake/export_my_vision_msgs__rosidl_typesupport_fastrtps_cExport.cmake" will be replaced.  Removing files [/home/gaga/sad_ws/src/install/my_vision_msgs/share/my_vision_msgs/cmake/export_my_vision_msgs__rosidl_typesupport_fastrtps_cExport-noconfig.cmake].
[2.711s] -- Installing: /home/gaga/sad_ws/src/install/my_vision_msgs/share/my_vision_msgs/cmake/export_my_vision_msgs__rosidl_typesupport_fastrtps_cExport.cmake
[2.712s] -- Installing: /home/gaga/sad_ws/src/install/my_vision_msgs/share/my_vision_msgs/cmake/export_my_vision_msgs__rosidl_typesupport_fastrtps_cExport-noconfig.cmake
[2.712s] -- Installing: /home/gaga/sad_ws/src/install/my_vision_msgs/share/my_vision_msgs/cmake/export_my_vision_msgs__rosidl_generator_cppExport.cmake
[2.712s] -- Old export file "/home/gaga/sad_ws/src/install/my_vision_msgs/share/my_vision_msgs/cmake/export_my_vision_msgs__rosidl_typesupport_fastrtps_cppExport.cmake" will be replaced.  Removing files [/home/gaga/sad_ws/src/install/my_vision_msgs/share/my_vision_msgs/cmake/export_my_vision_msgs__rosidl_typesupport_fastrtps_cppExport-noconfig.cmake].
[2.712s] -- Installing: /home/gaga/sad_ws/src/install/my_vision_msgs/share/my_vision_msgs/cmake/export_my_vision_msgs__rosidl_typesupport_fastrtps_cppExport.cmake
[2.712s] -- Installing: /home/gaga/sad_ws/src/install/my_vision_msgs/share/my_vision_msgs/cmake/export_my_vision_msgs__rosidl_typesupport_fastrtps_cppExport-noconfig.cmake
[2.712s] -- Old export file "/home/gaga/sad_ws/src/install/my_vision_msgs/share/my_vision_msgs/cmake/my_vision_msgs__rosidl_typesupport_introspection_cExport.cmake" will be replaced.  Removing files [/home/gaga/sad_ws/src/install/my_vision_msgs/share/my_vision_msgs/cmake/my_vision_msgs__rosidl_typesupport_introspection_cExport-noconfig.cmake].
[2.712s] -- Installing: /home/gaga/sad_ws/src/install/my_vision_msgs/share/my_vision_msgs/cmake/my_vision_msgs__rosidl_typesupport_introspection_cExport.cmake
[2.712s] -- Installing: /home/gaga/sad_ws/src/install/my_vision_msgs/share/my_vision_msgs/cmake/my_vision_msgs__rosidl_typesupport_introspection_cExport-noconfig.cmake
[2.712s] -- Old export file "/home/gaga/sad_ws/src/install/my_vision_msgs/share/my_vision_msgs/cmake/my_vision_msgs__rosidl_typesupport_cExport.cmake" will be replaced.  Removing files [/home/gaga/sad_ws/src/install/my_vision_msgs/share/my_vision_msgs/cmake/my_vision_msgs__rosidl_typesupport_cExport-noconfig.cmake].
[2.712s] -- Installing: /home/gaga/sad_ws/src/install/my_vision_msgs/share/my_vision_msgs/cmake/my_vision_msgs__rosidl_typesupport_cExport.cmake
[2.712s] -- Installing: /home/gaga/sad_ws/src/install/my_vision_msgs/share/my_vision_msgs/cmake/my_vision_msgs__rosidl_typesupport_cExport-noconfig.cmake
[2.712s] -- Old export file "/home/gaga/sad_ws/src/install/my_vision_msgs/share/my_vision_msgs/cmake/my_vision_msgs__rosidl_typesupport_introspection_cppExport.cmake" will be replaced.  Removing files [/home/gaga/sad_ws/src/install/my_vision_msgs/share/my_vision_msgs/cmake/my_vision_msgs__rosidl_typesupport_introspection_cppExport-noconfig.cmake].
[2.712s] -- Installing: /home/gaga/sad_ws/src/install/my_vision_msgs/share/my_vision_msgs/cmake/my_vision_msgs__rosidl_typesupport_introspection_cppExport.cmake
[2.713s] -- Installing: /home/gaga/sad_ws/src/install/my_vision_msgs/share/my_vision_msgs/cmake/my_vision_msgs__rosidl_typesupport_introspection_cppExport-noconfig.cmake
[2.713s] -- Old export file "/home/gaga/sad_ws/src/install/my_vision_msgs/share/my_vision_msgs/cmake/my_vision_msgs__rosidl_typesupport_cppExport.cmake" will be replaced.  Removing files [/home/gaga/sad_ws/src/install/my_vision_msgs/share/my_vision_msgs/cmake/my_vision_msgs__rosidl_typesupport_cppExport-noconfig.cmake].
[2.713s] -- Installing: /home/gaga/sad_ws/src/install/my_vision_msgs/share/my_vision_msgs/cmake/my_vision_msgs__rosidl_typesupport_cppExport.cmake
[2.713s] -- Installing: /home/gaga/sad_ws/src/install/my_vision_msgs/share/my_vision_msgs/cmake/my_vision_msgs__rosidl_typesupport_cppExport-noconfig.cmake
[2.713s] -- Old export file "/home/gaga/sad_ws/src/install/my_vision_msgs/share/my_vision_msgs/cmake/export_my_vision_msgs__rosidl_generator_pyExport.cmake" will be replaced.  Removing files [/home/gaga/sad_ws/src/install/my_vision_msgs/share/my_vision_msgs/cmake/export_my_vision_msgs__rosidl_generator_pyExport-noconfig.cmake].
[2.713s] -- Installing: /home/gaga/sad_ws/src/install/my_vision_msgs/share/my_vision_msgs/cmake/export_my_vision_msgs__rosidl_generator_pyExport.cmake
[2.713s] -- Installing: /home/gaga/sad_ws/src/install/my_vision_msgs/share/my_vision_msgs/cmake/export_my_vision_msgs__rosidl_generator_pyExport-noconfig.cmake
[2.713s] -- Up-to-date: /home/gaga/sad_ws/src/install/my_vision_msgs/share/my_vision_msgs/cmake/rosidl_cmake-extras.cmake
[2.713s] -- Installing: /home/gaga/sad_ws/src/install/my_vision_msgs/share/my_vision_msgs/cmake/ament_cmake_export_dependencies-extras.cmake
[2.713s] -- Up-to-date: /home/gaga/sad_ws/src/install/my_vision_msgs/share/my_vision_msgs/cmake/ament_cmake_export_include_directories-extras.cmake
[2.713s] -- Up-to-date: /home/gaga/sad_ws/src/install/my_vision_msgs/share/my_vision_msgs/cmake/ament_cmake_export_libraries-extras.cmake
[2.713s] -- Up-to-date: /home/gaga/sad_ws/src/install/my_vision_msgs/share/my_vision_msgs/cmake/ament_cmake_export_targets-extras.cmake
[2.713s] -- Up-to-date: /home/gaga/sad_ws/src/install/my_vision_msgs/share/my_vision_msgs/cmake/rosidl_cmake_export_typesupport_targets-extras.cmake
[2.713s] -- Up-to-date: /home/gaga/sad_ws/src/install/my_vision_msgs/share/my_vision_msgs/cmake/rosidl_cmake_export_typesupport_libraries-extras.cmake
[2.713s] -- Up-to-date: /home/gaga/sad_ws/src/install/my_vision_msgs/share/my_vision_msgs/cmake/my_vision_msgsConfig.cmake
[2.713s] -- Up-to-date: /home/gaga/sad_ws/src/install/my_vision_msgs/share/my_vision_msgs/cmake/my_vision_msgsConfig-version.cmake
[2.714s] -- Installing: /home/gaga/sad_ws/src/install/my_vision_msgs/share/my_vision_msgs/package.xml
[2.715s] Invoked command in '/home/gaga/sad_ws/src/build/my_vision_msgs' returned '0': CMAKE_PREFIX_PATH=${CMAKE_PREFIX_PATH}:/home/gaga/turtlebot3_ws/install/turtlebot3_teleop:/home/gaga/turtlebot3_ws/install/turtlebot3_example:/opt/ros/humble /usr/bin/cmake --install /home/gaga/sad_ws/src/build/my_vision_msgs
