[0.013s] Invoking command in '/home/gaga/sad_ws/src/build/my_vision_msgs': CMAKE_PREFIX_PATH=${CMAKE_PREFIX_PATH}:/home/gaga/turtlebot3_ws/install/turtlebot3_teleop:/home/gaga/turtlebot3_ws/install/turtlebot3_example:/opt/ros/humble /usr/bin/cmake --build /home/gaga/sad_ws/src/build/my_vision_msgs -- -j20 -l20
[0.053s] [  1%] Built target my_vision_msgs__cpp
[0.061s] [  1%] Built target ament_cmake_python_copy_my_vision_msgs
[0.062s] [ 12%] Built target my_vision_msgs__rosidl_generator_c
[0.073s] [ 23%] Built target my_vision_msgs__rosidl_typesupport_fastrtps_cpp
[0.074s] [ 34%] Built target my_vision_msgs__rosidl_typesupport_introspection_cpp
[0.075s] [ 45%] Built target my_vision_msgs__rosidl_typesupport_cpp
[0.081s] [ 56%] Built target my_vision_msgs__rosidl_typesupport_introspection_c
[0.081s] [ 67%] Built target my_vision_msgs__rosidl_typesupport_c
[0.084s] [ 78%] Built target my_vision_msgs__rosidl_typesupport_fastrtps_c
[0.103s] [ 78%] Built target my_vision_msgs
[0.124s] [ 80%] Built target my_vision_msgs__py
[0.147s] [ 89%] Built target my_vision_msgs__rosidl_generator_py
[0.170s] [ 92%] Built target my_vision_msgs__rosidl_typesupport_introspection_c__pyext
[0.170s] [100%] Built target my_vision_msgs__rosidl_typesupport_fastrtps_c__pyext
[0.170s] [100%] Built target my_vision_msgs__rosidl_typesupport_c__pyext
[0.219s] running egg_info
[0.219s] writing my_vision_msgs.egg-info/PKG-INFO
[0.219s] writing dependency_links to my_vision_msgs.egg-info/dependency_links.txt
[0.219s] writing top-level names to my_vision_msgs.egg-info/top_level.txt
[0.220s] reading manifest file 'my_vision_msgs.egg-info/SOURCES.txt'
[0.221s] writing manifest file 'my_vision_msgs.egg-info/SOURCES.txt'
[0.240s] [100%] Built target ament_cmake_python_build_my_vision_msgs_egg
