[0.010s] Invoking command in '/home/gaga/sad_ws/src/build/sad_pkg': AMENT_PREFIX_PATH=/home/gaga/sad_ws/src/install/vision_msgs:${AMENT_PREFIX_PATH} CMAKE_PREFIX_PATH=/home/gaga/sad_ws/src/install/vision_msgs:/home/gaga/sad_ws/install:/home/gaga/sad_ws/install/sad_pkg:/home/gaga/sad_ws/install/vision_msgs:/home/gaga/sad_ws/install/mani_urdf:/home/gaga/sad_ws/src/install/sad_pkg:/home/gaga/sad_ws/src/install/mani_urdf:/home/gaga/turtlebot3_ws/install/turtlebot3:/home/gaga/turtlebot3_ws/install/turtlebot3_simulations:/home/gaga/turtlebot3_ws/install/turtlebot3_bringup:/home/gaga/turtlebot3_ws/install/turtlebot3_node:/home/gaga/turtlebot3_ws/install/turtlebot3_navigation2:/home/gaga/turtlebot3_ws/install/turtlebot3_fake_node:/home/gaga/turtlebot3_ws/install/robot_master:/home/gaga/turtlebot3_ws/install/turtlebot3_msgs:/home/gaga/turtlebot3_ws/install/turtlebot3_gazebo:/home/gaga/turtlebot3_ws/install/turtlebot3_description:/home/gaga/turtlebot3_ws/install/turtlebot3_cartographer:/home/gaga/turtlebot3_ws/install/robot_vision:/home/gaga/turtlebot3_ws/install/robot_navigation:/home/gaga/turtlebot3_ws/install/robot_msgs:/home/gaga/turtlebot3_ws/install/dynamixel_sdk_examples:/home/gaga/turtlebot3_ws/install/dynamixel_sdk_custom_interfaces:/home/gaga/turtlebot3_ws/install/dynamixel_sdk:/home/gaga/ssibal_ws/install/robot_msgs:/home/gaga/robotprograming_ws/install/rp_pkg:/home/gaga/turtlebot3_ws/install/turtlebot3_teleop:/home/gaga/turtlebot3_ws/install/turtlebot3_example:/opt/ros/humble LD_LIBRARY_PATH=/home/gaga/sad_ws/src/install/vision_msgs/lib:${LD_LIBRARY_PATH} PYTHONPATH=/home/gaga/sad_ws/src/install/vision_msgs/local/lib/python3.10/dist-packages:${PYTHONPATH} /usr/bin/cmake --build /home/gaga/sad_ws/src/build/sad_pkg -- -j20 -l20
[0.031s] -- Found ament_cmake: 1.3.11 (/opt/ros/humble/share/ament_cmake/cmake)
[0.110s] -- Found rclcpp: 16.0.12 (/opt/ros/humble/share/rclcpp/cmake)
[0.127s] -- Found rosidl_generator_c: 3.1.6 (/opt/ros/humble/share/rosidl_generator_c/cmake)
[0.128s] -- Found rosidl_adapter: 3.1.6 (/opt/ros/humble/share/rosidl_adapter/cmake)
[0.131s] -- Found rosidl_generator_cpp: 3.1.6 (/opt/ros/humble/share/rosidl_generator_cpp/cmake)
[0.137s] -- Using all available rosidl_typesupport_c: rosidl_typesupport_fastrtps_c;rosidl_typesupport_introspection_c
[0.144s] -- Using all available rosidl_typesupport_cpp: rosidl_typesupport_fastrtps_cpp;rosidl_typesupport_introspection_cpp
[0.162s] -- Found rmw_implementation_cmake: 6.1.2 (/opt/ros/humble/share/rmw_implementation_cmake/cmake)
[0.163s] -- Found rmw_fastrtps_cpp: 6.2.7 (/opt/ros/humble/share/rmw_fastrtps_cpp/cmake)
[0.236s] -- Using RMW implementation 'rmw_fastrtps_cpp' as default
[0.262s] -- Found visualization_msgs: 4.8.0 (/opt/ros/humble/share/visualization_msgs/cmake)
[0.289s] -- Found trajectory_msgs: 4.8.0 (/opt/ros/humble/share/trajectory_msgs/cmake)
[0.299s] -- Found xacro: 2.0.13 (/opt/ros/humble/share/xacro/cmake)
[0.299s] -- Found ros2_control: 2.50.0 (/opt/ros/humble/share/ros2_control/cmake)
[0.299s] -- Found gazebo_ros2_control: 0.4.10 (/opt/ros/humble/share/gazebo_ros2_control/cmake)
[0.403s] -- Found DART: /usr/include (Required is at least version "6.6") found components: dart 
[0.424s] -- Found Protobuf: /usr/lib/x86_64-linux-gnu/libprotobuf.so (found version "3.12.4") 
[0.425s] -- Looking for ignition-math6 -- found version 6.15.1
[0.427s] -- Searching for dependencies of ignition-math6
[0.428s] -- Looking for OGRE...
[0.434s] -- Found Ogre Ghadamon (1.9.0)
[0.434s] -- Found OGRE: optimized;/usr/lib/x86_64-linux-gnu/libOgreMain.so;debug;/usr/lib/x86_64-linux-gnu/libOgreMain.so
[0.442s] -- Looking for OGRE_Paging...
[0.442s] -- Found OGRE_Paging: optimized;/usr/lib/x86_64-linux-gnu/libOgrePaging.so;debug;/usr/lib/x86_64-linux-gnu/libOgrePaging.so
[0.442s] -- Looking for OGRE_Terrain...
[0.442s] -- Found OGRE_Terrain: optimized;/usr/lib/x86_64-linux-gnu/libOgreTerrain.so;debug;/usr/lib/x86_64-linux-gnu/libOgreTerrain.so
[0.442s] -- Looking for OGRE_Property...
[0.442s] -- Found OGRE_Property: optimized;/usr/lib/x86_64-linux-gnu/libOgreProperty.so;debug;/usr/lib/x86_64-linux-gnu/libOgreProperty.so
[0.442s] -- Looking for OGRE_RTShaderSystem...
[0.442s] -- Found OGRE_RTShaderSystem: optimized;/usr/lib/x86_64-linux-gnu/libOgreRTShaderSystem.so;debug;/usr/lib/x86_64-linux-gnu/libOgreRTShaderSystem.so
[0.442s] -- Looking for OGRE_Volume...
[0.442s] -- Found OGRE_Volume: optimized;/usr/lib/x86_64-linux-gnu/libOgreVolume.so;debug;/usr/lib/x86_64-linux-gnu/libOgreVolume.so
[0.442s] -- Looking for OGRE_Overlay...
[0.442s] -- Found OGRE_Overlay: optimized;/usr/lib/x86_64-linux-gnu/libOgreOverlay.so;debug;/usr/lib/x86_64-linux-gnu/libOgreOverlay.so
[0.526s] -- Looking for ignition-math6 -- found version 6.15.1
[0.526s] -- Looking for ignition-transport8 -- found version 8.2.1
[0.526s] -- Searching for dependencies of ignition-transport8
[0.539s] -- Found Protobuf: /usr/lib/x86_64-linux-gnu/libprotobuf.so (found suitable version "3.12.4", minimum required is "3") 
[0.546s] -- Config-file not installed for ZeroMQ -- checking for pkg-config
[0.550s] -- Checking for module 'libzmq >= 4'
[0.562s] --   Found libzmq , version 4.3.4
[0.614s] -- Checking for module 'uuid'
[0.637s] --   Found uuid, version 2.37.2
[0.688s] -- Looking for ignition-msgs5 -- found version 5.8.1
[0.689s] -- Searching for dependencies of ignition-msgs5
[0.708s] -- Looking for ignition-math6 -- found version 6.15.1
[0.716s] -- Looking for ignition-msgs5 -- found version 5.8.1
[0.717s] -- Looking for ignition-common3 -- found version 3.14.0
[0.717s] -- Searching for dependencies of ignition-common3
[0.717s] -- Looking for dlfcn.h - found
[0.718s] -- Looking for libdl - found
[0.733s] -- Searching for <ignition-common3> component [graphics]
[0.734s] -- Looking for ignition-common3-graphics -- found version 3.14.0
[0.734s] -- Searching for dependencies of ignition-common3-graphics
[0.734s] -- Looking for ignition-math6 -- found version 6.15.1
[0.735s] -- Looking for ignition-fuel_tools4 -- found version 4.4.0
[0.735s] -- Searching for dependencies of ignition-fuel_tools4
[0.767s] -- Checking for module 'jsoncpp'
[0.792s] --   Found jsoncpp, version 1.9.5
[0.851s] -- Checking for module 'libzip'
[0.871s] --   Found libzip, version 1.7.3
[0.926s] -- Looking for ignition-common3 -- found version 3.14.0
[0.927s] -- Looking for ignition-math6 -- found version 6.15.1
[0.927s] -- Looking for ignition-msgs5 -- found version 5.8.1
[0.929s] -- Gazebo version: 11.10
[0.937s] -- Found vision_msgs: 0.1.0 (/home/gaga/sad_ws/src/install/vision_msgs/share/vision_msgs/cmake)
[0.956s] -- Found ament_lint_auto: 0.12.12 (/opt/ros/humble/share/ament_lint_auto/cmake)
[1.014s] -- Added test 'cppcheck' to perform static code analysis on C / C++ code
[1.016s] -- Configured cppcheck include dirs: 
[1.016s] -- Configured cppcheck exclude dirs and/or files: 
[1.017s] -- Added test 'flake8' to check Python code syntax and style conventions
[1.018s] -- Added test 'lint_cmake' to check CMake code style
[1.019s] -- Added test 'pep257' to check Python code against some of the docstring style conventions in PEP 257
[1.023s] -- Added test 'uncrustify' to check C / C++ code style
[1.023s] -- Configured uncrustify additional arguments: 
[1.024s] -- Added test 'xmllint' to check XML markup files
[1.025s] -- Configuring done
[1.042s] -- Generating done
[1.048s] -- Build files have been written to: /home/gaga/sad_ws/src/build/sad_pkg
[1.069s] [35m[1mConsolidate compiler generated dependencies of target forward_node[0m
[1.070s] [35m[1mConsolidate compiler generated dependencies of target map_node[0m
[1.070s] [35m[1mConsolidate compiler generated dependencies of target spline_node[0m
[1.071s] [35m[1mConsolidate compiler generated dependencies of target rrt_node[0m
[1.071s] [35m[1mConsolidate compiler generated dependencies of target obstacle_node[0m
[1.080s] [ 20%] Built target forward_node
[1.084s] [ 40%] Built target obstacle_node
[1.084s] [ 50%] [32mBuilding CXX object CMakeFiles/rrt_node.dir/src/rrt_node.cpp.o[0m
[1.085s] [ 60%] [32mBuilding CXX object CMakeFiles/map_node.dir/src/map_node.cpp.o[0m
[1.086s] [ 80%] Built target spline_node
[5.984s] [ 90%] [32m[1mLinking CXX executable map_node[0m
[6.131s] [100%] [32m[1mLinking CXX executable rrt_node[0m
[6.251s] [100%] Built target map_node
[6.380s] [100%] Built target rrt_node
[6.388s] Invoked command in '/home/gaga/sad_ws/src/build/sad_pkg' returned '0': AMENT_PREFIX_PATH=/home/gaga/sad_ws/src/install/vision_msgs:${AMENT_PREFIX_PATH} CMAKE_PREFIX_PATH=/home/gaga/sad_ws/src/install/vision_msgs:/home/gaga/sad_ws/install:/home/gaga/sad_ws/install/sad_pkg:/home/gaga/sad_ws/install/vision_msgs:/home/gaga/sad_ws/install/mani_urdf:/home/gaga/sad_ws/src/install/sad_pkg:/home/gaga/sad_ws/src/install/mani_urdf:/home/gaga/turtlebot3_ws/install/turtlebot3:/home/gaga/turtlebot3_ws/install/turtlebot3_simulations:/home/gaga/turtlebot3_ws/install/turtlebot3_bringup:/home/gaga/turtlebot3_ws/install/turtlebot3_node:/home/gaga/turtlebot3_ws/install/turtlebot3_navigation2:/home/gaga/turtlebot3_ws/install/turtlebot3_fake_node:/home/gaga/turtlebot3_ws/install/robot_master:/home/gaga/turtlebot3_ws/install/turtlebot3_msgs:/home/gaga/turtlebot3_ws/install/turtlebot3_gazebo:/home/gaga/turtlebot3_ws/install/turtlebot3_description:/home/gaga/turtlebot3_ws/install/turtlebot3_cartographer:/home/gaga/turtlebot3_ws/install/robot_vision:/home/gaga/turtlebot3_ws/install/robot_navigation:/home/gaga/turtlebot3_ws/install/robot_msgs:/home/gaga/turtlebot3_ws/install/dynamixel_sdk_examples:/home/gaga/turtlebot3_ws/install/dynamixel_sdk_custom_interfaces:/home/gaga/turtlebot3_ws/install/dynamixel_sdk:/home/gaga/ssibal_ws/install/robot_msgs:/home/gaga/robotprograming_ws/install/rp_pkg:/home/gaga/turtlebot3_ws/install/turtlebot3_teleop:/home/gaga/turtlebot3_ws/install/turtlebot3_example:/opt/ros/humble LD_LIBRARY_PATH=/home/gaga/sad_ws/src/install/vision_msgs/lib:${LD_LIBRARY_PATH} PYTHONPATH=/home/gaga/sad_ws/src/install/vision_msgs/local/lib/python3.10/dist-packages:${PYTHONPATH} /usr/bin/cmake --build /home/gaga/sad_ws/src/build/sad_pkg -- -j20 -l20
[6.390s] Invoking command in '/home/gaga/sad_ws/src/build/sad_pkg': AMENT_PREFIX_PATH=/home/gaga/sad_ws/src/install/vision_msgs:${AMENT_PREFIX_PATH} CMAKE_PREFIX_PATH=/home/gaga/sad_ws/src/install/vision_msgs:/home/gaga/sad_ws/install:/home/gaga/sad_ws/install/sad_pkg:/home/gaga/sad_ws/install/vision_msgs:/home/gaga/sad_ws/install/mani_urdf:/home/gaga/sad_ws/src/install/sad_pkg:/home/gaga/sad_ws/src/install/mani_urdf:/home/gaga/turtlebot3_ws/install/turtlebot3:/home/gaga/turtlebot3_ws/install/turtlebot3_simulations:/home/gaga/turtlebot3_ws/install/turtlebot3_bringup:/home/gaga/turtlebot3_ws/install/turtlebot3_node:/home/gaga/turtlebot3_ws/install/turtlebot3_navigation2:/home/gaga/turtlebot3_ws/install/turtlebot3_fake_node:/home/gaga/turtlebot3_ws/install/robot_master:/home/gaga/turtlebot3_ws/install/turtlebot3_msgs:/home/gaga/turtlebot3_ws/install/turtlebot3_gazebo:/home/gaga/turtlebot3_ws/install/turtlebot3_description:/home/gaga/turtlebot3_ws/install/turtlebot3_cartographer:/home/gaga/turtlebot3_ws/install/robot_vision:/home/gaga/turtlebot3_ws/install/robot_navigation:/home/gaga/turtlebot3_ws/install/robot_msgs:/home/gaga/turtlebot3_ws/install/dynamixel_sdk_examples:/home/gaga/turtlebot3_ws/install/dynamixel_sdk_custom_interfaces:/home/gaga/turtlebot3_ws/install/dynamixel_sdk:/home/gaga/ssibal_ws/install/robot_msgs:/home/gaga/robotprograming_ws/install/rp_pkg:/home/gaga/turtlebot3_ws/install/turtlebot3_teleop:/home/gaga/turtlebot3_ws/install/turtlebot3_example:/opt/ros/humble LD_LIBRARY_PATH=/home/gaga/sad_ws/src/install/vision_msgs/lib:${LD_LIBRARY_PATH} PYTHONPATH=/home/gaga/sad_ws/src/install/vision_msgs/local/lib/python3.10/dist-packages:${PYTHONPATH} /usr/bin/cmake --install /home/gaga/sad_ws/src/build/sad_pkg
[6.394s] -- Install configuration: ""
[6.394s] -- Up-to-date: /home/gaga/sad_ws/src/install/sad_pkg/share/sad_pkg/launch
[6.394s] -- Up-to-date: /home/gaga/sad_ws/src/install/sad_pkg/share/sad_pkg/launch/rviz.launch.py
[6.394s] -- Up-to-date: /home/gaga/sad_ws/src/install/sad_pkg/share/sad_pkg/launch/sad.launch.py
[6.394s] -- Up-to-date: /home/gaga/sad_ws/src/install/sad_pkg/share/sad_pkg/urdf
[6.394s] -- Up-to-date: /home/gaga/sad_ws/src/install/sad_pkg/share/sad_pkg/urdf/description
[6.395s] -- Up-to-date: /home/gaga/sad_ws/src/install/sad_pkg/share/sad_pkg/urdf/description/test.xacro
[6.395s] -- Up-to-date: /home/gaga/sad_ws/src/install/sad_pkg/share/sad_pkg/urdf/description/sad.xacro
[6.395s] -- Up-to-date: /home/gaga/sad_ws/src/install/sad_pkg/share/sad_pkg/urdf/description/all.xacro
[6.395s] -- Up-to-date: /home/gaga/sad_ws/src/install/sad_pkg/share/sad_pkg/meshes
[6.395s] -- Up-to-date: /home/gaga/sad_ws/src/install/sad_pkg/share/sad_pkg/meshes/next.stl
[6.395s] -- Up-to-date: /home/gaga/sad_ws/src/install/sad_pkg/share/sad_pkg/meshes/link3.stl
[6.395s] -- Up-to-date: /home/gaga/sad_ws/src/install/sad_pkg/share/sad_pkg/meshes/link1.stl
[6.395s] -- Up-to-date: /home/gaga/sad_ws/src/install/sad_pkg/share/sad_pkg/meshes/link5.stl
[6.395s] -- Up-to-date: /home/gaga/sad_ws/src/install/sad_pkg/share/sad_pkg/meshes/link6.stl
[6.395s] -- Up-to-date: /home/gaga/sad_ws/src/install/sad_pkg/share/sad_pkg/meshes/link7.stl
[6.395s] -- Up-to-date: /home/gaga/sad_ws/src/install/sad_pkg/share/sad_pkg/meshes/link2.stl
[6.395s] -- Up-to-date: /home/gaga/sad_ws/src/install/sad_pkg/share/sad_pkg/meshes/mani.stl
[6.395s] -- Up-to-date: /home/gaga/sad_ws/src/install/sad_pkg/share/sad_pkg/meshes/link4.stl
[6.395s] -- Up-to-date: /home/gaga/sad_ws/src/install/sad_pkg/share/sad_pkg/meshes/endeffector.stl
[6.395s] -- Up-to-date: /home/gaga/sad_ws/src/install/sad_pkg/share/sad_pkg/config
[6.395s] -- Up-to-date: /home/gaga/sad_ws/src/install/sad_pkg/share/sad_pkg/config/install
[6.396s] -- Up-to-date: /home/gaga/sad_ws/src/install/sad_pkg/share/sad_pkg/config/install/setup.zsh
[6.396s] -- Up-to-date: /home/gaga/sad_ws/src/install/sad_pkg/share/sad_pkg/config/install/local_setup.bash
[6.396s] -- Up-to-date: /home/gaga/sad_ws/src/install/sad_pkg/share/sad_pkg/config/install/setup.ps1
[6.396s] -- Up-to-date: /home/gaga/sad_ws/src/install/sad_pkg/share/sad_pkg/config/install/setup.sh
[6.396s] -- Up-to-date: /home/gaga/sad_ws/src/install/sad_pkg/share/sad_pkg/config/install/COLCON_IGNORE
[6.396s] -- Up-to-date: /home/gaga/sad_ws/src/install/sad_pkg/share/sad_pkg/config/install/_local_setup_util_sh.py
[6.396s] -- Up-to-date: /home/gaga/sad_ws/src/install/sad_pkg/share/sad_pkg/config/install/_local_setup_util_ps1.py
[6.396s] -- Up-to-date: /home/gaga/sad_ws/src/install/sad_pkg/share/sad_pkg/config/install/setup.bash
[6.396s] -- Up-to-date: /home/gaga/sad_ws/src/install/sad_pkg/share/sad_pkg/config/install/local_setup.sh
[6.396s] -- Up-to-date: /home/gaga/sad_ws/src/install/sad_pkg/share/sad_pkg/config/install/.colcon_install_layout
[6.396s] -- Up-to-date: /home/gaga/sad_ws/src/install/sad_pkg/share/sad_pkg/config/install/local_setup.ps1
[6.396s] -- Up-to-date: /home/gaga/sad_ws/src/install/sad_pkg/share/sad_pkg/config/install/local_setup.zsh
[6.396s] -- Up-to-date: /home/gaga/sad_ws/src/install/sad_pkg/share/sad_pkg/config/build
[6.396s] -- Up-to-date: /home/gaga/sad_ws/src/install/sad_pkg/share/sad_pkg/config/build/COLCON_IGNORE
[6.396s] -- Up-to-date: /home/gaga/sad_ws/src/install/sad_pkg/share/sad_pkg/config/build/.built_by
[6.396s] -- Up-to-date: /home/gaga/sad_ws/src/install/sad_pkg/share/sad_pkg/config/sad_controllers.yaml
[6.396s] -- Up-to-date: /home/gaga/sad_ws/src/install/sad_pkg/share/sad_pkg/config/log
[6.396s] -- Up-to-date: /home/gaga/sad_ws/src/install/sad_pkg/share/sad_pkg/config/log/latest_build
[6.396s] -- Up-to-date: /home/gaga/sad_ws/src/install/sad_pkg/share/sad_pkg/config/log/latest
[6.396s] -- Up-to-date: /home/gaga/sad_ws/src/install/sad_pkg/share/sad_pkg/config/log/build_2025-04-02_10-07-56
[6.396s] -- Up-to-date: /home/gaga/sad_ws/src/install/sad_pkg/share/sad_pkg/config/log/build_2025-04-02_10-07-56/logger_all.log
[6.396s] -- Up-to-date: /home/gaga/sad_ws/src/install/sad_pkg/share/sad_pkg/config/log/build_2025-04-02_10-07-56/events.log
[6.396s] -- Up-to-date: /home/gaga/sad_ws/src/install/sad_pkg/share/sad_pkg/config/log/COLCON_IGNORE
[6.396s] -- Up-to-date: /home/gaga/sad_ws/src/install/sad_pkg/lib/sad_pkg/forward_node
[6.396s] -- Installing: /home/gaga/sad_ws/src/install/sad_pkg/lib/sad_pkg/rrt_node
[6.398s] -- Set runtime path of "/home/gaga/sad_ws/src/install/sad_pkg/lib/sad_pkg/rrt_node" to ""
[6.399s] -- Up-to-date: /home/gaga/sad_ws/src/install/sad_pkg/lib/sad_pkg/obstacle_node
[6.399s] -- Up-to-date: /home/gaga/sad_ws/src/install/sad_pkg/lib/sad_pkg/spline_node
[6.400s] -- Installing: /home/gaga/sad_ws/src/install/sad_pkg/lib/sad_pkg/map_node
[6.402s] -- Set runtime path of "/home/gaga/sad_ws/src/install/sad_pkg/lib/sad_pkg/map_node" to ""
[6.402s] -- Installing: /home/gaga/sad_ws/src/install/sad_pkg/share/ament_index/resource_index/package_run_dependencies/sad_pkg
[6.402s] -- Installing: /home/gaga/sad_ws/src/install/sad_pkg/share/ament_index/resource_index/parent_prefix_path/sad_pkg
[6.402s] -- Up-to-date: /home/gaga/sad_ws/src/install/sad_pkg/share/sad_pkg/environment/ament_prefix_path.sh
[6.402s] -- Installing: /home/gaga/sad_ws/src/install/sad_pkg/share/sad_pkg/environment/ament_prefix_path.dsv
[6.402s] -- Up-to-date: /home/gaga/sad_ws/src/install/sad_pkg/share/sad_pkg/environment/path.sh
[6.402s] -- Installing: /home/gaga/sad_ws/src/install/sad_pkg/share/sad_pkg/environment/path.dsv
[6.402s] -- Up-to-date: /home/gaga/sad_ws/src/install/sad_pkg/share/sad_pkg/local_setup.bash
[6.402s] -- Up-to-date: /home/gaga/sad_ws/src/install/sad_pkg/share/sad_pkg/local_setup.sh
[6.402s] -- Up-to-date: /home/gaga/sad_ws/src/install/sad_pkg/share/sad_pkg/local_setup.zsh
[6.402s] -- Installing: /home/gaga/sad_ws/src/install/sad_pkg/share/sad_pkg/local_setup.dsv
[6.402s] -- Installing: /home/gaga/sad_ws/src/install/sad_pkg/share/sad_pkg/package.dsv
[6.402s] -- Up-to-date: /home/gaga/sad_ws/src/install/sad_pkg/share/ament_index/resource_index/packages/sad_pkg
[6.402s] -- Up-to-date: /home/gaga/sad_ws/src/install/sad_pkg/share/sad_pkg/cmake/sad_pkgConfig.cmake
[6.402s] -- Up-to-date: /home/gaga/sad_ws/src/install/sad_pkg/share/sad_pkg/cmake/sad_pkgConfig-version.cmake
[6.402s] -- Installing: /home/gaga/sad_ws/src/install/sad_pkg/share/sad_pkg/package.xml
[6.404s] Invoked command in '/home/gaga/sad_ws/src/build/sad_pkg' returned '0': AMENT_PREFIX_PATH=/home/gaga/sad_ws/src/install/vision_msgs:${AMENT_PREFIX_PATH} CMAKE_PREFIX_PATH=/home/gaga/sad_ws/src/install/vision_msgs:/home/gaga/sad_ws/install:/home/gaga/sad_ws/install/sad_pkg:/home/gaga/sad_ws/install/vision_msgs:/home/gaga/sad_ws/install/mani_urdf:/home/gaga/sad_ws/src/install/sad_pkg:/home/gaga/sad_ws/src/install/mani_urdf:/home/gaga/turtlebot3_ws/install/turtlebot3:/home/gaga/turtlebot3_ws/install/turtlebot3_simulations:/home/gaga/turtlebot3_ws/install/turtlebot3_bringup:/home/gaga/turtlebot3_ws/install/turtlebot3_node:/home/gaga/turtlebot3_ws/install/turtlebot3_navigation2:/home/gaga/turtlebot3_ws/install/turtlebot3_fake_node:/home/gaga/turtlebot3_ws/install/robot_master:/home/gaga/turtlebot3_ws/install/turtlebot3_msgs:/home/gaga/turtlebot3_ws/install/turtlebot3_gazebo:/home/gaga/turtlebot3_ws/install/turtlebot3_description:/home/gaga/turtlebot3_ws/install/turtlebot3_cartographer:/home/gaga/turtlebot3_ws/install/robot_vision:/home/gaga/turtlebot3_ws/install/robot_navigation:/home/gaga/turtlebot3_ws/install/robot_msgs:/home/gaga/turtlebot3_ws/install/dynamixel_sdk_examples:/home/gaga/turtlebot3_ws/install/dynamixel_sdk_custom_interfaces:/home/gaga/turtlebot3_ws/install/dynamixel_sdk:/home/gaga/ssibal_ws/install/robot_msgs:/home/gaga/robotprograming_ws/install/rp_pkg:/home/gaga/turtlebot3_ws/install/turtlebot3_teleop:/home/gaga/turtlebot3_ws/install/turtlebot3_example:/opt/ros/humble LD_LIBRARY_PATH=/home/gaga/sad_ws/src/install/vision_msgs/lib:${LD_LIBRARY_PATH} PYTHONPATH=/home/gaga/sad_ws/src/install/vision_msgs/local/lib/python3.10/dist-packages:${PYTHONPATH} /usr/bin/cmake --install /home/gaga/sad_ws/src/build/sad_pkg
